
Gurobi 12.0.1 (win64) logging started Wed Mar 18 18:50:22 2026

Set parameter LogFile to value "logs\full_L_35_restricted_subset15_25it_w_max_cap200_seed42_CG.log"
Gurobi Optimizer version 12.0.1 build v12.0.1rc0 (win64 - Windows 11.0 (26100.2))

CPU model: 13th Gen Intel(R) Core(TM) i7-1355U, instruction set [SSE2|AVX|AVX2]
Thread count: 10 physical cores, 12 logical processors, using up to 12 threads

Non-default parameters:
TimeLimit  2.1339734833240509e+03
FeasibilityTol  1e-09
MIPGap  0.005

Optimize a model with 5998 rows, 95541 columns and 788425 nonzeros
Model fingerprint: 0x88bb8022
Variable types: 0 continuous, 95541 integer (95371 binary)
Coefficient statistics:
  Matrix range     [4e-01, 1e+02]
  Objective range  [1e-02, 2e+05]
  Bounds range     [1e+00, 3e+00]
  RHS range        [1e+00, 3e+00]
Presolve removed 629 rows and 8019 columns
Presolve time: 1.82s
Presolved: 5369 rows, 87522 columns, 703201 nonzeros
Variable types: 0 continuous, 87522 integer (87516 binary)
Found heuristic solution: objective -3165745.830
Found heuristic solution: objective -3144277.915
Found heuristic solution: objective -2524257.190
Deterministic concurrent LP optimizer: primal simplex, dual simplex, and barrier
Showing barrier log only...

Root barrier log...

Ordering time: 0.03s

Barrier statistics:
 AA' NZ     : 1.014e+05
 Factor NZ  : 1.793e+05 (roughly 40 MB of memory)
 Factor Ops : 7.258e+06 (less than 1 second per iteration)
 Threads    : 8

                  Objective                Residual
Iter       Primal          Dual         Primal    Dual     Compl     Time
   0   5.41558586e+09  5.21847498e+06  7.38e+04 3.30e+03  5.75e+04     3s
   1   1.75810659e+09  1.40261590e+07  2.41e+04 1.49e+03  1.92e+04     3s
   2   3.76996837e+08  1.78359689e+07  5.13e+03 1.00e+03  4.32e+03     3s
   3   9.03133543e+07  1.75270940e+07  1.20e+03 2.12e+01  1.05e+03     3s
   4   3.34110997e+07  1.27561434e+07  4.31e+02 3.20e+00  3.92e+02     3s
   5   1.04500109e+07  9.90920292e+06  1.19e+02 5.33e-01  1.33e+02     3s
   6   3.39090315e+06  7.25447814e+06  2.31e+01 1.90e-01  4.93e+01     3s
   7   2.24555858e+06  4.10113125e+06  9.37e+00 1.42e-10  1.95e+01     3s
   8   1.84885791e+06  2.84553232e+06  4.84e+00 8.00e-11  9.48e+00     3s
   9   1.72150064e+06  2.34641191e+06  3.02e+00 3.64e-12  5.72e+00     3s
  10   1.69130760e+06  2.22267843e+06  2.46e+00 4.77e-12  4.73e+00     3s
  11   1.64927019e+06  1.97964103e+06  1.51e+00 2.88e-12  2.87e+00     3s
  12   1.63925699e+06  1.85675043e+06  1.22e+00 4.11e-12  2.03e+00     3s
  13   1.63914096e+06  1.78868377e+06  9.27e-01 8.31e-12  1.44e+00     3s
  14   1.64011846e+06  1.76434222e+06  8.57e-01 5.41e-12  1.25e+00     3s
  15   1.64043729e+06  1.73084788e+06  7.86e-01 1.46e-11  1.01e+00     3s
  16   1.64076248e+06  1.72575992e+06  7.62e-01 5.21e-12  9.66e-01     3s
  17   1.64496191e+06  1.71030842e+06  6.47e-01 2.91e-11  7.81e-01     3s
  18   1.65209558e+06  1.70326921e+06  4.60e-01 1.46e-11  5.81e-01     3s
  19   1.65660921e+06  1.69355969e+06  3.44e-01 4.00e-11  4.26e-01     3s
  20   1.65989272e+06  1.68496668e+06  2.72e-01 4.00e-11  3.14e-01     3s
  21   1.66465885e+06  1.68106079e+06  1.81e-01 3.64e-11  2.07e-01     3s
  22   1.66815396e+06  1.67774332e+06  1.11e-01 9.09e-11  1.24e-01     3s
  23   1.67005178e+06  1.67649995e+06  6.91e-02 8.00e-11  7.99e-02     3s
  24   1.67087214e+06  1.67528401e+06  5.12e-02 8.00e-11  5.71e-02     3s
  25   1.67123691e+06  1.67476015e+06  4.36e-02 6.55e-11  4.73e-02     3s
  26   1.67197888e+06  1.67432409e+06  2.90e-02 5.39e-12  3.15e-02     3s
  27   1.67277274e+06  1.67390323e+06  1.40e-02 7.28e-12  1.52e-02     3s
  28   1.67315492e+06  1.67374899e+06  7.87e-03 2.91e-11  8.31e-03     4s
  29   1.67335276e+06  1.67368509e+06  4.24e-03 5.82e-11  4.55e-03     4s
  30   1.67344398e+06  1.67364653e+06  2.51e-03 2.91e-11  2.72e-03     4s
  31   1.67351463e+06  1.67362083e+06  1.21e-03 2.18e-11  1.36e-03     4s
  32   1.67354517e+06  1.67360791e+06  6.78e-04 4.55e-12  7.81e-04     4s
  33   1.67356889e+06  1.67359530e+06  2.83e-04 1.46e-11  3.27e-04     4s
  34   1.67358241e+06  1.67359048e+06  6.18e-05 3.64e-12  8.42e-05     4s
  35   1.67358511e+06  1.67358856e+06  2.64e-05 1.02e-10  3.60e-05     4s
  36   1.67358564e+06  1.67358791e+06  2.10e-05 8.00e-11  2.60e-05     4s
  37   1.67358627e+06  1.67358756e+06  1.26e-05 7.28e-11  1.52e-05     4s
  38   1.67358729e+06  1.67358733e+06  9.81e-08 5.09e-11  3.06e-07     4s
  39   1.67358730e+06  1.67358730e+06  6.77e-10 7.28e-12  2.18e-10     4s

Barrier solved model in 39 iterations and 3.86 seconds (4.63 work units)
Optimal objective 1.67358730e+06

Concurrent spin time: 0.36s (can be avoided by choosing Method=3)

Solved with barrier

Root relaxation: objective 1.673587e+06, 16788 iterations, 2.27 seconds (1.43 work units)
Total elapsed time = 5.22s (DegenMoves)

    Nodes    |    Current Node    |     Objective Bounds      |     Work
 Expl Unexpl |  Obj  Depth IntInf | Incumbent    BestBd   Gap | It/Node Time

     0     0 1673587.30    0 1818 -2524257.2 1673587.30   166%     -    5s
H    0     0                    -253792.3400 1673587.30   759%     -    5s
H    0     0                    -171792.4150 1673587.30  1074%     -    5s
H    0     0                    675635.13000 1673587.30   148%     -    5s
H    0     0                    712124.36500 1673587.30   135%     -    5s
H    0     0                    830559.43500 1673587.30   102%     -    5s
H    0     0                    1037319.2550 1673587.30  61.3%     -    5s
H    0     0                    1065248.2400 1673587.30  57.1%     -    5s
H    0     0                    1080044.0600 1673587.30  55.0%     -    5s
H    0     0                    1082952.4400 1673587.30  54.5%     -    5s
H    0     0                    1103808.1450 1673587.30  51.6%     -    6s
H    0     0                    1125254.4300 1673587.30  48.7%     -    6s
H    0     0                    1459950.9800 1673587.30  14.6%     -    6s
H    0     0                    1460177.7450 1673587.30  14.6%     -    7s
H    0     0                    1476777.8750 1673587.30  13.3%     -    7s
H    0     0                    1478516.6850 1673587.30  13.2%     -    7s
H    0     0                    1478836.6850 1673587.30  13.2%     -    8s
H    0     0                    1495203.0800 1673587.30  11.9%     -    8s
H    0     0                    1497799.3950 1673587.30  11.7%     -    8s
H    0     0                    1504701.7300 1673587.30  11.2%     -    9s
H    0     0                    1505250.9900 1673587.30  11.2%     -    9s
H    0     0                    1507154.6250 1673587.30  11.0%     -   11s
H    0     0                    1509961.8650 1673572.36  10.8%     -   15s
H    0     0                    1510613.5100 1673572.36  10.8%     -   15s
H    0     0                    1513353.7650 1661119.56  9.76%     -   17s
     0     0 1661119.56    0 2021 1513353.76 1661119.56  9.76%     -   18s
H    0     0                    1520673.9200 1661118.59  9.24%     -   18s
H    0     0                    1532265.5350 1661118.59  8.41%     -   20s
H    0     0                    1534149.2600 1661118.59  8.28%     -   20s
H    0     0                    1539719.1800 1661118.59  7.88%     -   20s
H    0     0                    1540129.5200 1661118.59  7.86%     -   20s
H    0     0                    1540129.5206 1661118.59  7.86%     -   23s
H    0     0                    1540249.5200 1661118.59  7.85%     -   24s
H    0     0                    1552183.0650 1661118.59  7.02%     -   25s
     0     0 1659444.18    0 2047 1552183.06 1659444.18  6.91%     -   28s
     0     0 1659191.87    0 2038 1552183.06 1659191.87  6.89%     -   29s
     0     0 1658868.73    0 2093 1552183.06 1658868.73  6.87%     -   29s
     0     0 1658864.91    0 2114 1552183.06 1658864.91  6.87%     -   30s
     0     0 1658864.68    0 2116 1552183.06 1658864.68  6.87%     -   30s
     0     0 1654772.92    0 2194 1552183.06 1654772.92  6.61%     -   32s
H    0     0                    1554663.0650 1654772.86  6.44%     -   33s
     0     0 1653807.23    0 2210 1554663.06 1653807.23  6.38%     -   36s
     0     0 1653688.06    0 2232 1554663.06 1653688.06  6.37%     -   37s
     0     0 1653384.96    0 2279 1554663.06 1653384.96  6.35%     -   38s
     0     0 1653274.28    0 2280 1554663.06 1653274.28  6.34%     -   39s
     0     0 1653261.26    0 2286 1554663.06 1653261.26  6.34%     -   39s
     0     0 1653258.72    0 2288 1554663.06 1653258.72  6.34%     -   39s
     0     0 1651297.61    0 2263 1554663.06 1651297.61  6.22%     -   42s
     0     0 1650437.50    0 2228 1554663.06 1650437.50  6.16%     -   45s
     0     0 1650186.69    0 2304 1554663.06 1650186.69  6.14%     -   46s
     0     0 1650126.14    0 2364 1554663.06 1650126.14  6.14%     -   46s
     0     0 1649981.68    0 2428 1554663.06 1649981.68  6.13%     -   47s
     0     0 1649932.57    0 2459 1554663.06 1649932.57  6.13%     -   48s
H    0     0                    1558178.6150 1649919.73  5.89%     -   48s
     0     0 1649919.73    0 2468 1558178.61 1649919.73  5.89%     -   48s
     0     0 1649916.91    0 2491 1558178.61 1649916.91  5.89%     -   48s
     0     0 1648964.58    0 2466 1558178.61 1648964.58  5.83%     -   51s
H    0     0                    1560614.4050 1648964.19  5.66%     -   53s
H    0     0                    1561659.4350 1648964.19  5.59%     -   53s
     0     0 1648834.86    0 2513 1561659.43 1648834.86  5.58%     -   55s
     0     0 1648766.89    0 2574 1561659.43 1648766.89  5.58%     -   56s
     0     0 1648751.61    0 2589 1561659.43 1648751.61  5.58%     -   57s
     0     0 1648749.48    0 2603 1561659.43 1648749.48  5.58%     -   58s
     0     0 1648212.45    0 2444 1561659.43 1648212.45  5.54%     -   62s
     0     0 1648154.87    0 2511 1561659.43 1648154.87  5.54%     -   69s
     0     0 1648130.59    0 2620 1561659.43 1648130.59  5.54%     -   70s
     0     0 1648121.17    0 2646 1561659.43 1648121.17  5.54%     -   70s
     0     0 1647761.79    0 2636 1561659.43 1647761.79  5.51%     -   73s
     0     0 1647719.12    0 2626 1561659.43 1647719.12  5.51%     -   76s
     0     0 1647684.32    0 2689 1561659.43 1647684.32  5.51%     -   77s
     0     0 1647676.90    0 2708 1561659.43 1647676.90  5.51%     -   77s
     0     0 1647503.97    0 2641 1561659.43 1647503.97  5.50%     -   80s
     0     0 1647458.55    0 2641 1561659.43 1647458.55  5.49%     -   83s
     0     0 1647441.08    0 2692 1561659.43 1647441.08  5.49%     -   84s
     0     0 1647185.14    0 2668 1561659.43 1647185.14  5.48%     -   87s
     0     0 1647138.75    0 2707 1561659.43 1647138.75  5.47%     -   91s
     0     0 1647111.99    0 2762 1561659.43 1647111.99  5.47%     -   91s
     0     0 1647110.03    0 2796 1561659.43 1647110.03  5.47%     -   91s
     0     0 1646816.67    0 2735 1561659.43 1646816.67  5.45%     -   94s
H    0     0                    1565870.0150 1646816.67  5.17%     -  108s
H    0     0                    1567405.7800 1646816.67  5.07%     -  108s
H    0     0                    1569376.1900 1646816.67  4.93%     -  111s
H    0     0                    1569819.8050 1646816.67  4.90%     -  111s
H    0     0                    1570059.8050 1646816.67  4.89%     -  111s
H    0     0                    1571991.4450 1646816.67  4.76%     -  113s
H    0     0                    1572724.0150 1646816.67  4.71%     -  113s
H    0     0                    1576796.9550 1646733.36  4.44%     -  118s
H    0     0                    1577132.3150 1646733.36  4.41%     -  118s
H    0     0                    1584321.3350 1646733.36  3.94%     -  118s
H    0     0                    1584721.3350 1646733.36  3.91%     -  118s
H    0     0                    1585075.7450 1646733.36  3.89%     -  118s
H    0     0                    1585629.3050 1646733.36  3.85%     -  118s
H    0     0                    1585783.9000 1646733.36  3.84%     -  118s
H    0     0                    1585828.0900 1646733.36  3.84%     -  118s
H    0     0                    1590244.5700 1646733.36  3.55%     -  118s
H    0     0                    1590823.5100 1646733.36  3.51%     -  118s
H    0     0                    1590833.7800 1646733.36  3.51%     -  118s
H    0     0                    1594670.6900 1646733.36  3.26%     -  118s
H    0     0                    1595614.7450 1646733.36  3.20%     -  118s
H    0     0                    1596734.7450 1646733.36  3.13%     -  118s
H    0     0                    1596809.1750 1646733.36  3.13%     -  118s
     0     0 1646733.36    0 2825 1596809.17 1646733.36  3.13%     -  118s
H    0     0                    1597427.6600 1646725.93  3.09%     -  118s
H    0     0                    1597464.8750 1646725.93  3.08%     -  118s
     0     0 1646725.93    0 2862 1597464.87 1646725.93  3.08%     -  118s
H    0     0                    1597759.7450 1646725.93  3.06%     -  120s
H    0     0                    1597780.3150 1646725.93  3.06%     -  120s
H    0     0                    1598355.1850 1646725.93  3.03%     -  120s
H    0     0                    1598594.7050 1646586.64  3.00%     -  121s
     0     0 1646586.64    0 2785 1598594.70 1646586.64  3.00%     -  121s
H    0     0                    1598992.3050 1646586.45  2.98%     -  124s
     0     0 1646558.51    0 2788 1598992.30 1646558.51  2.97%     -  126s
     0     0 1646552.21    0 2828 1598992.30 1646552.21  2.97%     -  126s
     0     0 1646399.87    0 2751 1598992.30 1646399.87  2.96%     -  129s
     0     0 1646399.87    0 2366 1598992.30 1646399.87  2.96%     -  131s
     0     2 1646399.87    0 2366 1598992.30 1646399.87  2.96%     -  145s
    15    26 1646367.03    4 2697 1598992.30 1646368.94  2.96%  1139  151s
    45    56 1646240.91    6 2688 1598992.30 1646367.03  2.96%   604  157s
H   53    56                    1599651.2750 1646367.03  2.92%   580  157s
    55    80 1646366.04    7 2696 1599651.27 1646367.03  2.92%   566  160s
    89   111 1646337.18    8 2687 1599651.27 1646367.03  2.92%   495  167s
   110   128 1646308.48   10 2676 1599651.27 1646367.03  2.92%   443  171s
   127   166 1646286.12   14 2611 1599651.27 1646367.03  2.92%   424  176s
H  165   180                    1601304.9800 1646367.03  2.81%   383  185s
H  168   180                    1602678.0900 1646367.03  2.73%   381  185s
   179   308 1646278.23   17 2617 1602678.09 1646367.03  2.73%   373  193s
   307   544 1646267.14   25 2616 1602678.09 1646367.03  2.73%   301  205s
H  543   554                    1603463.3650 1646367.03  2.68%   242  223s
H  546   554                    1605380.1100 1646367.03  2.55%   241  223s
H  550   554                    1605619.2900 1646367.03  2.54%   241  223s
H  552   554                    1605648.1100 1646367.03  2.54%   240  223s
   553   898 1646172.99   44 2545 1605648.11 1646367.03  2.54%   240  241s
   897   908 1646111.71   66 2548 1605648.11 1646367.03  2.54%   204  260s
   907  1182 1646147.29   67 2551 1605648.11 1646367.03  2.54%   202  278s
  1181  1431 1646114.73   74 2524 1605648.11 1646367.03  2.54%   186  293s
  1430  1667 1645871.71   86 2544 1605648.11 1646367.03  2.54%   187  308s
  1666  1872 1645606.02  110 2513 1605648.11 1646367.03  2.54%   188  323s
H 1683  1872                    1605848.1100 1646367.03  2.52%   189  323s
H 1699  1872                    1605925.0200 1646367.03  2.52%   189  323s
  1871  2128 1645489.62  122 2536 1605925.02 1646367.03  2.52%   193  339s
  2127  2380 1645165.30  149 2424 1605925.02 1646367.03  2.52%   193  355s
  2379  2733 1645029.96  180 2417 1605925.02 1646367.03  2.52%   191  371s
  2732  2848 1644884.56  214 2385 1605925.02 1646367.03  2.52%   183  386s
H 2762  2848                    1607523.9850 1646367.03  2.42%   183  386s
H 2847  3191                    1608396.5650 1646367.03  2.36%   187  401s
  3190  3504 1644435.73  251 2287 1608396.56 1646367.03  2.36%   181  416s
  3503  3888 1644284.12  283 2262 1608396.56 1646367.03  2.36%   179  431s
H 3887  4071                    1608463.3050 1646367.03  2.36%   172  447s
H 4020  4071                    1609547.8900 1646367.03  2.29%   171  447s
H 4070  4478                    1609827.8900 1646367.03  2.27%   170  461s
  4477  4488 1642801.25  382 2217 1609827.89 1646367.03  2.27%   164  484s
H 4487  4531                    1610268.8102 1646367.03  2.24%   164  509s
H 4494  4531                    1610404.7000 1646367.03  2.23%   164  509s
H 4510  4531                    1610424.8400 1646367.03  2.23%   164  509s
  4530  4905 1643855.42  384 2229 1610424.84 1646367.03  2.23%   164  523s
  4904  5115 1643752.34  414 2173 1610424.84 1646367.03  2.23%   159  539s
  5114  5125 1643638.00  434 2196 1610424.84 1646367.03  2.23%   157  562s
  5124  5298 1643633.80  435 2203 1610424.84 1646367.03  2.23%   157  581s
  5297  5818 1643518.41  472 2206 1610424.84 1646367.03  2.23%   156  593s
  5817  5828 1643432.15  523 2148 1610424.84 1646367.03  2.23%   149  611s
  5827  5838 1643028.91  523 2112 1610424.84 1646367.03  2.23%   149  626s
H 5833  5838                    1610624.8400 1646367.03  2.22%   149  626s
H 5837  6284                    1610656.6650 1646367.03  2.22%   149  639s
  6283  6864 1643353.80  560 2136 1610656.66 1646367.03  2.22%   145  653s
  6863  7343 1643182.32  610 2120 1610656.66 1646367.03  2.22%   139  668s
  7342  7983 1643080.19  649 2125 1610656.66 1646367.03  2.22%   136  684s
  7982  8774 1642810.61  695 2110 1610656.66 1646367.03  2.22%   131  700s
  8774  8775 1644327.62  262 2366 1610656.66 1646367.03  2.22%   125  730s
  8776  8776 1645661.24  110 1836 1610656.66 1646367.03  2.22%   125  739s
  8777  8777 1645899.89   89 1824 1610656.66 1646367.03  2.22%   125  745s
  8779  8778 1645139.90   72 2054 1610656.66 1646367.03  2.22%   125  750s
  8784  8782 1642670.18  757 2310 1610656.66 1646367.03  2.22%   125  755s
  8788  8784 1644168.25  278 2435 1610656.66 1646367.03  2.22%   125  760s
  8793  8788 1645678.93   55 2638 1610656.66 1645987.63  2.19%   125  765s
  8797  8790 1642706.29  779 2398 1610656.66 1644707.34  2.11%   125  775s
  8801  8793 1643989.67  198 2419 1610656.66 1643989.67  2.07%   124  780s
  8807  8797 1643734.32   99 2584 1610656.66 1643734.32  2.05%   124  786s
  8811  8800 1643687.20  422 2604 1610656.66 1643687.20  2.05%   124  791s
  8812  8800 1643366.67  183 2359 1610656.66 1643366.67  2.03%   124  805s
  8817  8804 1642837.31  304 2496 1610656.66 1642837.31  2.00%   124  810s
  8822  8807 1642672.96   86 2626 1610656.66 1642672.96  1.99%   124  815s
  8828  8811 1642616.45   35 2694 1610656.66 1642616.45  1.98%   124  820s
  8832  8814 1642601.34  321 2776 1610656.66 1642601.34  1.98%   124  825s
  8833  8814 1642388.46  271 2512 1610656.66 1642388.46  1.97%   124  834s
  8834  8815 1642369.33  367 2586 1610656.66 1642369.33  1.97%   124  835s
  8840  8819 1642245.27  355 2668 1610656.66 1642245.27  1.96%   124  840s
  8846  8823 1642169.37  719 2847 1610656.66 1642169.37  1.96%   124  845s
  8852  8827 1642146.50  239 2883 1610656.66 1642146.50  1.96%   124  852s
  8853  8828 1641947.27  273 2575 1610656.66 1641947.27  1.94%   124  866s
H 8854  8385                    1610804.9450 1641926.76  1.93%   124  867s
  8858  8388 1641901.50  740 2786 1610804.94 1641901.50  1.93%   124  870s
H 8860  7968                    1610854.8950 1641884.37  1.93%   124  872s
  8863  7970 1641844.25  474 2811 1610854.89 1641844.25  1.92%   124  875s
H 8863  7570                    1611498.0550 1641837.59  1.88%   124  875s
  8870  7575 1641813.68  321 2827 1611498.05 1641813.68  1.88%   124  881s
H 8870  7194                    1611898.0550 1641748.33  1.85%   124  890s
  8871  7195 1641748.33  106 2577 1611898.05 1641748.33  1.85%   123  903s
  8872  7195 1641744.45  288 2668 1611898.05 1641744.45  1.85%   123  905s
  8876  7198 1641723.97  110 2813 1611898.05 1641723.97  1.85%   123  910s
  8882  7202 1641700.82  533 2897 1611898.05 1641700.82  1.85%   123  915s
  8885  7204 1641698.49   27 2963 1611898.05 1641698.49  1.85%   123  921s
  8886  7205 1641632.37  374 2656 1611898.05 1641632.37  1.84%   123  934s
  8887  7205 1641629.79  190 2734 1611898.05 1641629.79  1.84%   123  935s
  8894  7210 1641574.55  158 2947 1611898.05 1641574.55  1.84%   123  940s
  8898  7213 1641571.60  159 2960 1611898.05 1641571.60  1.84%   123  945s
  8899  7213 1641434.66  235 2701 1611898.05 1641434.66  1.83%   123  956s
H 8900  6852                    1611902.2050 1641425.91  1.83%   123  957s
  8904  6855 1641395.75  144 2970 1611902.20 1641395.75  1.83%   123  960s
  8912  6860 1641354.08  183 3084 1611902.20 1641354.08  1.83%   123  967s
H 8912  6514                    1612391.3150 1641342.44  1.80%   123  977s
H 8912  6186                    1612791.3150 1641342.44  1.77%   123  979s
  8913  6187 1641342.44  102 2757 1612791.31 1641342.44  1.77%   123 1008s
  8916  6189 1641338.34  493 2929 1612791.31 1641338.34  1.77%   123 1010s
  8923  6193 1641330.09  207 3119 1612791.31 1641330.09  1.77%   123 1015s
  8924  6194 1641302.92  307 2842 1612791.31 1641302.92  1.77%   123 1029s
  8926  6195 1641297.11  135 3021 1612791.31 1641297.11  1.77%   123 1030s
  8931  6199 1641289.17  227 3117 1612791.31 1641289.17  1.77%   123 1035s
  8932  6199 1641264.45  321 2858 1612791.31 1641264.45  1.77%   123 1045s
H 8932  5887                    1613692.7500 1641264.45  1.71%   123 1050s
  8934  5889 1641260.63  367 2834 1613692.75 1641260.63  1.71%   123 1071s
  8935  5889 1641260.50   80 2923 1613692.75 1641260.50  1.71%   123 1075s
  8936  5890 1641178.16  609 2793 1613692.75 1641178.16  1.70%   123 1082s
H 8938  5593                    1613780.9050 1641167.86  1.70%   123 1083s
  8941  5595 1641162.64  506 2959 1613780.90 1641162.64  1.70%   123 1085s
H 8946  5316                    1613878.5650 1641147.03  1.69%   122 1087s
  8950  5318 1641146.31  290 3131 1613878.56 1641146.31  1.69%   122 1091s
H 8950  5050                    1615166.2300 1641137.87  1.61%   122 1099s
  8951  5051 1641137.83  627 2870 1615166.23 1641137.83  1.61%   122 1102s
  8952  5052 1641137.83  239 2946 1615166.23 1641137.83  1.61%   122 1107s
H 8952  4796                    1615224.5750 1641134.31  1.60%   122 1115s
  8954  4797 1641134.18  286 2921 1615224.57 1641134.18  1.60%   122 1121s
  8955  4798 1641133.20   66 2834 1615224.57 1641133.20  1.60%   122 1127s
  8957  4799 1641124.16   43 2845 1615224.57 1641124.16  1.60%   122 1141s
  8964  4804 1641108.60   87 3054 1615224.57 1641108.60  1.60%   122 1145s
  8971  4808 1641095.67  106 2882 1615224.57 1641095.67  1.60%   122 1157s
  8973  4810 1641095.67  357 2846 1615224.57 1641095.67  1.60%   122 1165s
  8975  4811 1641090.31  304 2852 1615224.57 1641090.31  1.60%   122 1177s
  8977  4812 1641088.62   89 2852 1615224.57 1641088.62  1.60%   122 1193s
H 8977  4568                    1615831.4750 1641088.10  1.56%   122 1194s
  8978  4569 1641088.10  495 2939 1615831.47 1641088.10  1.56%   122 1195s
  8984  4573 1641076.45  757 3067 1615831.47 1641076.45  1.56%   122 1200s
  8991  4578 1641072.15  430 3170 1615831.47 1641072.15  1.56%   122 1205s
  8994  4580 1641062.03  158 2914 1615831.47 1641062.03  1.56%   122 1217s
  8995  4580 1641061.99  508 2994 1615831.47 1641061.99  1.56%   122 1220s
  8996  4581 1641059.89  578 2886 1615831.47 1641059.89  1.56%   122 1231s
  8998  4582 1641056.65  159 2913 1615831.47 1641056.65  1.56%   122 1240s
  9000  4584 1641054.73   29 2871 1615831.47 1641054.73  1.56%   122 1248s
  9003  4586 1641050.26  397 3001 1615831.47 1641050.26  1.56%   122 1250s
  9011  4591 1641039.59  422 3201 1615831.47 1641039.59  1.56%   122 1255s
  9016  4594 1641036.60  493 3242 1615831.47 1641036.60  1.56%   122 1261s
  9017  4595 1641030.21  304 2947 1615831.47 1641030.21  1.56%   121 1289s
  9018  4596 1641027.79  752 3015 1615831.47 1641027.79  1.56%   121 1291s
  9023  4599 1641024.56  207 3243 1615831.47 1641024.56  1.56%   121 1295s
  9024  4600 1641018.51  307 2941 1615831.47 1641018.51  1.56%   121 1305s
  9032  4605 1641010.87  321 3239 1615831.47 1641010.87  1.56%   121 1310s
  9035  4607 1640994.64   80 2967 1615831.47 1640994.64  1.56%   121 1320s
  9037  4608 1640988.46  229 2967 1615831.47 1640988.46  1.56%   121 1334s
  9038  4609 1640988.46  442 3042 1615831.47 1640988.46  1.56%   121 1339s
  9039  4610 1640983.59  650 2958 1615831.47 1640983.59  1.56%   121 1346s
  9041  4611 1640981.73  506 2897 1615831.47 1640981.73  1.56%   121 1357s
  9042  4612 1640981.73  418 3018 1615831.47 1640981.73  1.56%   121 1360s
  9043  4612 1640979.81  293 2975 1615831.47 1640979.81  1.56%   121 1367s
  9044  4613 1640979.81  429 3064 1615831.47 1640979.81  1.56%   121 1370s
  9048  4617 1640979.67  783 2366 1615831.47 1640979.67  1.56%   180 1376s
  9050  4618 1640979.67  290 1810 1615831.47 1640979.67  1.56%   180 1387s
H 9050  4387                    1615953.4350 1640979.67  1.55%   180 1392s
H 9050  4167                    1616220.0400 1640979.67  1.53%   180 1392s
  9051  4168 1640979.67  627 1790 1616220.04 1640979.67  1.53%   180 1397s
  9053  4169 1640979.67  273 1931 1616220.04 1640979.67  1.53%   180 1400s
  9056  4171 1640979.67  749 2057 1616220.04 1640979.67  1.53%   180 1405s
  9061  4175 1640979.67  406 2322 1616220.04 1640979.67  1.53%   180 1411s
  9063  4176 1640979.67  474 2449 1616220.04 1640979.67  1.53%   180 1415s
  9068  4179 1640979.13  250 2679 1616220.04 1640979.13  1.53%   180 1420s
H 9070  3972                    1616347.7100 1640960.36  1.52%   180 1426s
H 9071  3773                    1616422.1400 1640960.36  1.52%   179 1429s
  9073  3775 1640960.36  357 2880 1616422.14 1640960.36  1.52%   179 1431s
  9077  3777 1640960.36   89 2982 1616422.14 1640960.36  1.52%   179 1435s
  9081  3780 1640960.36  399 3058 1616422.14 1640960.36  1.52%   179 1441s
H 9081  3590                    1616439.6700 1640607.85  1.50%   179 1453s
H 9081  3410                    1616570.2950 1640607.85  1.49%   179 1453s
  9083  3411 1640577.42  712 2887 1616570.29 1640577.42  1.49%   179 1455s
  9089  3415 1640494.79  439 2914 1616570.29 1640494.79  1.48%   179 1462s
  9090  3416 1640316.16  308 2688 1616570.29 1640316.16  1.47%   179 1477s
  9091  3417 1640266.26  430 2678 1616570.29 1640266.26  1.47%   179 1480s
  9095  3419 1640200.37  508 2825 1616570.29 1640200.37  1.46%   179 1485s
  9100  3423 1640089.86   29 2710 1616570.29 1640089.86  1.45%   179 1503s
  9102  3424 1640075.01  177 2851 1616570.29 1640075.01  1.45%   179 1505s
H 9105  3254                    1616746.5450 1640070.63  1.44%   179 1509s
  9106  3255 1640070.63  537 2911 1616746.54 1640070.63  1.44%   179 1510s
H 9106  3091                    1616746.5454 1639993.88  1.44%   179 1516s
  9107  3091 1639993.85   99 2726 1616746.55 1639993.85  1.44%   179 1524s
H 9107  2935                    1616915.3899 1639964.47  1.43%   179 1525s
  9116  2941 1639929.89  493 2961 1616915.39 1639929.89  1.42%   179 1530s
H 9116  2793                    1616915.3903 1639929.82  1.42%   179 1532s
  9118  2795 1639916.91  752 2780 1616915.39 1639916.91  1.42%   179 1540s
  9126  2800 1639907.63  135 3003 1616915.39 1639907.63  1.42%   178 1547s
  9127  2801 1639894.74   54 2770 1616915.39 1639894.74  1.42%   178 1561s
  9133  2805 1639881.91  271 2979 1616915.39 1639881.91  1.42%   178 1565s
  9137  2807 1639873.42  229 2774 1616915.39 1639873.42  1.42%   178 1581s
  9145  2813 1639866.93   19 3038 1616915.39 1639866.93  1.42%   178 1587s
  9146  2813 1639857.24  719 2830 1616915.39 1639857.24  1.42%   178 1625s
  9148  2815 1639854.82  783 2822 1616915.39 1639854.82  1.42%   178 1642s
  9153  2818 1639843.54  273 3067 1616915.39 1639843.54  1.42%   178 1645s
  9159  2822 1639837.60  768 3107 1616915.39 1639837.60  1.42%   178 1650s
  9160  2823 1639833.27  392 2863 1616915.39 1639833.27  1.42%   178 1657s
  9161  2823 1639833.27  406 2944 1616915.39 1639833.27  1.42%   178 1662s
  9162  2824 1639811.18  187 2844 1616915.39 1639811.18  1.42%   178 1681s
  9164  2825 1639807.99   87 2821 1616915.39 1639807.99  1.42%   178 1691s
  9170  2829 1639802.51  321 2999 1616915.39 1639802.51  1.42%   178 1695s
  9177  2834 1639794.56   89 2831 1616915.39 1639794.56  1.41%   177 1708s
  9178  2835 1639794.48  495 2895 1616915.39 1639794.48  1.41%   177 1712s
  9179  2835 1639792.29   72 2789 1616915.39 1639792.29  1.41%   177 1719s
  9180  2836 1639792.13  784 2899 1616915.39 1639792.13  1.41%   177 1722s
  9181  2837 1639790.64  399 2785 1616915.39 1639790.64  1.41%   177 1730s
  9189  2842 1639782.44  439 3086 1616915.39 1639782.44  1.41%   177 1737s
  9190  2843 1639778.37  308 2873 1616915.39 1639778.37  1.41%   177 1746s
  9192  2844 1639777.80  124 2850 1616915.39 1639777.80  1.41%   177 1756s
  9198  2848 1639766.49  159 3052 1616915.39 1639766.49  1.41%   177 1760s
H 9203  2706                    1617005.4850 1639761.47  1.41%   177 1765s
  9205  2708 1639760.04  241 2890 1617005.48 1639760.04  1.41%   177 1774s
  9206  2708 1639760.04  537 2970 1617005.48 1639760.04  1.41%   177 1776s
  9207  2709 1639759.43   99 2829 1617005.48 1639759.43  1.41%   177 1784s
  9208  2710 1639759.43  180 2875 1617005.48 1639759.43  1.41%   177 1786s
  9209  2710 1639743.94  212 2800 1617005.48 1639743.94  1.41%   177 1792s
  9211  2712 1639743.51  422 2823 1617005.48 1639743.51  1.41%   177 1799s
  9212  2712 1639743.51  183 2896 1617005.48 1639743.51  1.41%   177 1801s
  9213  2713 1639743.51  102 2813 1617005.48 1639743.51  1.41%   177 1813s
  9214  2714 1639743.51  106 2891 1617005.48 1639743.51  1.41%   177 1815s
H 9214  2576                    1617414.3150 1639741.80  1.38%   177 1852s
  9216  2577 1639741.80  493 2884 1617414.31 1639741.80  1.38%   177 1856s
  9217  2578 1639740.72  304 2860 1617414.31 1639740.72  1.38%   177 1863s
  9220  2581 1639740.72  784 2366 1617414.31 1639740.72  1.38%   221 1865s
H 9221  2452                    1617525.9600 1639740.72  1.37%   221 1872s
  9222  2452 1639740.72   86 1810 1617525.96 1639740.72  1.37%   221 1875s
H 9222  2330                    1617565.9600 1639740.72  1.37%   221 1883s
  9224  2332 1639740.72  307 1908 1617565.96 1639740.72  1.37%   221 1886s
  9227  2334 1639740.72   54 1970 1617565.96 1639740.72  1.37%   221 1891s
H 9228  2217                    1618753.0650 1639740.72  1.30%   221 1894s
  9229  2218 1639740.72  801 2169 1618753.06 1639740.72  1.30%   221 1895s
  9233  2221 1639740.72  271 2188 1618753.06 1639740.72  1.30%   221 1900s
  9238  2224 1639740.72  442 2499 1618753.06 1639740.72  1.30%   221 1905s
  9242  2227 1639740.18  418 2650 1618753.06 1639740.18  1.30%   221 1910s
  9246  2229 1639740.18  719 2798 1618753.06 1639740.18  1.30%   221 1915s
  9252  2233 1639740.18  239 2965 1618753.06 1639740.18  1.30%   221 1923s
  9253  2234 1639735.65  273 2740 1618753.06 1639735.65  1.30%   221 1938s
  9254  2235 1639216.62  286 2749 1618753.06 1639216.62  1.26%   221 1940s
  9259  2238 1639166.77  768 2805 1618753.06 1639166.77  1.26%   221 1947s
H 9259  2125                    1618993.1350 1639114.13  1.24%   221 1954s
  9260  2126 1639114.13  392 2738 1618993.13 1639114.13  1.24%   220 1965s
  9266  2130 1639018.31  269 2832 1618993.13 1639018.31  1.24%   220 1970s
  9267  2130 1638991.70  298 2746 1618993.13 1638991.70  1.24%   220 1982s
H 9268  2024                    1619069.9750 1638986.19  1.23%   220 1984s
  9271  2026 1638981.00  106 2889 1619069.97 1638981.00  1.23%   220 1985s
  9272  2027 1638980.91  288 2901 1619069.97 1638980.91  1.23%   220 1990s
  9273  2027 1638952.86  357 2721 1619069.97 1638952.86  1.23%   220 2006s
  9278  2031 1638943.97  495 2944 1619069.97 1638943.97  1.23%   220 2013s
  9279  2031 1638938.99   72 2807 1619069.97 1638938.99  1.23%   220 2026s
  9285  2035 1638931.89   27 3020 1619069.97 1638931.89  1.23%   220 2032s
  9286  2036 1638923.37  374 2789 1619069.97 1638923.37  1.23%   220 2047s
  9290  2039 1638908.11  308 3032 1619069.97 1638908.11  1.23%   220 2050s
  9294  2041 1638905.92  158 3015 1619069.97 1638905.92  1.23%   220 2055s
  9295  2042 1638899.73  508 2867 1619069.97 1638899.73  1.22%   220 2064s
  9296  2043 1638894.72  578 2966 1619069.97 1638894.72  1.22%   220 2065s
  9301  2046 1638887.11  198 3124 1619069.97 1638887.11  1.22%   220 2070s
  9302  2047 1638881.64  177 2846 1619069.97 1638881.64  1.22%   219 2112s
  9303  2047 1638881.64  397 2937 1619069.97 1638881.64  1.22%   219 2119s

Cutting planes:
  Gomory: 88
  Cover: 14
  Clique: 1219
  MIR: 118
  Flow cover: 549
  GUB cover: 14
  Zero half: 299
  Relax-and-lift: 96

Explored 9303 nodes (2335858 simplex iterations) in 2134.35 seconds (1785.90 work units)
Thread count was 12 (of 12 available processors)

Solution count 10: 1.61907e+06 1.61899e+06 1.61875e+06 ... 1.61675e+06

Time limit reached
Best objective 1.619069975000e+06, best bound 1.638877382528e+06, gap 1.2234%

Gurobi 12.0.1 (win64) logging started Thu Mar 19 03:18:29 2026

Set parameter LogFile to value "logs\full_L_35_restricted_subset15_25it_w_max_cap200_seed42_CG.log"
Gurobi Optimizer version 12.0.1 build v12.0.1rc0 (win64 - Windows 11.0 (26100.2))

CPU model: 13th Gen Intel(R) Core(TM) i7-1355U, instruction set [SSE2|AVX|AVX2]
Thread count: 10 physical cores, 12 logical processors, using up to 12 threads

Non-default parameters:
TimeLimit  2.4042909018993378e+03
FeasibilityTol  1e-09
MIPGap  0.005

Optimize a model with 5998 rows, 95541 columns and 788425 nonzeros
Model fingerprint: 0x88bb8022
Variable types: 0 continuous, 95541 integer (95371 binary)
Coefficient statistics:
  Matrix range     [4e-01, 1e+02]
  Objective range  [1e-02, 2e+05]
  Bounds range     [1e+00, 3e+00]
  RHS range        [1e+00, 3e+00]
Presolve removed 629 rows and 8019 columns
Presolve time: 1.66s
Presolved: 5369 rows, 87522 columns, 703201 nonzeros
Variable types: 0 continuous, 87522 integer (87516 binary)
Found heuristic solution: objective -3165745.830
Found heuristic solution: objective -3144277.915
Found heuristic solution: objective -2524257.190
Deterministic concurrent LP optimizer: primal simplex, dual simplex, and barrier
Showing barrier log only...

Root barrier log...

Ordering time: 0.02s

Barrier statistics:
 AA' NZ     : 1.014e+05
 Factor NZ  : 1.793e+05 (roughly 40 MB of memory)
 Factor Ops : 7.258e+06 (less than 1 second per iteration)
 Threads    : 8

                  Objective                Residual
Iter       Primal          Dual         Primal    Dual     Compl     Time
   0   5.41558586e+09  5.21847498e+06  7.38e+04 3.30e+03  5.75e+04     2s
   1   1.75810659e+09  1.40261590e+07  2.41e+04 1.49e+03  1.92e+04     2s
   2   3.76996837e+08  1.78359689e+07  5.13e+03 1.00e+03  4.32e+03     2s
   3   9.03133543e+07  1.75270940e+07  1.20e+03 2.12e+01  1.05e+03     2s
   4   3.34110997e+07  1.27561434e+07  4.31e+02 3.20e+00  3.92e+02     2s
   5   1.04500109e+07  9.90920292e+06  1.19e+02 5.33e-01  1.33e+02     2s
   6   3.39090315e+06  7.25447814e+06  2.31e+01 1.90e-01  4.93e+01     3s
   7   2.24555858e+06  4.10113125e+06  9.37e+00 1.42e-10  1.95e+01     3s
   8   1.84885791e+06  2.84553232e+06  4.84e+00 8.00e-11  9.48e+00     3s
   9   1.72150064e+06  2.34641191e+06  3.02e+00 3.64e-12  5.72e+00     3s
  10   1.69130760e+06  2.22267843e+06  2.46e+00 4.77e-12  4.73e+00     3s
  11   1.64927019e+06  1.97964103e+06  1.51e+00 2.88e-12  2.87e+00     3s
  12   1.63925699e+06  1.85675043e+06  1.22e+00 4.11e-12  2.03e+00     3s
  13   1.63914096e+06  1.78868377e+06  9.27e-01 8.31e-12  1.44e+00     3s
  14   1.64011846e+06  1.76434222e+06  8.57e-01 5.41e-12  1.25e+00     3s
  15   1.64043729e+06  1.73084788e+06  7.86e-01 1.46e-11  1.01e+00     3s
  16   1.64076248e+06  1.72575992e+06  7.62e-01 5.21e-12  9.66e-01     3s
  17   1.64496191e+06  1.71030842e+06  6.47e-01 2.91e-11  7.81e-01     3s
  18   1.65209558e+06  1.70326921e+06  4.60e-01 1.46e-11  5.81e-01     3s
  19   1.65660921e+06  1.69355969e+06  3.44e-01 4.00e-11  4.26e-01     3s
  20   1.65989272e+06  1.68496668e+06  2.72e-01 4.00e-11  3.14e-01     3s
  21   1.66465885e+06  1.68106079e+06  1.81e-01 3.64e-11  2.07e-01     3s
  22   1.66815396e+06  1.67774332e+06  1.11e-01 9.09e-11  1.24e-01     3s
  23   1.67005178e+06  1.67649995e+06  6.91e-02 8.00e-11  7.99e-02     3s
  24   1.67087214e+06  1.67528401e+06  5.12e-02 8.00e-11  5.71e-02     3s
  25   1.67123691e+06  1.67476015e+06  4.36e-02 6.55e-11  4.73e-02     3s
  26   1.67197888e+06  1.67432409e+06  2.90e-02 5.39e-12  3.15e-02     3s
  27   1.67277274e+06  1.67390323e+06  1.40e-02 7.28e-12  1.52e-02     3s
  28   1.67315492e+06  1.67374899e+06  7.87e-03 2.91e-11  8.31e-03     3s
  29   1.67335276e+06  1.67368509e+06  4.24e-03 5.82e-11  4.55e-03     3s
  30   1.67344398e+06  1.67364653e+06  2.51e-03 2.91e-11  2.72e-03     3s
  31   1.67351463e+06  1.67362083e+06  1.21e-03 2.18e-11  1.36e-03     4s
  32   1.67354517e+06  1.67360791e+06  6.78e-04 4.55e-12  7.81e-04     4s
  33   1.67356889e+06  1.67359530e+06  2.83e-04 1.46e-11  3.27e-04     4s
  34   1.67358241e+06  1.67359048e+06  6.18e-05 3.64e-12  8.42e-05     4s
  35   1.67358511e+06  1.67358856e+06  2.64e-05 1.02e-10  3.60e-05     4s
  36   1.67358564e+06  1.67358791e+06  2.10e-05 8.00e-11  2.60e-05     4s
  37   1.67358627e+06  1.67358756e+06  1.26e-05 7.28e-11  1.52e-05     4s
  38   1.67358729e+06  1.67358733e+06  9.81e-08 5.09e-11  3.06e-07     4s
  39   1.67358730e+06  1.67358730e+06  6.77e-10 7.28e-12  2.18e-10     4s

Barrier solved model in 39 iterations and 3.82 seconds (4.63 work units)
Optimal objective 1.67358730e+06

Concurrent spin time: 0.81s (can be avoided by choosing Method=3)

Solved with barrier

Root relaxation: objective 1.673587e+06, 16788 iterations, 2.90 seconds (1.43 work units)
Total elapsed time = 5.22s (DegenMoves)

    Nodes    |    Current Node    |     Objective Bounds      |     Work
 Expl Unexpl |  Obj  Depth IntInf | Incumbent    BestBd   Gap | It/Node Time

     0     0 1673587.30    0 1818 -2524257.2 1673587.30   166%     -    5s
H    0     0                    -253792.3400 1673587.30   759%     -    5s
H    0     0                    -171792.4150 1673587.30  1074%     -    5s
H    0     0                    675635.13000 1673587.30   148%     -    5s
H    0     0                    712124.36500 1673587.30   135%     -    5s
H    0     0                    830559.43500 1673587.30   102%     -    5s
H    0     0                    1037319.2550 1673587.30  61.3%     -    5s
H    0     0                    1065248.2400 1673587.30  57.1%     -    5s
H    0     0                    1080044.0600 1673587.30  55.0%     -    5s
H    0     0                    1082952.4400 1673587.30  54.5%     -    6s
H    0     0                    1103808.1450 1673587.30  51.6%     -    6s
H    0     0                    1125254.4300 1673587.30  48.7%     -    6s
H    0     0                    1459950.9800 1673587.30  14.6%     -    6s
H    0     0                    1460177.7450 1673587.30  14.6%     -    8s
H    0     0                    1476777.8750 1673587.30  13.3%     -    8s
H    0     0                    1478516.6850 1673587.30  13.2%     -    8s
H    0     0                    1478836.6850 1673587.30  13.2%     -    8s
H    0     0                    1495203.0800 1673587.30  11.9%     -    8s
H    0     0                    1497799.3950 1673587.30  11.7%     -    8s
H    0     0                    1504701.7300 1673587.30  11.2%     -    9s
H    0     0                    1505250.9900 1673587.30  11.2%     -   10s
H    0     0                    1507154.6250 1673587.30  11.0%     -   11s
H    0     0                    1509961.8650 1673572.36  10.8%     -   15s
H    0     0                    1510613.5100 1673572.36  10.8%     -   15s
H    0     0                    1513353.7650 1661119.56  9.76%     -   18s
     0     0 1661119.56    0 2021 1513353.76 1661119.56  9.76%     -   18s
H    0     0                    1520673.9200 1661118.59  9.24%     -   19s
H    0     0                    1532265.5350 1661118.59  8.41%     -   21s
H    0     0                    1534149.2600 1661118.59  8.28%     -   21s
H    0     0                    1539719.1800 1661118.59  7.88%     -   21s
H    0     0                    1540129.5200 1661118.59  7.86%     -   21s
H    0     0                    1540129.5206 1661118.59  7.86%     -   23s
H    0     0                    1540249.5200 1661118.59  7.85%     -   25s
H    0     0                    1552183.0650 1661118.59  7.02%     -   26s
     0     0 1659444.18    0 2047 1552183.06 1659444.18  6.91%     -   28s
     0     0 1659191.87    0 2038 1552183.06 1659191.87  6.89%     -   29s
     0     0 1658868.73    0 2093 1552183.06 1658868.73  6.87%     -   30s
     0     0 1658864.91    0 2114 1552183.06 1658864.91  6.87%     -   30s
     0     0 1658864.68    0 2116 1552183.06 1658864.68  6.87%     -   30s
     0     0 1654772.92    0 2194 1552183.06 1654772.92  6.61%     -   33s
H    0     0                    1554663.0650 1654772.86  6.44%     -   34s
     0     0 1653807.23    0 2210 1554663.06 1653807.23  6.38%     -   36s
     0     0 1653688.06    0 2232 1554663.06 1653688.06  6.37%     -   37s
     0     0 1653384.96    0 2279 1554663.06 1653384.96  6.35%     -   38s
     0     0 1653274.28    0 2280 1554663.06 1653274.28  6.34%     -   39s
     0     0 1653261.26    0 2286 1554663.06 1653261.26  6.34%     -   39s
     0     0 1653258.72    0 2288 1554663.06 1653258.72  6.34%     -   40s
     0     0 1651297.61    0 2263 1554663.06 1651297.61  6.22%     -   43s
     0     0 1650437.50    0 2228 1554663.06 1650437.50  6.16%     -   45s
     0     0 1650186.69    0 2304 1554663.06 1650186.69  6.14%     -   46s
     0     0 1650126.14    0 2364 1554663.06 1650126.14  6.14%     -   46s
     0     0 1649981.68    0 2428 1554663.06 1649981.68  6.13%     -   47s
     0     0 1649932.57    0 2459 1554663.06 1649932.57  6.13%     -   48s
H    0     0                    1558178.6150 1649919.73  5.89%     -   48s
     0     0 1649919.73    0 2468 1558178.61 1649919.73  5.89%     -   48s
     0     0 1649916.91    0 2491 1558178.61 1649916.91  5.89%     -   48s
     0     0 1648964.58    0 2466 1558178.61 1648964.58  5.83%     -   51s
H    0     0                    1560614.4050 1648964.19  5.66%     -   53s
H    0     0                    1561659.4350 1648964.19  5.59%     -   53s
     0     0 1648834.86    0 2513 1561659.43 1648834.86  5.58%     -   55s
     0     0 1648766.89    0 2574 1561659.43 1648766.89  5.58%     -   56s
     0     0 1648751.61    0 2589 1561659.43 1648751.61  5.58%     -   57s
     0     0 1648749.48    0 2603 1561659.43 1648749.48  5.58%     -   57s
     0     0 1648212.45    0 2444 1561659.43 1648212.45  5.54%     -   61s
     0     0 1648154.87    0 2511 1561659.43 1648154.87  5.54%     -   68s
     0     0 1648130.59    0 2620 1561659.43 1648130.59  5.54%     -   69s
     0     0 1648121.17    0 2646 1561659.43 1648121.17  5.54%     -   69s
     0     0 1647761.79    0 2636 1561659.43 1647761.79  5.51%     -   73s
     0     0 1647719.12    0 2626 1561659.43 1647719.12  5.51%     -   75s
     0     0 1647684.32    0 2689 1561659.43 1647684.32  5.51%     -   76s
     0     0 1647676.90    0 2708 1561659.43 1647676.90  5.51%     -   77s
     0     0 1647503.97    0 2641 1561659.43 1647503.97  5.50%     -   80s
     0     0 1647458.55    0 2641 1561659.43 1647458.55  5.49%     -   83s
     0     0 1647441.08    0 2692 1561659.43 1647441.08  5.49%     -   84s
     0     0 1647185.14    0 2668 1561659.43 1647185.14  5.48%     -   87s
     0     0 1647138.75    0 2707 1561659.43 1647138.75  5.47%     -   90s
     0     0 1647111.99    0 2762 1561659.43 1647111.99  5.47%     -   91s
     0     0 1647110.03    0 2796 1561659.43 1647110.03  5.47%     -   91s
     0     0 1646816.67    0 2735 1561659.43 1646816.67  5.45%     -   94s
H    0     0                    1565870.0150 1646816.67  5.17%     -  107s
H    0     0                    1567405.7800 1646816.67  5.07%     -  107s
H    0     0                    1569376.1900 1646816.67  4.93%     -  109s
H    0     0                    1569819.8050 1646816.67  4.90%     -  109s
H    0     0                    1570059.8050 1646816.67  4.89%     -  109s
H    0     0                    1571991.4450 1646816.67  4.76%     -  111s
H    0     0                    1572724.0150 1646816.67  4.71%     -  112s
H    0     0                    1576796.9550 1646733.36  4.44%     -  116s
H    0     0                    1577132.3150 1646733.36  4.41%     -  116s
H    0     0                    1584321.3350 1646733.36  3.94%     -  116s
H    0     0                    1584721.3350 1646733.36  3.91%     -  116s
H    0     0                    1585075.7450 1646733.36  3.89%     -  116s
H    0     0                    1585629.3050 1646733.36  3.85%     -  116s
H    0     0                    1585783.9000 1646733.36  3.84%     -  116s
H    0     0                    1585828.0900 1646733.36  3.84%     -  116s
H    0     0                    1590244.5700 1646733.36  3.55%     -  116s
H    0     0                    1590823.5100 1646733.36  3.51%     -  116s
H    0     0                    1590833.7800 1646733.36  3.51%     -  116s
H    0     0                    1594670.6900 1646733.36  3.26%     -  116s
H    0     0                    1595614.7450 1646733.36  3.20%     -  116s
H    0     0                    1596734.7450 1646733.36  3.13%     -  116s
H    0     0                    1596809.1750 1646733.36  3.13%     -  116s
     0     0 1646733.36    0 2825 1596809.17 1646733.36  3.13%     -  116s
H    0     0                    1597427.6600 1646725.93  3.09%     -  117s
H    0     0                    1597464.8750 1646725.93  3.08%     -  117s
     0     0 1646725.93    0 2862 1597464.87 1646725.93  3.08%     -  117s
H    0     0                    1597759.7450 1646725.93  3.06%     -  118s
H    0     0                    1597780.3150 1646725.93  3.06%     -  118s
H    0     0                    1598355.1850 1646725.93  3.03%     -  118s
H    0     0                    1598594.7050 1646586.64  3.00%     -  119s
     0     0 1646586.64    0 2785 1598594.70 1646586.64  3.00%     -  119s
H    0     0                    1598992.3050 1646586.45  2.98%     -  122s
     0     0 1646558.51    0 2788 1598992.30 1646558.51  2.97%     -  124s
     0     0 1646552.21    0 2828 1598992.30 1646552.21  2.97%     -  124s
     0     0 1646399.87    0 2751 1598992.30 1646399.87  2.96%     -  127s
     0     0 1646399.87    0 2366 1598992.30 1646399.87  2.96%     -  129s
     0     2 1646399.87    0 2366 1598992.30 1646399.87  2.96%     -  142s
     7    16 1646370.02    3 2613 1598992.30 1646384.52  2.96%  1361  146s
    25    46 1646366.04    5 2696 1598992.30 1646367.03  2.96%   926  151s
H   53    56                    1599651.2750 1646367.03  2.92%   580  154s
    55    80 1646366.04    7 2696 1599651.27 1646367.03  2.92%   566  157s
    79    90 1646240.91    8 2693 1599651.27 1646367.03  2.92%   521  160s
   110   128 1646308.48   10 2676 1599651.27 1646367.03  2.92%   443  167s
   127   166 1646286.12   14 2611 1599651.27 1646367.03  2.92%   424  173s
H  165   180                    1601304.9800 1646367.03  2.81%   383  182s
H  168   180                    1602678.0900 1646367.03  2.73%   381  182s
   179   308 1646278.23   17 2617 1602678.09 1646367.03  2.73%   373  190s
   307   544 1646267.14   25 2616 1602678.09 1646367.03  2.73%   301  201s
H  543   554                    1603463.3650 1646367.03  2.68%   242  219s
H  546   554                    1605380.1100 1646367.03  2.55%   241  219s
H  550   554                    1605619.2900 1646367.03  2.54%   241  219s
H  552   554                    1605648.1100 1646367.03  2.54%   240  219s
   553   898 1646172.99   44 2545 1605648.11 1646367.03  2.54%   240  236s
   897   908 1646111.71   66 2548 1605648.11 1646367.03  2.54%   204  256s
   907  1182 1646147.29   67 2551 1605648.11 1646367.03  2.54%   202  273s
  1181  1431 1646114.73   74 2524 1605648.11 1646367.03  2.54%   186  287s
  1430  1667 1645871.71   86 2544 1605648.11 1646367.03  2.54%   187  301s
  1666  1872 1645606.02  110 2513 1605648.11 1646367.03  2.54%   188  315s
H 1683  1872                    1605848.1100 1646367.03  2.52%   189  315s
H 1699  1872                    1605925.0200 1646367.03  2.52%   189  315s
  1871  2128 1645489.62  122 2536 1605925.02 1646367.03  2.52%   193  330s
  2127  2380 1645165.30  149 2424 1605925.02 1646367.03  2.52%   193  346s
  2379  2733 1645029.96  180 2417 1605925.02 1646367.03  2.52%   191  361s
  2732  2848 1644884.56  214 2385 1605925.02 1646367.03  2.52%   183  376s
H 2762  2848                    1607523.9850 1646367.03  2.42%   183  376s
H 2847  3191                    1608396.5650 1646367.03  2.36%   187  390s
  3190  3504 1644435.73  251 2287 1608396.56 1646367.03  2.36%   181  405s
  3503  3888 1644284.12  283 2262 1608396.56 1646367.03  2.36%   179  420s
H 3887  4071                    1608463.3050 1646367.03  2.36%   172  436s
H 4020  4071                    1609547.8900 1646367.03  2.29%   171  436s
H 4070  4478                    1609827.8900 1646367.03  2.27%   170  450s
  4477  4488 1642801.25  382 2217 1609827.89 1646367.03  2.27%   164  473s
H 4487  4531                    1610268.8102 1646367.03  2.24%   164  499s
H 4494  4531                    1610404.7000 1646367.03  2.23%   164  499s
H 4510  4531                    1610424.8400 1646367.03  2.23%   164  499s
  4530  4905 1643855.42  384 2229 1610424.84 1646367.03  2.23%   164  513s
  4904  5115 1643752.34  414 2173 1610424.84 1646367.03  2.23%   159  529s
  5114  5125 1643638.00  434 2196 1610424.84 1646367.03  2.23%   157  550s
  5124  5298 1643633.80  435 2203 1610424.84 1646367.03  2.23%   157  568s
  5297  5818 1643518.41  472 2206 1610424.84 1646367.03  2.23%   156  581s
  5817  5828 1643432.15  523 2148 1610424.84 1646367.03  2.23%   149  599s
  5827  5838 1643028.91  523 2112 1610424.84 1646367.03  2.23%   149  614s
H 5833  5838                    1610624.8400 1646367.03  2.22%   149  614s
H 5837  6284                    1610656.6650 1646367.03  2.22%   149  627s
  6283  6864 1643353.80  560 2136 1610656.66 1646367.03  2.22%   145  641s
  6863  7343 1643182.32  610 2120 1610656.66 1646367.03  2.22%   139  656s
  7342  7983 1643080.19  649 2125 1610656.66 1646367.03  2.22%   136  672s
  7982  8774 1642810.61  695 2110 1610656.66 1646367.03  2.22%   131  688s
  8774  8775 1644327.62  262 2366 1610656.66 1646367.03  2.22%   125  720s
  8776  8776 1645661.24  110 1836 1610656.66 1646367.03  2.22%   125  729s
  8777  8777 1645899.89   89 1824 1610656.66 1646367.03  2.22%   125  735s
  8779  8778 1645139.90   72 2054 1610656.66 1646367.03  2.22%   125  740s
  8784  8782 1642670.18  757 2310 1610656.66 1646367.03  2.22%   125  745s
  8788  8784 1644168.25  278 2435 1610656.66 1646367.03  2.22%   125  750s
  8792  8787 1645765.43  124 2586 1610656.66 1645997.70  2.19%   125  755s
  8796  8790 1642944.58  578 2698 1610656.66 1645985.05  2.19%   125  760s
  8797  8790 1642706.29  779 2398 1610656.66 1644707.34  2.11%   125  767s
  8799  8792 1644127.19  235 2500 1610656.66 1644127.19  2.08%   125  770s
  8804  8795 1643813.65  144 2531 1610656.66 1643813.65  2.06%   124  775s
  8810  8799 1643687.37  269 2598 1610656.66 1643687.37  2.05%   124  780s
  8812  8800 1643366.67  183 2359 1610656.66 1643366.67  2.03%   124  798s
  8814  8802 1643019.35  106 2410 1610656.66 1643019.35  2.01%   124  800s
  8819  8805 1642776.14  684 2574 1610656.66 1642776.14  1.99%   124  805s
  8824  8808 1642650.86  307 2683 1610656.66 1642650.86  1.99%   124  810s
  8832  8814 1642601.34  321 2776 1610656.66 1642601.34  1.98%   124  817s
  8833  8814 1642388.46  271 2512 1610656.66 1642388.46  1.97%   124  826s
  8837  8817 1642282.09  229 2705 1610656.66 1642282.09  1.96%   124  830s
  8843  8821 1642198.35  293 2753 1610656.66 1642198.35  1.96%   124  835s
  8849  8825 1642150.71  522 2864 1610656.66 1642150.71  1.96%   124  840s
  8853  8828 1641947.27  273 2575 1610656.66 1641947.27  1.94%   124  858s
H 8854  8385                    1610804.9450 1641926.76  1.93%   124  859s
  8855  8386 1641926.76   66 2713 1610804.94 1641926.76  1.93%   124  860s
H 8860  7968                    1610854.8950 1641884.37  1.93%   124  864s
  8862  7970 1641852.03  187 2753 1610854.89 1641852.03  1.92%   124  866s
H 8863  7570                    1611498.0550 1641837.59  1.88%   124  868s
  8868  7574 1641814.17  250 2824 1611498.05 1641814.17  1.88%   124  870s
H 8870  7194                    1611898.0550 1641748.33  1.85%   124  883s
  8871  7195 1641748.33  106 2577 1611898.05 1641748.33  1.85%   123  895s
  8874  7197 1641732.52  262 2745 1611898.05 1641732.52  1.85%   123  900s
  8879  7200 1641713.74   72 2850 1611898.05 1641713.74  1.85%   123  905s
  8885  7204 1641698.49   27 2963 1611898.05 1641698.49  1.85%   123  913s
  8886  7205 1641632.37  374 2656 1611898.05 1641632.37  1.84%   123  927s
  8890  7207 1641611.95  308 2903 1611898.05 1641611.95  1.84%   123  930s
  8898  7213 1641571.60  159 2960 1611898.05 1641571.60  1.84%   123  938s
  8899  7213 1641434.66  235 2701 1611898.05 1641434.66  1.83%   123  947s
H 8900  6852                    1611902.2050 1641425.91  1.83%   123  948s
  8903  6854 1641419.15  397 2948 1611902.20 1641419.15  1.83%   123  950s
  8910  6859 1641354.69  269 3058 1611902.20 1641354.69  1.83%   123  955s
H 8912  6514                    1612391.3150 1641342.44  1.80%   123  967s
H 8912  6186                    1612791.3150 1641342.44  1.77%   123  968s
  8913  6187 1641342.44  102 2757 1612791.31 1641342.44  1.77%   123  995s
  8923  6193 1641330.09  207 3119 1612791.31 1641330.09  1.77%   123 1001s
  8924  6194 1641302.92  307 2842 1612791.31 1641302.92  1.77%   123 1015s
  8931  6199 1641289.17  227 3117 1612791.31 1641289.17  1.77%   123 1023s
  8932  6199 1641264.45  321 2858 1612791.31 1641264.45  1.77%   123 1033s
H 8932  5887                    1613692.7500 1641264.45  1.71%   123 1037s
  8934  5889 1641260.63  367 2834 1613692.75 1641260.63  1.71%   123 1058s
  8935  5889 1641260.50   80 2923 1613692.75 1641260.50  1.71%   123 1061s
  8936  5890 1641178.16  609 2793 1613692.75 1641178.16  1.70%   123 1068s
H 8938  5593                    1613780.9050 1641167.86  1.70%   123 1069s
  8939  5594 1641167.86  650 2971 1613780.90 1641167.86  1.70%   123 1070s
H 8946  5316                    1613878.5650 1641147.03  1.69%   122 1073s
  8950  5318 1641146.31  290 3131 1613878.56 1641146.31  1.69%   122 1077s
H 8950  5050                    1615166.2300 1641137.87  1.61%   122 1086s
  8952  5052 1641137.83  239 2946 1615166.23 1641137.83  1.61%   122 1094s
H 8952  4796                    1615224.5750 1641134.31  1.60%   122 1102s
  8954  4797 1641134.18  286 2921 1615224.57 1641134.18  1.60%   122 1108s
  8955  4798 1641133.20   66 2834 1615224.57 1641133.20  1.60%   122 1114s
  8956  4798 1641133.20  749 2922 1615224.57 1641133.20  1.60%   122 1116s
  8957  4799 1641124.16   43 2845 1615224.57 1641124.16  1.60%   122 1127s
  8962  4802 1641117.47  187 3007 1615224.57 1641117.47  1.60%   122 1130s
  8970  4808 1641103.90  321 3121 1615224.57 1641103.90  1.60%   122 1136s
  8971  4808 1641095.67  106 2882 1615224.57 1641095.67  1.60%   122 1144s
  8972  4809 1641095.67  288 2965 1615224.57 1641095.67  1.60%   122 1146s
  8973  4810 1641095.67  357 2846 1615224.57 1641095.67  1.60%   122 1153s
  8974  4810 1641095.66  262 2962 1615224.57 1641095.66  1.60%   122 1157s
  8975  4811 1641090.31  304 2852 1615224.57 1641090.31  1.60%   122 1166s
  8977  4812 1641088.62   89 2852 1615224.57 1641088.62  1.60%   122 1182s
H 8977  4568                    1615831.4750 1641088.10  1.56%   122 1184s
  8979  4570 1641087.45   72 2971 1615831.47 1641087.45  1.56%   122 1185s
  8986  4574 1641075.27  374 3108 1615831.47 1641075.27  1.56%   122 1190s
  8992  4578 1641071.91  124 3189 1615831.47 1641071.91  1.56%   122 1195s
  8994  4580 1641062.03  158 2914 1615831.47 1641062.03  1.56%   122 1206s
  8996  4581 1641059.89  578 2886 1615831.47 1641059.89  1.56%   122 1219s
  8997  4582 1641059.89  779 2972 1615831.47 1641059.89  1.56%   122 1222s
  8998  4582 1641056.65  159 2913 1615831.47 1641056.65  1.56%   122 1228s
  8999  4583 1641056.65  235 3000 1615831.47 1641056.65  1.56%   122 1230s
  9000  4584 1641054.73   29 2871 1615831.47 1641054.73  1.56%   122 1236s
  9007  4588 1641043.00   99 3091 1615831.47 1641043.00  1.56%   122 1240s
  9014  4593 1641037.26  106 3231 1615831.47 1641037.26  1.56%   122 1245s
  9017  4595 1641030.21  304 2947 1615831.47 1641030.21  1.56%   121 1276s
  9022  4598 1641024.64   86 3198 1615831.47 1641024.64  1.56%   121 1280s
  9024  4600 1641018.51  307 2941 1615831.47 1641018.51  1.56%   121 1292s
  9030  4604 1641014.51  586 3184 1615831.47 1641014.51  1.56%   121 1295s
  9035  4607 1640994.64   80 2967 1615831.47 1640994.64  1.56%   121 1305s
  9037  4608 1640988.46  229 2967 1615831.47 1640988.46  1.56%   121 1319s
  9038  4609 1640988.46  442 3042 1615831.47 1640988.46  1.56%   121 1324s
  9039  4610 1640983.59  650 2958 1615831.47 1640983.59  1.56%   121 1331s
  9041  4611 1640981.73  506 2897 1615831.47 1640981.73  1.56%   121 1341s
  9043  4612 1640979.81  293 2975 1615831.47 1640979.81  1.56%   121 1351s
  9045  4614 1640979.67   19 2957 1615831.47 1640979.67  1.56%   121 1357s
  9050  4618 1640979.67  290 1810 1615831.47 1640979.67  1.56%   180 1370s
H 9050  4387                    1615953.4350 1640979.67  1.55%   180 1375s
H 9050  4167                    1616220.0400 1640979.67  1.53%   180 1375s
  9051  4168 1640979.67  627 1790 1616220.04 1640979.67  1.53%   180 1381s
  9055  4171 1640979.67   66 2098 1616220.04 1640979.67  1.53%   180 1386s
  9058  4173 1640979.67  740 2190 1616220.04 1640979.67  1.53%   180 1390s
  9062  4175 1640979.67  187 2393 1616220.04 1640979.67  1.53%   180 1396s
  9064  4177 1640979.67   87 2435 1616220.04 1640979.67  1.53%   180 1400s
  9069  4180 1640960.36  582 2671 1616220.04 1640960.36  1.53%   180 1406s
H 9070  3972                    1616347.7100 1640960.36  1.52%   180 1409s
  9071  3972 1640960.36  106 2779 1616347.71 1640960.36  1.52%   179 1410s
H 9071  3773                    1616422.1400 1640960.36  1.52%   179 1412s
  9074  3775 1640960.36  262 2884 1616422.14 1640960.36  1.52%   179 1415s
  9080  3779 1640960.36  784 3056 1616422.14 1640960.36  1.52%   179 1420s
H 9081  3590                    1616439.6700 1640607.85  1.50%   179 1436s
H 9081  3410                    1616570.2950 1640607.85  1.49%   179 1436s
  9085  3413 1640505.90   27 2836 1616570.29 1640505.90  1.48%   179 1440s
  9089  3415 1640494.79  439 2914 1616570.29 1640494.79  1.48%   179 1445s
  9090  3416 1640316.16  308 2688 1616570.29 1640316.16  1.47%   179 1461s
  9092  3417 1640233.06  124 2709 1616570.29 1640233.06  1.46%   179 1465s
  9098  3421 1640197.21  159 2918 1616570.29 1640197.21  1.46%   179 1470s
  9100  3423 1640089.86   29 2710 1616570.29 1640089.86  1.45%   179 1487s
  9103  3425 1640073.39  397 2902 1616570.29 1640073.39  1.45%   179 1490s
H 9105  3254                    1616746.5450 1640070.63  1.44%   179 1493s
H 9106  3091                    1616746.5454 1639993.88  1.44%   179 1499s
  9107  3091 1639993.85   99 2726 1616746.55 1639993.85  1.44%   179 1506s
H 9107  2935                    1616915.3899 1639964.47  1.43%   179 1507s
  9112  2939 1639934.59  183 2905 1616915.39 1639934.59  1.42%   179 1510s
H 9116  2793                    1616915.3903 1639929.82  1.42%   179 1514s
  9118  2795 1639916.91  752 2780 1616915.39 1639916.91  1.42%   179 1521s
  9123  2798 1639908.35  207 2989 1616915.39 1639908.35  1.42%   178 1525s
  9127  2801 1639894.74   54 2770 1616915.39 1639894.74  1.42%   178 1541s
  9133  2805 1639881.91  271 2979 1616915.39 1639881.91  1.42%   178 1545s
  9137  2807 1639873.42  229 2774 1616915.39 1639873.42  1.42%   178 1560s
  9145  2813 1639866.93   19 3038 1616915.39 1639866.93  1.42%   178 1566s
  9146  2813 1639857.24  719 2830 1616915.39 1639857.24  1.42%   178 1601s
  9147  2814 1639857.07  485 2897 1616915.39 1639857.07  1.42%   178 1607s
  9148  2815 1639854.82  783 2822 1616915.39 1639854.82  1.42%   178 1619s
  9149  2815 1639853.75  522 2917 1616915.39 1639853.75  1.42%   178 1620s
  9157  2821 1639837.97   43 3106 1616915.39 1639837.97  1.42%   178 1625s
  9160  2823 1639833.27  392 2863 1616915.39 1639833.27  1.42%   178 1635s
  9162  2824 1639811.18  187 2844 1616915.39 1639811.18  1.42%   178 1657s
  9163  2825 1639811.04  474 2947 1616915.39 1639811.04  1.42%   178 1660s
  9164  2825 1639807.99   87 2821 1616915.39 1639807.99  1.42%   178 1667s
  9169  2829 1639803.03  582 2963 1616915.39 1639803.03  1.42%   178 1670s
  9176  2833 1639800.79  110 3102 1616915.39 1639800.79  1.42%   177 1675s
  9177  2834 1639794.56   89 2831 1616915.39 1639794.56  1.41%   177 1685s
  9179  2835 1639792.29   72 2789 1616915.39 1639792.29  1.41%   177 1696s
  9181  2837 1639790.64  399 2785 1616915.39 1639790.64  1.41%   177 1706s
  9189  2842 1639782.44  439 3086 1616915.39 1639782.44  1.41%   177 1711s
  9190  2843 1639778.37  308 2873 1616915.39 1639778.37  1.41%   177 1719s
  9191  2843 1639778.37  430 2936 1616915.39 1639778.37  1.41%   177 1721s
  9192  2844 1639777.80  124 2850 1616915.39 1639777.80  1.41%   177 1730s
  9200  2849 1639764.80   29 3048 1616915.39 1639764.80  1.41%   177 1735s
H 9203  2706                    1617005.4850 1639761.47  1.41%   177 1738s
  9205  2708 1639760.04  241 2890 1617005.48 1639760.04  1.41%   177 1747s
  9207  2709 1639759.43   99 2829 1617005.48 1639759.43  1.41%   177 1758s
  9208  2710 1639759.43  180 2875 1617005.48 1639759.43  1.41%   177 1760s
  9209  2710 1639743.94  212 2800 1617005.48 1639743.94  1.41%   177 1766s
  9211  2712 1639743.51  422 2823 1617005.48 1639743.51  1.41%   177 1774s
  9212  2712 1639743.51  183 2896 1617005.48 1639743.51  1.41%   177 1776s
  9213  2713 1639743.51  102 2813 1617005.48 1639743.51  1.41%   177 1787s
H 9214  2576                    1617414.3150 1639741.80  1.38%   177 1825s
  9217  2578 1639740.72  304 2860 1617414.31 1639740.72  1.38%   177 1835s
H 9221  2452                    1617525.9600 1639740.72  1.37%   221 1843s
  9222  2452 1639740.72   86 1810 1617525.96 1639740.72  1.37%   221 1846s
H 9222  2330                    1617565.9600 1639740.72  1.37%   221 1854s
  9223  2331 1639740.72  207 1730 1617565.96 1639740.72  1.37%   221 1855s
  9227  2334 1639740.72   54 1970 1617565.96 1639740.72  1.37%   221 1861s
H 9228  2217                    1618753.0650 1639740.72  1.30%   221 1864s
  9230  2219 1639740.72  586 2174 1618753.06 1639740.72  1.30%   221 1865s
  9234  2221 1639740.72  367 2234 1618753.06 1639740.72  1.30%   221 1870s
  9239  2225 1639740.72  650 2568 1618753.06 1639740.72  1.30%   221 1875s
  9243  2227 1639740.18  293 2713 1618753.06 1639740.18  1.30%   221 1880s
  9249  2231 1639740.18  522 2964 1618753.06 1639740.18  1.30%   221 1885s
  9253  2234 1639735.65  273 2740 1618753.06 1639735.65  1.30%   221 1902s
  9256  2236 1639172.39  749 2777 1618753.06 1639172.39  1.26%   221 1905s
H 9259  2125                    1618993.1350 1639114.13  1.24%   221 1915s
  9260  2126 1639114.13  392 2738 1618993.13 1639114.13  1.24%   220 1924s
  9262  2127 1639022.40  187 2759 1618993.13 1639022.40  1.24%   220 1925s
  9267  2130 1638991.70  298 2746 1618993.13 1638991.70  1.24%   220 1939s
  9268  2131 1638989.76  250 2844 1618993.13 1638989.76  1.24%   220 1940s
H 9268  2024                    1619069.9750 1638986.19  1.23%   220 1940s
  9272  2027 1638980.91  288 2901 1619069.97 1638980.91  1.23%   220 1946s
  9273  2027 1638952.86  357 2721 1619069.97 1638952.86  1.23%   220 1962s
  9278  2031 1638943.97  495 2944 1619069.97 1638943.97  1.23%   220 1968s
  9279  2031 1638938.99   72 2807 1619069.97 1638938.99  1.23%   220 1982s
  9284  2035 1638932.02  757 2994 1619069.97 1638932.02  1.23%   220 1985s
  9286  2036 1638923.37  374 2789 1619069.97 1638923.37  1.23%   220 2003s
  9289  2038 1638911.61  439 2995 1619069.97 1638911.61  1.23%   220 2005s
  9294  2041 1638905.92  158 3015 1619069.97 1638905.92  1.23%   220 2010s
  9295  2042 1638899.73  508 2867 1619069.97 1638899.73  1.22%   220 2018s
  9298  2044 1638889.51  159 3040 1619069.97 1638889.51  1.22%   220 2020s
  9302  2047 1638881.64  177 2846 1619069.97 1638881.64  1.22%   219 2064s
  9303  2047 1638881.64  397 2937 1619069.97 1638881.64  1.22%   219 2072s
  9304  2048 1638877.38  144 2850 1619069.97 1638877.38  1.22%   219 2091s
  9311  2053 1638868.45  422 3100 1619069.97 1638868.45  1.22%   219 2095s
  9313  2054 1638864.40  102 2886 1619069.97 1638864.40  1.22%   219 2106s
  9320  2059 1638861.09  784 3095 1619069.97 1638861.09  1.22%   219 2113s
  9321  2059 1638851.85  119 2933 1619069.97 1638851.85  1.22%   219 2122s
  9322  2060 1638851.85   86 3008 1619069.97 1638851.85  1.22%   219 2125s
  9323  2061 1638849.40  207 2902 1619069.97 1638849.40  1.22%   219 2135s
  9328  2064 1638847.24   35 3121 1619069.97 1638847.24  1.22%   219 2141s
  9329  2065 1638840.15  801 2877 1619069.97 1638840.15  1.22%   219 2151s
  9337  2070 1638834.83  229 3139 1619069.97 1638834.83  1.22%   219 2157s
  9338  2071 1638820.27  442 2859 1619069.97 1638820.27  1.22%   219 2163s
  9340  2072 1638815.59  355 2979 1619069.97 1638815.59  1.22%   219 2165s
  9346  2076 1638799.71  719 2902 1619069.97 1638799.71  1.22%   218 2175s
  9348  2077 1638791.78  783 2898 1619069.97 1638791.78  1.22%   218 2184s
  9349  2078 1638791.58  522 2985 1619069.97 1638791.58  1.22%   218 2185s
  9359  2085 1638777.17  768 3176 1619069.97 1638777.17  1.22%   218 2191s
  9360  2085 1638770.28  392 2892 1619069.97 1638770.28  1.22%   218 2198s
  9361  2086 1638770.28  406 2974 1619069.97 1638770.28  1.22%   218 2201s
  9362  2087 1638763.51  187 2880 1619069.97 1638763.51  1.22%   218 2208s
  9364  2088 1638758.90   87 3023 1619069.97 1638758.90  1.22%   218 2210s
  9374  2095 1638751.10  262 3145 1619069.97 1638751.10  1.22%   218 2215s
  9376  2096 1638724.96  110 2872 1619069.97 1638724.96  1.21%   218 2224s
  9377  2097 1638724.94   89 2948 1619069.97 1638724.94  1.21%   218 2226s
  9378  2097 1638719.83  495 2874 1619069.97 1638719.83  1.21%   218 2232s
H 9379  1990                    1619069.9752 1638715.69  1.21%   218 2248s
  9380  1991 1638715.69  784 2857 1619069.98 1638715.69  1.21%   218 2250s
  9389  1997 1638705.80  439 3149 1619069.98 1638705.80  1.21%   217 2256s
  9390  1997 1638704.88  308 2956 1619069.98 1638704.88  1.21%   217 2263s
  9391  1998 1638704.88  430 3047 1619069.98 1638704.88  1.21%   217 2266s
  9392  1999 1638702.66  124 2943 1619069.98 1638702.66  1.21%   217 2273s
  9395  2001 1638700.22  508 3084 1619069.98 1638700.22  1.21%   217 2275s
  9399  2003 1638697.78  235 3145 1619069.98 1638697.78  1.21%   217 2280s
  9400  2004 1638694.44   29 2950 1619069.98 1638694.44  1.21%   217 2288s
  9401  2005 1638694.44  198 3041 1619069.98 1638694.44  1.21%   217 2290s
  9402  2005 1638685.31  177 2921 1619069.98 1638685.31  1.21%   217 2296s
  9404  2007 1638684.49  144 2927 1619069.98 1638684.49  1.21%   217 2304s
  9405  2007 1638684.49  241 3034 1619069.98 1638684.49  1.21%   217 2307s
  9406  2008 1638683.61  537 2936 1619069.98 1638683.61  1.21%   217 2316s
  9408  2009 1638678.60  180 2909 1619069.98 1638678.60  1.21%   217 2354s
  9409  2010 1638678.60  212 2998 1619069.98 1638678.60  1.21%   217 2356s
  9410  2011 1638675.40  269 2889 1619069.98 1638675.40  1.21%   217 2374s
  9411  2011 1638675.32  422 2959 1619069.98 1638675.32  1.21%   217 2376s
  9412  2012 1638672.21  183 2867 1619069.98 1638672.21  1.21%   217 2382s
  9414  2013 1638669.79  106 2894 1619069.98 1638669.79  1.21%   217 2389s
  9417  2017 1638669.79  304 2366 1619069.98 1638669.79  1.21%   271 2391s
H 9418  1917                    1619181.6200 1638669.79  1.20%   271 2398s
  9419  1917 1638669.79  684 1810 1619181.62 1638669.79  1.20%   271 2401s

Cutting planes:
  Gomory: 14
  Clique: 129
  MIR: 11
  Flow cover: 26
  GUB cover: 3
  Zero half: 85
  Relax-and-lift: 1

Explored 9419 nodes (2663902 simplex iterations) in 2404.50 seconds (2082.76 work units)
Thread count was 12 (of 12 available processors)

Solution count 10: 1.61918e+06 1.61907e+06 1.61907e+06 ... 1.61692e+06

Time limit reached
Best objective 1.619181620000e+06, best bound 1.638669790799e+06, gap 1.2036%
