
Gurobi 12.0.1 (win64) logging started Thu Mar 19 01:36:44 2026

Set parameter LogFile to value "logs\full_M_65_restricted_subset15_25it_w_max_cap200_seed42_CG.log"
Gurobi Optimizer version 12.0.1 build v12.0.1rc0 (win64 - Windows 11.0 (26100.2))

CPU model: 13th Gen Intel(R) Core(TM) i7-1355U, instruction set [SSE2|AVX|AVX2]
Thread count: 10 physical cores, 12 logical processors, using up to 12 threads

Non-default parameters:
TimeLimit  816.316957950592
FeasibilityTol  1e-09
MIPGap  0.005

Optimize a model with 10668 rows, 140828 columns and 1106818 nonzeros
Model fingerprint: 0x12ccec83
Variable types: 0 continuous, 140828 integer (140658 binary)
Coefficient statistics:
  Matrix range     [4e-01, 1e+02]
  Objective range  [1e-02, 2e+05]
  Bounds range     [1e+00, 3e+00]
  RHS range        [1e+00, 3e+00]
Presolve removed 1365 rows and 10643 columns
Presolve time: 3.03s
Presolved: 9303 rows, 130185 columns, 1014914 nonzeros
Variable types: 0 continuous, 130185 integer (130179 binary)
Found heuristic solution: objective -3007330.270
Found heuristic solution: objective -2853830.380
Found heuristic solution: objective -2833336.135
Deterministic concurrent LP optimizer: primal simplex, dual simplex, and barrier
Showing barrier log only...

Root barrier log...

Ordering time: 0.06s

Barrier statistics:
 AA' NZ     : 1.778e+05
 Factor NZ  : 3.077e+05 (roughly 60 MB of memory)
 Factor Ops : 1.180e+07 (less than 1 second per iteration)
 Threads    : 8

                  Objective                Residual
Iter       Primal          Dual         Primal    Dual     Compl     Time
   0   8.24588472e+09  8.16586131e+06  9.16e+04 2.65e+03  5.03e+04     4s
   1   3.19277902e+09  2.37691180e+07  3.55e+04 1.38e+03  1.99e+04     4s
   2   4.60239675e+08  3.09426104e+07  5.07e+03 6.29e+02  3.03e+03     4s
   3   1.49559252e+08  2.77081694e+07  1.61e+03 8.62e+01  9.87e+02     4s
   4   7.27023193e+07  2.04081311e+07  7.62e+02 6.46e+00  4.61e+02     4s
   5   4.59909231e+07  1.66496651e+07  4.66e+02 2.53e+00  2.74e+02     4s
   6   1.26827376e+07  1.38486825e+07  9.72e+01 1.23e+00  7.90e+01     4s
   7   8.86016684e+06  1.01922115e+07  5.41e+01 3.89e-01  4.00e+01     4s
   8   7.27866599e+06  8.69782608e+06  3.57e+01 2.43e-01  2.61e+01     4s
   9   5.79755067e+06  7.07929742e+06  1.80e+01 1.18e-01  1.39e+01     5s
  10   5.29673170e+06  6.65153243e+06  1.15e+01 9.26e-02  1.05e+01     5s
  11   5.09709985e+06  5.80638720e+06  8.51e+00 4.43e-02  6.32e+00     5s
  12   5.06263292e+06  5.44455888e+06  7.94e+00 2.86e-02  4.69e+00     5s
  13   4.89797081e+06  5.24443925e+06  5.20e+00 2.02e-02  3.37e+00     5s
  14   4.83672065e+06  5.09244918e+06  3.93e+00 1.35e-02  2.55e+00     5s
  15   4.76783273e+06  5.00931315e+06  2.44e+00 1.06e-02  1.94e+00     5s
  16   4.74679208e+06  4.87475244e+06  1.92e+00 5.49e-03  1.28e+00     5s
  17   4.73589130e+06  4.82499658e+06  1.56e+00 3.77e-03  9.77e-01     5s
  18   4.72363049e+06  4.78718423e+06  1.04e+00 2.36e-03  6.64e-01     5s
  19   4.72044103e+06  4.75951360e+06  7.12e-01 1.21e-03  4.35e-01     5s
  20   4.72112744e+06  4.74794322e+06  5.40e-01 8.89e-04  3.19e-01     5s
  21   4.72216124e+06  4.74092190e+06  3.63e-01 5.92e-04  2.17e-01     5s
  22   4.72291321e+06  4.73496047e+06  2.55e-01 3.04e-04  1.48e-01     5s
  23   4.72384550e+06  4.73312830e+06  1.70e-01 1.71e-04  1.03e-01     5s
  24   4.72455129e+06  4.73129485e+06  1.18e-01 1.11e-04  7.29e-02     5s
  25   4.72522123e+06  4.72945955e+06  6.78e-02 4.87e-05  4.31e-02     5s
  26   4.72583787e+06  4.72849216e+06  4.14e-02 1.20e-05  2.66e-02     6s
  27   4.72617382e+06  4.72776284e+06  2.34e-02 2.55e-11  1.53e-02     6s
  28   4.72637755e+06  4.72733131e+06  1.43e-02 1.82e-11  9.32e-03     6s
  29   4.72652357e+06  4.72713720e+06  8.77e-03 5.46e-12  5.82e-03     6s
  30   4.72659521e+06  4.72699232e+06  5.87e-03 2.48e-12  3.84e-03     6s
  31   4.72665929e+06  4.72690988e+06  3.79e-03 2.13e-12  2.46e-03     6s
  32   4.72672707e+06  4.72684749e+06  1.72e-03 2.08e-12  1.14e-03     6s
  33   4.72675526e+06  4.72682668e+06  9.50e-04 3.84e-12  6.48e-04     6s
  34   4.72677436e+06  4.72681250e+06  4.40e-04 2.36e-11  3.19e-04     6s
  35   4.72678489e+06  4.72680215e+06  1.75e-04 1.82e-11  1.35e-04     6s
  36   4.72679078e+06  4.72679602e+06  4.44e-05 5.46e-12  3.74e-05     6s
  37   4.72679260e+06  4.72679403e+06  7.84e-06 1.27e-11  8.50e-06     6s
  38   4.72679281e+06  4.72679359e+06  4.07e-06 1.82e-11  4.53e-06     6s
  39   4.72679297e+06  4.72679332e+06  1.26e-06 1.46e-11  1.80e-06     6s
  40   4.72679304e+06  4.72679312e+06  1.31e-07 2.36e-11  3.42e-07     6s
  41   4.72679305e+06  4.72679306e+06  2.60e-08 1.82e-11  3.71e-08     6s
  42   4.72679305e+06  4.72679306e+06  1.05e-08 1.87e-12  8.19e-09     6s

Barrier solved model in 42 iterations and 6.08 seconds (6.97 work units)
Optimal objective 4.72679305e+06


Root crossover log...

    1826 DPushes remaining with DInf 0.0000000e+00                 6s
       0 DPushes remaining with DInf 0.0000000e+00                 6s

   28841 PPushes remaining with PInf 1.0479585e-05                 6s
       0 PPushes remaining with PInf 0.0000000e+00                 7s

  Push phase complete: Pinf 0.0000000e+00, Dinf 6.4361387e+02      7s


Root simplex log...

Iteration    Objective       Primal Inf.    Dual Inf.      Time
   30561    4.7267931e+06   0.000000e+00   6.436139e+02      7s
   30603    4.7267931e+06   0.000000e+00   0.000000e+00      7s
Concurrent spin time: 1.34s (can be avoided by choosing Method=3)

Solved with barrier

Root relaxation: objective 4.726793e+06, 30603 iterations, 5.28 seconds (2.67 work units)

    Nodes    |    Current Node    |     Objective Bounds      |     Work
 Expl Unexpl |  Obj  Depth IntInf | Incumbent    BestBd   Gap | It/Node Time

     0     0 4726793.06    0 3001 -2833336.1 4726793.06   267%     -    9s
H    0     0                    3285937.6300 4726793.06  43.8%     -   10s
H    0     0                    3822295.4250 4726793.06  23.7%     -   10s
H    0     0                    3847216.3650 4726793.06  22.9%     -   10s
H    0     0                    3875691.5300 4726793.06  22.0%     -   10s
H    0     0                    3880248.7150 4726793.06  21.8%     -   10s
H    0     0                    3931472.9000 4726793.06  20.2%     -   10s
H    0     0                    3949470.3950 4726793.06  19.7%     -   10s
H    0     0                    3954673.5550 4726793.06  19.5%     -   10s
H    0     0                    3968804.6950 4726793.06  19.1%     -   10s
H    0     0                    4011906.2250 4726793.06  17.8%     -   10s
H    0     0                    4014367.4950 4726793.06  17.7%     -   11s
H    0     0                    4016864.1400 4726793.06  17.7%     -   11s
H    0     0                    4017084.4000 4726793.06  17.7%     -   11s
H    0     0                    4017195.0500 4726793.06  17.7%     -   11s
H    0     0                    4393326.1650 4726793.06  7.59%     -   11s
H    0     0                    4460717.9550 4726793.06  5.96%     -   13s
H    0     0                    4467807.0650 4726793.06  5.80%     -   13s
H    0     0                    4469269.6500 4726793.06  5.76%     -   14s
H    0     0                    4469336.4200 4726793.06  5.76%     -   14s
H    0     0                    4490612.1350 4726793.06  5.26%     -   15s
H    0     0                    4491422.2950 4726793.06  5.24%     -   16s
H    0     0                    4491909.0950 4726793.06  5.23%     -   17s
H    0     0                    4492381.5050 4726793.06  5.22%     -   18s
H    0     0                    4492688.5850 4726793.06  5.21%     -   18s
     0     0 4718746.71    0 3197 4492688.58 4718746.71  5.03%     -   24s
H    0     0                    4516095.9900 4718746.71  4.49%     -   26s
H    0     0                    4545959.3050 4718746.71  3.80%     -   28s
H    0     0                    4545988.4250 4718746.71  3.80%     -   28s
H    0     0                    4550393.5250 4718746.71  3.70%     -   30s
H    0     0                    4550422.9250 4718746.71  3.70%     -   33s
H    0     0                    4550617.1500 4718746.71  3.69%     -   35s
H    0     0                    4550717.4600 4718746.71  3.69%     -   35s
H    0     0                    4551382.4450 4718746.71  3.68%     -   36s
     0     0 4715790.72    0 3279 4551382.44 4715790.72  3.61%     -   38s
     0     0 4714983.90    0 3336 4551382.44 4714983.90  3.59%     -   39s
     0     0 4714644.31    0 3391 4551382.44 4714644.31  3.59%     -   40s
     0     0 4714602.91    0 3403 4551382.44 4714602.91  3.59%     -   40s
     0     0 4714598.76    0 3419 4551382.44 4714598.76  3.59%     -   41s
     0     0 4714597.59    0 3422 4551382.44 4714597.59  3.59%     -   41s
     0     0 4711773.47    0 3457 4551382.44 4711773.47  3.52%     -   44s
H    0     0                    4566614.9050 4711773.26  3.18%     -   45s
H    0     0                    4574724.4450 4711773.26  3.00%     -   45s
H    0     0                    4578145.1550 4711773.26  2.92%     -   47s
     0     0 4710152.45    0 3488 4578145.15 4710152.45  2.88%     -   48s
     0     0 4709730.38    0 3576 4578145.15 4709730.38  2.87%     -   49s
     0     0 4709581.02    0 3597 4578145.15 4709581.02  2.87%     -   51s
     0     0 4709383.42    0 3627 4578145.15 4709383.42  2.87%     -   52s
     0     0 4709357.80    0 3706 4578145.15 4709357.80  2.87%     -   52s
     0     0 4709353.22    0 3671 4578145.15 4709353.22  2.87%     -   53s
     0     0 4709352.18    0 3673 4578145.15 4709352.18  2.87%     -   53s
     0     0 4708311.94    0 3729 4578145.15 4708311.94  2.84%     -   57s
     0     0 4707628.41    0 3812 4578145.15 4707628.41  2.83%     -   61s
     0     0 4707243.27    0 3752 4578145.15 4707243.27  2.82%     -   62s
     0     0 4707123.57    0 3813 4578145.15 4707123.57  2.82%     -   63s
     0     0 4707050.41    0 3879 4578145.15 4707050.41  2.82%     -   64s
     0     0 4707025.58    0 3941 4578145.15 4707025.58  2.82%     -   65s
     0     0 4707022.28    0 3950 4578145.15 4707022.28  2.82%     -   65s
     0     0 4706293.27    0 3862 4578145.15 4706293.27  2.80%     -   69s
     0     0 4706116.74    0 3979 4578145.15 4706116.74  2.80%     -   73s
     0     0 4706050.27    0 3997 4578145.15 4706050.27  2.79%     -   75s
     0     0 4706039.59    0 4048 4578145.15 4706039.59  2.79%     -   75s
     0     0 4706038.97    0 4072 4578145.15 4706038.97  2.79%     -   75s
     0     0 4705634.85    0 3900 4578145.15 4705634.85  2.78%     -   79s
     0     0 4705508.97    0 3891 4578145.15 4705508.97  2.78%     -   96s
     0     0 4705478.54    0 3974 4578145.15 4705478.54  2.78%     -   97s
     0     0 4705474.43    0 3982 4578145.15 4705474.43  2.78%     -   97s
     0     0 4705237.52    0 3802 4578145.15 4705237.52  2.78%     -  101s
     0     0 4705201.15    0 3889 4578145.15 4705201.15  2.78%     -  106s
     0     0 4705194.33    0 3897 4578145.15 4705194.33  2.78%     -  107s
     0     0 4705062.28    0 3914 4578145.15 4705062.28  2.77%     -  110s
     0     0 4705023.00    0 3976 4578145.15 4705023.00  2.77%     -  115s
     0     0 4705020.36    0 3997 4578145.15 4705020.36  2.77%     -  115s
     0     0 4704922.15    0 4008 4578145.15 4704922.15  2.77%     -  118s
     0     0 4704907.00    0 4088 4578145.15 4704907.00  2.77%     -  124s
     0     0 4704902.99    0 4134 4578145.15 4704902.99  2.77%     -  125s
     0     0 4704840.90    0 4187 4578145.15 4704840.90  2.77%     -  127s
     0     0 4704840.82    0 3789 4578145.15 4704840.82  2.77%     -  129s
     0     2 4704840.82    0 3728 4578145.15 4704840.82  2.77%     -  143s
     1     4 4704840.82    1 3728 4578145.15 4704840.82  2.77%  4764  146s
     7    16 4704802.71    3 4049 4578145.15 4704817.00  2.77%  1749  154s
    15    26 4704801.85    4 4055 4578145.15 4704802.34  2.77%  1274  157s
    25    50 4704795.07    5 4077 4578145.15 4704801.52  2.77%  1001  168s
H   26    50                    4595743.1300 4704801.52  2.37%   962  168s
H   29    50                    4596324.8150 4704801.52  2.36%   881  168s
    49   110 4704746.02    7 4028 4596324.81 4704801.52  2.36%   677  190s
H  109   134                    4596988.3800 4704801.52  2.35%   499  237s
H  118   134                    4598772.9650 4704801.52  2.31%   481  237s
H  126   134                    4601080.8500 4704801.52  2.25%   474  237s
H  133   425                    4609786.7650 4704801.52  2.06%   474  295s
H  133   425                    4621064.4500 4704801.52  1.81%   474  295s
H  248   425                    4628438.5100 4704801.52  1.65%   411  295s
H  424   962                    4628554.3100 4704801.52  1.65%   386  403s
H  475   962                    4630477.5350 4704801.52  1.61%   384  404s
H  961  1432                    4630738.3850 4704801.52  1.60%   362  533s
H 1431  1989                    4639143.0300 4704801.52  1.42%   311  664s
H 1484  1989                    4641885.7900 4704801.52  1.36%   308  664s
H 1988  2843                    4641953.6500 4704801.52  1.35%   283  788s
H 2159  2843                    4644259.1950 4704801.52  1.30%   279  788s
H 2223  2843                    4646524.9200 4704801.52  1.25%   280  788s
H 2405  2843                    4647201.4400 4704801.52  1.24%   273  788s
H 2842  3155                    4647269.3000 4704801.52  1.24%   267  816s

Cutting planes:
  Cover: 7
  Clique: 2391
  MIR: 162
  Zero half: 539
  Relax-and-lift: 19

Explored 3154 nodes (924988 simplex iterations) in 816.80 seconds (734.16 work units)
Thread count was 12 (of 12 available processors)

Solution count 10: 4.64727e+06 4.6472e+06 4.64652e+06 ... 4.62855e+06

Time limit reached
Best objective 4.647269300000e+06, best bound 4.704801515765e+06, gap 1.2380%
