
Gurobi 12.0.1 (win64) logging started Thu Mar  6 00:13:59 2025

Set parameter LogFile to value "logs\full_M_65_restricted_subset15_5it_w_max_cap200_seed42_CG.log"
Gurobi Optimizer version 12.0.1 build v12.0.1rc0 (win64 - Windows 11.0 (22631.2))

CPU model: 13th Gen Intel(R) Core(TM) i7-1355U, instruction set [SSE2|AVX|AVX2]
Thread count: 10 physical cores, 12 logical processors, using up to 12 threads

Non-default parameters:
TimeLimit  2.3632401194572449e+03
FeasibilityTol  1e-09
MIPGap  0.005

Optimize a model with 10668 rows, 137880 columns and 1089205 nonzeros
Model fingerprint: 0x226de32e
Variable types: 0 continuous, 137880 integer (137710 binary)
Coefficient statistics:
  Matrix range     [4e-01, 1e+02]
  Objective range  [1e-02, 2e+05]
  Bounds range     [1e+00, 3e+00]
  RHS range        [1e+00, 3e+00]
Presolve removed 1371 rows and 10695 columns
Presolve time: 4.09s
Presolved: 9297 rows, 127185 columns, 996093 nonzeros
Variable types: 0 continuous, 127185 integer (127179 binary)
Found heuristic solution: objective -3009099.930
Found heuristic solution: objective -2840402.740
Deterministic concurrent LP optimizer: primal simplex, dual simplex, and barrier
Showing barrier log only...

Root barrier log...

Ordering time: 0.06s

Barrier statistics:
 AA' NZ     : 1.772e+05
 Factor NZ  : 3.047e+05 (roughly 60 MB of memory)
 Factor Ops : 1.152e+07 (less than 1 second per iteration)
 Threads    : 8

                  Objective                Residual
Iter       Primal          Dual         Primal    Dual     Compl     Time
   0   8.06967309e+09  8.20765909e+06  9.29e+04 2.66e+03  5.16e+04     5s
   1   3.10602975e+09  2.28648111e+07  3.58e+04 1.27e+03  2.03e+04     5s
   2   4.12740625e+08  2.99339085e+07  4.71e+03 8.95e+02  2.89e+03     6s
   3   1.21549710e+08  2.65930985e+07  1.35e+03 1.15e+02  8.51e+02     6s
   4   5.19001880e+07  1.92190045e+07  5.50e+02 2.17e+01  3.50e+02     6s
   5   1.83769713e+07  1.63124641e+07  1.66e+02 1.15e+01  1.28e+02     6s
   6   8.56834290e+06  1.15141528e+07  5.30e+01 4.45e+00  4.78e+01     6s
   7   6.01637376e+06  9.01067358e+06  2.26e+01 2.40e+00  2.47e+01     6s
   8   5.25082211e+06  7.37580566e+06  1.28e+01 1.37e+00  1.46e+01     6s
   9   4.86361976e+06  6.73341425e+06  6.83e+00 1.33e+00  1.04e+01     6s
  10   4.77849675e+06  5.80731248e+06  5.30e+00 6.65e-01  6.19e+00     6s
  11   4.73739941e+06  5.35437474e+06  4.11e+00 3.38e-01  4.01e+00     6s
  12   4.70246618e+06  5.18204405e+06  3.25e+00 2.45e-01  3.11e+00     6s
  13   4.68380539e+06  5.05154288e+06  2.24e+00 1.39e-01  2.33e+00     6s
  14   4.66931924e+06  4.93105163e+06  1.46e+00 1.49e-01  1.59e+00     6s
  15   4.67127147e+06  4.84765923e+06  1.01e+00 5.61e-02  1.08e+00     6s
  16   4.67708003e+06  4.79356515e+06  7.41e-01 3.72e-02  7.38e-01     6s
  17   4.68713802e+06  4.76795848e+06  4.81e-01 3.42e-02  4.98e-01     6s
  18   4.69307765e+06  4.75172481e+06  3.96e-01 1.30e-02  3.79e-01     6s
  19   4.69653482e+06  4.74681548e+06  3.39e-01 9.61e-03  3.24e-01     6s
  20   4.70210150e+06  4.74180128e+06  2.74e-01 7.56e-03  2.58e-01     7s
  21   4.70648746e+06  4.73441371e+06  2.28e-01 4.72e-03  1.95e-01     7s
  22   4.71471622e+06  4.73193748e+06  1.29e-01 2.82e-03  1.16e-01     7s
  23   4.71852984e+06  4.73006062e+06  8.69e-02 1.79e-03  7.77e-02     7s
  24   4.72186827e+06  4.72889209e+06  5.57e-02 1.09e-03  4.84e-02     7s
  25   4.72341890e+06  4.72834571e+06  3.83e-02 7.54e-04  3.36e-02     7s
  26   4.72453699e+06  4.72800267e+06  2.60e-02 5.27e-04  2.33e-02     7s
  27   4.72545749e+06  4.72768358e+06  1.64e-02 2.85e-04  1.49e-02     7s
  28   4.72598913e+06  4.72750040e+06  1.10e-02 1.61e-04  1.00e-02     7s
  29   4.72634311e+06  4.72737072e+06  7.46e-03 9.51e-05  6.81e-03     7s
  30   4.72666560e+06  4.72728933e+06  4.38e-03 4.87e-05  4.08e-03     7s
  31   4.72684885e+06  4.72721324e+06  2.68e-03 1.72e-05  2.43e-03     7s
  32   4.72695495e+06  4.72717917e+06  1.71e-03 5.10e-06  1.52e-03     7s
  33   4.72707822e+06  4.72716415e+06  5.98e-04 1.12e-06  5.59e-04     7s
  34   4.72711917e+06  4.72715622e+06  2.54e-04 1.77e-07  2.40e-04     7s
  35   4.72713406e+06  4.72715406e+06  1.32e-04 7.35e-10  1.27e-04     7s
  36   4.72714204e+06  4.72715216e+06  6.80e-05 1.67e-12  6.49e-05     7s
  37   4.72715006e+06  4.72715148e+06  7.56e-06 3.12e-12  8.35e-06     7s
  38   4.72715067e+06  4.72715126e+06  3.23e-06 2.00e-11  3.52e-06     7s
  39   4.72715112e+06  4.72715114e+06  5.20e-08 2.36e-11  9.42e-08     7s
  40   4.72715113e+06  4.72715113e+06  7.04e-10 1.09e-11  5.37e-10     8s

Barrier solved model in 40 iterations and 7.52 seconds (6.70 work units)
Optimal objective 4.72715113e+06


Root crossover log...

    1783 DPushes remaining with DInf 0.0000000e+00                 8s
       0 DPushes remaining with DInf 0.0000000e+00                 8s

   12465 PPushes remaining with PInf 3.7294533e-07                 8s
       0 PPushes remaining with PInf 0.0000000e+00                 8s

  Push phase complete: Pinf 0.0000000e+00, Dinf 2.1785563e+00      8s


Root simplex log...

Iteration    Objective       Primal Inf.    Dual Inf.      Time
   14094    4.7271511e+06   0.000000e+00   2.178556e+00      8s
   14096    4.7271511e+06   0.000000e+00   0.000000e+00      8s
Concurrent spin time: 0.89s (can be avoided by choosing Method=3)

Solved with barrier

Root relaxation: objective 4.727151e+06, 14096 iterations, 4.37 seconds (2.02 work units)
Total elapsed time = 10.24s (DegenMoves)

    Nodes    |    Current Node    |     Objective Bounds      |     Work
 Expl Unexpl |  Obj  Depth IntInf | Incumbent    BestBd   Gap | It/Node Time

     0     0 4727151.13    0 2990 -2840402.7 4727151.13   266%     -   10s
H    0     0                    3156058.3700 4727151.13  49.8%     -   10s
H    0     0                    3783104.5650 4727151.13  25.0%     -   11s
H    0     0                    3794037.5450 4727151.13  24.6%     -   11s
H    0     0                    3823814.6450 4727151.13  23.6%     -   11s
H    0     0                    3834027.1000 4727151.13  23.3%     -   11s
H    0     0                    3889892.2650 4727151.13  21.5%     -   11s
H    0     0                    3947308.2400 4727151.13  19.8%     -   11s
H    0     0                    3954976.1450 4727151.13  19.5%     -   11s
H    0     0                    3957351.4350 4727151.13  19.5%     -   11s
H    0     0                    3974158.4150 4727151.13  18.9%     -   11s
H    0     0                    3974358.4150 4727151.13  18.9%     -   11s
H    0     0                    3974473.2250 4727151.13  18.9%     -   11s
H    0     0                    3975797.7850 4727151.13  18.9%     -   11s
H    0     0                    3975837.7850 4727151.13  18.9%     -   11s
H    0     0                    4403722.5650 4727151.13  7.34%     -   12s
H    0     0                    4467532.4750 4727151.13  5.81%     -   14s
H    0     0                    4468920.5050 4727151.13  5.78%     -   14s
H    0     0                    4470085.6400 4727151.13  5.75%     -   15s
H    0     0                    4473929.5850 4727151.13  5.66%     -   16s
H    0     0                    4476897.9400 4727151.13  5.59%     -   16s
H    0     0                    4485471.4850 4727151.13  5.39%     -   18s
H    0     0                    4485500.4700 4727151.13  5.39%     -   19s
H    0     0                    4500255.3400 4727151.13  5.04%     -   22s
     0     0 4718385.66    0 3222 4500255.34 4718385.66  4.85%     -   29s
H    0     0                    4534601.9350 4718378.51  4.05%     -   31s
H    0     0                    4564543.1400 4718378.51  3.37%     -   35s
H    0     0                    4564783.1400 4718378.51  3.36%     -   35s
H    0     0                    4565063.1400 4718378.51  3.36%     -   35s
H    0     0                    4565417.8400 4718378.51  3.35%     -   36s
H    0     0                    4567942.3850 4718378.51  3.29%     -   39s
H    0     0                    4568483.0200 4718378.51  3.28%     -   39s
H    0     0                    4576194.5500 4718378.51  3.11%     -   44s
     0     0 4715565.31    0 3331 4576194.55 4715565.31  3.05%     -   47s
     0     0 4714893.68    0 3446 4576194.55 4714893.68  3.03%     -   50s
     0     0 4714460.11    0 3513 4576194.55 4714460.11  3.02%     -   52s
     0     0 4714429.93    0 3521 4576194.55 4714429.93  3.02%     -   52s
     0     0 4714423.61    0 3498 4576194.55 4714423.61  3.02%     -   53s
     0     0 4714423.09    0 3513 4576194.55 4714423.09  3.02%     -   53s
     0     0 4711291.18    0 3439 4576194.55 4711291.18  2.95%     -   60s
H    0     0                    4578508.9700 4711290.70  2.90%     -   63s
H    0     0                    4578742.5750 4711290.70  2.89%     -   63s
     0     0 4710025.52    0 3420 4578742.57 4710025.52  2.87%     -   66s
     0     0 4709769.58    0 3498 4578742.57 4709769.58  2.86%     -   68s
     0     0 4709576.01    0 3539 4578742.57 4709576.01  2.86%     -   70s
     0     0 4709447.71    0 3609 4578742.57 4709447.71  2.85%     -   71s
     0     0 4709418.13    0 3614 4578742.57 4709418.13  2.85%     -   72s
     0     0 4709415.23    0 3623 4578742.57 4709415.23  2.85%     -   72s
     0     0 4708198.99    0 3651 4578742.57 4708198.99  2.83%     -   78s
H    0     0                    4578943.1550 4708196.39  2.82%     -   80s
     0     0 4707300.30    0 3642 4578943.15 4707300.30  2.80%     -   84s
     0     0 4707097.52    0 3714 4578943.15 4707097.52  2.80%     -   87s
     0     0 4706986.77    0 3739 4578943.15 4706986.77  2.80%     -   89s
     0     0 4706905.31    0 3795 4578943.15 4706905.31  2.79%     -   90s
     0     0 4706869.45    0 3835 4578943.15 4706869.45  2.79%     -   91s
     0     0 4706858.94    0 3879 4578943.15 4706858.94  2.79%     -   92s
     0     0 4706856.92    0 3881 4578943.15 4706856.92  2.79%     -   93s
     0     0 4706332.96    0 3811 4578943.15 4706332.96  2.78%     -   98s
     0     0 4706102.92    0 3881 4578943.15 4706102.92  2.78%     -  107s
     0     0 4706069.89    0 3861 4578943.15 4706069.89  2.78%     -  111s
     0     0 4706063.45    0 3926 4578943.15 4706063.45  2.78%     -  112s
     0     0 4705712.41    0 3935 4578943.15 4705712.41  2.77%     -  124s
H    0     0                    4583089.3699 4705712.41  2.68%     -  152s
H    0     0                    4586257.0849 4705712.41  2.60%     -  153s
H    0     0                    4586867.2500 4705712.41  2.59%     -  154s
H    0     0                    4587403.1950 4705712.41  2.58%     -  154s
     0     0 4705624.48    0 3894 4587403.19 4705624.48  2.58%     -  159s
     0     0 4705599.95    0 3957 4587403.19 4705599.95  2.58%     -  162s
     0     0 4705597.85    0 3986 4587403.19 4705597.85  2.58%     -  164s
     0     0 4705424.33    0 3997 4587403.19 4705424.33  2.57%     -  175s
     0     0 4705365.80    0 4044 4587403.19 4705365.80  2.57%     -  189s
     0     0 4705345.08    0 4156 4587403.19 4705345.08  2.57%     -  190s
     0     0 4705343.31    0 4211 4587403.19 4705343.31  2.57%     -  191s
     0     0 4705168.09    0 4182 4587403.19 4705168.09  2.57%     -  196s
H    0     0                    4594640.3550 4705168.04  2.41%     -  204s
     0     0 4705143.20    0 4236 4594640.35 4705143.20  2.41%     -  205s
     0     0 4705140.13    0 4300 4594640.35 4705140.13  2.40%     -  205s
     0     0 4705039.25    0 4350 4594640.35 4705039.25  2.40%     -  208s
     0     0 4705035.56    0 4009 4594640.35 4705035.56  2.40%     -  212s
H    0     0                    4595087.6650 4705035.56  2.39%     -  234s
H    0     0                    4597979.1550 4705035.56  2.33%     -  234s
H    0     0                    4598019.1550 4705035.56  2.33%     -  234s
H    0     0                    4598899.1550 4705035.56  2.31%     -  235s
H    0     0                    4599551.7500 4705035.56  2.29%     -  235s
H    0     0                    4599778.5950 4705035.56  2.29%     -  235s
H    0     0                    4600018.5950 4705035.56  2.28%     -  236s
H    0     0                    4600338.5950 4705035.56  2.28%     -  236s
     0     2 4705035.56    0 3948 4600338.59 4705035.56  2.28%     -  251s
     7    16 4704983.10    3 4214 4600338.59 4704998.56  2.28%  1324  257s
    15    26 4704981.60    4 4219 4600338.59 4704981.60  2.27%   938  260s
    25    45 4704981.04    5 4215 4600338.59 4704981.52  2.27%   710  266s
    44    55 4704976.30    6 4218 4600338.59 4704981.52  2.27%   534  278s
H   45    55                    4619972.0550 4704981.52  1.84%   522  278s
H   48    55                    4621684.7950 4704981.52  1.80%   548  278s
H   51    55                    4622902.6150 4704981.52  1.78%   567  278s
    54   150 4704924.24    7 4182 4622902.61 4704981.52  1.78%   614  295s
   149   160 4704955.18   12 4214 4622902.61 4704981.52  1.78%   391  325s
   159   285 4704888.42   12 4203 4622902.61 4704981.52  1.78%   391  360s
H  284   611                    4622992.7750 4704981.52  1.77%   291  415s
H  284   611                    4631543.2750 4704981.52  1.59%   291  415s
H  430   611                    4632152.2300 4704981.52  1.57%   292  415s
H  551   611                    4635420.6550 4704981.52  1.50%   287  415s
H  610  1196                    4635510.8150 4704981.52  1.50%   275  551s
  1195  1548 4704401.34   91 4080 4635510.81 4704981.52  1.50%   267  652s
H 1361  1548                    4636105.3050 4704981.52  1.49%   263  653s
H 1547  2499                    4636113.3300 4704981.52  1.49%   253  794s
  2498  3286 4704007.73  188 3963 4636113.33 4704981.52  1.49%   222  933s
H 2776  3286                    4639134.0450 4704981.52  1.42%   204  933s
H 3217  3286                    4640343.9750 4704981.52  1.39%   191  934s
H 3285  4064                    4640360.2100 4704981.52  1.39%   192 1069s
  4063  4577 4703426.29  324 3965 4640360.21 4704981.52  1.39%   181 1157s
H 4576  4587                    4642619.6250 4704981.52  1.34%   180 1316s
H 4578  4587                    4648057.3750 4704981.52  1.22%   180 1316s
H 4586  5129                    4648225.9000 4704981.52  1.22%   180 1438s
  5128  5668 4703199.66  418 3874 4648225.90 4704981.52  1.22%   178 1545s
H 5667  6056                    4651361.3550 4704981.52  1.15%   177 1663s
H 5892  6056                    4652045.2850 4704981.52  1.14%   175 1663s
  6055  6582 4702950.65  476 3846 4652045.28 4704981.52  1.14%   178 1758s
H 6581  6739                    4654986.0050 4704981.52  1.07%   177 1973s
H 6676  6739                    4655711.8650 4704981.52  1.06%   175 1973s
H 6724  6739                    4655991.3350 4704981.52  1.05%   175 1973s
  6738  7005 4702473.61  683 3844 4655991.33 4704981.52  1.05%   175 2046s
  7004  7449 4702401.43  706 3810 4655991.33 4704981.52  1.05%   177 2163s
  7448  7931 4702279.36  751 3872 4655991.33 4704981.52  1.05%   176 2264s
H 7930  7950                    4657123.1000 4704981.52  1.03%   178 2363s
H 7931  7950                    4658151.3350 4704981.52  1.01%   178 2363s
H 7936  7950                    4658328.8150 4704981.52  1.00%   178 2363s

Cutting planes:
  Cover: 3
  Clique: 2259
  MIR: 138
  Zero half: 550
  Relax-and-lift: 15

Explored 7949 nodes (1509368 simplex iterations) in 2364.57 seconds (1056.80 work units)
Thread count was 12 (of 12 available processors)

Solution count 10: 4.65833e+06 4.65815e+06 4.65712e+06 ... 4.64806e+06

Time limit reached
Best objective 4.658328815000e+06, best bound 4.704981516739e+06, gap 1.0015%

Gurobi 12.0.1 (win64) logging started Sun Mar 15 22:28:10 2026

Set parameter LogFile to value "logs\full_M_65_restricted_subset15_5it_w_max_cap200_seed42_CG.log"
Gurobi Optimizer version 12.0.1 build v12.0.1rc0 (win64 - Windows 11.0 (26100.2))

CPU model: 13th Gen Intel(R) Core(TM) i7-1355U, instruction set [SSE2|AVX|AVX2]
Thread count: 10 physical cores, 12 logical processors, using up to 12 threads

Non-default parameters:
TimeLimit  3.0380263931751251e+03
FeasibilityTol  1e-09
MIPGap  0.005

Optimize a model with 10668 rows, 137880 columns and 1089205 nonzeros
Model fingerprint: 0x226de32e
Variable types: 0 continuous, 137880 integer (137710 binary)
Coefficient statistics:
  Matrix range     [4e-01, 1e+02]
  Objective range  [1e-02, 2e+05]
  Bounds range     [1e+00, 3e+00]
  RHS range        [1e+00, 3e+00]
Presolve removed 1371 rows and 10695 columns
Presolve time: 3.16s
Presolved: 9297 rows, 127185 columns, 996093 nonzeros
Variable types: 0 continuous, 127185 integer (127179 binary)
Found heuristic solution: objective -3009099.930
Found heuristic solution: objective -2840402.740
Deterministic concurrent LP optimizer: primal simplex, dual simplex, and barrier
Showing barrier log only...

Root barrier log...

Ordering time: 0.06s

Barrier statistics:
 AA' NZ     : 1.772e+05
 Factor NZ  : 3.047e+05 (roughly 60 MB of memory)
 Factor Ops : 1.152e+07 (less than 1 second per iteration)
 Threads    : 8

                  Objective                Residual
Iter       Primal          Dual         Primal    Dual     Compl     Time
   0   8.06967309e+09  8.20765909e+06  9.29e+04 2.66e+03  5.16e+04     4s
   1   3.10602975e+09  2.28648111e+07  3.58e+04 1.27e+03  2.03e+04     4s
   2   4.12740625e+08  2.99339085e+07  4.71e+03 8.95e+02  2.89e+03     5s
   3   1.21549710e+08  2.65930985e+07  1.35e+03 1.15e+02  8.51e+02     5s
   4   5.19001880e+07  1.92190045e+07  5.50e+02 2.17e+01  3.50e+02     5s
   5   1.83769713e+07  1.63124641e+07  1.66e+02 1.15e+01  1.28e+02     5s
   6   8.56834290e+06  1.15141528e+07  5.30e+01 4.45e+00  4.78e+01     5s
   7   6.01637376e+06  9.01067358e+06  2.26e+01 2.40e+00  2.47e+01     5s
   8   5.25082211e+06  7.37580566e+06  1.28e+01 1.37e+00  1.46e+01     5s
   9   4.86361976e+06  6.73341425e+06  6.83e+00 1.33e+00  1.04e+01     5s
  10   4.77849675e+06  5.80731248e+06  5.30e+00 6.65e-01  6.19e+00     5s
  11   4.73739941e+06  5.35437474e+06  4.11e+00 3.38e-01  4.01e+00     5s
  12   4.70246618e+06  5.18204405e+06  3.25e+00 2.45e-01  3.11e+00     5s
  13   4.68380539e+06  5.05154288e+06  2.24e+00 1.39e-01  2.33e+00     5s
  14   4.66931924e+06  4.93105163e+06  1.46e+00 1.49e-01  1.59e+00     5s
  15   4.67127147e+06  4.84765923e+06  1.01e+00 5.61e-02  1.08e+00     5s
  16   4.67708003e+06  4.79356515e+06  7.41e-01 3.72e-02  7.38e-01     5s
  17   4.68713802e+06  4.76795848e+06  4.81e-01 3.42e-02  4.98e-01     5s
  18   4.69307765e+06  4.75172481e+06  3.96e-01 1.30e-02  3.79e-01     5s
  19   4.69653482e+06  4.74681548e+06  3.39e-01 9.61e-03  3.24e-01     5s
  20   4.70210150e+06  4.74180128e+06  2.74e-01 7.56e-03  2.58e-01     5s
  21   4.70648746e+06  4.73441371e+06  2.28e-01 4.72e-03  1.95e-01     5s
  22   4.71471622e+06  4.73193748e+06  1.29e-01 2.82e-03  1.16e-01     5s
  23   4.71852984e+06  4.73006062e+06  8.69e-02 1.79e-03  7.77e-02     5s
  24   4.72186827e+06  4.72889209e+06  5.57e-02 1.09e-03  4.84e-02     6s
  25   4.72341890e+06  4.72834571e+06  3.83e-02 7.54e-04  3.36e-02     6s
  26   4.72453699e+06  4.72800267e+06  2.60e-02 5.27e-04  2.33e-02     6s
  27   4.72545749e+06  4.72768358e+06  1.64e-02 2.85e-04  1.49e-02     6s
  28   4.72598913e+06  4.72750040e+06  1.10e-02 1.61e-04  1.00e-02     6s
  29   4.72634311e+06  4.72737072e+06  7.46e-03 9.51e-05  6.81e-03     6s
  30   4.72666560e+06  4.72728933e+06  4.38e-03 4.87e-05  4.08e-03     6s
  31   4.72684885e+06  4.72721324e+06  2.68e-03 1.72e-05  2.43e-03     6s
  32   4.72695495e+06  4.72717917e+06  1.71e-03 5.10e-06  1.52e-03     6s
  33   4.72707822e+06  4.72716415e+06  5.98e-04 1.12e-06  5.59e-04     6s
  34   4.72711917e+06  4.72715622e+06  2.54e-04 1.77e-07  2.40e-04     6s
  35   4.72713406e+06  4.72715406e+06  1.32e-04 7.35e-10  1.27e-04     6s
  36   4.72714204e+06  4.72715216e+06  6.80e-05 1.67e-12  6.49e-05     6s
  37   4.72715006e+06  4.72715148e+06  7.56e-06 3.12e-12  8.35e-06     6s
  38   4.72715067e+06  4.72715126e+06  3.23e-06 2.00e-11  3.52e-06     6s
  39   4.72715112e+06  4.72715114e+06  5.20e-08 2.36e-11  9.42e-08     6s
  40   4.72715113e+06  4.72715113e+06  7.04e-10 1.09e-11  5.37e-10     6s

Barrier solved model in 40 iterations and 6.12 seconds (6.70 work units)
Optimal objective 4.72715113e+06


Root crossover log...

    1783 DPushes remaining with DInf 0.0000000e+00                 6s
       0 DPushes remaining with DInf 0.0000000e+00                 6s

   12465 PPushes remaining with PInf 3.7294533e-07                 6s
       0 PPushes remaining with PInf 0.0000000e+00                 6s

  Push phase complete: Pinf 0.0000000e+00, Dinf 2.1785563e+00      6s


Root simplex log...

Iteration    Objective       Primal Inf.    Dual Inf.      Time
   14094    4.7271511e+06   0.000000e+00   2.178556e+00      7s
   14096    4.7271511e+06   0.000000e+00   0.000000e+00      7s
Concurrent spin time: 1.08s (can be avoided by choosing Method=3)

Solved with barrier

Root relaxation: objective 4.727151e+06, 14096 iterations, 3.86 seconds (2.02 work units)

    Nodes    |    Current Node    |     Objective Bounds      |     Work
 Expl Unexpl |  Obj  Depth IntInf | Incumbent    BestBd   Gap | It/Node Time

     0     0 4727151.13    0 2990 -2840402.7 4727151.13   266%     -    8s
H    0     0                    3156058.3700 4727151.13  49.8%     -    9s
H    0     0                    3783104.5650 4727151.13  25.0%     -    9s
H    0     0                    3794037.5450 4727151.13  24.6%     -    9s
H    0     0                    3823814.6450 4727151.13  23.6%     -    9s
H    0     0                    3834027.1000 4727151.13  23.3%     -    9s
H    0     0                    3889892.2650 4727151.13  21.5%     -    9s
H    0     0                    3947308.2400 4727151.13  19.8%     -    9s
H    0     0                    3954976.1450 4727151.13  19.5%     -    9s
H    0     0                    3957351.4350 4727151.13  19.5%     -    9s
H    0     0                    3974158.4150 4727151.13  18.9%     -    9s
H    0     0                    3974358.4150 4727151.13  18.9%     -    9s
H    0     0                    3974473.2250 4727151.13  18.9%     -    9s
H    0     0                    3975797.7850 4727151.13  18.9%     -    9s
H    0     0                    3975837.7850 4727151.13  18.9%     -    9s
H    0     0                    4403722.5650 4727151.13  7.34%     -   10s
H    0     0                    4467532.4750 4727151.13  5.81%     -   12s
H    0     0                    4468920.5050 4727151.13  5.78%     -   12s
H    0     0                    4470085.6400 4727151.13  5.75%     -   12s
H    0     0                    4473929.5850 4727151.13  5.66%     -   13s
H    0     0                    4476897.9400 4727151.13  5.59%     -   13s
H    0     0                    4485471.4850 4727151.13  5.39%     -   15s
H    0     0                    4485500.4700 4727151.13  5.39%     -   15s
H    0     0                    4500255.3400 4727151.13  5.04%     -   17s
     0     0 4718385.66    0 3222 4500255.34 4718385.66  4.85%     -   22s
H    0     0                    4534601.9350 4718378.51  4.05%     -   24s
H    0     0                    4564543.1400 4718378.51  3.37%     -   26s
H    0     0                    4564783.1400 4718378.51  3.36%     -   26s
H    0     0                    4565063.1400 4718378.51  3.36%     -   26s
H    0     0                    4565417.8400 4718378.51  3.35%     -   27s
H    0     0                    4567942.3850 4718378.51  3.29%     -   29s
H    0     0                    4568483.0200 4718378.51  3.28%     -   29s
H    0     0                    4576194.5500 4718378.51  3.11%     -   32s
     0     0 4715565.31    0 3331 4576194.55 4715565.31  3.05%     -   35s
     0     0 4714893.68    0 3446 4576194.55 4714893.68  3.03%     -   36s
     0     0 4714460.11    0 3513 4576194.55 4714460.11  3.02%     -   38s
     0     0 4714429.93    0 3521 4576194.55 4714429.93  3.02%     -   38s
     0     0 4714423.61    0 3498 4576194.55 4714423.61  3.02%     -   38s
     0     0 4714423.09    0 3513 4576194.55 4714423.09  3.02%     -   39s
     0     0 4711291.18    0 3439 4576194.55 4711291.18  2.95%     -   43s
H    0     0                    4578508.9700 4711290.70  2.90%     -   45s
H    0     0                    4578742.5750 4711290.70  2.89%     -   45s
     0     0 4710025.52    0 3420 4578742.57 4710025.52  2.87%     -   47s
     0     0 4709769.58    0 3498 4578742.57 4709769.58  2.86%     -   48s
     0     0 4709576.01    0 3539 4578742.57 4709576.01  2.86%     -   49s
     0     0 4709447.71    0 3609 4578742.57 4709447.71  2.85%     -   50s
     0     0 4709418.13    0 3614 4578742.57 4709418.13  2.85%     -   50s
     0     0 4709415.23    0 3623 4578742.57 4709415.23  2.85%     -   51s
     0     0 4708198.99    0 3651 4578742.57 4708198.99  2.83%     -   55s
H    0     0                    4578943.1550 4708196.39  2.82%     -   56s
     0     0 4707300.30    0 3642 4578943.15 4707300.30  2.80%     -   60s
     0     0 4707097.52    0 3714 4578943.15 4707097.52  2.80%     -   62s
     0     0 4706986.77    0 3739 4578943.15 4706986.77  2.80%     -   63s
     0     0 4706905.31    0 3795 4578943.15 4706905.31  2.79%     -   64s
     0     0 4706869.45    0 3835 4578943.15 4706869.45  2.79%     -   65s
     0     0 4706858.94    0 3879 4578943.15 4706858.94  2.79%     -   65s
     0     0 4706856.92    0 3881 4578943.15 4706856.92  2.79%     -   66s
     0     0 4706332.96    0 3811 4578943.15 4706332.96  2.78%     -   70s
     0     0 4706102.92    0 3881 4578943.15 4706102.92  2.78%     -   73s
     0     0 4706069.89    0 3861 4578943.15 4706069.89  2.78%     -   74s
     0     0 4706063.45    0 3926 4578943.15 4706063.45  2.78%     -   75s
     0     0 4705712.41    0 3935 4578943.15 4705712.41  2.77%     -   77s
H    0     0                    4583089.3699 4705712.41  2.68%     -   90s
H    0     0                    4586257.0849 4705712.41  2.60%     -   90s
H    0     0                    4586867.2500 4705712.41  2.59%     -   91s
H    0     0                    4587403.1950 4705712.41  2.58%     -   92s
     0     0 4705624.48    0 3894 4587403.19 4705624.48  2.58%     -   93s
     0     0 4705599.95    0 3957 4587403.19 4705599.95  2.58%     -   94s
     0     0 4705597.85    0 3986 4587403.19 4705597.85  2.58%     -   95s
     0     0 4705424.33    0 3997 4587403.19 4705424.33  2.57%     -   97s
     0     0 4705365.80    0 4044 4587403.19 4705365.80  2.57%     -  104s
     0     0 4705345.08    0 4156 4587403.19 4705345.08  2.57%     -  105s
     0     0 4705343.31    0 4211 4587403.19 4705343.31  2.57%     -  105s
     0     0 4705168.09    0 4182 4587403.19 4705168.09  2.57%     -  108s
H    0     0                    4594640.3550 4705168.04  2.41%     -  114s
     0     0 4705143.20    0 4236 4594640.35 4705143.20  2.41%     -  115s
     0     0 4705140.13    0 4300 4594640.35 4705140.13  2.40%     -  116s
     0     0 4705039.25    0 4350 4594640.35 4705039.25  2.40%     -  118s
     0     0 4705035.56    0 4009 4594640.35 4705035.56  2.40%     -  120s
H    0     0                    4595087.6650 4705035.56  2.39%     -  136s
H    0     0                    4597979.1550 4705035.56  2.33%     -  136s
H    0     0                    4598019.1550 4705035.56  2.33%     -  136s
H    0     0                    4598899.1550 4705035.56  2.31%     -  136s
H    0     0                    4599551.7500 4705035.56  2.29%     -  137s
H    0     0                    4599778.5950 4705035.56  2.29%     -  137s
H    0     0                    4600018.5950 4705035.56  2.28%     -  138s
H    0     0                    4600338.5950 4705035.56  2.28%     -  138s
     0     2 4705035.56    0 3948 4600338.59 4705035.56  2.28%     -  147s
     3     8 4704999.92    2 4141 4600338.59 4705013.44  2.28%  1793  151s
    15    26 4704981.60    4 4219 4600338.59 4704981.60  2.27%   938  156s
    25    45 4704981.04    5 4215 4600338.59 4704981.52  2.27%   710  162s
    44    55 4704976.30    6 4218 4600338.59 4704981.52  2.27%   534  175s
H   45    55                    4619972.0550 4704981.52  1.84%   522  175s
H   48    55                    4621684.7950 4704981.52  1.80%   548  175s
H   51    55                    4622902.6150 4704981.52  1.78%   567  175s
    54   150 4704924.24    7 4182 4622902.61 4704981.52  1.78%   614  192s
   149   160 4704955.18   12 4214 4622902.61 4704981.52  1.78%   391  223s
   159   285 4704888.42   12 4203 4622902.61 4704981.52  1.78%   391  260s
H  284   611                    4622992.7750 4704981.52  1.77%   291  315s
H  284   611                    4631543.2750 4704981.52  1.59%   291  315s
H  430   611                    4632152.2300 4704981.52  1.57%   292  315s
H  551   611                    4635420.6550 4704981.52  1.50%   287  316s
H  610  1196                    4635510.8150 4704981.52  1.50%   275  395s
  1195  1548 4704401.34   91 4080 4635510.81 4704981.52  1.50%   267  486s
H 1361  1548                    4636105.3050 4704981.52  1.49%   263  486s
H 1547  2499                    4636113.3300 4704981.52  1.49%   253  570s
  2498  3286 4704007.73  188 3963 4636113.33 4704981.52  1.49%   222  644s
H 2776  3286                    4639134.0450 4704981.52  1.42%   204  644s
  2997  3286 4703884.25  188 3946 4639134.04 4704981.52  1.42%   200  645s
H 3217  3286                    4640343.9750 4704981.52  1.39%   191  645s
H 3285  4064                    4640360.2100 4704981.52  1.39%   192  708s
  4063  4577 4703426.29  324 3965 4640360.21 4704981.52  1.39%   181  763s
H 4576  4587                    4642619.6250 4704981.52  1.34%   180  842s
H 4578  4587                    4648057.3750 4704981.52  1.22%   180  842s
H 4586  5129                    4648225.9000 4704981.52  1.22%   180  896s
  5128  5668 4703199.66  418 3874 4648225.90 4704981.52  1.22%   178  947s
H 5667  6056                    4651361.3550 4704981.52  1.15%   177 1024s
H 5892  6056                    4652045.2850 4704981.52  1.14%   175 1024s
  6055  6582 4702950.65  476 3846 4652045.28 4704981.52  1.14%   178 1074s
H 6581  6739                    4654986.0050 4704981.52  1.07%   177 1155s
H 6676  6739                    4655711.8650 4704981.52  1.06%   175 1155s
H 6724  6739                    4655991.3350 4704981.52  1.05%   175 1155s
  6738  7005 4702473.61  683 3844 4655991.33 4704981.52  1.05%   175 1213s
  7004  7449 4702401.43  706 3810 4655991.33 4704981.52  1.05%   177 1273s
  7448  7931 4702279.36  751 3872 4655991.33 4704981.52  1.05%   176 1325s
H 7930  8274                    4657123.1000 4704981.52  1.03%   178 1429s
H 7955  8274                    4658151.3350 4704981.52  1.01%   178 1429s
H 8096  8274                    4658328.8150 4704981.52  1.00%   178 1429s
  8274  8275 4703964.67  154 4009 4658328.81 4704981.52  1.00%   178 1479s
  8276  8276 4704258.79  106 2993 4658328.81 4704981.52  1.00%   178 1495s
  8277  8277 4703129.27  369 2964 4658328.81 4704981.52  1.00%   178 1509s
  8278  8278 4703167.31  380 3232 4658328.81 4704981.52  1.00%   178 1515s
  8279  8278 4704142.11  141 3371 4658328.81 4704981.52  1.00%   178 1523s
  8280  8279 4704554.54   16 3416 4658328.81 4704981.52  1.00%   178 1528s
  8281  8280 4703367.49  191 3422 4658328.81 4704981.52  1.00%   178 1532s
  8282  8280 4702825.40  443 3491 4658328.81 4704981.52  1.00%   178 1537s
  8283  8281 4700908.99  688 3599 4658328.81 4704981.52  1.00%   178 1541s
  8285  8282 4702577.42  582 3748 4658328.81 4704981.52  1.00%   177 1547s
  8286  8283 4703588.67  153 3835 4658328.81 4704981.52  1.00%   177 1552s
  8287  8284 4702577.44  458 3955 4658328.81 4704793.66  1.00%   177 1555s
  8288  8284 4703356.10  326 4040 4658328.81 4704562.98  0.99%   177 1560s
  8290  8286 4703697.41  289 4173 4658328.81 4704400.81  0.99%   177 1566s
  8293  8288 4702832.25  483 4262 4658328.81 4704391.15  0.99%   177 1575s
  8294  8288 4702639.55  343 3950 4658328.81 4703600.57  0.97%   177 1596s
  8295  8289 4703121.03  390 3882 4658328.81 4703141.18  0.96%   177 1601s
  8296  8290 4702400.46  469 3884 4658328.81 4702889.18  0.96%   177 1606s
  8298  8291 4702697.96  187 3878 4658328.81 4702697.96  0.95%   177 1611s
  8300  8292 4702616.03   49 3966 4658328.81 4702616.03  0.95%   177 1615s
  8302  8294 4702271.90  520 4014 4658328.81 4702271.90  0.94%   177 1622s
  8303  8294 4702255.24    8 4029 4658328.81 4702255.24  0.94%   177 1625s
  8306  8296 4702153.59  189 4068 4658328.81 4702153.59  0.94%   177 1631s
  8310  8299 4702123.78   20 4086 4658328.81 4702123.78  0.94%   177 1635s
  8311  8300 4702123.78  205 4087 4658328.81 4702123.78  0.94%   177 1642s
  8312  8300 4701883.35  408 3938 4658328.81 4701883.35  0.93%   177 1669s
  8313  8301 4701754.54  181 3951 4658328.81 4701754.54  0.93%   177 1672s
  8314  8302 4701635.26  123 3888 4658328.81 4701635.26  0.93%   177 1675s
  8316  8303 4701519.18  109 3957 4658328.81 4701519.18  0.93%   177 1681s
  8318  8304 4701481.14  305 4025 4658328.81 4701481.14  0.93%   177 1685s
  8321  8306 4701397.68   56 4133 4658328.81 4701397.68  0.92%   177 1692s
  8324  8308 4701323.70  199 4143 4658328.81 4701323.70  0.92%   177 1696s
  8328  8311 4701273.13  173 4176 4658328.81 4701273.13  0.92%   177 1700s
  8329  8312 4701272.87  607 4177 4658328.81 4701272.87  0.92%   177 1705s
  8330  8312 4701087.05  369 3910 4658328.81 4701087.05  0.92%   177 1724s
  8331  8313 4701063.32  482 4030 4658328.81 4701063.32  0.92%   177 1727s
  8333  8314 4701025.41  717 4159 4658328.81 4701025.41  0.92%   176 1731s
H 8333  7897                    4658341.8150 4700995.80  0.92%   176 1734s
  8335  7899 4700976.63  178 4122 4658341.81 4700976.63  0.92%   176 1735s
  8337  7900 4700932.28   23 4190 4658341.81 4700932.28  0.91%   176 1741s
  8340  7902 4700900.91  470 4236 4658341.81 4700900.91  0.91%   176 1746s
  8343  7904 4700851.50  208 4229 4658341.81 4700851.50  0.91%   176 1750s
  8346  7906 4700840.78  223 4293 4658341.81 4700840.78  0.91%   176 1759s
  8347  7907 4700771.12  383 3952 4658341.81 4700771.12  0.91%   176 1798s
  8348  7907 4700760.57  397 4081 4658341.81 4700760.57  0.91%   176 1802s
  8349  7908 4700732.96  472 4096 4658341.81 4700732.96  0.91%   176 1805s
  8351  7909 4700707.96  579 4144 4658341.81 4700707.96  0.91%   176 1810s
  8355  7912 4700669.46  600 4257 4658341.81 4700669.46  0.91%   176 1817s
  8357  7913 4700646.20  100 4237 4658341.81 4700646.20  0.91%   176 1821s
  8359  7915 4700634.06   61 4250 4658341.81 4700634.06  0.91%   176 1826s
  8361  7916 4700632.99  214 4277 4658341.81 4700632.99  0.91%   176 1833s
  8362  7917 4700584.98  401 4017 4658341.81 4700584.98  0.91%   176 1880s
  8363  7917 4700578.58   19 4079 4658341.81 4700578.58  0.91%   176 1888s
  8364  7918 4700571.09  359 4162 4658341.81 4700571.09  0.91%   176 1890s
  8367  7920 4700550.08  433 4256 4658341.81 4700550.08  0.91%   176 1897s
  8369  7921 4700540.67  344 4275 4658341.81 4700540.67  0.91%   176 1901s
  8372  7923 4700539.24   42 4349 4658341.81 4700539.24  0.91%   176 1909s
H 8372  7525                    4660030.2050 4700514.35  0.87%   176 1927s
H 8372  7147                    4660513.5300 4700514.35  0.86%   176 1927s
H 8372  6788                    4660550.8500 4700512.42  0.86%   176 1942s
  8373  6789 4700512.42  764 4010 4660550.85 4700512.42  0.86%   176 1962s
  8375  6790 4700505.18   78 4239 4660550.85 4700505.18  0.86%   176 1966s
  8377  6792 4700493.35  369 4283 4660550.85 4700493.35  0.86%   176 1970s
  8380  6794 4700463.30   16 4323 4660550.85 4700463.30  0.86%   175 1976s
  8383  6796 4700459.13  688 4298 4660550.85 4700459.13  0.86%   175 1982s
H 8383  6454                    4660695.9250 4700425.79  0.85%   175 1996s
H 8383  6130                    4660775.9250 4700425.79  0.85%   175 1996s
H 8383  5822                    4660898.9700 4700425.79  0.85%   175 1996s
H 8383  5529                    4662655.0800 4700425.79  0.81%   175 1996s
H 8383  5250                    4662662.3200 4700425.79  0.81%   175 1996s
H 8383  4986                    4662742.3200 4700425.79  0.81%   175 1996s
H 8383  4735                    4663079.8050 4700425.74  0.80%   175 2003s
H 8383  4496                    4663677.1250 4700425.74  0.79%   175 2004s
H 8383  4270                    4664184.3400 4700425.74  0.78%   175 2005s
  8387  4272 4700408.32  458 4309 4664184.34 4700408.32  0.78%   175 2012s
  8389  4274 4700401.56  234 4373 4664184.34 4700401.56  0.78%   175 2016s
  8391  4275 4700399.11  539 4411 4664184.34 4700399.11  0.78%   175 2023s
H 8391  4059                    4664252.5300 4700383.60  0.77%   175 2036s
H 8391  3854                    4664412.5300 4700383.60  0.77%   175 2036s
H 8391  3659                    4664492.5300 4700383.60  0.77%   175 2036s
H 8391  3474                    4664636.5850 4700383.60  0.77%   175 2036s
H 8391  3299                    4664876.5850 4700383.60  0.76%   175 2042s
  8392  3300 4700383.60  512 4167 4664876.58 4700383.60  0.76%   175 2145s
H 8392  3133                    4667395.7500 4700382.75  0.71%   175 2164s
H 8392  2974                    4667435.7500 4700382.75  0.71%   175 2164s
H 8392  2823                    4667835.7500 4700382.75  0.70%   175 2164s
H 8392  2680                    4667948.2150 4700382.75  0.69%   175 2164s
  8394  2681 4700380.95  343 4376 4667948.21 4700380.95  0.69%   175 2166s
  8396  2682 4700379.22  469 4465 4667948.21 4700379.22  0.69%   175 2170s
  8399  2684 4700377.29  741 4498 4667948.21 4700377.29  0.69%   175 2180s
H 8399  2548                    4667972.5550 4700366.57  0.69%   175 2209s
H 8399  2418                    4667973.2750 4700366.57  0.69%   175 2209s
H 8399  2295                    4668068.9350 4700366.57  0.69%   175 2209s
H 8399  2179                    4668093.2750 4700366.57  0.69%   175 2216s
H 8399  2067                    4668135.8750 4700366.57  0.69%   175 2218s
  8400  2068 4700366.57   49 4170 4668135.87 4700366.57  0.69%   175 2221s
  8403  2070 4700360.50    8 4399 4668135.87 4700360.50  0.69%   175 2225s
  8406  2072 4700358.68  189 4477 4668135.87 4700358.68  0.69%   175 2232s
H 8406  1967                    4668228.4250 4700347.09  0.69%   175 2258s
  8408  1968 4700344.41  711 4320 4668228.42 4700344.41  0.69%   175 2260s
  8412  1971 4700338.16  408 4556 4668228.42 4700338.16  0.69%   175 2270s
  8413  1972 4700329.60  181 4258 4668228.42 4700329.60  0.69%   175 2307s
  8415  1973 4700325.96   68 4420 4668228.42 4700325.96  0.69%   175 2310s
  8417  1974 4700324.61  307 4526 4668228.42 4700324.61  0.69%   175 2316s
H 8417  1873                    4668382.7050 4700321.11  0.68%   175 2327s
  8418  1874 4700320.89  305 4241 4668382.70 4700320.89  0.68%   175 2336s
  8419  1875 4700320.87  192 4386 4668382.70 4700320.87  0.68%   175 2342s
  8420  1875 4700309.57  381 4201 4668382.70 4700309.57  0.68%   175 2359s
  8421  1876 4700308.99   56 4321 4668382.70 4700308.99  0.68%   175 2366s
H 8421  1779                    4668548.7900 4700296.98  0.68%   175 2400s
H 8421  1688                    4668586.6300 4700296.98  0.68%   175 2400s
  8422  1689 4700296.98  211 4237 4668586.63 4700296.98  0.68%   175 2409s
  8423  1689 4700290.41   87 4280 4668586.63 4700290.41  0.68%   175 2412s
  8425  1691 4700286.24  318 4369 4668586.63 4700286.24  0.68%   175 2415s
  8428  1693 4700271.19  173 4449 4668586.63 4700271.19  0.68%   174 2422s
  8429  1693 4700268.96  607 4501 4668586.63 4700268.96  0.68%   174 2425s
H 8430  1607                    4668596.0950 4700265.25  0.68%   174 2451s
  8432  1608 4699966.43  595 4209 4668596.09 4699966.43  0.67%   174 2515s
  8433  1609 4699954.47  717 4354 4668596.09 4699954.47  0.67%   174 2522s
  8434  1610 4699941.81  432 4421 4668596.09 4699941.81  0.67%   174 2525s
  8436  1611 4699930.14  546 4524 4668596.09 4699930.14  0.67%   174 2532s
H 8436  1527                    4668785.7250 4699923.91  0.67%   174 2535s
  8440  1530 4699909.85  470 4650 4668785.72 4699909.85  0.67%   174 2541s
  8443  1532 4699906.23  208 4718 4668785.72 4699906.23  0.67%   174 2545s
  8444  1532 4699906.06  137 4730 4668785.72 4699906.06  0.67%   174 2559s
  8445  1533 4699796.72  136 4445 4668785.72 4699796.72  0.66%   174 2589s
  8446  1534 4699782.83  223 4526 4668785.72 4699782.83  0.66%   174 2592s
H 8446  1455                    4669355.2350 4699770.81  0.65%   174 2595s
  8449  1457 4699760.15  472 4648 4669355.23 4699760.15  0.65%   174 2600s
  8452  1459 4699748.84  490 4756 4669355.23 4699748.84  0.65%   174 2606s
  8455  1461 4699739.29  600 4849 4669355.23 4699739.29  0.65%   174 2611s
  8457  1462 4699737.59  100 4910 4669355.23 4699737.59  0.65%   174 2615s
H 8457  1386                    4669451.7050 4699715.87  0.65%   174 2637s
  8459  1387 4699715.00   61 4671 4669451.70 4699715.00  0.65%   174 2641s
  8461  1389 4699711.08  214 4746 4669451.70 4699711.08  0.65%   174 2645s
  8464  1391 4699684.89  359 4875 4669451.70 4699684.89  0.65%   174 2651s
  8466  1392 4699683.17  694 4968 4669451.70 4699683.17  0.65%   174 2656s
  8467  1393 4699671.02  433 4489 4669451.70 4699671.02  0.65%   174 2675s
  8470  1395 4699667.57  470 4752 4669451.70 4699667.57  0.65%   174 2680s
  8473  1397 4699662.44  764 4887 4669451.70 4699662.44  0.65%   174 2685s
  8475  1398 4699660.83   78 4932 4669451.70 4699660.83  0.65%   174 2690s
  8476  1399 4699654.96  106 4613 4669451.70 4699654.96  0.65%   173 2711s
  8477  1399 4699654.84  369 4737 4669451.70 4699654.84  0.65%   173 2715s
  8478  1400 4699630.50  380 4571 4669451.70 4699630.50  0.65%   173 2736s
  8481  1402 4699625.77  191 4798 4669451.70 4699625.77  0.65%   173 2740s
H 8483  1329                    4669548.3650 4699621.38  0.64%   173 2744s
  8485  1331 4699620.22  582 4967 4669548.36 4699620.22  0.64%   173 2745s
H 8487  1262                    4669638.1950 4699612.23  0.64%   173 2770s
H 8487  1195                    4669718.1950 4699612.23  0.64%   173 2770s
  8488  1196 4699612.23  326 4591 4669718.19 4699612.23  0.64%   173 2801s
  8489  1196 4699611.12  234 4748 4669718.19 4699611.12  0.64%   173 2810s
  8493  1199 4699606.45  483 4925 4669718.19 4699606.45  0.64%   173 2815s
  8495  1200 4699605.61  390 4940 4669718.19 4699605.61  0.64%   173 2820s
  8496  1201 4699600.73  469 4588 4669718.19 4699600.73  0.64%   173 2841s
H 8496  1137                    4669718.2050 4699600.54  0.64%   173 2842s
  8497  1138 4699600.54   37 4748 4669718.20 4699600.54  0.64%   173 2845s
  8498  1138 4699597.30  187 4644 4669718.20 4699597.30  0.64%   173 2861s
  8500  1140 4699588.08   49 4662 4669718.20 4699588.08  0.64%   173 2886s
  8504  1142 4699575.02  254 4835 4669718.20 4699575.02  0.64%   173 2891s
  8506  1144 4699573.05  189 4969 4669718.20 4699573.05  0.64%   173 2895s
  8507  1144 4699569.80  239 4656 4669718.20 4699569.80  0.64%   173 2916s
  8509  1146 4699566.59  459 4584 4669718.20 4699566.59  0.64%   173 2956s
  8510  1146 4699566.54   20 4718 4669718.20 4699566.54  0.64%   173 2960s
  8511  1147 4699560.29  205 4612 4669718.20 4699560.29  0.64%   173 2983s
  8512  1148 4699560.19  408 4733 4669718.20 4699560.19  0.64%   173 2987s
  8513  1148 4699556.06  181 4582 4669718.20 4699556.06  0.64%   173 3007s
H 8513  1087                    4670211.6100 4699554.30  0.63%   173 3009s
H 8513  1028                    4670451.6100 4699554.30  0.62%   173 3009s
  8515  1030 4699552.30   68 4705 4670451.61 4699552.30  0.62%   173 3011s
  8518  1032 4699547.20  305 4838 4670451.61 4699547.20  0.62%   173 3015s
  8522  1034 4699543.89  211 4871 4670451.61 4699543.89  0.62%   173 3020s

Cutting planes:
  Gomory: 157
  Cover: 20
  Clique: 2169
  MIR: 186
  Mixing: 3
  StrongCG: 2
  Flow cover: 652
  GUB cover: 12
  Zero half: 622
  Relax-and-lift: 94

Explored 8523 nodes (2221417 simplex iterations) in 3038.68 seconds (2459.42 work units)
Thread count was 12 (of 12 available processors)

Solution count 10: 4.67045e+06 4.67021e+06 4.66972e+06 ... 4.6686e+06

Time limit reached
Best objective 4.670451610000e+06, best bound 4.699539517489e+06, gap 0.6228%

Gurobi 12.0.1 (win64) logging started Tue Mar 17 01:17:25 2026

Set parameter LogFile to value "logs\full_M_65_restricted_subset15_5it_w_max_cap200_seed42_CG.log"
Gurobi Optimizer version 12.0.1 build v12.0.1rc0 (win64 - Windows 11.0 (26100.2))

CPU model: 13th Gen Intel(R) Core(TM) i7-1355U, instruction set [SSE2|AVX|AVX2]
Thread count: 10 physical cores, 12 logical processors, using up to 12 threads

Non-default parameters:
TimeLimit  3.0256796183586121e+03
FeasibilityTol  1e-09
MIPGap  0.005

Optimize a model with 10668 rows, 137866 columns and 1086437 nonzeros
Model fingerprint: 0xdc3ebaa8
Variable types: 0 continuous, 137866 integer (137696 binary)
Coefficient statistics:
  Matrix range     [4e-01, 1e+02]
  Objective range  [1e-02, 2e+05]
  Bounds range     [1e+00, 3e+00]
  RHS range        [1e+00, 3e+00]
Presolve removed 1365 rows and 10618 columns
Presolve time: 2.29s
Presolved: 9303 rows, 127248 columns, 994983 nonzeros
Variable types: 0 continuous, 127248 integer (127242 binary)
Found heuristic solution: objective -2997218.860
Found heuristic solution: objective -2867198.385
Deterministic concurrent LP optimizer: primal simplex, dual simplex, and barrier
Showing barrier log only...

Root barrier log...

Ordering time: 0.05s

Barrier statistics:
 AA' NZ     : 1.776e+05
 Factor NZ  : 3.073e+05 (roughly 60 MB of memory)
 Factor Ops : 1.178e+07 (less than 1 second per iteration)
 Threads    : 8

                  Objective                Residual
Iter       Primal          Dual         Primal    Dual     Compl     Time
   0   8.10277187e+09  8.16391525e+06  9.29e+04 2.65e+03  5.11e+04     3s
   1   3.13952815e+09  2.35380344e+07  3.60e+04 1.45e+03  2.02e+04     3s
   2   4.52193573e+08  3.09577809e+07  5.14e+03 6.27e+02  3.09e+03     3s
   3   1.46447846e+08  2.79556916e+07  1.63e+03 9.79e+01  1.00e+03     3s
   4   6.99346798e+07  2.03986925e+07  7.54e+02 7.83e+00  4.59e+02     3s
   5   4.40183230e+07  1.66278885e+07  4.58e+02 3.31e+00  2.72e+02     4s
   6   1.21296805e+07  1.36542210e+07  9.36e+01 1.40e+00  7.75e+01     4s
   7   8.00425744e+06  9.87491516e+06  4.59e+01 4.43e-01  3.62e+01     4s
   8   6.76677835e+06  8.41604780e+06  3.08e+01 2.79e-01  2.38e+01     4s
   9   5.77570534e+06  6.87580652e+06  1.81e+01 1.39e-01  1.30e+01     4s
  10   5.31633215e+06  6.29687548e+06  1.18e+01 1.08e-01  9.16e+00     4s
  11   5.05603384e+06  5.56811096e+06  8.01e+00 4.95e-02  5.31e+00     4s
  12   4.95511578e+06  5.42194761e+06  6.35e+00 6.63e-02  4.39e+00     4s
  13   4.89401679e+06  5.18986080e+06  5.18e+00 4.12e-02  3.21e+00     4s
  14   4.82210229e+06  5.02015187e+06  3.51e+00 1.95e-02  2.24e+00     4s
  15   4.75521806e+06  4.95950927e+06  2.18e+00 1.51e-02  1.69e+00     4s
  16   4.73516528e+06  4.85477381e+06  1.64e+00 8.72e-03  1.13e+00     4s
  17   4.72532208e+06  4.80730616e+06  1.26e+00 6.01e-03  8.27e-01     4s
  18   4.71814330e+06  4.77659429e+06  8.85e-01 3.69e-03  5.81e-01     4s
  19   4.71588477e+06  4.75432891e+06  6.32e-01 1.94e-03  4.01e-01     4s
  20   4.71624283e+06  4.74662320e+06  4.46e-01 1.44e-03  2.95e-01     4s
  21   4.71878049e+06  4.73927955e+06  2.93e-01 7.07e-04  1.96e-01     4s
  22   4.72061414e+06  4.73450036e+06  1.87e-01 4.35e-04  1.28e-01     4s
  23   4.72170668e+06  4.73117823e+06  1.43e-01 2.08e-04  9.34e-02     4s
  24   4.72316034e+06  4.72976973e+06  9.48e-02 1.19e-04  6.31e-02     4s
  25   4.72421292e+06  4.72873650e+06  6.29e-02 5.73e-05  4.24e-02     5s
  26   4.72468674e+06  4.72815861e+06  4.95e-02 4.10e-05  3.30e-02     5s
  27   4.72536008e+06  4.72763942e+06  3.16e-02 1.58e-05  2.13e-02     5s
  28   4.72589612e+06  4.72727542e+06  1.81e-02 5.46e-12  1.25e-02     5s
  29   4.72626475e+06  4.72702184e+06  9.76e-03 7.28e-12  6.78e-03     5s
  30   4.72645430e+06  4.72684362e+06  5.33e-03 1.43e-12  3.61e-03     5s
  31   4.72656190e+06  4.72679872e+06  3.29e-03 5.46e-12  2.22e-03     5s
  32   4.72660089e+06  4.72678583e+06  2.52e-03 3.64e-12  1.71e-03     5s
  33   4.72667580e+06  4.72676936e+06  1.00e-03 1.09e-12  7.56e-04     5s
  34   4.72669835e+06  4.72675419e+06  6.17e-04 1.82e-12  4.59e-04     5s
  35   4.72671329e+06  4.72674957e+06  3.71e-04 2.15e-12  2.86e-04     5s
  36   4.72672460e+06  4.72674589e+06  1.89e-04 1.36e-12  1.57e-04     5s
  37   4.72673511e+06  4.72674137e+06  2.76e-05 1.82e-11  3.49e-05     5s
  38   4.72673694e+06  4.72673833e+06  7.13e-06 1.27e-11  8.10e-06     5s
  39   4.72673724e+06  4.72673792e+06  3.92e-06 7.28e-12  4.16e-06     5s
  40   4.72673744e+06  4.72673773e+06  1.68e-06 1.09e-11  1.77e-06     5s
  41   4.72673758e+06  4.72673768e+06  2.64e-07 5.46e-12  4.79e-07     5s
  42   4.72673760e+06  4.72673761e+06  6.57e-08 2.27e-12  6.56e-08     5s
  43   4.72673761e+06  4.72673761e+06  1.29e-09 5.46e-12  4.52e-10     5s

Barrier solved model in 43 iterations and 5.27 seconds (6.82 work units)
Optimal objective 4.72673761e+06


Root crossover log...

    1798 DPushes remaining with DInf 0.0000000e+00                 5s
       0 DPushes remaining with DInf 0.0000000e+00                 6s

   12701 PPushes remaining with PInf 2.1193511e-07                 6s
       0 PPushes remaining with PInf 0.0000000e+00                 6s

  Push phase complete: Pinf 0.0000000e+00, Dinf 4.6825553e-01      6s


Root simplex log...

Iteration    Objective       Primal Inf.    Dual Inf.      Time
   14329    4.7267376e+06   0.000000e+00   4.682555e-01      6s
   14331    4.7267376e+06   0.000000e+00   0.000000e+00      6s
Concurrent spin time: 0.95s (can be avoided by choosing Method=3)

Solved with barrier

Root relaxation: objective 4.726738e+06, 14331 iterations, 4.00 seconds (2.18 work units)

    Nodes    |    Current Node    |     Objective Bounds      |     Work
 Expl Unexpl |  Obj  Depth IntInf | Incumbent    BestBd   Gap | It/Node Time

     0     0 4726737.61    0 2980 -2867198.4 4726737.61   265%     -    8s
H    0     0                    3153746.3200 4726737.61  49.9%     -    8s
H    0     0                    3597957.4500 4726737.61  31.4%     -    8s
H    0     0                    3820568.8450 4726737.61  23.7%     -    8s
H    0     0                    3880156.0700 4726737.61  21.8%     -    8s
H    0     0                    3899223.4400 4726737.61  21.2%     -    8s
H    0     0                    3903386.6000 4726737.61  21.1%     -    8s
H    0     0                    3920921.6400 4726737.61  20.6%     -    8s
H    0     0                    3981736.4300 4726737.61  18.7%     -    8s
H    0     0                    3981976.4300 4726737.61  18.7%     -    9s
H    0     0                    4017982.3750 4726737.61  17.6%     -    9s
H    0     0                    4018471.7250 4726737.61  17.6%     -    9s
H    0     0                    4018582.3750 4726737.61  17.6%     -    9s
H    0     0                    4018594.5250 4726737.61  17.6%     -    9s
H    0     0                    4402904.1550 4726737.61  7.35%     -   10s
H    0     0                    4464479.9401 4726737.61  5.87%     -   11s
H    0     0                    4465699.4351 4726737.61  5.85%     -   12s
H    0     0                    4470765.0550 4726737.61  5.73%     -   12s
H    0     0                    4486106.6550 4726737.61  5.36%     -   13s
H    0     0                    4486146.6550 4726737.61  5.36%     -   14s
H    0     0                    4488446.8550 4726737.61  5.31%     -   15s
     0     0 4718003.08    0 3331 4488446.85 4718003.08  5.11%     -   21s
H    0     0                    4522534.1000 4718002.89  4.32%     -   23s
H    0     0                    4535313.5300 4718002.89  4.03%     -   24s
H    0     0                    4543130.7050 4718002.89  3.85%     -   24s
H    0     0                    4545609.3950 4718002.89  3.79%     -   25s
H    0     0                    4546136.0850 4718002.89  3.78%     -   25s
H    0     0                    4548229.2350 4718002.89  3.73%     -   26s
H    0     0                    4548396.8450 4718002.89  3.73%     -   30s
H    0     0                    4561357.9250 4718002.89  3.43%     -   31s
     0     0 4715535.18    0 3339 4561357.92 4715535.18  3.38%     -   33s
     0     0 4714794.35    0 3401 4561357.92 4714794.35  3.36%     -   34s
     0     0 4714546.34    0 3473 4561357.92 4714546.34  3.36%     -   35s
     0     0 4714526.96    0 3498 4561357.92 4714526.96  3.36%     -   35s
     0     0 4714525.51    0 3495 4561357.92 4714525.51  3.36%     -   35s
     0     0 4714525.51    0 3496 4561357.92 4714525.51  3.36%     -   36s
     0     0 4711429.06    0 3503 4561357.92 4711429.06  3.29%     -   38s
H    0     0                    4563454.7550 4711429.06  3.24%     -   38s
     0     0 4710137.37    0 3510 4563454.75 4710137.37  3.21%     -   41s
     0     0 4709751.66    0 3523 4563454.75 4709751.66  3.21%     -   43s
     0     0 4709416.30    0 3555 4563454.75 4709416.30  3.20%     -   44s
     0     0 4709321.49    0 3592 4563454.75 4709321.49  3.20%     -   46s
     0     0 4709310.61    0 3610 4563454.75 4709310.61  3.20%     -   46s
     0     0 4709310.51    0 3618 4563454.75 4709310.51  3.20%     -   47s
     0     0 4708199.14    0 3671 4563454.75 4708199.14  3.17%     -   49s
     0     0 4707524.47    0 3705 4563454.75 4707524.47  3.16%     -   53s
     0     0 4707243.59    0 3728 4563454.75 4707243.59  3.15%     -   55s
     0     0 4707111.92    0 3789 4563454.75 4707111.92  3.15%     -   56s
     0     0 4707011.47    0 3855 4563454.75 4707011.47  3.15%     -   57s
     0     0 4706938.26    0 3880 4563454.75 4706938.26  3.14%     -   57s
     0     0 4706919.96    0 3924 4563454.75 4706919.96  3.14%     -   58s
     0     0 4706918.55    0 3946 4563454.75 4706918.55  3.14%     -   58s
     0     0 4706463.89    0 3857 4563454.75 4706463.89  3.13%     -   61s
     0     0 4706276.58    0 3891 4563454.75 4706276.58  3.13%     -   65s
     0     0 4706231.93    0 3945 4563454.75 4706231.93  3.13%     -   65s
     0     0 4706228.03    0 3999 4563454.75 4706228.03  3.13%     -   66s
     0     0 4705847.43    0 3759 4563454.75 4705847.43  3.12%     -   69s
H    0     0                    4564075.3400 4705846.83  3.11%     -   97s
H    0     0                    4567438.9250 4705846.83  3.03%     -   98s
H    0     0                    4569371.9150 4705846.83  2.99%     -   98s
     0     0 4705746.79    0 3858 4569371.91 4705746.79  2.98%     -  111s
     0     0 4705724.71    0 3942 4569371.91 4705724.71  2.98%     -  117s
     0     0 4705720.67    0 3965 4569371.91 4705720.67  2.98%     -  119s
     0     0 4705435.66    0 3960 4569371.91 4705435.66  2.98%     -  134s
H    0     0                    4573465.7900 4705435.66  2.89%     -  154s
     0     0 4705382.48    0 4023 4573465.79 4705382.48  2.88%     -  160s
     0     0 4705372.55    0 4006 4573465.79 4705372.55  2.88%     -  164s
     0     0 4705240.71    0 3978 4573465.79 4705240.71  2.88%     -  170s
H    0     0                    4575969.8450 4705232.79  2.82%     -  177s
     0     0 4705207.83    0 4031 4575969.84 4705207.83  2.82%     -  179s
     0     0 4705200.84    0 4090 4575969.84 4705200.84  2.82%     -  180s
     0     0 4705092.13    0 4088 4575969.84 4705092.13  2.82%     -  186s
     0     0 4705079.34    0 4202 4575969.84 4705079.34  2.82%     -  196s
     0     0 4705021.18    0 4064 4575969.84 4705021.18  2.82%     -  201s
     0     0 4705021.18    0 3707 4575969.84 4705021.18  2.82%     -  209s
     0     2 4705021.18    0 3675 4575969.84 4705021.18  2.82%     -  252s
     1     4 4705021.18    1 3675 4575969.84 4705021.18  2.82%  5261  255s
     3     8 4705006.06    2 3893 4575969.84 4705020.35  2.82%  2221  263s
     7    16 4705001.16    3 3981 4575969.84 4705006.06  2.82%  1592  274s
    15    26 4704999.99    4 4011 4575969.84 4705000.83  2.82%  1141  286s
    25    45 4704996.21    5 4007 4575969.84 4704999.95  2.82%   908  301s
H   30    45                    4600660.8748 4704999.95  2.27%   782  301s
H   38    45                    4606048.4200 4704999.95  2.15%   652  301s
    44    55 4704994.01    6 4004 4606048.42 4704999.95  2.15%   597  327s
    54    66 4704992.59    7 3995 4606048.42 4704999.95  2.15%   517  340s
    65    77 4704971.57    7 3962 4606048.42 4704999.95  2.15%   488  347s
    76    87 4704991.60    8 3991 4606048.42 4704999.95  2.15%   493  371s
    86    97 4704991.28    9 3981 4606048.42 4704999.95  2.15%   464  418s
H   93    97                    4623082.9650 4704999.95  1.77%   455  418s
H   96   205                    4623275.3500 4704999.95  1.77%   451  461s
   204   341 4704959.79   17 3954 4623275.35 4704999.95  1.77%   324  535s
H  340   351                    4630410.1850 4704999.95  1.61%   339  679s
H  343   351                    4630981.1950 4704999.95  1.60%   337  679s
H  346   351                    4631211.5600 4704999.95  1.59%   337  679s
H  348   351                    4634289.2200 4704999.95  1.53%   345  679s
H  350   664                    4634333.4600 4704999.95  1.52%   343  807s
   663  1224 4704842.41   40 3931 4634333.46 4704999.95  1.52%   308 1059s
  1035  1224 4704681.37   45 3871 4634333.46 4704999.95  1.52%   241 1060s
  1223  1447 4704619.41   87 3911 4634333.46 4704999.95  1.52%   245 1348s
  1446  2878 4704498.48  117 3906 4634333.46 4704999.95  1.52%   228 1614s
  2877  3885 4704202.28  199 3813 4634333.46 4704999.95  1.52%   175 1789s
  3535  3885 4703596.63  289 3782 4634333.46 4704999.95  1.52%   163 1790s
  3884  4532 4704071.49  261 3774 4634333.46 4704999.95  1.52%   157 1930s
  4531  5300 4703917.14  313 3764 4634333.46 4704999.95  1.52%   155 2077s
  5299  6049 4703791.03  360 3716 4634333.46 4704999.95  1.52%   150 2207s
  6048  6718 4703610.33  378 3705 4634333.46 4704999.95  1.52%   146 2336s
  6717  6728 4703336.16  412 3656 4634333.46 4704999.95  1.52%   145 2534s
H 6722  6728                    4640594.0250 4704999.95  1.39%   145 2534s
  6727  7401 4703527.53  413 3687 4640594.02 4704999.95  1.39%   145 2656s
  7400  7880 4703447.62  452 3698 4640594.02 4704999.95  1.39%   143 2755s
H 7879  8153                    4645145.4300 4704999.95  1.29%   144 2906s
  8153  8154 4704093.79  371 3707 4645145.43 4704999.95  1.29%   144 2984s
  8155  8155 4704108.63  200 3037 4645145.43 4704999.95  1.29%   144 3010s

Cutting planes:
  Gomory: 13
  Cover: 1
  Clique: 235
  MIR: 18
  Zero half: 119

Explored 8155 nodes (1311996 simplex iterations) in 3026.08 seconds (1073.92 work units)
Thread count was 12 (of 12 available processors)

Solution count 10: 4.64515e+06 4.64059e+06 4.63433e+06 ... 4.60605e+06

Time limit reached
Best objective 4.645145430000e+06, best bound 4.704999953248e+06, gap 1.2885%

Gurobi 12.0.1 (win64) logging started Wed Mar 18 05:36:37 2026

Set parameter LogFile to value "logs\full_M_65_restricted_subset15_5it_w_max_cap200_seed42_CG.log"
Gurobi Optimizer version 12.0.1 build v12.0.1rc0 (win64 - Windows 11.0 (26100.2))

CPU model: 13th Gen Intel(R) Core(TM) i7-1355U, instruction set [SSE2|AVX|AVX2]
Thread count: 10 physical cores, 12 logical processors, using up to 12 threads

Non-default parameters:
TimeLimit  3.0167418882846832e+03
FeasibilityTol  1e-09
MIPGap  0.005

Optimize a model with 10668 rows, 137866 columns and 1086437 nonzeros
Model fingerprint: 0xdc3ebaa8
Variable types: 0 continuous, 137866 integer (137696 binary)
Coefficient statistics:
  Matrix range     [4e-01, 1e+02]
  Objective range  [1e-02, 2e+05]
  Bounds range     [1e+00, 3e+00]
  RHS range        [1e+00, 3e+00]
Presolve removed 1365 rows and 10618 columns
Presolve time: 2.74s
Presolved: 9303 rows, 127248 columns, 994983 nonzeros
Variable types: 0 continuous, 127248 integer (127242 binary)
Found heuristic solution: objective -2997218.860
Found heuristic solution: objective -2867198.385
Deterministic concurrent LP optimizer: primal simplex, dual simplex, and barrier
Showing barrier log only...

Root barrier log...

Ordering time: 0.04s

Barrier statistics:
 AA' NZ     : 1.776e+05
 Factor NZ  : 3.073e+05 (roughly 60 MB of memory)
 Factor Ops : 1.178e+07 (less than 1 second per iteration)
 Threads    : 8

                  Objective                Residual
Iter       Primal          Dual         Primal    Dual     Compl     Time
   0   8.10277187e+09  8.16391525e+06  9.29e+04 2.65e+03  5.11e+04     4s
   1   3.13952815e+09  2.35380344e+07  3.60e+04 1.45e+03  2.02e+04     4s
   2   4.52193573e+08  3.09577809e+07  5.14e+03 6.27e+02  3.09e+03     4s
   3   1.46447846e+08  2.79556916e+07  1.63e+03 9.79e+01  1.00e+03     4s
   4   6.99346798e+07  2.03986925e+07  7.54e+02 7.83e+00  4.59e+02     4s
   5   4.40183230e+07  1.66278885e+07  4.58e+02 3.31e+00  2.72e+02     4s
   6   1.21296805e+07  1.36542210e+07  9.36e+01 1.40e+00  7.75e+01     4s
   7   8.00425744e+06  9.87491516e+06  4.59e+01 4.43e-01  3.62e+01     4s
   8   6.76677835e+06  8.41604780e+06  3.08e+01 2.79e-01  2.38e+01     4s
   9   5.77570534e+06  6.87580652e+06  1.81e+01 1.39e-01  1.30e+01     4s
  10   5.31633215e+06  6.29687548e+06  1.18e+01 1.08e-01  9.16e+00     4s
  11   5.05603384e+06  5.56811096e+06  8.01e+00 4.95e-02  5.31e+00     4s
  12   4.95511578e+06  5.42194761e+06  6.35e+00 6.63e-02  4.39e+00     4s
  13   4.89401679e+06  5.18986080e+06  5.18e+00 4.12e-02  3.21e+00     4s
  14   4.82210229e+06  5.02015187e+06  3.51e+00 1.95e-02  2.24e+00     4s
  15   4.75521806e+06  4.95950927e+06  2.18e+00 1.51e-02  1.69e+00     4s
  16   4.73516528e+06  4.85477381e+06  1.64e+00 8.72e-03  1.13e+00     4s
  17   4.72532208e+06  4.80730616e+06  1.26e+00 6.01e-03  8.27e-01     4s
  18   4.71814330e+06  4.77659429e+06  8.85e-01 3.69e-03  5.81e-01     5s
  19   4.71588477e+06  4.75432891e+06  6.32e-01 1.94e-03  4.01e-01     5s
  20   4.71624283e+06  4.74662320e+06  4.46e-01 1.44e-03  2.95e-01     5s
  21   4.71878049e+06  4.73927955e+06  2.93e-01 7.07e-04  1.96e-01     5s
  22   4.72061414e+06  4.73450036e+06  1.87e-01 4.35e-04  1.28e-01     5s
  23   4.72170668e+06  4.73117823e+06  1.43e-01 2.08e-04  9.34e-02     5s
  24   4.72316034e+06  4.72976973e+06  9.48e-02 1.19e-04  6.31e-02     5s
  25   4.72421292e+06  4.72873650e+06  6.29e-02 5.73e-05  4.24e-02     5s
  26   4.72468674e+06  4.72815861e+06  4.95e-02 4.10e-05  3.30e-02     5s
  27   4.72536008e+06  4.72763942e+06  3.16e-02 1.58e-05  2.13e-02     5s
  28   4.72589612e+06  4.72727542e+06  1.81e-02 5.46e-12  1.25e-02     5s
  29   4.72626475e+06  4.72702184e+06  9.76e-03 7.28e-12  6.78e-03     5s
  30   4.72645430e+06  4.72684362e+06  5.33e-03 1.43e-12  3.61e-03     5s
  31   4.72656190e+06  4.72679872e+06  3.29e-03 5.46e-12  2.22e-03     5s
  32   4.72660089e+06  4.72678583e+06  2.52e-03 3.64e-12  1.71e-03     5s
  33   4.72667580e+06  4.72676936e+06  1.00e-03 1.09e-12  7.56e-04     5s
  34   4.72669835e+06  4.72675419e+06  6.17e-04 1.82e-12  4.59e-04     5s
  35   4.72671329e+06  4.72674957e+06  3.71e-04 2.15e-12  2.86e-04     5s
  36   4.72672460e+06  4.72674589e+06  1.89e-04 1.36e-12  1.57e-04     5s
  37   4.72673511e+06  4.72674137e+06  2.76e-05 1.82e-11  3.49e-05     5s
  38   4.72673694e+06  4.72673833e+06  7.13e-06 1.27e-11  8.10e-06     5s
  39   4.72673724e+06  4.72673792e+06  3.92e-06 7.28e-12  4.16e-06     5s
  40   4.72673744e+06  4.72673773e+06  1.68e-06 1.09e-11  1.77e-06     5s
  41   4.72673758e+06  4.72673768e+06  2.64e-07 5.46e-12  4.79e-07     5s
  42   4.72673760e+06  4.72673761e+06  6.57e-08 2.27e-12  6.56e-08     6s
  43   4.72673761e+06  4.72673761e+06  1.29e-09 5.46e-12  4.52e-10     6s

Barrier solved model in 43 iterations and 5.56 seconds (6.82 work units)
Optimal objective 4.72673761e+06


Root crossover log...

    1798 DPushes remaining with DInf 0.0000000e+00                 6s
       0 DPushes remaining with DInf 0.0000000e+00                 6s

   12701 PPushes remaining with PInf 2.1193511e-07                 6s
       0 PPushes remaining with PInf 0.0000000e+00                 6s

  Push phase complete: Pinf 0.0000000e+00, Dinf 4.6825553e-01      6s


Root simplex log...

Iteration    Objective       Primal Inf.    Dual Inf.      Time
   14329    4.7267376e+06   0.000000e+00   4.682555e-01      6s
   14331    4.7267376e+06   0.000000e+00   0.000000e+00      6s
Concurrent spin time: 0.89s (can be avoided by choosing Method=3)

Solved with barrier

Root relaxation: objective 4.726738e+06, 14331 iterations, 3.77 seconds (2.18 work units)

    Nodes    |    Current Node    |     Objective Bounds      |     Work
 Expl Unexpl |  Obj  Depth IntInf | Incumbent    BestBd   Gap | It/Node Time

     0     0 4726737.61    0 2980 -2867198.4 4726737.61   265%     -    8s
H    0     0                    3153746.3200 4726737.61  49.9%     -    8s
H    0     0                    3597957.4500 4726737.61  31.4%     -    8s
H    0     0                    3820568.8450 4726737.61  23.7%     -    8s
H    0     0                    3880156.0700 4726737.61  21.8%     -    8s
H    0     0                    3899223.4400 4726737.61  21.2%     -    8s
H    0     0                    3903386.6000 4726737.61  21.1%     -    8s
H    0     0                    3920921.6400 4726737.61  20.6%     -    8s
H    0     0                    3981736.4300 4726737.61  18.7%     -    8s
H    0     0                    3981976.4300 4726737.61  18.7%     -    8s
H    0     0                    4017982.3750 4726737.61  17.6%     -    8s
H    0     0                    4018471.7250 4726737.61  17.6%     -    9s
H    0     0                    4018582.3750 4726737.61  17.6%     -    9s
H    0     0                    4018594.5250 4726737.61  17.6%     -    9s
H    0     0                    4402904.1550 4726737.61  7.35%     -   10s
H    0     0                    4464479.9401 4726737.61  5.87%     -   12s
H    0     0                    4465699.4351 4726737.61  5.85%     -   12s
H    0     0                    4470765.0550 4726737.61  5.73%     -   12s
H    0     0                    4486106.6550 4726737.61  5.36%     -   13s
H    0     0                    4486146.6550 4726737.61  5.36%     -   14s
H    0     0                    4488446.8550 4726737.61  5.31%     -   15s
     0     0 4718003.08    0 3331 4488446.85 4718003.08  5.11%     -   20s
H    0     0                    4522534.1000 4718002.89  4.32%     -   23s
H    0     0                    4535313.5300 4718002.89  4.03%     -   24s
H    0     0                    4543130.7050 4718002.89  3.85%     -   24s
H    0     0                    4545609.3950 4718002.89  3.79%     -   24s
H    0     0                    4546136.0850 4718002.89  3.78%     -   24s
H    0     0                    4548229.2350 4718002.89  3.73%     -   25s
H    0     0                    4548396.8450 4718002.89  3.73%     -   29s
H    0     0                    4561357.9250 4718002.89  3.43%     -   29s
     0     0 4715535.18    0 3339 4561357.92 4715535.18  3.38%     -   32s
     0     0 4714794.35    0 3401 4561357.92 4714794.35  3.36%     -   32s
     0     0 4714546.34    0 3473 4561357.92 4714546.34  3.36%     -   33s
     0     0 4714526.96    0 3498 4561357.92 4714526.96  3.36%     -   34s
     0     0 4714525.51    0 3495 4561357.92 4714525.51  3.36%     -   34s
     0     0 4714525.51    0 3496 4561357.92 4714525.51  3.36%     -   34s
     0     0 4711429.06    0 3503 4561357.92 4711429.06  3.29%     -   37s
H    0     0                    4563454.7550 4711429.06  3.24%     -   38s
     0     0 4710137.37    0 3510 4563454.75 4710137.37  3.21%     -   41s
     0     0 4709751.66    0 3523 4563454.75 4709751.66  3.21%     -   43s
     0     0 4709416.30    0 3555 4563454.75 4709416.30  3.20%     -   44s
     0     0 4709321.49    0 3592 4563454.75 4709321.49  3.20%     -   45s
     0     0 4709310.61    0 3610 4563454.75 4709310.61  3.20%     -   46s
     0     0 4709310.51    0 3618 4563454.75 4709310.51  3.20%     -   46s
     0     0 4708199.14    0 3671 4563454.75 4708199.14  3.17%     -   48s
     0     0 4707524.47    0 3705 4563454.75 4707524.47  3.16%     -   52s
     0     0 4707243.59    0 3728 4563454.75 4707243.59  3.15%     -   54s
     0     0 4707111.92    0 3789 4563454.75 4707111.92  3.15%     -   55s
     0     0 4707011.47    0 3855 4563454.75 4707011.47  3.15%     -   56s
     0     0 4706938.26    0 3880 4563454.75 4706938.26  3.14%     -   57s
     0     0 4706919.96    0 3924 4563454.75 4706919.96  3.14%     -   57s
     0     0 4706918.55    0 3946 4563454.75 4706918.55  3.14%     -   57s
     0     0 4706463.89    0 3857 4563454.75 4706463.89  3.13%     -   60s
     0     0 4706276.58    0 3891 4563454.75 4706276.58  3.13%     -   64s
     0     0 4706231.93    0 3945 4563454.75 4706231.93  3.13%     -   66s
     0     0 4706228.03    0 3999 4563454.75 4706228.03  3.13%     -   66s
     0     0 4705847.43    0 3759 4563454.75 4705847.43  3.12%     -   69s
H    0     0                    4564075.3400 4705846.83  3.11%     -   81s
H    0     0                    4567438.9250 4705846.83  3.03%     -   82s
H    0     0                    4569371.9150 4705846.83  2.99%     -   82s
     0     0 4705746.79    0 3858 4569371.91 4705746.79  2.98%     -   86s
     0     0 4705724.71    0 3942 4569371.91 4705724.71  2.98%     -   89s
     0     0 4705720.67    0 3965 4569371.91 4705720.67  2.98%     -   89s
     0     0 4705435.66    0 3960 4569371.91 4705435.66  2.98%     -   95s
H    0     0                    4573465.7900 4705435.66  2.89%     -  101s
     0     0 4705382.48    0 4023 4573465.79 4705382.48  2.88%     -  103s
     0     0 4705372.55    0 4006 4573465.79 4705372.55  2.88%     -  105s
     0     0 4705240.71    0 3978 4573465.79 4705240.71  2.88%     -  109s
H    0     0                    4575969.8450 4705232.79  2.82%     -  114s
     0     0 4705207.83    0 4031 4575969.84 4705207.83  2.82%     -  116s
     0     0 4705200.84    0 4090 4575969.84 4705200.84  2.82%     -  117s
     0     0 4705092.13    0 4088 4575969.84 4705092.13  2.82%     -  121s
     0     0 4705079.34    0 4202 4575969.84 4705079.34  2.82%     -  128s
     0     0 4705021.18    0 4064 4575969.84 4705021.18  2.82%     -  131s
     0     0 4705021.18    0 3707 4575969.84 4705021.18  2.82%     -  135s
     0     2 4705021.18    0 3675 4575969.84 4705021.18  2.82%     -  151s
     3     8 4705006.06    2 3893 4575969.84 4705020.35  2.82%  2221  156s
     7    16 4705001.16    3 3981 4575969.84 4705006.06  2.82%  1592  160s
    15    26 4704999.99    4 4011 4575969.84 4705000.83  2.82%  1141  165s
H   30    45                    4600660.8748 4704999.95  2.27%   782  169s
H   38    45                    4606048.4200 4704999.95  2.15%   652  169s
    44    55 4704994.01    6 4004 4606048.42 4704999.95  2.15%   597  178s
    54    66 4704992.59    7 3995 4606048.42 4704999.95  2.15%   517  185s
    65    77 4704971.57    7 3962 4606048.42 4704999.95  2.15%   488  190s
    76    87 4704991.60    8 3991 4606048.42 4704999.95  2.15%   493  199s
    86    97 4704991.28    9 3981 4606048.42 4704999.95  2.15%   464  216s
H   93    97                    4623082.9650 4704999.95  1.77%   455  216s
H   96   205                    4623275.3500 4704999.95  1.77%   451  233s
   204   341 4704959.79   17 3954 4623275.35 4704999.95  1.77%   324  261s
H  340   351                    4630410.1850 4704999.95  1.61%   339  310s
H  343   351                    4630981.1950 4704999.95  1.60%   337  310s
H  346   351                    4631211.5600 4704999.95  1.59%   337  310s
H  348   351                    4634289.2200 4704999.95  1.53%   345  310s
H  350   664                    4634333.4600 4704999.95  1.52%   343  360s
   663  1224 4704842.41   40 3931 4634333.46 4704999.95  1.52%   308  451s
  1223  1447 4704619.41   87 3911 4634333.46 4704999.95  1.52%   245  562s
  1446  2878 4704498.48  117 3906 4634333.46 4704999.95  1.52%   228  666s
  2877  3885 4704202.28  199 3813 4634333.46 4704999.95  1.52%   175  734s
  3884  4532 4704071.49  261 3774 4634333.46 4704999.95  1.52%   157  791s
  4531  5300 4703917.14  313 3764 4634333.46 4704999.95  1.52%   155  844s
  5299  6049 4703791.03  360 3716 4634333.46 4704999.95  1.52%   150  894s
  6048  6718 4703610.33  378 3705 4634333.46 4704999.95  1.52%   146  941s
  6717  6728 4703336.16  412 3656 4634333.46 4704999.95  1.52%   145 1017s
H 6722  6728                    4640594.0250 4704999.95  1.39%   145 1017s
  6727  7401 4703527.53  413 3687 4640594.02 4704999.95  1.39%   145 1064s
  7400  7880 4703447.62  452 3698 4640594.02 4704999.95  1.39%   143 1110s
H 7879  8153                    4645145.4300 4704999.95  1.29%   144 1171s
  8153  8154 4704093.79  371 3707 4645145.43 4704999.95  1.29%   144 1213s
  8155  8155 4704108.63  200 3037 4645145.43 4704999.95  1.29%   144 1232s
  8156  8156 4704265.19  232 3011 4645145.43 4704999.95  1.29%   144 1244s
  8157  8157 4702847.37  638 3168 4645145.43 4704999.95  1.29%   144 1250s
  8158  8157 4704211.07   58 3361 4645145.43 4704999.95  1.29%   144 1256s
  8159  8158 4704281.56  253 3423 4645145.43 4704999.95  1.29%   144 1262s
  8160  8159 4702581.64  650 3469 4645145.43 4704999.95  1.29%   144 1267s
  8161  8159 4703941.01  378 3508 4645145.43 4704999.95  1.29%   144 1272s
  8162  8160 4704761.41   37 3591 4645145.43 4704999.95  1.29%   144 1276s
  8163  8161 4704375.42  111 3552 4645145.43 4704999.95  1.29%   144 1280s
  8165  8162 4703156.48  499 3732 4645145.43 4704324.98  1.27%   144 1289s
  8166  8163 4704155.68  173 3773 4645145.43 4704155.68  1.27%   144 1293s
  8167  8163 4704039.52  130 3945 4645145.43 4704039.52  1.27%   144 1297s
  8170  8165 4703907.47  166 4062 4645145.43 4703988.34  1.27%   144 1300s
  8171  8166 4703988.00   84 4062 4645145.43 4703988.00  1.27%   144 1305s
  8172  8167 4703109.88  340 3672 4645145.43 4703109.88  1.25%   144 1322s
  8173  8167 4702658.00  458 3774 4645145.43 4702658.00  1.24%   144 1326s
  8175  8169 4702301.80  372 3847 4645145.43 4702301.80  1.23%   144 1333s
  8176  8169 4702223.12   54 3860 4645145.43 4702223.12  1.23%   143 1336s
  8178  8171 4702141.14  248 3857 4645145.43 4702141.14  1.23%   143 1340s
  8180  8172 4701971.04  503 3990 4645145.43 4701971.04  1.22%   143 1345s
  8182  8173 4701883.31  188 3940 4645145.43 4701883.31  1.22%   143 1350s
  8186  8176 4701871.06  286 3956 4645145.43 4701871.06  1.22%   143 1361s
  8187  8177 4701544.96  102 3668 4645145.43 4701544.96  1.21%   143 1393s
  8188  8177 4701356.12  378 3712 4645145.43 4701356.12  1.21%   143 1399s
  8189  8178 4701225.85  126 3786 4645145.43 4701225.85  1.21%   143 1404s
  8190  8179 4701186.41  634 3874 4645145.43 4701186.41  1.21%   143 1406s
  8192  8180 4701104.13  432 3885 4645145.43 4701104.13  1.20%   143 1411s
  8194  8181 4701020.05  441 3961 4645145.43 4701020.05  1.20%   143 1417s
  8196  8183 4700901.13  459 4040 4645145.43 4700901.13  1.20%   143 1422s
  8198  8184 4700848.41  786 4088 4645145.43 4700848.41  1.20%   143 1425s
  8200  8185 4700798.76  131 4139 4645145.43 4700798.76  1.20%   143 1430s
  8204  8188 4700776.01  222 4198 4645145.43 4700776.01  1.20%   143 1435s
  8205  8189 4700775.63  134 4198 4645145.43 4700775.63  1.20%   143 1442s
  8206  8189 4700588.61  683 3915 4645145.43 4700588.61  1.19%   143 1464s
  8207  8190 4700572.50   10 3950 4645145.43 4700572.50  1.19%   143 1466s
  8209  8191 4700470.76  279 4065 4645145.43 4700470.76  1.19%   143 1470s
  8211  8193 4700424.65  319 4074 4645145.43 4700424.65  1.19%   143 1475s
  8214  8195 4700356.49  116 4045 4645145.43 4700356.49  1.19%   143 1481s
  8218  8197 4700339.99  681 4090 4645145.43 4700339.99  1.19%   143 1485s
  8219  8198 4700339.77  217 4145 4645145.43 4700339.77  1.19%   143 1491s
  8220  8199 4700250.64  609 3794 4645145.43 4700250.64  1.19%   143 1524s
  8221  8199 4700244.80  218 3880 4645145.43 4700244.80  1.19%   143 1526s
  8223  8201 4700227.32  609 3943 4645145.43 4700227.32  1.19%   143 1531s
  8225  8202 4700193.97  273 3962 4645145.43 4700193.97  1.19%   143 1537s
  8227  8203 4700150.10  683 3995 4645145.43 4700150.10  1.18%   143 1541s
  8230  8205 4700132.95  566 4051 4645145.43 4700132.95  1.18%   143 1546s
  8232  8207 4700129.19  460 4083 4645145.43 4700129.19  1.18%   143 1553s
  8233  8207 4700080.84  398 3847 4645145.43 4700080.84  1.18%   143 1589s
H 8233  7795                    4646918.8650 4700078.85  1.14%   143 1591s
H 8233  7404                    4647498.5350 4700078.85  1.13%   143 1591s
H 8233  7032                    4647825.7750 4700078.85  1.12%   143 1591s
H 8233  6679                    4648279.3550 4700078.85  1.11%   143 1591s
  8236  6681 4700050.75   58 4108 4648279.35 4700050.75  1.11%   142 1596s
H 8236  6346                    4653004.8700 4700027.78  1.01%   142 1598s
  8238  6348 4700020.92   35 4170 4653004.87 4700020.92  1.01%   142 1600s
  8242  6350 4700007.79  705 4217 4653004.87 4700007.79  1.01%   142 1606s
  8243  6351 4700007.67  201 4196 4653004.87 4700007.67  1.01%   142 1612s
H 8243  6032                    4653175.1900 4699968.28  1.01%   142 1637s
  8244  6033 4699968.28  362 3927 4653175.19 4699968.28  1.01%   142 1656s
  8246  6034 4699957.00  375 4122 4653175.19 4699957.00  1.01%   142 1660s
  8250  6037 4699937.93  440 4247 4653175.19 4699937.93  1.00%   142 1668s
H 8250  5733                    4654123.6500 4699928.77  0.98%   142 1699s
H 8250  5445                    4654483.6500 4699928.77  0.98%   142 1699s
  8251  5445 4699928.77   51 4007 4654483.65 4699928.77  0.98%   142 1704s
  8252  5446 4699928.77  100 4134 4654483.65 4699928.77  0.98%   142 1709s
  8253  5447 4699927.30  371 4195 4654483.65 4699927.30  0.98%   142 1710s
  8255  5448 4699925.13  200 4233 4654483.65 4699925.13  0.98%   142 1717s
H 8255  5174                    4654731.5050 4699912.66  0.97%   142 1739s
  8256  5175 4699912.66  232 4009 4654731.50 4699912.66  0.97%   142 1845s
H 8256  4914                    4657349.6950 4699909.86  0.91%   142 1862s
H 8256  4667                    4657606.2250 4699909.86  0.91%   142 1862s
H 8256  4432                    4660643.2150 4699909.86  0.84%   142 1862s
H 8256  4208                    4661416.4350 4699909.86  0.83%   142 1862s
H 8256  3996                    4663560.4900 4699909.86  0.78%   142 1862s
H 8256  3795                    4664808.2300 4699909.86  0.75%   142 1862s
H 8256  3603                    4665691.1800 4699909.86  0.73%   142 1862s
H 8256  3421                    4665765.6100 4699909.86  0.73%   142 1862s
H 8256  3249                    4666138.5650 4699909.86  0.72%   142 1862s
H 8256  3084                    4666458.7250 4699909.86  0.72%   142 1862s
H 8257  2928                    4666698.7250 4699907.97  0.71%   142 1864s
  8259  2930 4699898.12  253 4301 4666698.72 4699898.12  0.71%   142 1867s
  8260  2930 4699893.18  650 4225 4666698.72 4699893.18  0.71%   142 1870s
  8263  2932 4699889.30  111 4288 4666698.72 4699889.30  0.71%   142 1878s
H 8263  2784                    4666736.0450 4699883.40  0.71%   142 1894s
  8264  2785 4699883.40  343 4013 4666736.04 4699883.40  0.71%   142 1912s
  8265  2786 4699883.00  499 4128 4666736.04 4699883.00  0.71%   142 1917s
  8266  2786 4699875.44  173 3988 4666736.04 4699875.44  0.71%   142 1932s
  8267  2787 4699875.23  130 4138 4666736.04 4699875.23  0.71%   142 1938s
  8268  2788 4699869.08  500 3998 4666736.04 4699869.08  0.71%   142 1950s
  8273  2791 4699858.27  458 4322 4666736.04 4699858.27  0.71%   142 1959s
  8274  2792 4699850.29  648 4033 4666736.04 4699850.29  0.71%   142 1976s
  8278  2794 4699846.92  248 4350 4666736.04 4699846.92  0.71%   142 1985s
  8279  2795 4699837.08   26 4038 4666736.04 4699837.08  0.71%   142 2003s
  8281  2796 4699835.07  585 4339 4666736.04 4699835.07  0.71%   142 2005s
  8284  2798 4699832.37  631 4356 4666736.04 4699832.37  0.71%   142 2013s
H 8284  2656                    4667126.8600 4699818.78  0.70%   142 2035s
H 8284  2521                    4667164.1800 4699818.76  0.70%   142 2039s
  8286  2523 4699814.11  286 4242 4667164.18 4699814.11  0.70%   142 2041s
H 8287  2394                    4667189.0200 4699812.61  0.70%   142 2059s
H 8288  2273                    4668180.5750 4699638.39  0.67%   142 2094s
H 8288  2157                    4668937.8950 4699638.37  0.66%   142 2105s
  8289  2158 4699638.37  126 4208 4668937.89 4699638.37  0.66%   142 2134s
  8290  2158 4699617.25  634 4273 4668937.89 4699617.25  0.66%   142 2138s
  8291  2159 4699601.67   94 4344 4668937.89 4699601.67  0.66%   142 2141s
  8293  2160 4699592.51   83 4362 4668937.89 4699592.51  0.66%   141 2145s
  8296  2162 4699582.46  459 4464 4668937.89 4699582.46  0.66%   141 2151s
  8298  2164 4699577.88  786 4475 4668937.89 4699577.88  0.66%   141 2155s
  8301  2166 4699575.99   19 4523 4668937.89 4699575.99  0.66%   141 2173s
  8302  2166 4699459.41  111 4333 4668937.89 4699459.41  0.65%   141 2217s
  8304  2168 4699448.59  222 4479 4668937.89 4699448.59  0.65%   141 2221s
  8306  2169 4699436.02  683 4557 4668937.89 4699436.02  0.65%   141 2226s
  8309  2171 4699424.76  279 4674 4668937.89 4699424.76  0.65%   141 2232s
  8311  2172 4699423.55  319 4747 4668937.89 4699423.55  0.65%   141 2236s
  8312  2173 4699404.73  661 4358 4668937.89 4699404.73  0.65%   141 2256s
  8315  2175 4699396.48  350 4636 4668937.89 4699396.48  0.65%   141 2260s
  8317  2176 4699381.24  364 4356 4668937.89 4699381.24  0.65%   141 2281s
  8321  2179 4699374.76  218 4625 4668937.89 4699374.76  0.65%   141 2286s
  8324  2181 4699371.25  615 4706 4668937.89 4699371.25  0.65%   141 2292s
  8325  2182 4699357.25  273 4391 4668937.89 4699357.25  0.65%   141 2315s
  8327  2183 4699351.68  683 4431 4668937.89 4699351.68  0.65%   141 2341s
  8329  2184 4699339.81  188 4394 4668937.89 4699339.81  0.65%   141 2367s
H 8329  2072                    4668995.6700 4699339.54  0.65%   141 2368s
  8330  2073 4699339.54  566 4488 4668995.67 4699339.54  0.65%   141 2370s
H 8330  1967                    4669175.9900 4699334.36  0.65%   141 2379s
H 8330  1865                    4669213.3100 4699331.85  0.65%   141 2391s
  8334  1868 4699328.29  605 4630 4669213.31 4699328.29  0.64%   141 2395s
  8337  1870 4699320.85   99 4680 4669213.31 4699320.85  0.64%   141 2400s
  8340  1872 4699317.39  414 4702 4669213.31 4699317.39  0.64%   141 2405s
  8341  1872 4699309.27  157 4355 4669213.31 4699309.27  0.64%   141 2424s
  8342  1873 4699308.65  705 4450 4669213.31 4699308.65  0.64%   141 2425s
  8344  1874 4699304.09  362 4314 4669213.31 4699304.09  0.64%   141 2448s
  8345  1875 4699303.49  599 4435 4669213.31 4699303.49  0.64%   141 2450s
  8348  1877 4699297.88   17 4553 4669213.31 4699297.88  0.64%   141 2459s
H 8348  1780                    4669371.3500 4699293.16  0.64%   141 2472s
H 8348  1688                    4669565.0400 4699293.16  0.64%   141 2472s
H 8348  1600                    4669941.2400 4699293.16  0.63%   141 2479s
  8349  1601 4699293.16  183 4334 4669941.24 4699293.16  0.63%   141 2502s
  8350  1601 4699293.16  440 4427 4669941.24 4699293.16  0.63%   141 2508s
  8351  1602 4699286.72   51 4324 4669941.24 4699286.72  0.63%   140 2528s
  8352  1603 4699283.57  100 4407 4669941.24 4699283.57  0.63%   140 2530s
  8356  1605 4699277.26  232 4595 4669941.24 4699277.26  0.63%   140 2535s
  8359  1607 4699270.58  253 4321 4669941.24 4699270.58  0.63%   140 2554s
  8360  1608 4699267.54  650 4445 4669941.24 4699267.54  0.63%   140 2556s
  8362  1609 4699262.31   37 4564 4669941.24 4699262.31  0.63%   140 2561s
  8363  1610 4699250.78  111 4324 4669941.24 4699250.78  0.63%   140 2574s
  8364  1611 4699250.65  343 4405 4669941.24 4699250.65  0.63%   140 2578s
  8365  1611 4699249.24  499 4277 4669941.24 4699249.24  0.63%   140 2596s
  8367  1613 4699245.02  130 4292 4669941.24 4699245.02  0.63%   140 2619s
  8368  1613 4699245.02  500 4375 4669941.24 4699245.02  0.63%   140 2622s
  8369  1614 4699243.83  431 4287 4669941.24 4699243.83  0.63%   140 2633s
  8372  1617 4699243.83  340 3707 4669941.24 4699243.83  0.63%   221 2637s
H 8373  1537                    4670088.8350 4699243.83  0.62%   221 2650s
  8374  1537 4699243.83  648 3079 4670088.83 4699243.83  0.62%   221 2656s
H 8374  1460                    4670108.3750 4699243.83  0.62%   221 2667s
  8375  1461 4699243.83  372 3047 4670108.37 4699243.83  0.62%   221 2671s
  8376  1462 4699243.83   54 3108 4670108.37 4699243.83  0.62%   221 2676s
  8377  1462 4699243.83   22 3292 4670108.37 4699243.83  0.62%   221 2680s
  8378  1463 4699243.83  248 3385 4670108.37 4699243.83  0.62%   221 2685s
  8379  1464 4699243.79   26 3319 4670108.37 4699243.79  0.62%   221 2690s
  8381  1465 4699243.79  585 3475 4670108.37 4699243.79  0.62%   221 2697s
  8382  1466 4699243.79  188 3443 4670108.37 4699243.79  0.62%   221 2702s
  8383  1466 4699243.79  579 3525 4670108.37 4699243.79  0.62%   221 2708s
H 8383  1392                    4670337.4100 4699243.79  0.62%   221 2714s
  8384  1393 4699243.79  631 3615 4670337.41 4699243.79  0.62%   221 2715s
  8386  1394 4699243.79  286 3642 4670337.41 4699243.79  0.62%   220 2724s
  8387  1395 4699243.79  102 3686 4670337.41 4699243.79  0.62%   220 2728s
  8388  1396 4699243.79  378 3817 4670337.41 4699243.79  0.62%   220 2730s
  8389  1396 4699243.78  126 3815 4670337.41 4699243.78  0.62%   220 2736s
  8390  1397 4699234.52  634 3835 4670337.41 4699234.52  0.62%   220 2741s
  8391  1398 4699234.52   94 3889 4670337.41 4699234.52  0.62%   220 2746s
  8392  1398 4699234.52  432 3990 4670337.41 4699234.52  0.62%   220 2751s
H 8392  1328                    4670417.4100 4699234.52  0.62%   220 2755s
H 8393  1262                    4670491.8400 4699234.52  0.62%   220 2760s
  8396  1264 4699234.52  459 4169 4670491.84 4699234.52  0.62%   220 2766s
  8398  1265 4699234.52  786 4292 4670491.84 4699234.52  0.62%   220 2770s
  8401  1267 4699234.52   19 4390 4670491.84 4699234.52  0.62%   220 2776s
  8404  1269 4699234.52  222 4433 4670491.84 4699234.52  0.62%   220 2784s
H 8404  1205                    4670645.0700 4699156.65  0.61%   220 2800s
H 8404  1144                    4670831.1300 4699156.35  0.61%   220 2816s
H 8404  1086                    4671151.1300 4699156.35  0.60%   220 2816s
  8406  1088 4699117.02  683 4281 4671151.13 4699117.02  0.60%   220 2821s
  8408  1089 4699084.00  596 4326 4671151.13 4699084.00  0.60%   220 2826s
  8410  1090 4699081.03  529 4371 4671151.13 4699081.03  0.60%   220 2834s
  8411  1091 4699062.49  319 4171 4671151.13 4699062.49  0.60%   220 2878s
  8412  1092 4698996.96  661 4266 4671151.13 4698996.96  0.60%   220 2882s
  8414  1093 4698983.22  116 4362 4671151.13 4698983.22  0.60%   220 2886s
  8418  1096 4698972.71  681 4454 4671151.13 4698972.71  0.60%   220 2894s
H 8418  1041                    4671578.8700 4698951.85  0.59%   220 2921s
H 8418   988                    4671617.9650 4698951.85  0.59%   220 2932s
H 8418   938                    4671766.8250 4698951.85  0.58%   220 2941s
  8420   939 4698949.32  609 4404 4671766.82 4698949.32  0.58%   220 2946s
  8423   941 4698946.81  609 4521 4671766.82 4698946.81  0.58%   219 2953s
  8424   942 4698937.51  615 4245 4671766.82 4698937.51  0.58%   219 2992s
  8426   943 4698934.99  623 4473 4671766.82 4698934.99  0.58%   219 2995s
  8429   945 4698932.50  188 4536 4671766.82 4698932.50  0.58%   219 3002s

Cutting planes:
  Gomory: 155
  Cover: 14
  Clique: 1809
  MIR: 159
  Mixing: 3
  Flow cover: 495
  GUB cover: 13
  Zero half: 626
  RLT: 1
  Relax-and-lift: 80
  BQP: 1

Explored 8429 nodes (2142654 simplex iterations) in 3017.06 seconds (2574.92 work units)
Thread count was 12 (of 12 available processors)

Solution count 10: 4.67177e+06 4.67162e+06 4.67158e+06 ... 4.67011e+06

Time limit reached
Best objective 4.671766825000e+06, best bound 4.698928040338e+06, gap 0.5814%
