
Gurobi 12.0.1 (win64) logging started Thu Mar 19 10:52:25 2026

Set parameter LogFile to value "logs\full_H_50_restricted_subset15_25it_w_max_cap200_seed42_CG.log"
Gurobi Optimizer version 12.0.1 build v12.0.1rc0 (win64 - Windows 11.0 (26100.2))

CPU model: 13th Gen Intel(R) Core(TM) i7-1355U, instruction set [SSE2|AVX|AVX2]
Thread count: 10 physical cores, 12 logical processors, using up to 12 threads

Non-default parameters:
TimeLimit  8.8504177379608154e+02
FeasibilityTol  1e-09
MIPGap  0.005

Optimize a model with 8368 rows, 133268 columns and 1093716 nonzeros
Model fingerprint: 0xc71a73be
Variable types: 0 continuous, 133268 integer (133098 binary)
Coefficient statistics:
  Matrix range     [4e-01, 1e+02]
  Objective range  [1e-02, 2e+05]
  Bounds range     [1e+00, 3e+00]
  RHS range        [1e+00, 3e+00]
Presolve removed 711 rows and 8927 columns
Presolve time: 2.70s
Presolved: 7657 rows, 124341 columns, 1009616 nonzeros
Variable types: 0 continuous, 124341 integer (124336 binary)
Found heuristic solution: objective -3180634.575
Found heuristic solution: objective -2731801.695
Deterministic concurrent LP optimizer: primal simplex, dual simplex, and barrier
Showing barrier log only...

Root barrier log...

Ordering time: 0.06s

Barrier statistics:
 AA' NZ     : 1.551e+05
 Factor NZ  : 2.564e+05 (roughly 50 MB of memory)
 Factor Ops : 9.933e+06 (less than 1 second per iteration)
 Threads    : 8

                  Objective                Residual
Iter       Primal          Dual         Primal    Dual     Compl     Time
   0   6.57617776e+09  6.79113973e+06  7.28e+04 2.29e+03  4.02e+04     4s
   1   2.85450538e+09  1.71225440e+07  3.16e+04 9.43e+02  1.76e+04     4s
   2   3.99633402e+08  2.30645191e+07  4.40e+03 6.26e+02  2.62e+03     4s
   3   1.17377798e+08  2.13389777e+07  1.26e+03 2.96e+01  7.74e+02     4s
   4   5.36704508e+07  1.59661630e+07  5.56e+02 7.22e+00  3.46e+02     4s
   5   1.74647789e+07  1.33537807e+07  1.58e+02 3.17e+00  1.20e+02     4s
   6   7.74069106e+06  1.01083947e+07  5.17e+01 1.31e+00  4.91e+01     4s
   7   5.49283400e+06  7.43772959e+06  2.67e+01 6.58e-01  2.47e+01     4s
   8   4.46182756e+06  6.01666380e+06  1.44e+01 2.25e-01  1.43e+01     4s
   9   4.00507925e+06  4.87080962e+06  8.13e+00 7.03e-02  7.76e+00     4s
  10   3.76950203e+06  4.56841168e+06  5.14e+00 4.25e-02  5.78e+00     4s
  11   3.60168793e+06  4.11995574e+06  2.87e+00 9.09e-02  3.38e+00     4s
  12   3.59307954e+06  3.90896943e+06  2.67e+00 2.80e-02  2.44e+00     4s
  13   3.57934792e+06  3.80246006e+06  2.24e+00 9.60e-03  1.87e+00     4s
  14   3.56367111e+06  3.68703127e+06  1.57e+00 5.75e-03  1.16e+00     4s
  15   3.55772412e+06  3.65140912e+06  1.31e+00 3.62e-03  9.28e-01     4s
  16   3.55715072e+06  3.61446979e+06  1.05e+00 2.20e-03  6.71e-01     4s
  17   3.55807384e+06  3.60222580e+06  7.30e-01 3.58e-03  4.84e-01     5s
  18   3.55987906e+06  3.59321407e+06  5.14e-01 9.60e-04  3.48e-01     5s
  19   3.56266033e+06  3.58356830e+06  3.60e-01 5.18e-04  2.33e-01     5s
  20   3.56535592e+06  3.57939867e+06  2.49e-01 3.05e-04  1.59e-01     5s
  21   3.56731443e+06  3.57707111e+06  1.66e-01 2.10e-04  1.08e-01     5s
  22   3.56833819e+06  3.57472158e+06  1.11e-01 8.17e-05  7.13e-02     5s
  23   3.56914457e+06  3.57325165e+06  7.50e-02 1.14e-05  4.73e-02     5s
  24   3.56992899e+06  3.57289979e+06  4.77e-02 2.05e-07  3.15e-02     5s
  25   3.57024413e+06  3.57244556e+06  3.94e-02 2.30e-12  2.49e-02     5s
  26   3.57041684e+06  3.57238180e+06  3.33e-02 9.54e-13  2.14e-02     5s
  27   3.57048262e+06  3.57230009e+06  3.10e-02 1.09e-11  1.99e-02     5s
  28   3.57068139e+06  3.57212976e+06  2.41e-02 3.52e-12  1.55e-02     5s
  29   3.57082425e+06  3.57185896e+06  1.89e-02 3.64e-11  1.18e-02     5s
  30   3.57111317e+06  3.57167197e+06  9.47e-03 3.07e-12  6.05e-03     5s
  31   3.57124961e+06  3.57154717e+06  5.25e-03 3.98e-12  3.31e-03     5s
  32   3.57133544e+06  3.57149830e+06  2.84e-03 3.97e-12  1.80e-03     5s
  33   3.57139772e+06  3.57147761e+06  1.27e-03 5.46e-11  8.30e-04     5s
  34   3.57141556e+06  3.57146459e+06  8.31e-04 4.59e-12  5.31e-04     5s
  35   3.57143054e+06  3.57145832e+06  4.67e-04 2.63e-12  2.99e-04     6s
  36   3.57144347e+06  3.57145529e+06  1.76e-04 3.64e-11  1.18e-04     6s
  37   3.57144828e+06  3.57145340e+06  7.56e-05 6.55e-11  5.09e-05     6s
  38   3.57145015e+06  3.57145260e+06  4.04e-05 8.73e-11  2.61e-05     6s
  39   3.57145159e+06  3.57145236e+06  1.23e-05 5.82e-11  8.03e-06     6s
  40   3.57145223e+06  3.57145232e+06  1.47e-06 1.46e-11  9.58e-07     6s
  41   3.57145231e+06  3.57145231e+06  9.25e-08 3.24e-12  5.89e-08     6s
  42   3.57145231e+06  3.57145231e+06  8.04e-10 1.13e-10  4.65e-12     6s

Barrier solved model in 42 iterations and 5.81 seconds (6.76 work units)
Optimal objective 3.57145231e+06


Root crossover log...

    1414 DPushes remaining with DInf 0.0000000e+00                 6s
       0 DPushes remaining with DInf 0.0000000e+00                 6s

   11484 PPushes remaining with PInf 0.0000000e+00                 6s
       0 PPushes remaining with PInf 0.0000000e+00                 6s

  Push phase complete: Pinf 0.0000000e+00, Dinf 8.1520252e-10      6s


Root simplex log...

Iteration    Objective       Primal Inf.    Dual Inf.      Time
   12799    3.5714523e+06   0.000000e+00   0.000000e+00      6s
Concurrent spin time: 1.39s (can be avoided by choosing Method=3)

Solved with barrier

Root relaxation: objective 3.571452e+06, 12799 iterations, 4.53 seconds (2.15 work units)

    Nodes    |    Current Node    |     Objective Bounds      |     Work
 Expl Unexpl |  Obj  Depth IntInf | Incumbent    BestBd   Gap | It/Node Time

     0     0 3571452.31    0 2930 -2731801.7 3571452.31   231%     -    9s
H    0     0                    1736318.9050 3571452.31   106%     -    9s
H    0     0                    2216320.2900 3571452.31  61.1%     -    9s
H    0     0                    2521128.0500 3571452.31  41.7%     -    9s
H    0     0                    2618754.1750 3571452.31  36.4%     -    9s
H    0     0                    2672815.6650 3571452.31  33.6%     -   10s
H    0     0                    2692536.1850 3571452.31  32.6%     -   10s
H    0     0                    2700911.8850 3571452.31  32.2%     -   10s
H    0     0                    2755698.8350 3571452.31  29.6%     -   10s
H    0     0                    2756098.8350 3571452.31  29.6%     -   10s
H    0     0                    2758625.2750 3571452.31  29.5%     -   10s
H    0     0                    2800464.5400 3571452.31  27.5%     -   10s
H    0     0                    3252315.3900 3571452.31  9.81%     -   11s
H    0     0                    3292894.4150 3571452.31  8.46%     -   13s
H    0     0                    3294283.0700 3571452.31  8.41%     -   13s
H    0     0                    3295963.0700 3571452.31  8.36%     -   14s
H    0     0                    3300454.2105 3571452.31  8.21%     -   14s
H    0     0                    3307655.0850 3571452.31  7.98%     -   19s
H    0     0                    3310922.6500 3571452.31  7.87%     -   19s
     0     0 3563855.92    0 3249 3310922.65 3563855.92  7.64%     -   26s
H    0     0                    3339043.3050 3563854.68  6.73%     -   28s
H    0     0                    3356391.2400 3563854.68  6.18%     -   31s
H    0     0                    3361462.2850 3563854.68  6.02%     -   31s
H    0     0                    3361856.9450 3563854.68  6.01%     -   31s
H    0     0                    3362006.4300 3563854.68  6.00%     -   31s
H    0     0                    3366239.6350 3563854.68  5.87%     -   32s
H    0     0                    3367598.8750 3563854.68  5.83%     -   32s
H    0     0                    3367684.0450 3563854.68  5.83%     -   33s
H    0     0                    3370888.1200 3563854.68  5.72%     -   33s
H    0     0                    3370932.3800 3563854.68  5.72%     -   33s
H    0     0                    3371601.6450 3563854.68  5.70%     -   34s
H    0     0                    3371780.6800 3563854.68  5.70%     -   36s
H    0     0                    3387137.8200 3563854.68  5.22%     -   37s
     0     0 3561191.00    0 3370 3387137.82 3561191.00  5.14%     -   40s
     0     0 3560470.46    0 3422 3387137.82 3560470.46  5.12%     -   41s
     0     0 3560275.75    0 3506 3387137.82 3560275.75  5.11%     -   43s
     0     0 3560259.91    0 3558 3387137.82 3560259.91  5.11%     -   43s
     0     0 3560255.46    0 3577 3387137.82 3560255.46  5.11%     -   44s
     0     0 3560255.38    0 3584 3387137.82 3560255.38  5.11%     -   44s
     0     0 3557767.80    0 3586 3387137.82 3557767.80  5.04%     -   47s
H    0     0                    3390316.5900 3557767.70  4.94%     -   48s
     0     0 3556498.55    0 3632 3390316.59 3556498.55  4.90%     -   52s
     0     0 3555910.64    0 3637 3390316.59 3555910.64  4.88%     -   54s
     0     0 3555737.96    0 3694 3390316.59 3555737.96  4.88%     -   56s
     0     0 3555506.59    0 3760 3390316.59 3555506.59  4.87%     -   57s
     0     0 3555311.33    0 3885 3390316.59 3555311.33  4.87%     -   62s
     0     0 3555263.38    0 3918 3390316.59 3555263.38  4.87%     -   65s
     0     0 3555258.51    0 3928 3390316.59 3555258.51  4.87%     -   66s
     0     0 3555257.87    0 3937 3390316.59 3555257.87  4.87%     -   67s
     0     0 3554013.79    0 3919 3390316.59 3554013.79  4.83%     -   79s
     0     0 3553137.64    0 3863 3390316.59 3553137.64  4.80%     -  113s
     0     0 3552818.39    0 3855 3390316.59 3552818.39  4.79%     -  118s
     0     0 3552733.30    0 3905 3390316.59 3552733.30  4.79%     -  122s
     0     0 3552583.93    0 3922 3390316.59 3552583.93  4.79%     -  125s
     0     0 3552402.47    0 3995 3390316.59 3552402.47  4.78%     -  129s
     0     0 3552365.52    0 4061 3390316.59 3552365.52  4.78%     -  132s
     0     0 3552341.16    0 4132 3390316.59 3552341.16  4.78%     -  133s
     0     0 3552335.84    0 4151 3390316.59 3552335.84  4.78%     -  134s
     0     0 3551596.49    0 4071 3390316.59 3551596.49  4.76%     -  148s
     0     0 3551413.46    0 4056 3390316.59 3551413.46  4.75%     -  159s
     0     0 3551364.89    0 4115 3390316.59 3551364.89  4.75%     -  163s
     0     0 3551227.02    0 4033 3390316.59 3551227.02  4.75%     -  168s
     0     0 3551212.71    0 4197 3390316.59 3551212.71  4.75%     -  171s
     0     0 3551206.47    0 4246 3390316.59 3551206.47  4.75%     -  172s
     0     0 3550695.73    0 4142 3390316.59 3550695.73  4.73%     -  183s
     0     0 3550549.13    0 4182 3390316.59 3550549.13  4.73%     -  197s
     0     0 3550473.65    0 4217 3390316.59 3550473.65  4.72%     -  199s
     0     0 3550449.40    0 4240 3390316.59 3550449.40  4.72%     -  200s
     0     0 3550438.25    0 4283 3390316.59 3550438.25  4.72%     -  200s
     0     0 3549897.97    0 4218 3390316.59 3549897.97  4.71%     -  205s
     0     0 3549815.91    0 4281 3390316.59 3549815.91  4.70%     -  212s
     0     0 3549764.73    0 4388 3390316.59 3549764.73  4.70%     -  213s
     0     0 3549755.55    0 4478 3390316.59 3549755.55  4.70%     -  214s
     0     0 3549438.71    0 4341 3390316.59 3549438.71  4.69%     -  218s
     0     0 3549347.06    0 4432 3390316.59 3549347.06  4.69%     -  238s
     0     0 3549302.30    0 4488 3390316.59 3549302.30  4.69%     -  239s
     0     0 3549283.43    0 4567 3390316.59 3549283.43  4.69%     -  240s
     0     0 3549274.96    0 4586 3390316.59 3549274.96  4.69%     -  241s
     0     0 3549066.07    0 4442 3390316.59 3549066.07  4.68%     -  244s
H    0     0                    3396410.0200 3549065.92  4.49%     -  253s
H    0     0                    3399334.4600 3549065.92  4.40%     -  253s
H    0     0                    3399946.0400 3549065.92  4.39%     -  254s
H    0     0                    3400343.3600 3549065.92  4.37%     -  254s
H    0     0                    3401562.3400 3549065.92  4.34%     -  254s
H    0     0                    3402517.1100 3549065.92  4.31%     -  254s
H    0     0                    3404575.4850 3549065.92  4.24%     -  254s
H    0     0                    3404610.0100 3549065.92  4.24%     -  254s
H    0     0                    3404811.5000 3549065.92  4.24%     -  254s
     0     0 3549034.86    0 4524 3404811.50 3549034.86  4.24%     -  256s
     0     0 3549013.34    0 4522 3404811.50 3549013.34  4.24%     -  258s
     0     0 3549008.92    0 4568 3404811.50 3549008.92  4.24%     -  258s
     0     0 3548881.35    0 4496 3404811.50 3548881.35  4.23%     -  261s
     0     0 3548854.63    0 4615 3404811.50 3548854.63  4.23%     -  266s
     0     0 3548832.03    0 4690 3404811.50 3548832.03  4.23%     -  267s
     0     0 3548828.21    0 4721 3404811.50 3548828.21  4.23%     -  268s
     0     0 3548709.25    0 4633 3404811.50 3548709.25  4.23%     -  271s
     0     0 3548709.10    0 4298 3404811.50 3548709.10  4.23%     -  275s
H    0     0                    3408213.9700 3548709.10  4.12%     -  301s
H    0     0                    3408680.2250 3548709.10  4.11%     -  301s
H    0     0                    3409455.8950 3548709.10  4.08%     -  301s
H    0     0                    3409922.1500 3548709.10  4.07%     -  301s
H    0     0                    3413181.7200 3548709.10  3.97%     -  302s
H    0     0                    3414546.8200 3548709.10  3.93%     -  302s
H    0     0                    3427876.2350 3548709.10  3.53%     -  303s
H    0     0                    3430042.9450 3548709.10  3.46%     -  303s
H    0     0                    3430306.1250 3548709.10  3.45%     -  304s
H    0     0                    3430365.8950 3548709.10  3.45%     -  304s
H    0     0                    3430940.6050 3548709.10  3.43%     -  304s
H    0     0                    3435282.4900 3548709.10  3.30%     -  305s
     0     2 3548709.10    0 4212 3435282.49 3548709.10  3.30%     -  313s
     3     8 3548693.70    2 4340 3435282.49 3548708.99  3.30%  1831  315s
     7    16 3548671.99    3 4480 3435282.49 3548693.70  3.30%  1453  322s
    15    26 3548661.87    4 4532 3435282.49 3548671.97  3.30%  1530  327s
    25    46 3548661.59    5 4581 3435282.49 3548661.59  3.30%  1248  339s
H   28    46                    3438876.0500 3548661.58  3.19%  1169  340s
H   44    46                    3439047.1150 3548661.58  3.19%   821  340s
    45    56 3548656.48    6 4572 3439047.11 3548661.04  3.19%   812  362s
    55    66 3548656.48    7 4573 3439047.11 3548661.04  3.19%   755  396s
H   65   186                    3440874.0700 3548661.04  3.13%   808  462s
H   72   186                    3453648.3200 3548661.04  2.75%   761  462s
H  185   312                    3454288.3200 3548661.04  2.73%   590  555s
H  311   920                    3462054.0000 3548661.04  2.50%   984  677s
   919  1071 3547837.80   58 4314 3462054.00 3548661.04  2.50%   553  777s
H  922  1071                    3462450.8950 3548661.04  2.49%   553  777s
H  933  1071                    3465007.8150 3548661.04  2.41%   553  777s
H  946  1071                    3468967.5350 3548661.04  2.30%   552  777s
  1070  1336 3547817.01   65 4308 3468967.53 3548661.04  2.30%   529  845s
  1335  1832 3547796.43   89 4278 3468967.53 3548661.04  2.30%   469  885s

Cutting planes:
  Cover: 3
  Clique: 2683
  MIR: 380
  Zero half: 512
  Relax-and-lift: 13

Explored 1831 nodes (829602 simplex iterations) in 885.47 seconds (800.52 work units)
Thread count was 12 (of 12 available processors)

Solution count 10: 3.46897e+06 3.46501e+06 3.46245e+06 ... 3.43528e+06

Time limit reached
Best objective 3.468967535000e+06, best bound 3.548661044531e+06, gap 2.2973%
