
Gurobi 12.0.1 (win64) logging started Mon Mar 16 03:47:08 2026

Set parameter LogFile to value "logs\full_H_80_restricted_subset15_5it_w_max_cap200_seed42_CG.log"
Gurobi Optimizer version 12.0.1 build v12.0.1rc0 (win64 - Windows 11.0 (26100.2))

CPU model: 13th Gen Intel(R) Core(TM) i7-1355U, instruction set [SSE2|AVX|AVX2]
Thread count: 10 physical cores, 12 logical processors, using up to 12 threads

Non-default parameters:
TimeLimit  2.9305300774574280e+03
FeasibilityTol  1e-09
MIPGap  0.005

Optimize a model with 13036 rows, 170941 columns and 1372702 nonzeros
Model fingerprint: 0x77b9aa5e
Variable types: 0 continuous, 170941 integer (170771 binary)
Coefficient statistics:
  Matrix range     [4e-01, 1e+02]
  Objective range  [1e-02, 2e+05]
  Bounds range     [1e+00, 3e+00]
  RHS range        [1e+00, 3e+00]
Presolve removed 1756 rows and 15917 columns
Presolve time: 3.82s
Presolved: 11280 rows, 155024 columns, 1244156 nonzeros
Variable types: 0 continuous, 155024 integer (155019 binary)
Found heuristic solution: objective -3083517.575
Found heuristic solution: objective -2756722.725
Found heuristic solution: objective -2751153.795
Deterministic concurrent LP optimizer: primal simplex, dual simplex, and barrier
Showing barrier log only...

Root barrier log...

Ordering time: 0.05s

Barrier statistics:
 AA' NZ     : 2.335e+05
 Factor NZ  : 3.737e+05 (roughly 70 MB of memory)
 Factor Ops : 1.421e+07 (less than 1 second per iteration)
 Threads    : 8

                  Objective                Residual
Iter       Primal          Dual         Primal    Dual     Compl     Time
   0   9.98855669e+09  9.45774189e+06  1.29e+05 3.18e+03  5.85e+04     5s
   1   3.51395665e+09  2.97950697e+07  4.53e+04 1.84e+03  2.11e+04     5s
   2   5.85789655e+08  3.88736907e+07  7.49e+03 8.55e+02  3.71e+03     5s
   3   2.10831670e+08  3.83228380e+07  2.65e+03 3.12e+02  1.35e+03     5s
   4   9.26862661e+07  3.01411447e+07  1.13e+03 1.25e+02  5.85e+02     5s
   5   3.77819835e+07  2.34425637e+07  4.25e+02 4.73e+01  2.32e+02     5s
   6   1.55365019e+07  1.88007177e+07  1.35e+02 2.30e+01  9.27e+01     5s
   7   8.40320712e+06  1.34752426e+07  4.22e+01 9.99e+00  3.72e+01     5s
   8   7.14317390e+06  9.87390294e+06  2.46e+01 4.78e+00  1.85e+01     6s
   9   6.46869659e+06  8.27138468e+06  1.43e+01 2.70e+00  1.07e+01     6s
  10   6.29086078e+06  7.94395625e+06  1.12e+01 2.31e+00  9.04e+00     6s
  11   6.05751045e+06  7.26847660e+06  6.95e+00 1.60e+00  6.04e+00     6s
  12   5.96853818e+06  6.92858001e+06  5.19e+00 1.04e+00  4.62e+00     6s
  13   5.91392878e+06  6.65421443e+06  3.81e+00 8.93e-01  3.47e+00     6s
  14   5.88844196e+06  6.29165523e+06  2.68e+00 4.53e-01  2.04e+00     6s
  15   5.88069443e+06  6.15665304e+06  1.84e+00 3.31e-01  1.39e+00     6s
  16   5.88406917e+06  6.10271824e+06  1.52e+00 2.34e-01  1.12e+00     6s
  17   5.88712525e+06  6.06818492e+06  1.09e+00 2.05e-01  8.81e-01     6s
  18   5.89463256e+06  6.00851556e+06  7.17e-01 1.23e-01  5.66e-01     6s
  19   5.90251472e+06  5.98957766e+06  4.64e-01 1.01e-01  4.16e-01     6s
  20   5.90770798e+06  5.97888199e+06  3.43e-01 6.92e-02  3.34e-01     6s
  21   5.91472540e+06  5.96771048e+06  2.48e-01 6.40e-02  2.47e-01     6s
  22   5.92319374e+06  5.95768499e+06  1.54e-01 3.72e-02  1.60e-01     6s
  23   5.92747781e+06  5.95144202e+06  1.11e-01 1.98e-02  1.13e-01     7s
  24   5.93258747e+06  5.94779321e+06  6.74e-02 1.20e-02  7.17e-02     7s
  25   5.93719341e+06  5.94616679e+06  3.58e-02 7.77e-03  4.10e-02     7s
  26   5.93950088e+06  5.94521037e+06  2.17e-02 5.55e-03  2.57e-02     7s
  27   5.94083755e+06  5.94440259e+06  1.35e-02 3.28e-03  1.60e-02     7s
  28   5.94189712e+06  5.94394292e+06  7.45e-03 1.94e-03  9.09e-03     7s
  29   5.94236937e+06  5.94368224e+06  4.82e-03 1.17e-03  5.84e-03     7s
  30   5.94271450e+06  5.94353941e+06  2.96e-03 7.42e-04  3.65e-03     7s
  31   5.94293429e+06  5.94346180e+06  1.78e-03 5.10e-04  2.29e-03     7s
  32   5.94307745e+06  5.94339806e+06  1.04e-03 3.21e-04  1.38e-03     7s
  33   5.94316585e+06  5.94335305e+06  5.93e-04 2.05e-04  8.01e-04     7s
  34   5.94323155e+06  5.94331391e+06  2.73e-04 6.92e-05  3.56e-04     7s
  35   5.94325015e+06  5.94330232e+06  1.83e-04 3.52e-05  2.29e-04     7s
  36   5.94326853e+06  5.94329610e+06  9.67e-05 1.69e-05  1.21e-04     7s
  37   5.94327981e+06  5.94329346e+06  4.42e-05 9.60e-06  5.86e-05     7s
  38   5.94328561e+06  5.94329083e+06  1.82e-05 2.32e-06  2.27e-05     7s
  39   5.94328932e+06  5.94329000e+06  2.21e-06 2.34e-07  2.91e-06     7s
  40   5.94328987e+06  5.94328989e+06  4.43e-09 2.16e-09  4.63e-08     7s
  41   5.94328989e+06  5.94328989e+06  6.30e-10 5.46e-12  1.36e-10     7s

Barrier solved model in 41 iterations and 7.38 seconds (8.61 work units)
Optimal objective 5.94328989e+06


Root crossover log...

    1984 DPushes remaining with DInf 0.0000000e+00                 7s
       0 DPushes remaining with DInf 0.0000000e+00                 8s

   12979 PPushes remaining with PInf 2.0607137e-07                 8s
       0 PPushes remaining with PInf 0.0000000e+00                 8s

  Push phase complete: Pinf 0.0000000e+00, Dinf 7.8300388e-10      8s


Root simplex log...

Iteration    Objective       Primal Inf.    Dual Inf.      Time
   14730    5.9432899e+06   0.000000e+00   0.000000e+00      8s
Concurrent spin time: 1.44s (can be avoided by choosing Method=3)

Solved with barrier

Root relaxation: objective 5.943290e+06, 14730 iterations, 4.88 seconds (2.55 work units)
Total elapsed time = 10.01s (DegenMoves)

    Nodes    |    Current Node    |     Objective Bounds      |     Work
 Expl Unexpl |  Obj  Depth IntInf | Incumbent    BestBd   Gap | It/Node Time

     0     0 5943289.89    0 3666 -2751153.8 5943289.89   316%     -   10s
H    0     0                    1865058.8200 5943289.89   219%     -   10s
H    0     0                    4131529.2250 5943289.89  43.9%     -   11s
H    0     0                    4882247.6800 5943289.89  21.7%     -   11s
H    0     0                    4897830.4650 5943289.89  21.3%     -   11s
H    0     0                    4954285.5650 5943289.89  20.0%     -   11s
H    0     0                    4991184.4600 5943289.89  19.1%     -   11s
H    0     0                    5097716.7600 5943289.89  16.6%     -   11s
H    0     0                    5106514.7750 5943289.89  16.4%     -   11s
H    0     0                    5110692.6450 5943289.89  16.3%     -   11s
H    0     0                    5112251.6450 5943289.89  16.3%     -   11s
H    0     0                    5131847.6750 5943289.89  15.8%     -   11s
H    0     0                    5134696.7250 5943289.89  15.7%     -   12s
H    0     0                    5143264.0800 5943289.89  15.6%     -   12s
H    0     0                    5544390.9200 5943289.89  7.19%     -   13s
H    0     0                    5637889.1850 5943289.89  5.42%     -   16s
H    0     0                    5641638.2750 5943289.89  5.35%     -   16s
H    0     0                    5643794.5850 5943289.89  5.31%     -   18s
H    0     0                    5649771.8900 5943289.89  5.20%     -   18s
     0     0 5935695.36    0 3856 5649771.89 5935695.36  5.06%     -   26s
H    0     0                    5695648.2850 5935695.36  4.21%     -   28s
H    0     0                    5711912.8350 5935695.36  3.92%     -   31s
H    0     0                    5712473.5550 5935695.36  3.91%     -   31s
H    0     0                    5715378.1750 5935695.36  3.85%     -   31s
H    0     0                    5715578.1750 5935695.36  3.85%     -   32s
H    0     0                    5717944.7000 5935695.36  3.81%     -   34s
H    0     0                    5720379.0150 5935695.36  3.76%     -   35s
H    0     0                    5721724.2000 5935695.36  3.74%     -   37s
H    0     0                    5721985.7100 5935695.36  3.73%     -   37s
H    0     0                    5722869.5150 5935695.36  3.72%     -   37s
H    0     0                    5722989.5150 5935695.36  3.72%     -   38s
     0     0 5933125.59    0 3936 5722989.51 5933125.59  3.67%     -   42s
     0     0 5932471.80    0 3942 5722989.51 5932471.80  3.66%     -   44s
     0     0 5932313.90    0 3993 5722989.51 5932313.90  3.66%     -   45s
     0     0 5932217.01    0 4091 5722989.51 5932217.01  3.66%     -   46s
     0     0 5932185.59    0 4106 5722989.51 5932185.59  3.66%     -   47s
     0     0 5932181.85    0 4091 5722989.51 5932181.85  3.66%     -   47s
     0     0 5932181.75    0 4096 5722989.51 5932181.75  3.66%     -   47s
     0     0 5929968.62    0 4144 5722989.51 5929968.62  3.62%     -   51s
H    0     0                    5740671.0350 5929968.60  3.30%     -   52s
H    0     0                    5742955.5900 5929968.60  3.26%     -   52s
H    0     0                    5745252.7450 5929968.60  3.22%     -   54s
     0     0 5928379.40    0 4043 5745252.74 5928379.40  3.19%     -   57s
     0     0 5927864.49    0 4054 5745252.74 5927864.49  3.18%     -   58s
     0     0 5927662.79    0 4078 5745252.74 5927662.79  3.17%     -   59s
     0     0 5927594.92    0 4133 5745252.74 5927594.92  3.17%     -   60s
     0     0 5927430.41    0 4252 5745252.74 5927430.41  3.17%     -   62s
     0     0 5927349.26    0 4263 5745252.74 5927349.26  3.17%     -   63s
     0     0 5927337.30    0 4293 5745252.74 5927337.30  3.17%     -   63s
     0     0 5927335.11    0 4313 5745252.74 5927335.11  3.17%     -   64s
     0     0 5926331.59    0 4275 5745252.74 5926331.59  3.15%     -   67s
H    0     0                    5745281.6450 5926331.13  3.15%     -   68s
H    0     0                    5745297.5900 5926331.13  3.15%     -   70s
     0     0 5925552.88    0 4363 5745297.59 5925552.88  3.14%     -   72s
     0     0 5925243.68    0 4409 5745297.59 5925243.68  3.13%     -   75s
     0     0 5925132.72    0 4426 5745297.59 5925132.72  3.13%     -   77s
     0     0 5924946.14    0 4533 5745297.59 5924946.14  3.13%     -   79s
     0     0 5924870.06    0 4589 5745297.59 5924870.06  3.13%     -   80s
     0     0 5924858.87    0 4634 5745297.59 5924858.87  3.13%     -   81s
     0     0 5924855.18    0 4646 5745297.59 5924855.18  3.13%     -   81s
     0     0 5924057.74    0 4678 5745297.59 5924057.74  3.11%     -   85s
     0     0 5923846.46    0 4658 5745297.59 5923846.46  3.11%     -   92s
     0     0 5923802.34    0 4720 5745297.59 5923802.34  3.11%     -   93s
     0     0 5923789.37    0 4818 5745297.59 5923789.37  3.11%     -   95s
     0     0 5923787.56    0 4886 5745297.59 5923787.56  3.11%     -   96s
     0     0 5923334.57    0 4737 5745297.59 5923334.57  3.10%     -  100s
     0     0 5923259.50    0 4794 5745297.59 5923259.50  3.10%     -  125s
     0     0 5923225.45    0 4827 5745297.59 5923225.45  3.10%     -  127s
     0     0 5923217.94    0 4864 5745297.59 5923217.94  3.10%     -  127s
     0     0 5922947.13    0 4773 5745297.59 5922947.13  3.09%     -  131s
     0     0 5922908.34    0 4901 5745297.59 5922908.34  3.09%     -  140s
     0     0 5922901.96    0 4926 5745297.59 5922901.96  3.09%     -  141s
     0     0 5922687.71    0 4850 5745297.59 5922687.71  3.09%     -  144s
     0     0 5922659.06    0 4982 5745297.59 5922659.06  3.09%     -  154s
     0     0 5922654.55    0 5023 5745297.59 5922654.55  3.09%     -  155s
     0     0 5922479.59    0 4928 5745297.59 5922479.59  3.08%     -  159s
     0     0 5922448.38    0 5012 5745297.59 5922448.38  3.08%     -  168s
     0     0 5922445.96    0 5118 5745297.59 5922445.96  3.08%     -  169s
     0     0 5922323.27    0 4923 5745297.59 5922323.27  3.08%     -  173s
     0     0 5922300.08    0 4999 5745297.59 5922300.08  3.08%     -  182s
     0     0 5922295.95    0 5060 5745297.59 5922295.95  3.08%     -  183s
     0     0 5922200.92    0 4988 5745297.59 5922200.92  3.08%     -  187s
     0     0 5922200.81    0 4574 5745297.59 5922200.81  3.08%     -  190s
H    0     0                    5760898.2300 5922200.79  2.80%     -  224s
H    0     0                    5765784.0850 5922200.79  2.71%     -  224s
H    0     0                    5771706.4550 5922200.79  2.61%     -  224s
H    0     0                    5771842.6550 5922200.79  2.61%     -  225s
H    0     0                    5772727.4400 5922200.79  2.59%     -  226s
H    0     0                    5773731.6200 5922200.79  2.57%     -  226s
H    0     0                    5774636.7000 5922200.79  2.56%     -  226s
H    0     0                    5775527.1200 5922200.79  2.54%     -  226s
H    0     0                    5775663.0650 5922200.79  2.54%     -  228s
     0     2 5922200.79    0 4540 5775663.07 5922200.79  2.54%     -  243s
     3     8 5922159.17    2 4751 5775663.07 5922170.79  2.54%  2392  247s
     7    16 5922115.89    3 4882 5775663.07 5922155.20  2.54%  1698  252s
    15    26 5922115.17    4 4887 5775663.07 5922115.17  2.54%  1328  257s
    25    46 5922115.11    5 4908 5775663.07 5922115.11  2.54%   997  272s
H   26    46                    5787809.0150 5922115.11  2.32%   959  272s
H   28    46                    5801172.6850 5922114.28  2.08%   895  272s
H   38    46                    5803376.6650 5922114.28  2.05%   668  272s
    45    56 5922055.10    6 4873 5803376.66 5922114.28  2.05%   578  297s
    55    90 5922099.07    7 4896 5803376.66 5922114.28  2.05%   493  338s
H   84    90                    5808119.4900 5922114.28  1.96%   341  338s
    89   540 5921872.72    7 4874 5808119.49 5922114.28  1.96%   324  370s
H  539   824                    5815651.4450 5922114.28  1.83%   139  416s
H  823  1053                    5817315.5000 5922114.28  1.80%   175  500s
H  877  1053                    5820424.0900 5922114.28  1.75%   170  500s
H  925  1053                    5820460.4300 5922114.28  1.75%   171  500s
H  996  1053                    5822883.1800 5922114.28  1.70%   165  500s
H 1052  1682                    5822897.4600 5922114.28  1.70%   168  573s
  1681  2317 5921672.77  199 4745 5822897.46 5922114.28  1.70%   169  641s
H 2316  2603                    5839837.4450 5922114.28  1.41%   166  730s
H 2372  2603                    5841452.3847 5922114.28  1.38%   163  730s
H 2449  2603                    5841875.8900 5922114.28  1.37%   160  730s
H 2564  2603                    5844348.9750 5922114.28  1.33%   155  730s
H 2602  3243                    5844421.3000 5922114.28  1.33%   158  803s
  3242  3591 5920967.67  323 4728 5844421.30 5922114.28  1.33%   156  867s
  3590  4046 5920763.36  409 4730 5844421.30 5922114.28  1.33%   169  937s
H 4045  4170                    5848826.2700 5922114.28  1.25%   173 1055s
  4169  4731 5920741.90  437 4678 5848826.27 5922114.28  1.25%   177 1130s
H 4730  5123                    5854024.9650 5922114.28  1.16%   176 1242s
H 4783  5123                    5856791.0800 5922114.28  1.12%   176 1242s
H 4917  5123                    5856857.2550 5922114.28  1.11%   175 1242s
H 5122  5504                    5857254.3400 5922114.28  1.11%   176 1326s
  5503  6040 5920354.95  556 4689 5857254.34 5922114.28  1.11%   178 1405s
  6039  6452 5919881.09  677 4664 5857254.34 5922114.28  1.11%   180 1477s
H 6451  6463                    5857610.6050 5922114.28  1.10%   185 1682s
H 6452  6463                    5858470.5000 5922114.28  1.09%   185 1682s
H 6455  6463                    5858820.2500 5922114.28  1.08%   186 1682s
H 6457  6463                    5858992.8400 5922114.28  1.08%   186 1682s
H 6458  6463                    5859728.3950 5922114.28  1.06%   186 1682s
H 6461  6463                    5859730.4900 5922114.28  1.06%   186 1682s
H 6462  7047                    5860090.4900 5922114.28  1.06%   186 1762s
  7046  7202 5919754.52  735 4555 5860090.49 5922114.28  1.06%   185 1953s
H 7051  7202                    5860392.1150 5922114.28  1.05%   185 1953s
H 7063  7202                    5861816.7550 5922114.28  1.03%   185 1953s
H 7142  7202                    5863976.6300 5922114.28  0.99%   185 1953s
H 7201  7470                    5864216.6300 5922114.28  0.99%   185 2056s
  7469  8007 5919697.69  762 4517 5864216.63 5922114.28  0.99%   188 2135s
  8006  8481 5919450.71  825 4454 5864216.63 5922114.28  0.99%   189 2236s
  8481  8482 5921698.72  134 4574 5864216.63 5922114.28  0.99%   188 2299s
  8483  8483 5921338.90  321 3659 5864216.63 5922114.28  0.99%   188 2319s
  8484  8484 5920595.53  416 3570 5864216.63 5922114.28  0.99%   188 2344s
H 8484  8059                    5865904.5700 5922114.28  0.96%   188 2347s
  8486  8060 5920775.39  445 3881 5865904.57 5922114.28  0.96%   187 2352s
H 8486  7657                    5866518.3950 5922114.28  0.95%   187 2358s
  8488  7659 5921516.85  234 4118 5866518.39 5922114.28  0.95%   187 2364s
  8489  7659 5920779.99  435 4121 5866518.39 5922114.28  0.95%   187 2369s
  8490  7660 5921079.56  317 4260 5866518.39 5922114.28  0.95%   187 2374s
  8491  7661 5921580.97  226 4339 5866518.39 5922114.28  0.95%   187 2380s
  8492  7661 5921952.01   46 4446 5866518.39 5922114.28  0.95%   187 2385s
  8494  7663 5921651.43  149 4477 5866518.39 5922114.28  0.95%   187 2391s
  8495  7663 5921701.73  164 4585 5866518.39 5922108.90  0.95%   187 2396s
  8496  7664 5921632.64  191 4621 5866518.39 5921879.22  0.94%   187 2400s
  8498  7665 5921374.81  303 4864 5866518.39 5921759.89  0.94%   187 2407s
  8500  7667 5921739.36   94 4895 5866518.39 5921739.36  0.94%   187 2410s
  8501  7667 5921372.20  302 4928 5866518.39 5921738.78  0.94%   187 2417s
H 8501  7283                    5867107.8100 5921199.99  0.92%   187 2446s
H 8501  6919                    5867488.6650 5921199.99  0.92%   187 2446s
  8503  6921 5920788.54  136 4773 5867488.66 5920788.54  0.91%   187 2453s
  8504  6921 5920448.00  579 4715 5867488.66 5920448.00  0.90%   187 2458s
  8505  6922 5920190.13  279 4645 5867488.66 5920190.13  0.90%   187 2463s
  8506  6923 5919837.68  681 4632 5867488.66 5920101.73  0.90%   187 2468s
  8507  6923 5920044.21  578 4731 5867488.66 5920044.21  0.90%   187 2472s
  8509  6925 5919944.38  240 4753 5867488.66 5919944.38  0.89%   187 2476s
  8511  6926 5919859.82  537 4912 5867488.66 5919859.82  0.89%   187 2480s
  8513  6927 5919750.35   89 4892 5867488.66 5919750.35  0.89%   187 2485s
  8515  6929 5919679.70  172 5003 5867488.66 5919679.70  0.89%   187 2492s
  8517  6930 5919601.98  584 5039 5867488.66 5919601.98  0.89%   187 2496s
  8520  6932 5919572.08   83 5131 5867488.66 5919572.08  0.89%   187 2500s
  8521  6933 5919571.43  380 5137 5867488.66 5919571.43  0.89%   187 2508s
  8522  6933 5919329.68   13 4749 5867488.66 5919329.68  0.88%   187 2552s
  8523  6934 5919178.74  673 4814 5867488.66 5919178.74  0.88%   187 2559s
  8524  6935 5919038.65  288 4847 5867488.66 5919038.65  0.88%   187 2564s
  8525  6935 5918943.91  201 4889 5867488.66 5918943.91  0.88%   187 2571s
  8526  6936 5918850.42  266 4928 5867488.66 5918850.42  0.88%   187 2575s
  8528  6937 5918777.25  429 4977 5867488.66 5918777.25  0.87%   187 2583s
  8529  6938 5918751.62   64 5010 5867488.66 5918751.62  0.87%   187 2586s
  8530  6939 5918743.86  451 5040 5867488.66 5918743.86  0.87%   186 2590s
H 8530  6591                    5868188.6250 5918668.60  0.86%   186 2595s
H 8530  6261                    5869842.5600 5918668.60  0.83%   186 2595s
  8533  6263 5918618.58  462 4908 5869842.56 5918618.58  0.83%   186 2602s
  8535  6264 5918562.09  325 4983 5869842.56 5918562.09  0.83%   186 2606s
  8537  6265 5918514.52  435 4978 5869842.56 5918514.52  0.83%   186 2610s
  8539  6267 5918484.11  844 4988 5869842.56 5918484.11  0.83%   186 2615s
  8541  6268 5918447.84  244 5014 5869842.56 5918447.84  0.83%   186 2620s
  8543  6269 5918423.26  412 5075 5869842.56 5918423.26  0.83%   186 2625s
  8545  6271 5918400.74  374 5181 5869842.56 5918400.74  0.83%   186 2630s
  8548  6273 5918398.30  675 5168 5869842.56 5918398.30  0.83%   186 2640s
H 8548  5958                    5870682.5800 5918265.53  0.81%   186 2666s
H 8548  5659                    5870902.5600 5918265.53  0.81%   186 2669s
H 8548  5375                    5872107.4650 5918265.53  0.79%   186 2684s
  8549  5375 5918265.53  197 4789 5872107.46 5918265.53  0.79%   186 2696s
  8550  5376 5918250.12  176 4951 5872107.46 5918250.12  0.79%   186 2703s
  8551  5377 5918227.16  846 4992 5872107.46 5918227.16  0.79%   186 2707s
  8552  5377 5918202.07  479 5031 5872107.46 5918202.07  0.78%   186 2712s
  8553  5378 5918167.93  758 5007 5872107.46 5918167.93  0.78%   186 2716s
  8555  5379 5918135.12  270 5075 5872107.46 5918135.12  0.78%   186 2722s
  8556  5380 5918131.63   61 5103 5872107.46 5918131.63  0.78%   186 2725s
  8557  5381 5918099.96  401 4983 5872107.46 5918099.96  0.78%   186 2730s
  8559  5382 5918088.89  226 5038 5872107.46 5918088.89  0.78%   186 2737s
  8560  5383 5918073.50  425 5058 5872107.46 5918073.50  0.78%   186 2740s
  8563  5385 5918048.63  187 5009 5872107.46 5918048.63  0.78%   186 2747s
  8565  5386 5918029.84  425 5070 5872107.46 5918029.84  0.78%   186 2751s
  8568  5388 5918024.61  502 5196 5872107.46 5918024.61  0.78%   186 2760s
  8569  5389 5917953.94  142 4962 5872107.46 5917953.94  0.78%   186 2814s
  8570  5389 5917949.33  345 5065 5872107.46 5917949.33  0.78%   186 2816s
  8572  5391 5917936.03   47 5110 5872107.46 5917936.03  0.78%   186 2821s
  8573  5391 5917895.54  237 5140 5872107.46 5917895.54  0.78%   186 2825s
  8575  5393 5917873.26   89 5195 5872107.46 5917873.26  0.78%   186 2830s
  8578  5395 5917824.27  187 5146 5872107.46 5917824.27  0.78%   185 2837s
  8580  5396 5917808.18   34 5174 5872107.46 5917808.18  0.78%   185 2841s
  8582  5397 5917806.05  660 5345 5872107.46 5917806.05  0.78%   185 2849s
  8583  5398 5917774.33  321 4977 5872107.46 5917774.33  0.78%   185 2877s
  8584  5399 5917770.50  416 5062 5872107.46 5917770.50  0.78%   185 2880s
  8586  5400 5917761.16  445 5046 5872107.46 5917761.16  0.78%   185 2888s
  8587  5401 5917757.20  401 5106 5872107.46 5917757.20  0.78%   185 2892s
  8588  5401 5917742.68  234 5244 5872107.46 5917742.68  0.78%   185 2895s
  8590  5403 5917724.38  317 5259 5872107.46 5917724.38  0.78%   185 2903s
  8591  5403 5917719.17  226 5256 5872107.46 5917719.17  0.78%   185 2905s
  8593  5405 5917694.86   70 5258 5872107.46 5917694.86  0.78%   185 2911s
  8595  5406 5917689.26  164 5303 5872107.46 5917689.26  0.78%   185 2916s
  8596  5407 5917688.73  191 5339 5872107.46 5917688.73  0.78%   185 2924s

Cutting planes:
  Gomory: 258
  Cover: 5
  Clique: 2486
  MIR: 113
  Mixing: 4
  StrongCG: 1
  Flow cover: 524
  GUB cover: 13
  Zero half: 657
  Relax-and-lift: 62

Explored 8596 nodes (1993908 simplex iterations) in 2930.98 seconds (2265.59 work units)
Thread count was 12 (of 12 available processors)

Solution count 10: 5.87211e+06 5.8709e+06 5.87068e+06 ... 5.86422e+06

Time limit reached
Best objective 5.872107465000e+06, best bound 5.917678478821e+06, gap 0.7761%

Gurobi 12.0.1 (win64) logging started Mon Mar 16 21:31:27 2026

Set parameter LogFile to value "logs\full_H_80_restricted_subset15_5it_w_max_cap200_seed42_CG.log"
Gurobi Optimizer version 12.0.1 build v12.0.1rc0 (win64 - Windows 11.0 (26100.2))

CPU model: 13th Gen Intel(R) Core(TM) i7-1355U, instruction set [SSE2|AVX|AVX2]
Thread count: 10 physical cores, 12 logical processors, using up to 12 threads

Non-default parameters:
TimeLimit  2.9336512048244476e+03
FeasibilityTol  1e-09
MIPGap  0.005

Optimize a model with 13036 rows, 169000 columns and 1354444 nonzeros
Model fingerprint: 0x2e128cef
Variable types: 0 continuous, 169000 integer (168830 binary)
Coefficient statistics:
  Matrix range     [4e-01, 1e+02]
  Objective range  [1e-02, 2e+05]
  Bounds range     [1e+00, 3e+00]
  RHS range        [1e+00, 3e+00]
Presolve removed 1754 rows and 15762 columns
Presolve time: 3.86s
Presolved: 11282 rows, 153238 columns, 1226499 nonzeros
Variable types: 0 continuous, 153238 integer (153233 binary)
Found heuristic solution: objective -3059314.305
Found heuristic solution: objective -2764528.110
Deterministic concurrent LP optimizer: primal simplex, dual simplex, and barrier
Showing barrier log only...

Root barrier log...

Ordering time: 0.07s

Barrier statistics:
 AA' NZ     : 2.330e+05
 Factor NZ  : 3.725e+05 (roughly 70 MB of memory)
 Factor Ops : 1.414e+07 (less than 1 second per iteration)
 Threads    : 8

                  Objective                Residual
Iter       Primal          Dual         Primal    Dual     Compl     Time
   0   1.00053199e+10  9.69476028e+06  1.25e+05 3.09e+03  6.44e+04     5s
   1   3.50033182e+09  3.14719161e+07  4.36e+04 2.17e+03  2.29e+04     5s
   2   5.86604419e+08  4.19859983e+07  7.27e+03 8.97e+02  4.04e+03     5s
   3   1.57377196e+08  3.80599143e+07  1.90e+03 8.07e+01  1.09e+03     5s
   4   7.28630112e+07  2.96241785e+07  8.48e+02 2.88e+01  4.95e+02     5s
   5   3.56495601e+07  2.31034626e+07  3.86e+02 1.19e+01  2.29e+02     5s
   6   1.99891135e+07  1.85691186e+07  1.87e+02 6.39e+00  1.16e+02     5s
   7   9.39496785e+06  1.39660222e+07  5.40e+01 1.84e+00  4.40e+01     5s
   8   7.63281829e+06  1.08612964e+07  3.06e+01 1.14e+00  2.42e+01     5s
   9   6.76616067e+06  9.05341960e+06  1.83e+01 5.60e-01  1.45e+01     5s
  10   6.51472311e+06  7.92696736e+06  1.44e+01 3.28e-01  9.63e+00     5s
  11   6.20824190e+06  7.27381443e+06  9.24e+00 3.16e-01  6.45e+00     5s
  12   6.10035577e+06  6.84698061e+06  7.12e+00 3.18e-01  4.61e+00     5s
  13   6.03600165e+06  6.47105902e+06  5.61e+00 7.46e-02  3.07e+00     6s
  14   5.97215676e+06  6.28960827e+06  4.14e+00 4.84e-02  2.23e+00     6s
  15   5.94510405e+06  6.18387460e+06  3.00e+00 3.18e-02  1.63e+00     6s
  16   5.93038054e+06  6.12938025e+06  2.48e+00 4.10e-02  1.35e+00     6s
  17   5.92751634e+06  6.07475698e+06  2.00e+00 1.72e-02  1.05e+00     6s
  18   5.92431966e+06  6.02255159e+06  1.62e+00 1.02e-02  7.79e-01     6s
  19   5.91715192e+06  6.00970280e+06  9.54e-01 8.50e-03  5.76e-01     6s
  20   5.91835507e+06  5.98276902e+06  7.21e-01 1.10e-02  4.23e-01     6s
  21   5.92141052e+06  5.96527185e+06  4.61e-01 4.84e-03  2.88e-01     6s
  22   5.92636855e+06  5.95585704e+06  2.90e-01 1.84e-03  1.94e-01     6s
  23   5.92981927e+06  5.94872800e+06  2.03e-01 8.98e-04  1.35e-01     6s
  24   5.93272725e+06  5.94648182e+06  1.38e-01 5.22e-04  9.55e-02     6s
  25   5.93581128e+06  5.94404994e+06  8.06e-02 2.17e-04  5.64e-02     6s
  26   5.93673150e+06  5.94291452e+06  6.53e-02 8.82e-05  4.41e-02     6s
  27   5.93813759e+06  5.94236537e+06  4.33e-02 3.63e-05  2.96e-02     6s
  28   5.93887322e+06  5.94197805e+06  3.22e-02 7.88e-06  2.19e-02     6s
  29   5.93962388e+06  5.94173437e+06  2.10e-02 3.41e-12  1.45e-02     6s
  30   5.94021110e+06  5.94148944e+06  1.27e-02 3.64e-12  8.78e-03     7s
  31   5.94076081e+06  5.94130462e+06  5.08e-03 3.61e-12  3.61e-03     7s
  32   5.94094833e+06  5.94123210e+06  2.62e-03 2.70e-12  1.87e-03     7s
  33   5.94104380e+06  5.94119983e+06  1.40e-03 1.93e-12  1.01e-03     7s
  34   5.94108843e+06  5.94118167e+06  8.37e-04 2.54e-12  6.07e-04     7s
  35   5.94112446e+06  5.94117247e+06  4.13e-04 2.42e-12  3.06e-04     7s
  36   5.94114221e+06  5.94116925e+06  2.10e-04 2.18e-12  1.64e-04     7s
  37   5.94115488e+06  5.94116474e+06  6.74e-05 2.47e-12  5.63e-05     7s
  38   5.94115851e+06  5.94116416e+06  2.80e-05 3.75e-12  2.83e-05     7s
  39   5.94116044e+06  5.94116313e+06  8.21e-06 1.97e-12  1.16e-05     7s
  40   5.94116083e+06  5.94116227e+06  5.06e-06 3.64e-12  6.45e-06     7s
  41   5.94116109e+06  5.94116180e+06  2.87e-06 3.30e-12  3.32e-06     7s
  42   5.94116133e+06  5.94116159e+06  9.90e-07 3.75e-12  1.19e-06     7s
  43   5.94116142e+06  5.94116149e+06  3.74e-07 2.05e-12  3.65e-07     7s
  44   5.94116147e+06  5.94116147e+06  8.52e-09 2.73e-12  1.05e-08     7s
  45   5.94116147e+06  5.94116147e+06  2.63e-09 3.32e-12  1.01e-10     7s

Barrier solved model in 45 iterations and 7.16 seconds (8.90 work units)
Optimal objective 5.94116147e+06


Root crossover log...

    2009 DPushes remaining with DInf 0.0000000e+00                 7s
       0 DPushes remaining with DInf 0.0000000e+00                 7s

   12520 PPushes remaining with PInf 8.3207020e-08                 7s
       0 PPushes remaining with PInf 0.0000000e+00                 8s

  Push phase complete: Pinf 0.0000000e+00, Dinf 7.5986572e+00      8s


Root simplex log...

Iteration    Objective       Primal Inf.    Dual Inf.      Time
   14288    5.9411615e+06   0.000000e+00   7.598657e+00      8s
   14291    5.9411615e+06   0.000000e+00   0.000000e+00      8s
Concurrent spin time: 1.40s (can be avoided by choosing Method=3)

Solved with barrier

Root relaxation: objective 5.941161e+06, 14291 iterations, 4.85 seconds (2.72 work units)
Total elapsed time = 10.30s (DegenMoves)

    Nodes    |    Current Node    |     Objective Bounds      |     Work
 Expl Unexpl |  Obj  Depth IntInf | Incumbent    BestBd   Gap | It/Node Time

     0     0 5941161.47    0 3594 -2764528.1 5941161.47   315%     -   10s
H    0     0                    2041485.4900 5941161.47   191%     -   10s
H    0     0                    2116663.6650 5941161.47   181%     -   11s
H    0     0                    4388746.1100 5941161.47  35.4%     -   11s
H    0     0                    4926473.5500 5941161.47  20.6%     -   11s
H    0     0                    4949676.6100 5941161.47  20.0%     -   11s
H    0     0                    5031018.9400 5941161.47  18.1%     -   11s
H    0     0                    5085896.4900 5941161.47  16.8%     -   11s
H    0     0                    5107553.8350 5941161.47  16.3%     -   11s
H    0     0                    5150676.8550 5941161.47  15.3%     -   11s
H    0     0                    5154855.6551 5941161.47  15.3%     -   11s
H    0     0                    5155399.7101 5941161.47  15.2%     -   11s
H    0     0                    5155415.6550 5941161.47  15.2%     -   11s
H    0     0                    5155534.6450 5941161.47  15.2%     -   11s
H    0     0                    5155759.7101 5941161.47  15.2%     -   12s
H    0     0                    5160396.2000 5941161.47  15.1%     -   14s
H    0     0                    5253800.0450 5941161.47  13.1%     -   14s
H    0     0                    5317221.4350 5941161.47  11.7%     -   14s
H    0     0                    5343652.0800 5941161.47  11.2%     -   14s
H    0     0                    5356325.4100 5941161.47  10.9%     -   14s
H    0     0                    5461299.3650 5941161.47  8.79%     -   15s
H    0     0                    5470916.8550 5941161.47  8.60%     -   16s
H    0     0                    5474022.1900 5941161.47  8.53%     -   20s
H    0     0                    5485107.3800 5941161.47  8.31%     -   20s
H    0     0                    5494058.3700 5941161.47  8.14%     -   21s
H    0     0                    5494458.3700 5941161.47  8.13%     -   21s
H    0     0                    5498291.0250 5941161.47  8.05%     -   22s
H    0     0                    5498451.0250 5941161.47  8.05%     -   23s
     0     0 5932705.34    0 3815 5498451.02 5932705.34  7.90%     -   27s
H    0     0                    5535737.3700 5932703.82  7.17%     -   37s
H    0     0                    5572795.0950 5932703.82  6.46%     -   37s
H    0     0                    5576541.0550 5932703.82  6.39%     -   37s
H    0     0                    5583914.7650 5932703.82  6.25%     -   37s
H    0     0                    5585217.1550 5932703.82  6.22%     -   38s
H    0     0                    5599868.1549 5932703.82  5.94%     -   39s
H    0     0                    5600148.1549 5932703.82  5.94%     -   39s
H    0     0                    5601688.4150 5932703.82  5.91%     -   41s
H    0     0                    5604115.9650 5932703.82  5.86%     -   41s
H    0     0                    5609552.8000 5932703.82  5.76%     -   43s
     0     0 5930053.26    0 3908 5609552.80 5930053.26  5.71%     -   47s
     0     0 5929338.47    0 3972 5609552.80 5929338.47  5.70%     -   48s
     0     0 5929092.89    0 3984 5609552.80 5929092.89  5.70%     -   49s
     0     0 5928987.90    0 4047 5609552.80 5928987.90  5.69%     -   50s
     0     0 5928971.11    0 4055 5609552.80 5928971.11  5.69%     -   51s
     0     0 5928969.65    0 4066 5609552.80 5928969.65  5.69%     -   51s
     0     0 5928969.62    0 4062 5609552.80 5928969.62  5.69%     -   52s
     0     0 5926672.92    0 4065 5609552.80 5926672.92  5.65%     -   56s
H    0     0                    5714733.6800 5926671.87  3.71%     -   57s
     0     0 5925433.46    0 4166 5714733.68 5925433.46  3.69%     -   60s
     0     0 5924918.00    0 4213 5714733.68 5924918.00  3.68%     -   62s
     0     0 5924832.75    0 4254 5714733.68 5924832.75  3.68%     -   63s
     0     0 5924678.29    0 4235 5714733.68 5924678.29  3.67%     -   64s
     0     0 5924494.06    0 4300 5714733.68 5924494.06  3.67%     -   65s
     0     0 5924458.99    0 4325 5714733.68 5924458.99  3.67%     -   66s
     0     0 5924448.84    0 4343 5714733.68 5924448.84  3.67%     -   66s
     0     0 5924448.64    0 4344 5714733.68 5924448.64  3.67%     -   66s
     0     0 5923260.49    0 4312 5714733.68 5923260.49  3.65%     -   69s
H    0     0                    5716611.0800 5923260.36  3.61%     -   70s
H    0     0                    5736052.9250 5923260.36  3.26%     -   71s
H    0     0                    5737872.0750 5923260.36  3.23%     -   71s
H    0     0                    5744377.6100 5923260.36  3.11%     -   84s
H    0     0                    5755297.6350 5923260.36  2.92%     -   84s
H    0     0                    5760374.8100 5923260.36  2.83%     -   90s
H    0     0                    5762421.2750 5923260.36  2.79%     -   90s
H    0     0                    5762483.5400 5923260.36  2.79%     -   93s
H    0     0                    5762720.6250 5923260.36  2.79%     -   94s
H    0     0                    5763339.3950 5923260.36  2.77%     -   94s
     0     0 5922782.33    0 4367 5763339.39 5922782.33  2.77%     -  101s
     0     0 5922556.81    0 4454 5763339.39 5922556.81  2.76%     -  103s
     0     0 5922489.89    0 4507 5763339.39 5922489.89  2.76%     -  104s
     0     0 5922350.56    0 4549 5763339.39 5922350.56  2.76%     -  105s
     0     0 5922316.08    0 4612 5763339.39 5922316.08  2.76%     -  106s
     0     0 5922300.36    0 4619 5763339.39 5922300.36  2.76%     -  106s
     0     0 5922299.22    0 4660 5763339.39 5922299.22  2.76%     -  107s
     0     0 5921574.67    0 4542 5763339.39 5921574.67  2.75%     -  110s
H    0     0                    5774433.9550 5921574.12  2.55%     -  112s
H    0     0                    5783809.1850 5921574.12  2.38%     -  113s
H    0     0                    5784225.4200 5921574.12  2.37%     -  115s
     0     0 5921433.01    0 4589 5784225.42 5921433.01  2.37%     -  116s
     0     0 5921365.09    0 4701 5784225.42 5921365.09  2.37%     -  117s
     0     0 5921346.93    0 4775 5784225.42 5921346.93  2.37%     -  118s
     0     0 5921344.67    0 4809 5784225.42 5921344.67  2.37%     -  118s
     0     0 5920819.09    0 4738 5784225.42 5920819.09  2.36%     -  121s
     0     0 5920746.32    0 4768 5784225.42 5920746.32  2.36%     -  129s
     0     0 5920706.69    0 4836 5784225.42 5920706.69  2.36%     -  130s
     0     0 5920697.60    0 4863 5784225.42 5920697.60  2.36%     -  131s
     0     0 5920277.97    0 4809 5784225.42 5920277.97  2.35%     -  134s
     0     0 5920184.09    0 4910 5784225.42 5920184.09  2.35%     -  142s
     0     0 5920162.75    0 4916 5784225.42 5920162.75  2.35%     -  143s
     0     0 5920158.01    0 4957 5784225.42 5920158.01  2.35%     -  144s
     0     0 5919854.83    0 4800 5784225.42 5919854.83  2.34%     -  147s
     0     0 5919803.89    0 4879 5784225.42 5919803.89  2.34%     -  157s
     0     0 5919793.13    0 4978 5784225.42 5919793.13  2.34%     -  158s
     0     0 5919646.41    0 5014 5784225.42 5919646.41  2.34%     -  160s
     0     0 5919628.05    0 5041 5784225.42 5919628.05  2.34%     -  169s
     0     0 5919624.07    0 5060 5784225.42 5919624.07  2.34%     -  170s
     0     0 5919538.37    0 5001 5784225.42 5919538.37  2.34%     -  172s
     0     0 5919531.60    0 4566 5784225.42 5919531.60  2.34%     -  175s
     0     2 5919531.59    0 4517 5784225.42 5919531.59  2.34%     -  192s
     3     8 5919521.23    2 4735 5784225.42 5919531.59  2.34%  2609  197s
     7    16 5919515.15    3 4862 5784225.42 5919521.03  2.34%  1847  201s
    25    46 5919490.20    5 4926 5784225.42 5919490.20  2.34%   980  213s
H   26    46                    5803505.1950 5919490.20  2.00%   942  214s
H   30    46                    5806642.9200 5919488.66  1.94%   826  214s
H   42    46                    5807547.0200 5919488.66  1.93%   611  214s
H   44    46                    5810067.0650 5919488.66  1.88%   588  214s
    45    56 5918921.16    6 4864 5810067.06 5919488.66  1.88%   585  233s
    55    66 5919463.32    7 4913 5810067.06 5919488.66  1.88%   524  263s
    65    76 5919271.88    7 4894 5810067.06 5919488.66  1.88%   449  277s
    75    86 5919463.32    8 4914 5810067.06 5919488.66  1.88%   406  293s
    85    96 5919271.88    8 4894 5810067.06 5919488.66  1.88%   371  325s
    95   106 5919463.32    9 4913 5810067.06 5919488.66  1.88%   353  367s
H  100   106                    5813386.5600 5919488.66  1.83%   335  367s
H  105   243                    5828371.9000 5919488.66  1.56%   333  397s
H  105   243                    5834829.0450 5919488.66  1.45%   333  397s
H  242   751                    5835226.5000 5919488.66  1.44%   269  455s
H  750  1149                    5837576.7000 5919488.66  1.40%   228  547s
H  836  1149                    5837800.7800 5919488.66  1.40%   229  547s
H  868  1149                    5838036.7950 5919488.66  1.40%   233  547s
H  943  1149                    5838251.9350 5919488.66  1.39%   227  547s
H  987  1149                    5838585.5400 5919488.66  1.39%   226  547s
H 1096  1149                    5838904.9000 5919488.66  1.38%   230  547s
H 1148  2023                    5839196.4750 5919488.66  1.38%   239  641s
  2022  3045 5919107.15  141 4817 5839196.47 5919488.66  1.38%   215  723s
H 3044  3936                    5847497.3700 5919488.66  1.23%   182  814s
H 3274  3936                    5848996.9450 5919488.66  1.21%   174  814s
H 3870  3936                    5850157.1650 5919488.66  1.19%   157  814s
  3935  4006 5918245.88  377 4723 5850157.16 5919488.66  1.19%   158  893s
  4005  4016 5918240.60  383 4703 5850157.16 5919488.66  1.19%   159  961s
  4015  4026 5918240.60  384 4702 5850157.16 5919488.66  1.19%   159 1045s
  4025  4036 5918240.50  385 4709 5850157.16 5919488.66  1.19%   159 1112s
  4035  4046 5918240.50  386 4709 5850157.16 5919488.66  1.19%   159 1196s
H 4045  4613                    5852574.1800 5919488.66  1.14%   159 1291s
H 4103  4613                    5855744.8800 5919488.66  1.09%   158 1291s
H 4273  4613                    5856673.2200 5919488.66  1.07%   156 1291s
  4612  5258 5918107.82  437 4727 5856673.22 5919488.66  1.07%   150 1374s
H 4615  5258                    5858580.2750 5919488.66  1.04%   150 1374s
H 4676  5258                    5858821.7000 5919488.66  1.04%   150 1374s
H 4746  5258                    5859322.6100 5919488.66  1.03%   151 1374s
H 4838  5258                    5859605.4600 5919488.66  1.02%   150 1374s
H 4876  5258                    5861743.2850 5919488.66  0.99%   150 1374s
H 5257  5268                    5861830.3450 5919488.66  0.98%   146 1479s
  5267  5944 5917736.54  487 4675 5861830.34 5919488.66  0.98%   146 1537s
  5943  6008 5917868.29  517 4680 5861830.34 5919488.66  0.98%   144 1658s
H 5966  6008                    5865150.7750 5919488.66  0.93%   144 1658s
H 5972  6008                    5865183.1000 5919488.66  0.93%   144 1658s
H 5989  6008                    5865322.4850 5919488.66  0.92%   145 1658s
H 6007  6500                    5865339.1550 5919488.66  0.92%   145 1711s
  6499  7073 5917312.01  611 4600 5865339.15 5919488.66  0.92%   147 1767s
H 7072  7264                    5865857.1850 5919488.66  0.91%   148 1861s
H 7104  7264                    5865929.8650 5919488.66  0.91%   149 1861s
H 7152  7264                    5866289.8050 5919488.66  0.91%   149 1861s
H 7178  7264                    5866501.7600 5919488.66  0.90%   149 1861s
H 7247  7264                    5866934.7550 5919488.66  0.90%   149 1861s
H 7263  8139                    5867033.2400 5919488.66  0.89%   149 1921s
  8139  8140 5918869.58   75 4566 5867033.24 5919488.66  0.89%   144 1984s
  8141  8141 5918240.45  387 3620 5867033.24 5919488.66  0.89%   144 2004s
  8142  8142 5916859.38  763 3559 5867033.24 5919488.66  0.89%   144 2017s
  8143  8143 5918623.35  300 3783 5867033.24 5919488.66  0.89%   144 2020s
  8144  8143 5918389.54  356 3827 5867033.24 5919488.66  0.89%   144 2025s
  8145  8144 5919040.08  105 3918 5867033.24 5919488.66  0.89%   144 2030s
  8146  8145 5918921.59  256 4105 5867033.24 5919488.66  0.89%   144 2036s
  8147  8145 5918963.90  140 4231 5867033.24 5919488.66  0.89%   144 2040s
  8149  8147 5917853.98  507 4381 5867033.24 5919488.66  0.89%   144 2048s
  8150  8147 5919311.17   61 4405 5867033.24 5919488.66  0.89%   144 2050s
  8151  8148 5919304.40   34 4487 5867033.24 5919488.66  0.89%   144 2055s
  8152  8149 5918966.61  154 4575 5867033.24 5919357.53  0.89%   144 2060s
  8155  8151 5917990.58  201 4823 5867033.24 5919038.68  0.89%   144 2066s
  8159  8153 5919000.20  133 5010 5867033.24 5919019.53  0.89%   144 2075s
  8160  8154 5917028.30  626 4702 5867033.24 5918557.61  0.88%   144 2095s
  8162  8155 5917878.64  165 4747 5867033.24 5917878.64  0.87%   144 2103s
  8163  8156 5917771.04  498 4721 5867033.24 5917771.04  0.86%   144 2106s
  8165  8157 5917614.94  170 4838 5867033.24 5917614.94  0.86%   144 2110s
  8167  8159 5917445.61  326 4844 5867033.24 5917445.61  0.86%   144 2116s
  8169  8160 5917273.87  491 4820 5867033.24 5917273.87  0.86%   144 2120s
  8174  8163 5917219.43  137 4967 5867033.24 5917219.43  0.86%   144 2132s
  8175  8164 5916913.85   59 4641 5867033.24 5916913.85  0.85%   144 2166s
  8176  8165 5916722.86  242 4716 5867033.24 5916722.86  0.85%   144 2170s
  8178  8166 5916464.80  491 4760 5867033.24 5916464.80  0.84%   144 2176s
  8180  8167 5916349.16   67 4874 5867033.24 5916349.16  0.84%   144 2181s
  8182  8169 5916280.03  205 4992 5867033.24 5916280.03  0.84%   144 2185s
  8184  8170 5916175.82  331 5019 5867033.24 5916175.82  0.84%   144 2193s
  8185  8171 5916144.25  153 5083 5867033.24 5916144.25  0.84%   144 2196s
  8187  8172 5916020.91  227 5160 5867033.24 5916020.91  0.83%   143 2200s
  8189  8173 5915951.44   19 5133 5867033.24 5915951.44  0.83%   143 2205s
  8191  8175 5915917.30  200 5146 5867033.24 5915917.30  0.83%   143 2210s
  8193  8176 5915889.66  376 5188 5867033.24 5915889.66  0.83%   143 2215s
  8196  8178 5915846.81   42 5179 5867033.24 5915846.81  0.83%   143 2220s
  8198  8179 5915845.75  704 5232 5867033.24 5915845.75  0.83%   143 2228s
H 8198  7769                    5867035.5200 5915721.58  0.83%   143 2241s
H 8198  7379                    5867231.4950 5915721.03  0.83%   143 2255s
H 8198  7009                    5867275.1600 5915721.03  0.83%   143 2266s
  8199  7010 5915721.03  729 4818 5867275.16 5915721.03  0.83%   143 2271s
  8200  7011 5915698.91  285 4937 5867275.16 5915698.91  0.83%   143 2279s
  8201  7011 5915678.40  484 5020 5867275.16 5915678.40  0.82%   143 2283s
  8202  7012 5915636.38  132 5019 5867275.16 5915636.38  0.82%   143 2287s
  8203  7013 5915605.25  628 5053 5867275.16 5915605.25  0.82%   143 2290s
H 8203  6661                    5867918.7200 5915589.62  0.81%   143 2292s
H 8203  6327                    5868001.4000 5915589.62  0.81%   143 2292s
  8205  6328 5915578.91   11 5140 5868001.40 5915578.91  0.81%   143 2295s
  8208  6330 5915449.43  735 5121 5868001.40 5915449.43  0.81%   143 2303s
  8209  6331 5915445.67  490 5142 5868001.40 5915445.67  0.81%   143 2305s
  8211  6332 5915410.05  364 5128 5868001.40 5915410.05  0.81%   143 2311s
  8214  6334 5915377.35   39 5222 5868001.40 5915377.35  0.81%   143 2316s
  8217  6336 5915354.27  124 5280 5868001.40 5915354.27  0.81%   143 2321s
  8220  6338 5915350.78  605 5317 5868001.40 5915350.78  0.81%   143 2333s
  8221  6339 5915250.09  363 4908 5868001.40 5915250.09  0.81%   143 2383s
  8222  6339 5915240.12  494 5067 5868001.40 5915240.12  0.81%   143 2394s
  8223  6340 5915227.62  579 5149 5868001.40 5915227.62  0.80%   143 2398s
  8224  6341 5915210.10   59 5142 5868001.40 5915210.10  0.80%   143 2401s
  8226  6342 5915193.58   43 5255 5868001.40 5915193.58  0.80%   143 2407s
  8227  6343 5915178.97   94 5242 5868001.40 5915178.97  0.80%   143 2412s
  8229  6344 5915173.75   19 5310 5868001.40 5915173.75  0.80%   143 2415s
  8231  6345 5915150.63   18 5309 5868001.40 5915150.63  0.80%   143 2420s
  8234  6347 5915125.97  549 5390 5868001.40 5915125.97  0.80%   143 2426s
  8237  6349 5915118.77  742 5449 5868001.40 5915118.77  0.80%   143 2430s
  8238  6350 5915118.55  520 5436 5868001.40 5915118.55  0.80%   143 2436s
  8239  6351 5915046.43   75 5091 5868001.40 5915046.43  0.80%   143 2474s
  8240  6351 5915041.32  487 5250 5868001.40 5915041.32  0.80%   143 2477s
  8242  6353 5915030.88  763 5276 5868001.40 5915030.88  0.80%   143 2482s
  8243  6353 5915015.39  300 5293 5868001.40 5915015.39  0.80%   143 2485s
  8245  6355 5914995.17  105 5308 5868001.40 5914995.17  0.80%   142 2490s
  8249  6357 5914983.47  507 5411 5868001.40 5914983.47  0.80%   142 2495s
  8250  6358 5914982.98   61 5442 5868001.40 5914982.98  0.80%   142 2502s
  8251  6359 5914965.65   34 5079 5868001.40 5914965.65  0.80%   142 2541s
  8253  6360 5914962.54  399 5286 5868001.40 5914962.54  0.80%   142 2545s
H 8257  6043                    5868483.8450 5914945.27  0.79%   142 2550s
H 8257  5739                    5868500.5150 5914945.27  0.79%   142 2550s
  8262  5742 5914941.25  165 5388 5868500.51 5914941.25  0.79%   142 2561s
H 8262  5453                    5868647.2850 5914934.85  0.79%   142 2587s
  8263  5454 5914934.85  498 5095 5868647.28 5914934.85  0.79%   142 2599s
  8264  5454 5914933.76   13 5226 5868647.28 5914933.76  0.79%   142 2601s
  8266  5456 5914932.03  410 5348 5868647.28 5914932.03  0.79%   142 2610s
  8267  5456 5914911.01  326 5108 5868647.28 5914911.01  0.79%   142 2738s
  8268  5457 5914909.55  337 5271 5868647.28 5914909.55  0.79%   142 2743s
  8269  5458 5914908.20  491 5321 5868647.28 5914908.20  0.79%   142 2746s
  8272  5460 5914901.70   79 5482 5868647.28 5914901.70  0.79%   142 2750s
  8275  5462 5914890.60   59 5546 5868647.28 5914890.60  0.79%   142 2755s
  8276  5462 5914890.41  242 5554 5868647.28 5914890.41  0.79%   142 2763s
  8277  5463 5914866.92  644 5172 5868647.28 5914866.92  0.79%   142 2807s
  8278  5464 5914866.11  491 5344 5868647.28 5914866.11  0.79%   142 2810s
  8281  5466 5914860.64  129 5518 5868647.28 5914860.64  0.79%   142 2820s
  8282  5466 5914853.11  205 5196 5868647.28 5914853.11  0.79%   142 2847s
  8283  5467 5914851.88   91 5355 5868647.28 5914851.88  0.79%   142 2851s
  8285  5468 5914847.38  153 5466 5868647.28 5914847.38  0.79%   142 2855s
  8288  5470 5914834.16  253 5631 5868647.28 5914834.16  0.79%   142 2861s
  8291  5472 5914818.93  200 5644 5868647.28 5914818.93  0.79%   142 2866s
  8293  5474 5914818.07  376 5671 5868647.28 5914818.07  0.79%   142 2874s
  8294  5474 5914806.52  309 5284 5868647.28 5914806.52  0.79%   142 2899s
  8295  5475 5914805.05  241 5418 5868647.28 5914805.05  0.79%   142 2901s
  8296  5476 5914804.39   42 5444 5868647.28 5914804.39  0.79%   142 2909s

Cutting planes:
  Gomory: 249
  Cover: 8
  Clique: 2210
  MIR: 90
  Mixing: 6
  Flow cover: 543
  GUB cover: 12
  Zero half: 636
  Relax-and-lift: 47

Explored 8296 nodes (1693784 simplex iterations) in 2934.90 seconds (2344.36 work units)
Thread count was 12 (of 12 available processors)

Solution count 10: 5.86865e+06 5.8685e+06 5.86848e+06 ... 5.86693e+06

Time limit reached
Best objective 5.868647285000e+06, best bound 5.914800954276e+06, gap 0.7864%

Gurobi 12.0.1 (win64) logging started Tue Mar 17 23:21:19 2026

Set parameter LogFile to value "logs\full_H_80_restricted_subset15_5it_w_max_cap200_seed42_CG.log"
Gurobi Optimizer version 12.0.1 build v12.0.1rc0 (win64 - Windows 11.0 (26100.2))

CPU model: 13th Gen Intel(R) Core(TM) i7-1355U, instruction set [SSE2|AVX|AVX2]
Thread count: 10 physical cores, 12 logical processors, using up to 12 threads

Non-default parameters:
TimeLimit  2.9159878048896790e+03
FeasibilityTol  1e-09
MIPGap  0.005

Optimize a model with 13036 rows, 169000 columns and 1354444 nonzeros
Model fingerprint: 0x2e128cef
Variable types: 0 continuous, 169000 integer (168830 binary)
Coefficient statistics:
  Matrix range     [4e-01, 1e+02]
  Objective range  [1e-02, 2e+05]
  Bounds range     [1e+00, 3e+00]
  RHS range        [1e+00, 3e+00]
Presolve removed 1754 rows and 15762 columns
Presolve time: 3.54s
Presolved: 11282 rows, 153238 columns, 1226499 nonzeros
Variable types: 0 continuous, 153238 integer (153233 binary)
Found heuristic solution: objective -3059314.305
Found heuristic solution: objective -2764528.110
Deterministic concurrent LP optimizer: primal simplex, dual simplex, and barrier
Showing barrier log only...

Root barrier log...

Ordering time: 0.05s

Barrier statistics:
 AA' NZ     : 2.330e+05
 Factor NZ  : 3.725e+05 (roughly 70 MB of memory)
 Factor Ops : 1.414e+07 (less than 1 second per iteration)
 Threads    : 8

                  Objective                Residual
Iter       Primal          Dual         Primal    Dual     Compl     Time
   0   1.00053199e+10  9.69476028e+06  1.25e+05 3.09e+03  6.44e+04     5s
   1   3.50033182e+09  3.14719161e+07  4.36e+04 2.17e+03  2.29e+04     5s
   2   5.86604419e+08  4.19859983e+07  7.27e+03 8.97e+02  4.04e+03     5s
   3   1.57377196e+08  3.80599143e+07  1.90e+03 8.07e+01  1.09e+03     5s
   4   7.28630112e+07  2.96241785e+07  8.48e+02 2.88e+01  4.95e+02     5s
   5   3.56495601e+07  2.31034626e+07  3.86e+02 1.19e+01  2.29e+02     5s
   6   1.99891135e+07  1.85691186e+07  1.87e+02 6.39e+00  1.16e+02     5s
   7   9.39496785e+06  1.39660222e+07  5.40e+01 1.84e+00  4.40e+01     5s
   8   7.63281829e+06  1.08612964e+07  3.06e+01 1.14e+00  2.42e+01     5s
   9   6.76616067e+06  9.05341960e+06  1.83e+01 5.60e-01  1.45e+01     5s
  10   6.51472311e+06  7.92696736e+06  1.44e+01 3.28e-01  9.63e+00     5s
  11   6.20824190e+06  7.27381443e+06  9.24e+00 3.16e-01  6.45e+00     5s
  12   6.10035577e+06  6.84698061e+06  7.12e+00 3.18e-01  4.61e+00     5s
  13   6.03600165e+06  6.47105902e+06  5.61e+00 7.46e-02  3.07e+00     5s
  14   5.97215676e+06  6.28960827e+06  4.14e+00 4.84e-02  2.23e+00     5s
  15   5.94510405e+06  6.18387460e+06  3.00e+00 3.18e-02  1.63e+00     5s
  16   5.93038054e+06  6.12938025e+06  2.48e+00 4.10e-02  1.35e+00     5s
  17   5.92751634e+06  6.07475698e+06  2.00e+00 1.72e-02  1.05e+00     5s
  18   5.92431966e+06  6.02255159e+06  1.62e+00 1.02e-02  7.79e-01     5s
  19   5.91715192e+06  6.00970280e+06  9.54e-01 8.50e-03  5.76e-01     6s
  20   5.91835507e+06  5.98276902e+06  7.21e-01 1.10e-02  4.23e-01     6s
  21   5.92141052e+06  5.96527185e+06  4.61e-01 4.84e-03  2.88e-01     6s
  22   5.92636855e+06  5.95585704e+06  2.90e-01 1.84e-03  1.94e-01     6s
  23   5.92981927e+06  5.94872800e+06  2.03e-01 8.98e-04  1.35e-01     6s
  24   5.93272725e+06  5.94648182e+06  1.38e-01 5.22e-04  9.55e-02     6s
  25   5.93581128e+06  5.94404994e+06  8.06e-02 2.17e-04  5.64e-02     6s
  26   5.93673150e+06  5.94291452e+06  6.53e-02 8.82e-05  4.41e-02     6s
  27   5.93813759e+06  5.94236537e+06  4.33e-02 3.63e-05  2.96e-02     6s
  28   5.93887322e+06  5.94197805e+06  3.22e-02 7.88e-06  2.19e-02     6s
  29   5.93962388e+06  5.94173437e+06  2.10e-02 3.41e-12  1.45e-02     6s
  30   5.94021110e+06  5.94148944e+06  1.27e-02 3.64e-12  8.78e-03     6s
  31   5.94076081e+06  5.94130462e+06  5.08e-03 3.61e-12  3.61e-03     6s
  32   5.94094833e+06  5.94123210e+06  2.62e-03 2.70e-12  1.87e-03     6s
  33   5.94104380e+06  5.94119983e+06  1.40e-03 1.93e-12  1.01e-03     6s
  34   5.94108843e+06  5.94118167e+06  8.37e-04 2.54e-12  6.07e-04     6s
  35   5.94112446e+06  5.94117247e+06  4.13e-04 2.42e-12  3.06e-04     6s
  36   5.94114221e+06  5.94116925e+06  2.10e-04 2.18e-12  1.64e-04     7s
  37   5.94115488e+06  5.94116474e+06  6.74e-05 2.47e-12  5.63e-05     7s
  38   5.94115851e+06  5.94116416e+06  2.80e-05 3.75e-12  2.83e-05     7s
  39   5.94116044e+06  5.94116313e+06  8.21e-06 1.97e-12  1.16e-05     7s
  40   5.94116083e+06  5.94116227e+06  5.06e-06 3.64e-12  6.45e-06     7s
  41   5.94116109e+06  5.94116180e+06  2.87e-06 3.30e-12  3.32e-06     7s
  42   5.94116133e+06  5.94116159e+06  9.90e-07 3.75e-12  1.19e-06     7s
  43   5.94116142e+06  5.94116149e+06  3.74e-07 2.05e-12  3.65e-07     7s
  44   5.94116147e+06  5.94116147e+06  8.52e-09 2.73e-12  1.05e-08     7s
  45   5.94116147e+06  5.94116147e+06  2.63e-09 3.32e-12  1.01e-10     7s

Barrier solved model in 45 iterations and 6.92 seconds (8.90 work units)
Optimal objective 5.94116147e+06


Root crossover log...

    2009 DPushes remaining with DInf 0.0000000e+00                 7s
       0 DPushes remaining with DInf 0.0000000e+00                 7s

   12520 PPushes remaining with PInf 8.3207020e-08                 7s
       0 PPushes remaining with PInf 0.0000000e+00                 7s

  Push phase complete: Pinf 0.0000000e+00, Dinf 7.5986572e+00      7s


Root simplex log...

Iteration    Objective       Primal Inf.    Dual Inf.      Time
   14288    5.9411615e+06   0.000000e+00   7.598657e+00      7s
   14291    5.9411615e+06   0.000000e+00   0.000000e+00      8s
Concurrent spin time: 1.59s (can be avoided by choosing Method=3)

Solved with barrier

Root relaxation: objective 5.941161e+06, 14291 iterations, 5.17 seconds (2.72 work units)
Total elapsed time = 10.13s (DegenMoves)

    Nodes    |    Current Node    |     Objective Bounds      |     Work
 Expl Unexpl |  Obj  Depth IntInf | Incumbent    BestBd   Gap | It/Node Time

     0     0 5941161.47    0 3594 -2764528.1 5941161.47   315%     -   11s
H    0     0                    2041485.4900 5941161.47   191%     -   11s
H    0     0                    2116663.6650 5941161.47   181%     -   11s
H    0     0                    4388746.1100 5941161.47  35.4%     -   11s
H    0     0                    4926473.5500 5941161.47  20.6%     -   11s
H    0     0                    4949676.6100 5941161.47  20.0%     -   11s
H    0     0                    5031018.9400 5941161.47  18.1%     -   11s
H    0     0                    5085896.4900 5941161.47  16.8%     -   11s
H    0     0                    5107553.8350 5941161.47  16.3%     -   11s
H    0     0                    5150676.8550 5941161.47  15.3%     -   11s
H    0     0                    5154855.6551 5941161.47  15.3%     -   12s
H    0     0                    5155399.7101 5941161.47  15.2%     -   12s
H    0     0                    5155415.6550 5941161.47  15.2%     -   12s
H    0     0                    5155534.6450 5941161.47  15.2%     -   12s
H    0     0                    5155759.7101 5941161.47  15.2%     -   12s
H    0     0                    5160396.2000 5941161.47  15.1%     -   14s
H    0     0                    5253800.0450 5941161.47  13.1%     -   14s
H    0     0                    5317221.4350 5941161.47  11.7%     -   14s
H    0     0                    5343652.0800 5941161.47  11.2%     -   14s
H    0     0                    5356325.4100 5941161.47  10.9%     -   14s
H    0     0                    5461299.3650 5941161.47  8.79%     -   15s
H    0     0                    5470916.8550 5941161.47  8.60%     -   16s
H    0     0                    5474022.1900 5941161.47  8.53%     -   20s
H    0     0                    5485107.3800 5941161.47  8.31%     -   20s
H    0     0                    5494058.3700 5941161.47  8.14%     -   20s
H    0     0                    5494458.3700 5941161.47  8.13%     -   20s
H    0     0                    5498291.0250 5941161.47  8.05%     -   22s
H    0     0                    5498451.0250 5941161.47  8.05%     -   22s
     0     0 5932705.34    0 3815 5498451.02 5932705.34  7.90%     -   27s
H    0     0                    5535737.3700 5932703.82  7.17%     -   37s
H    0     0                    5572795.0950 5932703.82  6.46%     -   37s
H    0     0                    5576541.0550 5932703.82  6.39%     -   37s
H    0     0                    5583914.7650 5932703.82  6.25%     -   37s
H    0     0                    5585217.1550 5932703.82  6.22%     -   37s
H    0     0                    5599868.1549 5932703.82  5.94%     -   38s
H    0     0                    5600148.1549 5932703.82  5.94%     -   39s
H    0     0                    5601688.4150 5932703.82  5.91%     -   41s
H    0     0                    5604115.9650 5932703.82  5.86%     -   41s
H    0     0                    5609552.8000 5932703.82  5.76%     -   42s
     0     0 5930053.26    0 3908 5609552.80 5930053.26  5.71%     -   46s
     0     0 5929338.47    0 3972 5609552.80 5929338.47  5.70%     -   47s
     0     0 5929092.89    0 3984 5609552.80 5929092.89  5.70%     -   49s
     0     0 5928987.90    0 4047 5609552.80 5928987.90  5.69%     -   50s
     0     0 5928971.11    0 4055 5609552.80 5928971.11  5.69%     -   51s
     0     0 5928969.65    0 4066 5609552.80 5928969.65  5.69%     -   51s
     0     0 5928969.62    0 4062 5609552.80 5928969.62  5.69%     -   51s
     0     0 5926672.92    0 4065 5609552.80 5926672.92  5.65%     -   56s
H    0     0                    5714733.6800 5926671.87  3.71%     -   57s
     0     0 5925433.46    0 4166 5714733.68 5925433.46  3.69%     -   60s
     0     0 5924918.00    0 4213 5714733.68 5924918.00  3.68%     -   62s
     0     0 5924832.75    0 4254 5714733.68 5924832.75  3.68%     -   64s
     0     0 5924678.29    0 4235 5714733.68 5924678.29  3.67%     -   65s
     0     0 5924494.06    0 4300 5714733.68 5924494.06  3.67%     -   66s
     0     0 5924458.99    0 4325 5714733.68 5924458.99  3.67%     -   66s
     0     0 5924448.84    0 4343 5714733.68 5924448.84  3.67%     -   66s
     0     0 5924448.64    0 4344 5714733.68 5924448.64  3.67%     -   67s
     0     0 5923260.49    0 4312 5714733.68 5923260.49  3.65%     -   70s
H    0     0                    5716611.0800 5923260.36  3.61%     -   71s
H    0     0                    5736052.9250 5923260.36  3.26%     -   72s
H    0     0                    5737872.0750 5923260.36  3.23%     -   72s
H    0     0                    5744377.6100 5923260.36  3.11%     -   85s
H    0     0                    5755297.6350 5923260.36  2.92%     -   85s
H    0     0                    5760374.8100 5923260.36  2.83%     -   90s
H    0     0                    5762421.2750 5923260.36  2.79%     -   90s
H    0     0                    5762483.5400 5923260.36  2.79%     -   92s
H    0     0                    5762720.6250 5923260.36  2.79%     -   93s
H    0     0                    5763339.3950 5923260.36  2.77%     -   93s
     0     0 5922782.33    0 4367 5763339.39 5922782.33  2.77%     -  100s
     0     0 5922556.81    0 4454 5763339.39 5922556.81  2.76%     -  101s
     0     0 5922489.89    0 4507 5763339.39 5922489.89  2.76%     -  102s
     0     0 5922350.56    0 4549 5763339.39 5922350.56  2.76%     -  103s
     0     0 5922316.08    0 4612 5763339.39 5922316.08  2.76%     -  104s
     0     0 5922300.36    0 4619 5763339.39 5922300.36  2.76%     -  105s
     0     0 5922299.22    0 4660 5763339.39 5922299.22  2.76%     -  105s
     0     0 5921574.67    0 4542 5763339.39 5921574.67  2.75%     -  109s
H    0     0                    5774433.9550 5921574.12  2.55%     -  110s
H    0     0                    5783809.1850 5921574.12  2.38%     -  111s
H    0     0                    5784225.4200 5921574.12  2.37%     -  114s
     0     0 5921433.01    0 4589 5784225.42 5921433.01  2.37%     -  115s
     0     0 5921365.09    0 4701 5784225.42 5921365.09  2.37%     -  116s
     0     0 5921346.93    0 4775 5784225.42 5921346.93  2.37%     -  117s
     0     0 5921344.67    0 4809 5784225.42 5921344.67  2.37%     -  117s
     0     0 5920819.09    0 4738 5784225.42 5920819.09  2.36%     -  120s
     0     0 5920746.32    0 4768 5784225.42 5920746.32  2.36%     -  127s
     0     0 5920706.69    0 4836 5784225.42 5920706.69  2.36%     -  129s
     0     0 5920697.60    0 4863 5784225.42 5920697.60  2.36%     -  129s
     0     0 5920277.97    0 4809 5784225.42 5920277.97  2.35%     -  132s
     0     0 5920184.09    0 4910 5784225.42 5920184.09  2.35%     -  140s
     0     0 5920162.75    0 4916 5784225.42 5920162.75  2.35%     -  142s
     0     0 5920158.01    0 4957 5784225.42 5920158.01  2.35%     -  142s
     0     0 5919854.83    0 4800 5784225.42 5919854.83  2.34%     -  145s
     0     0 5919803.89    0 4879 5784225.42 5919803.89  2.34%     -  155s
     0     0 5919793.13    0 4978 5784225.42 5919793.13  2.34%     -  155s
     0     0 5919646.41    0 5014 5784225.42 5919646.41  2.34%     -  159s
     0     0 5919628.05    0 5041 5784225.42 5919628.05  2.34%     -  168s
     0     0 5919624.07    0 5060 5784225.42 5919624.07  2.34%     -  168s
     0     0 5919538.37    0 5001 5784225.42 5919538.37  2.34%     -  170s
     0     0 5919531.60    0 4566 5784225.42 5919531.60  2.34%     -  174s
     0     2 5919531.59    0 4517 5784225.42 5919531.59  2.34%     -  192s
     3     8 5919521.23    2 4735 5784225.42 5919531.59  2.34%  2609  197s
     7    16 5919515.15    3 4862 5784225.42 5919521.03  2.34%  1847  201s
    25    46 5919490.20    5 4926 5784225.42 5919490.20  2.34%   980  212s
H   26    46                    5803505.1950 5919490.20  2.00%   942  212s
H   30    46                    5806642.9200 5919488.66  1.94%   826  212s
H   42    46                    5807547.0200 5919488.66  1.93%   611  212s
H   44    46                    5810067.0650 5919488.66  1.88%   588  212s
    45    56 5918921.16    6 4864 5810067.06 5919488.66  1.88%   585  231s
    55    66 5919463.32    7 4913 5810067.06 5919488.66  1.88%   524  262s
    65    76 5919271.88    7 4894 5810067.06 5919488.66  1.88%   449  276s
    75    86 5919463.32    8 4914 5810067.06 5919488.66  1.88%   406  293s
    85    96 5919271.88    8 4894 5810067.06 5919488.66  1.88%   371  326s
    95   106 5919463.32    9 4913 5810067.06 5919488.66  1.88%   353  366s
H  100   106                    5813386.5600 5919488.66  1.83%   335  366s
H  105   243                    5828371.9000 5919488.66  1.56%   333  399s
H  105   243                    5834829.0450 5919488.66  1.45%   333  399s
H  242   751                    5835226.5000 5919488.66  1.44%   269  458s
H  750  1149                    5837576.7000 5919488.66  1.40%   228  554s
H  836  1149                    5837800.7800 5919488.66  1.40%   229  554s
H  868  1149                    5838036.7950 5919488.66  1.40%   233  554s
H  943  1149                    5838251.9350 5919488.66  1.39%   227  554s
H  987  1149                    5838585.5400 5919488.66  1.39%   226  554s
H 1096  1149                    5838904.9000 5919488.66  1.38%   230  554s
H 1148  2023                    5839196.4750 5919488.66  1.38%   239  651s
  2022  3045 5919107.15  141 4817 5839196.47 5919488.66  1.38%   215  734s
H 3044  3936                    5847497.3700 5919488.66  1.23%   182  830s
H 3274  3936                    5848996.9450 5919488.66  1.21%   174  830s
H 3870  3936                    5850157.1650 5919488.66  1.19%   157  831s
  3935  4006 5918245.88  377 4723 5850157.16 5919488.66  1.19%   158  914s
  4005  4016 5918240.60  383 4703 5850157.16 5919488.66  1.19%   159  981s
  4015  4026 5918240.60  384 4702 5850157.16 5919488.66  1.19%   159 1066s
  4025  4036 5918240.50  385 4709 5850157.16 5919488.66  1.19%   159 1135s
  4035  4046 5918240.50  386 4709 5850157.16 5919488.66  1.19%   159 1219s
H 4045  4613                    5852574.1800 5919488.66  1.14%   159 1319s
H 4103  4613                    5855744.8800 5919488.66  1.09%   158 1319s
H 4273  4613                    5856673.2200 5919488.66  1.07%   156 1319s
  4612  5258 5918107.82  437 4727 5856673.22 5919488.66  1.07%   150 1409s
H 4615  5258                    5858580.2750 5919488.66  1.04%   150 1409s
H 4676  5258                    5858821.7000 5919488.66  1.04%   150 1409s
H 4746  5258                    5859322.6100 5919488.66  1.03%   151 1409s
H 4838  5258                    5859605.4600 5919488.66  1.02%   150 1409s
H 4876  5258                    5861743.2850 5919488.66  0.99%   150 1409s
  5035  5258 5917483.22  498 4466 5861743.28 5919488.66  0.99%   148 1410s
H 5257  5268                    5861830.3450 5919488.66  0.98%   146 1519s
  5267  5944 5917736.54  487 4675 5861830.34 5919488.66  0.98%   146 1580s
  5943  6008 5917868.29  517 4680 5861830.34 5919488.66  0.98%   144 1706s
H 5966  6008                    5865150.7750 5919488.66  0.93%   144 1706s
H 5972  6008                    5865183.1000 5919488.66  0.93%   144 1706s
H 5989  6008                    5865322.4850 5919488.66  0.92%   145 1706s
H 6007  6500                    5865339.1550 5919488.66  0.92%   145 1760s
  6499  7073 5917312.01  611 4600 5865339.15 5919488.66  0.92%   147 1817s
H 7072  7264                    5865857.1850 5919488.66  0.91%   148 1912s
H 7104  7264                    5865929.8650 5919488.66  0.91%   149 1912s
H 7152  7264                    5866289.8050 5919488.66  0.91%   149 1912s
H 7178  7264                    5866501.7600 5919488.66  0.90%   149 1912s
H 7247  7264                    5866934.7550 5919488.66  0.90%   149 1912s
H 7263  8139                    5867033.2400 5919488.66  0.89%   149 1972s
  8139  8140 5918869.58   75 4566 5867033.24 5919488.66  0.89%   144 2036s
  8141  8141 5918240.45  387 3620 5867033.24 5919488.66  0.89%   144 2058s
  8142  8142 5916859.38  763 3559 5867033.24 5919488.66  0.89%   144 2070s
  8144  8143 5918389.54  356 3827 5867033.24 5919488.66  0.89%   144 2079s
  8145  8144 5919040.08  105 3918 5867033.24 5919488.66  0.89%   144 2084s
  8146  8145 5918921.59  256 4105 5867033.24 5919488.66  0.89%   144 2089s
  8147  8145 5918963.90  140 4231 5867033.24 5919488.66  0.89%   144 2094s
  8148  8146 5918468.91  292 4286 5867033.24 5919488.66  0.89%   144 2098s
  8149  8147 5917853.98  507 4381 5867033.24 5919488.66  0.89%   144 2101s
  8151  8148 5919304.40   34 4487 5867033.24 5919488.66  0.89%   144 2108s
  8152  8149 5918966.61  154 4575 5867033.24 5919357.53  0.89%   144 2112s
  8153  8149 5918253.47  399 4727 5867033.24 5919184.36  0.89%   144 2115s
  8156  8151 5919024.74  119 4922 5867033.24 5919024.74  0.89%   144 2120s
  8159  8153 5919000.20  133 5010 5867033.24 5919019.53  0.89%   144 2127s
  8160  8154 5917028.30  626 4702 5867033.24 5918557.61  0.88%   144 2147s
  8161  8155 5917902.29  462 4807 5867033.24 5918227.35  0.87%   144 2152s
  8162  8155 5917878.64  165 4747 5867033.24 5917878.64  0.87%   144 2156s
  8164  8157 5917674.83   13 4796 5867033.24 5917674.83  0.86%   144 2162s
  8166  8158 5917474.86  410 4834 5867033.24 5917474.86  0.86%   144 2167s
  8168  8159 5917302.81  337 4853 5867033.24 5917302.81  0.86%   144 2172s
  8170  8161 5917237.78  422 4851 5867033.24 5917237.78  0.86%   144 2175s
  8174  8163 5917219.43  137 4967 5867033.24 5917219.43  0.86%   144 2185s
  8175  8164 5916913.85   59 4641 5867033.24 5916913.85  0.85%   144 2217s
  8176  8165 5916722.86  242 4716 5867033.24 5916722.86  0.85%   144 2221s
  8177  8165 5916581.53  644 4707 5867033.24 5916581.53  0.84%   144 2225s
  8179  8167 5916409.73  344 4793 5867033.24 5916409.73  0.84%   144 2231s
  8181  8168 5916307.02  129 4832 5867033.24 5916307.02  0.84%   144 2236s
  8184  8170 5916175.82  331 5019 5867033.24 5916175.82  0.84%   144 2244s
  8185  8171 5916144.25  153 5083 5867033.24 5916144.25  0.84%   144 2247s
  8187  8172 5916020.91  227 5160 5867033.24 5916020.91  0.83%   143 2252s
  8189  8173 5915951.44   19 5133 5867033.24 5915951.44  0.83%   143 2256s
  8191  8175 5915917.30  200 5146 5867033.24 5915917.30  0.83%   143 2261s
  8193  8176 5915889.66  376 5188 5867033.24 5915889.66  0.83%   143 2265s
  8196  8178 5915846.81   42 5179 5867033.24 5915846.81  0.83%   143 2272s
  8198  8179 5915845.75  704 5232 5867033.24 5915845.75  0.83%   143 2281s
H 8198  7769                    5867035.5200 5915721.58  0.83%   143 2295s
H 8198  7379                    5867231.4950 5915721.03  0.83%   143 2309s
H 8198  7009                    5867275.1600 5915721.03  0.83%   143 2322s
  8199  7010 5915721.03  729 4818 5867275.16 5915721.03  0.83%   143 2327s
  8200  7011 5915698.91  285 4937 5867275.16 5915698.91  0.83%   143 2333s
  8201  7011 5915678.40  484 5020 5867275.16 5915678.40  0.82%   143 2336s
  8202  7012 5915636.38  132 5019 5867275.16 5915636.38  0.82%   143 2340s
H 8203  6661                    5867918.7200 5915589.62  0.81%   143 2344s
H 8203  6327                    5868001.4000 5915589.62  0.81%   143 2344s
  8205  6328 5915578.91   11 5140 5868001.40 5915578.91  0.81%   143 2346s
  8207  6329 5915480.01  464 5216 5868001.40 5915480.01  0.81%   143 2351s
  8209  6331 5915445.67  490 5142 5868001.40 5915445.67  0.81%   143 2356s
  8211  6332 5915410.05  364 5128 5868001.40 5915410.05  0.81%   143 2360s
  8214  6334 5915377.35   39 5222 5868001.40 5915377.35  0.81%   143 2365s
  8217  6336 5915354.27  124 5280 5868001.40 5915354.27  0.81%   143 2370s
  8220  6338 5915350.78  605 5317 5868001.40 5915350.78  0.81%   143 2382s
  8221  6339 5915250.09  363 4908 5868001.40 5915250.09  0.81%   143 2432s
  8222  6339 5915240.12  494 5067 5868001.40 5915240.12  0.81%   143 2442s
  8223  6340 5915227.62  579 5149 5868001.40 5915227.62  0.80%   143 2446s
  8225  6341 5915199.71  412 5232 5868001.40 5915199.71  0.80%   143 2452s
  8226  6342 5915193.58   43 5255 5868001.40 5915193.58  0.80%   143 2455s
  8228  6343 5915176.15  436 5309 5868001.40 5915176.15  0.80%   143 2461s
  8230  6345 5915164.69  616 5346 5868001.40 5915164.69  0.80%   143 2465s
  8233  6347 5915131.21  767 5315 5868001.40 5915131.21  0.80%   143 2471s
  8236  6349 5915119.48  518 5434 5868001.40 5915119.48  0.80%   143 2475s
  8238  6350 5915118.55  520 5436 5868001.40 5915118.55  0.80%   143 2483s
  8239  6351 5915046.43   75 5091 5868001.40 5915046.43  0.80%   143 2521s
  8241  6352 5915036.94  387 5269 5868001.40 5915036.94  0.80%   143 2525s
  8243  6353 5915015.39  300 5293 5868001.40 5915015.39  0.80%   143 2531s
  8244  6354 5915002.45  356 5314 5868001.40 5915002.45  0.80%   142 2535s
  8247  6356 5914989.05  140 5427 5868001.40 5914989.05  0.80%   142 2540s
  8250  6358 5914982.98   61 5442 5868001.40 5914982.98  0.80%   142 2548s
  8251  6359 5914965.65   34 5079 5868001.40 5914965.65  0.80%   142 2587s
  8253  6360 5914962.54  399 5286 5868001.40 5914962.54  0.80%   142 2591s
  8256  6362 5914951.33  119 5411 5868001.40 5914951.33  0.80%   142 2595s
H 8257  6043                    5868483.8450 5914945.27  0.79%   142 2597s
H 8257  5739                    5868500.5150 5914945.27  0.79%   142 2597s
  8260  5741 5914942.47  626 5406 5868500.51 5914942.47  0.79%   142 2600s
  8262  5742 5914941.25  165 5388 5868500.51 5914941.25  0.79%   142 2608s
H 8262  5453                    5868647.2850 5914934.85  0.79%   142 2635s
  8263  5454 5914934.85  498 5095 5868647.28 5914934.85  0.79%   142 2648s
  8265  5455 5914932.54  170 5324 5868647.28 5914932.54  0.79%   142 2651s
  8266  5456 5914932.03  410 5348 5868647.28 5914932.03  0.79%   142 2659s
  8267  5456 5914911.01  326 5108 5868647.28 5914911.01  0.79%   142 2787s
  8268  5457 5914909.55  337 5271 5868647.28 5914909.55  0.79%   142 2793s
  8269  5458 5914908.20  491 5321 5868647.28 5914908.20  0.79%   142 2796s
  8272  5460 5914901.70   79 5482 5868647.28 5914901.70  0.79%   142 2800s
  8275  5462 5914890.60   59 5546 5868647.28 5914890.60  0.79%   142 2805s
  8276  5462 5914890.41  242 5554 5868647.28 5914890.41  0.79%   142 2813s
  8277  5463 5914866.92  644 5172 5868647.28 5914866.92  0.79%   142 2856s
  8278  5464 5914866.11  491 5344 5868647.28 5914866.11  0.79%   142 2860s
  8281  5466 5914860.64  129 5518 5868647.28 5914860.64  0.79%   142 2870s
  8282  5466 5914853.11  205 5196 5868647.28 5914853.11  0.79%   142 2897s
  8283  5467 5914851.88   91 5355 5868647.28 5914851.88  0.79%   142 2901s
  8285  5468 5914847.38  153 5466 5868647.28 5914847.38  0.79%   142 2906s
  8287  5470 5914837.41  227 5587 5868647.28 5914837.41  0.79%   142 2910s
  8290  5472 5914827.24  101 5656 5868647.28 5914827.24  0.79%   142 2915s

Cutting planes:
  Gomory: 258
  Cover: 9
  Clique: 2518
  MIR: 93
  Mixing: 9
  Flow cover: 588
  GUB cover: 10
  Zero half: 695
  Relax-and-lift: 57

Explored 8290 nodes (1660127 simplex iterations) in 2916.44 seconds (2284.51 work units)
Thread count was 12 (of 12 available processors)

Solution count 10: 5.86865e+06 5.8685e+06 5.86848e+06 ... 5.86693e+06

Time limit reached
Best objective 5.868647285000e+06, best bound 5.914827237638e+06, gap 0.7869%
