
Gurobi 12.0.1 (win64) logging started Thu Mar  6 00:56:22 2025

Set parameter LogFile to value "logs\full_M_65_subset15_restricted_seed42_SEQ2.log"
Gurobi Optimizer version 12.0.1 build v12.0.1rc0 (win64 - Windows 11.0 (22631.2))

CPU model: 13th Gen Intel(R) Core(TM) i7-1355U, instruction set [SSE2|AVX|AVX2]
Thread count: 10 physical cores, 12 logical processors, using up to 12 threads

Non-default parameters:
TimeLimit  3.5833566997051239e+03
MIPGap  0.001

Optimize a model with 1367954 rows, 200811 columns and 2376087 nonzeros
Model fingerprint: 0xd98e6ff7
Variable types: 0 continuous, 200811 integer (200641 binary)
Coefficient statistics:
  Matrix range     [4e-01, 3e+01]
  Objective range  [1e-02, 2e+05]
  Bounds range     [1e+00, 3e+00]
  RHS range        [1e+00, 1e+01]
Found heuristic solution: objective -3606212.850
Presolve removed 1050852 rows and 77906 columns (presolve time = 5s)...
Presolve removed 1071519 rows and 83234 columns (presolve time = 10s)...
Presolve removed 1081982 rows and 84102 columns (presolve time = 15s)...
Presolve removed 1092916 rows and 97814 columns (presolve time = 20s)...
Presolve removed 1116161 rows and 97952 columns
Presolve time: 21.50s
Presolved: 251793 rows, 102859 columns, 1057892 nonzeros
Variable types: 0 continuous, 102859 integer (102858 binary)
Performing another presolve...
Presolve removed 21976 rows and 1567 columns (presolve time = 5s)...
Presolve removed 25326 rows and 2261 columns (presolve time = 10s)...
Presolve removed 26459 rows and 2663 columns (presolve time = 15s)...
Presolve removed 26476 rows and 2683 columns
Presolve time: 17.97s

Deterministic concurrent LP optimizer: primal simplex, dual simplex, and barrier
Showing barrier log only...

Root barrier log...

Ordering time: 2.38s

Barrier statistics:
 Dense cols : 20
 AA' NZ     : 5.238e+06
 Factor NZ  : 1.391e+07 (roughly 200 MB of memory)
 Factor Ops : 1.828e+09 (less than 1 second per iteration)
 Threads    : 8

                  Objective                Residual
Iter       Primal          Dual         Primal    Dual     Compl     Time
   0   1.95246552e+09  6.03927994e+08  2.37e+03 1.86e+04  7.12e+05    52s
   1   1.30312927e+09  8.60818897e+08  1.65e+03 2.81e+04  5.06e+05    52s
   2   8.52217447e+08  1.17967826e+09  1.13e+03 1.60e+04  3.22e+05    53s
   3   3.69317742e+08  1.74946303e+09  5.39e+02 5.32e+03  1.53e+05    53s
   4   1.21403951e+08  1.93072077e+09  1.86e+02 4.13e+02  5.46e+04    54s
   5   5.59915295e+07  1.60093038e+09  8.60e+01 4.53e+01  2.49e+04    54s
   6   3.64823415e+07  1.24593115e+09  5.69e+01 5.24e-10  1.51e+04    55s
   7   2.26176790e+07  7.96156646e+08  3.62e+01 4.07e-10  7.95e+03    55s
   8   7.09592845e+06  4.99769045e+08  1.31e+01 4.07e-10  3.16e+03    56s
   9   1.05083144e+06  2.01442226e+08  4.20e+00 8.44e-10  9.70e+02    56s
  10  -3.83125925e+05  1.32507687e+08  1.76e+00 4.95e-10  5.54e+02    57s
  11  -6.23647522e+05  8.31410305e+07  9.91e-01 3.06e-10  3.30e+02    57s
  12  -3.43966667e+05  5.51305484e+07  5.76e-01 2.04e-10  2.12e+02    58s
  13  -4.06829044e+04  3.89437827e+07  4.22e-01 1.60e-10  1.47e+02    58s
  14   6.08280518e+05  3.44054703e+07  3.14e-01 1.42e-10  1.26e+02    59s
  15   1.45128306e+06  2.62957036e+07  2.09e-01 1.07e-10  9.21e+01    59s
  16   2.21508789e+06  2.18190492e+07  1.49e-01 8.07e-11  7.24e+01    60s
  17   2.54768191e+06  2.09512898e+07  1.23e-01 7.58e-11  6.77e+01    60s
  18   2.86888928e+06  1.95861338e+07  1.04e-01 7.25e-11  6.14e+01    61s
  19   3.27881717e+06  1.45875825e+07  8.93e-02 4.31e-11  4.16e+01    61s
  20   3.37804708e+06  1.36242566e+07  8.33e-02 3.88e-11  3.77e+01    62s
  21   3.70003196e+06  1.11719173e+07  6.99e-02 2.75e-11  2.75e+01    63s
  22   3.87585648e+06  9.90775719e+06  6.30e-02 1.88e-11  2.23e+01    64s
  23   3.98135117e+06  9.28080955e+06  5.74e-02 1.98e-11  1.95e+01    64s
  24   4.21685307e+06  8.99129666e+06  4.57e-02 1.91e-11  1.76e+01    65s
  25   4.33168832e+06  8.41850702e+06  3.99e-02 1.53e-11  1.50e+01    65s
  26   4.41088482e+06  8.17934944e+06  3.55e-02 1.66e-11  1.38e+01    66s
  27   4.49442372e+06  7.72098918e+06  3.06e-02 1.49e-11  1.18e+01    67s
  28   4.54720090e+06  7.53808124e+06  2.76e-02 1.63e-11  1.10e+01    68s
  29   4.59871181e+06  7.38656801e+06  2.48e-02 1.50e-11  1.02e+01    68s
  30   4.65519934e+06  7.10677609e+06  2.06e-02 1.31e-11  8.97e+00    69s
  31   4.71344613e+06  6.73804375e+06  1.67e-02 1.13e-11  7.41e+00    69s
  32   4.78593601e+06  6.39183363e+06  1.17e-02 1.07e-11  5.88e+00    70s
  33   4.82461045e+06  6.23580338e+06  8.38e-03 6.07e-12  5.17e+00    70s
  34   4.93122271e+06  6.16166538e+06  2.58e-03 1.20e-11  4.49e+00    71s
  35   5.00423130e+06  6.05767448e+06  1.90e-03 8.64e-12  3.84e+00    71s
  36   5.05251024e+06  5.94451553e+06  1.57e-03 9.38e-12  3.25e+00    72s

Barrier performed 36 iterations in 71.77 seconds (26.11 work units)
Barrier solve interrupted - model solved by another algorithm

Concurrent spin time: 0.93s

Solved with dual simplex

Root relaxation: objective 5.343594e+06, 68033 iterations, 29.41 seconds (5.59 work units)
Total elapsed time = 71.97s (DegenMoves)
Total elapsed time = 79.59s (DegenMoves)
Total elapsed time = 83.74s (DegenMoves)
Total elapsed time = 86.71s (DegenMoves)

    Nodes    |    Current Node    |     Objective Bounds      |     Work
 Expl Unexpl |  Obj  Depth IntInf | Incumbent    BestBd   Gap | It/Node Time

     0     0 5343593.60    0 17360 -3606212.9 5343593.60   248%     -   89s
H    0     0                    186178.54000 5343593.60  2770%     -   89s
H    0     0                    303527.54517 5343593.60  1660%     -   93s
H    0     0                    450660.99017 5343593.60  1086%     -   93s
H    0     0                    625265.28517 5343593.60   755%     -   93s
H    0     0                    641945.28517 5343593.60   732%     -   93s
H    0     0                    663129.74517 5343593.60   706%     -   94s
H    0     0                    693751.71017 5343593.60   670%     -   94s
H    0     0                    694048.97517 5343593.60   670%     -   95s
H    0     0                    695662.24517 5343593.60   668%     -   95s
H    0     0                    696982.24517 5343593.60   667%     -   95s
H    0     0                    699582.24517 5343593.60   664%     -   95s
H    0     0                    704839.90517 5343593.60   658%     -   95s
H    0     0                    707119.90517 5343593.60   656%     -   95s
H    0     0                    708519.90517 5343593.60   654%     -   96s
H    0     0                    719487.44517 5343593.60   643%     -   96s
H    0     0                    724607.44517 5343593.60   637%     -   96s
H    0     0                    732715.00517 5343593.60   629%     -   97s
H    0     0                    734619.71517 5343593.60   627%     -   97s
H    0     0                    737171.86017 5343593.60   625%     -   99s
H    0     0                    740171.86017 5343593.60   622%     -   99s
H    0     0                    764704.57032 5343593.60   599%     -  103s
H    0     0                    767788.03017 5343593.60   596%     -  103s
H    0     0                    772217.88517 5343593.60   592%     -  104s
H    0     0                    773617.88517 5343593.60   591%     -  104s
H    0     0                    798960.78611 5343593.60   569%     -  105s
H    0     0                    800119.21017 5343593.60   568%     -  105s
H    0     0                    802592.02017 5343593.60   566%     -  105s
H    0     0                    805413.45686 5343593.60   563%     -  105s
H    0     0                    808708.24686 5343593.60   561%     -  105s
H    0     0                    2513107.0569 5343593.60   113%     -  108s
H    0     0                    2680707.0569 5343593.60  99.3%     -  108s
H    0     0                    2842657.9100 5343593.60  88.0%     -  112s
H    0     0                    3023775.3700 5343593.60  76.7%     -  112s
H    0     0                    3037639.4250 5343593.60  75.9%     -  112s
H    0     0                    3088751.3900 5343593.60  73.0%     -  112s
H    0     0                    3103117.5200 5343593.60  72.2%     -  112s
H    0     0                    3105047.2250 5343593.60  72.1%     -  113s
H    0     0                    3105847.2250 5343593.60  72.0%     -  114s
H    0     0                    3123176.5250 5343593.60  71.1%     -  114s
H    0     0                    3123456.5250 5343593.60  71.1%     -  114s
H    0     0                    3126659.2050 5343593.60  70.9%     -  116s
H    0     0                    3128579.2950 5343593.60  70.8%     -  116s
H    0     0                    3131035.2800 5343593.60  70.7%     -  118s
H    0     0                    3183571.7250 5343593.60  67.8%     -  119s
H    0     0                    3189502.6900 5343593.60  67.5%     -  120s
H    0     0                    3189607.0300 5343593.60  67.5%     -  121s
H    0     0                    3192193.7550 5343593.60  67.4%     -  121s
H    0     0                    3192273.7550 5343593.60  67.4%     -  121s
H    0     0                    3199834.2050 5343593.60  67.0%     -  121s
H    0     0                    3203742.4850 5343593.60  66.8%     -  121s
H    0     0                    3204862.4850 5343593.60  66.7%     -  121s
H    0     0                    3204902.4850 5343593.60  66.7%     -  122s
H    0     0                    3207326.5400 5343593.60  66.6%     -  122s
H    0     0                    3208446.5400 5343593.60  66.5%     -  122s
H    0     0                    3208926.5400 5343593.60  66.5%     -  122s
H    0     0                    3210218.1561 5343593.60  66.5%     -  122s
H    0     0                    3211502.1750 5343593.60  66.4%     -  122s
H    0     0                    3212222.1750 5343593.60  66.4%     -  123s
H    0     0                    3467438.2950 5343593.60  54.1%     -  125s
     0     0 5256535.92    0 17913 3467438.29 5256535.92  51.6%     -  152s
H    0     0                    3474758.2950 5256487.88  51.3%     -  153s
H    0     0                    3476719.1600 5256487.88  51.2%     -  156s
H    0     0                    3485827.2550 5256487.88  50.8%     -  157s
H    0     0                    3492230.9200 5256487.88  50.5%     -  157s
H    0     0                    3518452.8400 5256487.88  49.4%     -  157s
H    0     0                    3518802.0800 5256487.88  49.4%     -  157s
H    0     0                    3547285.9400 5256487.88  48.2%     -  157s
H    0     0                    3547589.3900 5256487.88  48.2%     -  157s
H    0     0                    3562408.9150 5256487.88  47.6%     -  158s
H    0     0                    3570184.5300 5256487.88  47.2%     -  158s
H    0     0                    3591833.4950 5256487.88  46.3%     -  161s
H    0     0                    3592485.5350 5256487.88  46.3%     -  161s
H    0     0                    3607430.5150 5256487.88  45.7%     -  162s
H    0     0                    3612830.5150 5256487.88  45.5%     -  162s
H    0     0                    3613310.5150 5256487.88  45.5%     -  162s
H    0     0                    3616550.5150 5256487.88  45.3%     -  162s
H    0     0                    3650795.3850 5256487.88  44.0%     -  162s
H    0     0                    3652595.3850 5256487.88  43.9%     -  162s
H    0     0                    3680328.6600 5256487.88  42.8%     -  163s
H    0     0                    3686580.3600 5256487.88  42.6%     -  163s
H    0     0                    3688276.3050 5256487.88  42.5%     -  164s
H    0     0                    3689777.3550 5256487.88  42.5%     -  164s
H    0     0                    3690424.6050 5256487.88  42.4%     -  164s
H    0     0                    3690693.8050 5256487.88  42.4%     -  165s
H    0     0                    3692108.6250 5256487.88  42.4%     -  165s
H    0     0                    3692630.9850 5256487.88  42.4%     -  165s
H    0     0                    3773269.9800 5256487.88  39.3%     -  167s
     0     0 5250815.39    0 17618 3773269.98 5250815.39  39.2%     -  172s
     0     0 5250156.94    0 17671 3773269.98 5250156.94  39.1%     -  175s
     0     0 5250115.11    0 17672 3773269.98 5250115.11  39.1%     -  178s
     0     0 5250115.03    0 17698 3773269.98 5250115.03  39.1%     -  181s
     0     0 5141260.47    0 17180 3773269.98 5141260.47  36.3%     -  209s
H    0     0                    3783349.9800 5141260.47  35.9%     -  209s
H    0     0                    3791570.7750 5141260.47  35.6%     -  210s
H    0     0                    3793010.7750 5141260.47  35.5%     -  212s
     0     0 5127640.36    0 17134 3793010.77 5127640.36  35.2%     -  223s
     0     0 5126983.54    0 17292 3793010.77 5126983.54  35.2%     -  227s
     0     0 5126717.45    0 17299 3793010.77 5126717.45  35.2%     -  230s
     0     0 5126688.41    0 17347 3793010.77 5126688.41  35.2%     -  231s
     0     0 5045446.89    0 16642 3793010.77 5045446.89  33.0%     -  296s
H    0     0                    3833685.5550 5045446.89  31.6%     -  301s
H    0     0                    3854685.8400 5045446.89  30.9%     -  301s
H    0     0                    3855805.8400 5045446.89  30.9%     -  301s
H    0     0                    3857532.1300 5045446.89  30.8%     -  302s
H    0     0                    3859475.7400 5045446.89  30.7%     -  303s
H    0     0                    3859572.1300 5045446.89  30.7%     -  303s
H    0     0                    3922089.7150 5045446.89  28.6%     -  304s
H    0     0                    3926342.3300 5045446.89  28.5%     -  304s
H    0     0                    3926691.5700 5045446.89  28.5%     -  305s
H    0     0                    3941166.7150 5045446.89  28.0%     -  306s
H    0     0                    3942286.7150 5045446.89  28.0%     -  306s
H    0     0                    3955925.0000 5045446.89  27.5%     -  306s
H    0     0                    3958761.9100 5045446.89  27.5%     -  307s
H    0     0                    3959965.0000 5045446.89  27.4%     -  307s
H    0     0                    3960405.0000 5045446.89  27.4%     -  308s
H    0     0                    3974464.1175 5045446.89  26.9%     -  308s
H    0     0                    3975922.9900 5045446.89  26.9%     -  308s
H    0     0                    3976399.9000 5045446.89  26.9%     -  311s
H    0     0                    3981539.5050 5045446.89  26.7%     -  311s
H    0     0                    3981613.3550 5045446.89  26.7%     -  311s
H    0     0                    4009130.4200 5045446.89  25.8%     -  313s
     0     0 4962489.95    0 16387 4009130.42 4962489.95  23.8%     -  352s
     0     0 4952574.06    0 16443 4009130.42 4952574.06  23.5%     -  361s
     0     0 4951552.42    0 16538 4009130.42 4951552.42  23.5%     -  365s
     0     0 4951378.21    0 16705 4009130.42 4951378.21  23.5%     -  366s
     0     0 4951369.69    0 16752 4009130.42 4951369.69  23.5%     -  367s
     0     0 4865884.74    0 15797 4009130.42 4865884.74  21.4%     -  425s
H    0     0                    4010732.4700 4865883.71  21.3%     -  426s
H    0     0                    4015050.7000 4865883.71  21.2%     -  427s
H    0     0                    4021251.6700 4865883.71  21.0%     -  428s
H    0     0                    4027885.8050 4865883.71  20.8%     -  428s
H    0     0                    4031781.9950 4865883.71  20.7%     -  428s
H    0     0                    4035867.0700 4865883.71  20.6%     -  428s
H    0     0                    4038107.0700 4865883.71  20.5%     -  428s
H    0     0                    4038693.8300 4865883.71  20.5%     -  429s
H    0     0                    4052756.1850 4865883.71  20.1%     -  429s
H    0     0                    4067592.6152 4865883.71  19.6%     -  430s
H    0     0                    4069729.2100 4865883.71  19.6%     -  430s
H    0     0                    4069748.0700 4865883.71  19.6%     -  431s
H    0     0                    4075934.5750 4865883.71  19.4%     -  431s
     0     0 4852228.28    0 16156 4075934.57 4852228.28  19.0%     -  455s
     0     0 4851048.13    0 16251 4075934.57 4851048.13  19.0%     -  468s
     0     0 4850737.35    0 16442 4075934.57 4850737.35  19.0%     -  473s
     0     0 4850650.77    0 16444 4075934.57 4850650.77  19.0%     -  476s
     0     0 4805410.75    0 15666 4075934.57 4805410.75  17.9%     -  560s
H    0     0                    4076001.0550 4805386.62  17.9%     -  562s
H    0     0                    4086637.9950 4805386.62  17.6%     -  565s
H    0     0                    4088188.5800 4805386.62  17.5%     -  565s
H    0     0                    4089345.4200 4805386.62  17.5%     -  565s
H    0     0                    4101951.8550 4805386.62  17.1%     -  568s
H    0     0                    4105231.8550 4805386.62  17.1%     -  568s
H    0     0                    4108191.8550 4805386.62  17.0%     -  568s
H    0     0                    4109031.8550 4805386.62  16.9%     -  568s
H    0     0                    4109591.8550 4805386.62  16.9%     -  568s
H    0     0                    4120103.3550 4805386.62  16.6%     -  568s
H    0     0                    4121543.3550 4805386.62  16.6%     -  568s
H    0     0                    4141838.4950 4805386.62  16.0%     -  569s
H    0     0                    4143990.6400 4805386.62  16.0%     -  569s
H    0     0                    4144683.2900 4805386.62  15.9%     -  570s
H    0     0                    4157995.4350 4805386.62  15.6%     -  572s
H    0     0                    4159915.4350 4805386.62  15.5%     -  572s
     0     0 4797914.22    0 16075 4159915.43 4797914.22  15.3%     -  625s
     0     0 4796780.81    0 16151 4159915.43 4796780.81  15.3%     -  647s
     0     0 4796548.04    0 16210 4159915.43 4796548.04  15.3%     -  660s
     0     0 4796490.15    0 16171 4159915.43 4796490.15  15.3%     -  667s
     0     0 4762675.21    0 15645 4159915.43 4762675.21  14.5%     -  777s
H    0     0                    4160859.9850 4762647.66  14.5%     -  781s
H    0     0                    4161111.6900 4762647.66  14.5%     -  782s
H    0     0                    4161960.7700 4762647.66  14.4%     -  782s
H    0     0                    4163979.8750 4762647.66  14.4%     -  782s
H    0     0                    4168422.9350 4762647.66  14.3%     -  782s
H    0     0                    4172432.6450 4762647.66  14.1%     -  783s
H    0     0                    4172451.1300 4762647.66  14.1%     -  783s
H    0     0                    4175587.7170 4762647.66  14.1%     -  785s
H    0     0                    4175867.7170 4762647.66  14.1%     -  785s
H    0     0                    4176069.4469 4762647.66  14.0%     -  786s
H    0     0                    4179147.9019 4762647.66  14.0%     -  787s
     0     0 4758150.19    0 15906 4179147.90 4758150.19  13.9%     -  805s
     0     0 4757246.48    0 16091 4179147.90 4757246.48  13.8%     -  812s
     0     0 4757084.48    0 16255 4179147.90 4757084.48  13.8%     -  816s
     0     0 4757057.42    0 16226 4179147.90 4757057.42  13.8%     -  818s
     0     0 4727283.26    0 15580 4179147.90 4727283.26  13.1%     -  848s
H    0     0                    4180387.9020 4727282.04  13.1%     -  848s
H    0     0                    4180987.9020 4727282.04  13.1%     -  849s
     0     0 4721751.01    0 15924 4180987.90 4721751.01  12.9%     -  863s
     0     0 4720996.15    0 15975 4180987.90 4720996.15  12.9%     -  869s
     0     0 4720816.25    0 15993 4180987.90 4720816.25  12.9%     -  873s
     0     0 4720756.65    0 16033 4180987.90 4720756.65  12.9%     -  876s
     0     0 4701424.75    0 15962 4180987.90 4701424.75  12.4%     - 1482s
     0     0 4697934.91    0 16085 4180987.90 4697934.91  12.4%     - 1628s
     0     0 4697016.79    0 16211 4180987.90 4697016.79  12.3%     - 1675s
     0     0 4696809.37    0 16404 4180987.90 4696809.37  12.3%     - 1686s
     0     0 4696772.68    0 16331 4180987.90 4696772.68  12.3%     - 1692s
     0     0 4682713.90    0 16347 4180987.90 4682713.90  12.0%     - 1753s
H    0     0                    4191337.6050 4682710.46  11.7%     - 1755s
H    0     0                    4193956.2100 4682710.46  11.7%     - 1755s
H    0     0                    4195636.2100 4682710.46  11.6%     - 1755s
H    0     0                    4196799.3700 4682710.46  11.6%     - 1755s
H    0     0                    4197999.3700 4682710.46  11.5%     - 1755s
H    0     0                    4198585.2557 4682710.46  11.5%     - 1755s
H    0     0                    4198676.2800 4682710.46  11.5%     - 1756s
H    0     0                    4201900.3350 4682710.46  11.4%     - 1756s
     0     0 4679600.68    0 16321 4201900.33 4679600.68  11.4%     - 1778s
     0     0 4678986.99    0 16424 4201900.33 4678986.99  11.4%     - 1789s
     0     0 4678744.22    0 16429 4201900.33 4678744.22  11.3%     - 1803s
     0     0 4678685.46    0 16490 4201900.33 4678685.46  11.3%     - 1808s
     0     0 4669744.77    0 16175 4201900.33 4669744.77  11.1%     - 1887s
     0     0 4667627.17    0 16137 4201900.33 4667627.17  11.1%     - 1934s
     0     0 4667094.18    0 16327 4201900.33 4667094.18  11.1%     - 1952s
     0     0 4667003.33    0 16440 4201900.33 4667003.33  11.1%     - 1964s
     0     0 4659674.99    0 16139 4201900.33 4659674.99  10.9%     - 2042s
H    0     0                    4209955.3350 4659600.76  10.7%     - 2044s
H    0     0                    4210427.0900 4659600.76  10.7%     - 2045s
H    0     0                    4211740.2009 4659600.76  10.6%     - 2045s
H    0     0                    4212240.2959 4659600.76  10.6%     - 2047s
     0     0 4658277.25    0 16156 4212240.30 4658277.25  10.6%     - 2070s
     0     0 4657917.37    0 16257 4212240.30 4657917.37  10.6%     - 2081s
     0     0 4657773.31    0 16242 4212240.30 4657773.31  10.6%     - 2086s
     0     0 4651481.91    0 16131 4212240.30 4651481.91  10.4%     - 2133s
     0     0 4650413.15    0 16234 4212240.30 4650413.15  10.4%     - 2173s
     0     0 4650170.87    0 16317 4212240.30 4650170.87  10.4%     - 2192s
     0     0 4649826.19    0 16360 4212240.30 4649826.19  10.4%     - 2203s
     0     0 4649763.41    0 16428 4212240.30 4649763.41  10.4%     - 2211s
     0     0 4645862.27    0 16260 4212240.30 4645862.27  10.3%     - 2268s
H    0     0                    4218123.3950 4645862.27  10.1%     - 2274s
H    0     0                    4219947.1500 4645862.27  10.1%     - 2275s
H    0     0                    4221094.2300 4645862.27  10.1%     - 2275s
H    0     0                    4226614.2300 4645862.27  9.92%     - 2280s
     0     0 4645116.09    0 16433 4226614.23 4645116.09  9.90%     - 2324s
     0     0 4644878.09    0 16719 4226614.23 4644878.09  9.90%     - 2351s
     0     0 4642078.14    0 16495 4226614.23 4642078.14  9.83%     - 2443s
     0     0 4640864.60    0 16465 4226614.23 4640864.60  9.80%     - 2500s
     0     0 4640556.48    0 16502 4226614.23 4640556.48  9.79%     - 2532s
     0     0 4640498.55    0 16578 4226614.23 4640498.55  9.79%     - 2550s
     0     0 4638530.45    0 16041 4226614.23 4638530.45  9.75%     - 2605s
H    0     0                    4227041.9650 4638530.45  9.73%     - 2609s
H    0     0                    4230060.8500 4638530.45  9.66%     - 2609s
H    0     0                    4230086.6600 4638530.45  9.66%     - 2611s
H    0     0                    4237385.8250 4638530.45  9.47%     - 2611s
H    0     0                    4238786.8968 4638530.45  9.43%     - 2612s
H    0     0                    4239102.4572 4638530.45  9.42%     - 2614s
H    0     0                    4239302.4550 4638530.45  9.42%     - 2614s
H    0     0                    4239302.4566 4638530.45  9.42%     - 2614s
H    0     0                    4241702.4566 4638530.45  9.36%     - 2616s
     0     0 4637934.97    0 16497 4241702.46 4637934.97  9.34%     - 2670s
     0     0 4637759.68    0 16680 4241702.46 4637759.68  9.34%     - 2707s
     0     0 4635742.49    0 16379 4241702.46 4635742.49  9.29%     - 2798s
     0     0 4634897.60    0 16326 4241702.46 4634897.60  9.27%     - 2905s
     0     0 4634740.07    0 16545 4241702.46 4634740.07  9.27%     - 2934s
     0     0 4630604.40    0 16311 4241702.46 4630604.40  9.17%     - 3016s
H    0     0                    4247887.3851 4630604.40  9.01%     - 3025s
H    0     0                    4248018.2950 4630604.40  9.01%     - 3025s
H    0     0                    4248510.0000 4630604.40  8.99%     - 3026s
H    0     0                    4248578.9756 4630604.40  8.99%     - 3026s
H    0     0                    4248803.6856 4630604.40  8.99%     - 3026s
H    0     0                    4248838.0250 4630604.40  8.99%     - 3026s
H    0     0                    4249146.3050 4630604.40  8.98%     - 3027s
H    0     0                    4249146.3056 4630604.40  8.98%     - 3027s
H    0     0                    4249236.1550 4630604.40  8.97%     - 3028s
H    0     0                    4251401.9200 4630604.40  8.92%     - 3029s
     0     0 4629679.44    0 16441 4251401.92 4629679.44  8.90%     - 3069s
     0     0 4629497.03    0 16564 4251401.92 4629497.03  8.89%     - 3087s
     0     0 4628105.21    0 16443 4251401.92 4628105.21  8.86%     - 3131s
     0     0 4627770.21    0 16528 4251401.92 4627770.21  8.85%     - 3153s
     0     0 4627634.84    0 16622 4251401.92 4627634.84  8.85%     - 3167s
     0     0 4626844.93    0 16565 4251401.92 4626844.93  8.83%     - 3196s
     0     0 4626844.93    0 15554 4251401.92 4626844.93  8.83%     - 3209s
H    0     0                    4252355.0050 4626799.30  8.81%     - 3267s
H    0     0                    4252704.2150 4626799.30  8.80%     - 3267s
H    0     0                    4253970.8753 4626799.30  8.76%     - 3268s
H    0     0                    4254104.4150 4626799.30  8.76%     - 3268s
H    0     0                    4254104.4163 4626799.30  8.76%     - 3268s

Cutting planes:
  Gomory: 33
  Cover: 1053
  Implied bound: 847
  Dual implied bound: 3
  Clique: 504
  MIR: 5168
  StrongCG: 1526
  GUB cover: 352
  Zero half: 1589
  Mod-K: 45
  RLT: 720
  Relax-and-lift: 1350
  BQP: 254
  PSD: 2

Explored 1 nodes (902226 simplex iterations) in 3583.55 seconds (1061.60 work units)
Thread count was 12 (of 12 available processors)

Solution count 10: 4.2541e+06 4.2541e+06 4.25397e+06 ... 4.24884e+06

Time limit reached
Best objective 4.254104416232e+06, best bound 4.626799296034e+06, gap 8.7608%
