
Gurobi 12.0.1 (win64) logging started Wed Mar 18 21:17:24 2026

Set parameter LogFile to value "logs\full_L_65_restricted_subset15_25it_w_max_cap200_seed42_CG.log"
Gurobi Optimizer version 12.0.1 build v12.0.1rc0 (win64 - Windows 11.0 (26100.2))

CPU model: 13th Gen Intel(R) Core(TM) i7-1355U, instruction set [SSE2|AVX|AVX2]
Thread count: 10 physical cores, 12 logical processors, using up to 12 threads

Non-default parameters:
TimeLimit  9.9739383149147034e+02
FeasibilityTol  1e-09
MIPGap  0.005

Optimize a model with 10668 rows, 143813 columns and 1137302 nonzeros
Model fingerprint: 0xc814199d
Variable types: 0 continuous, 143813 integer (143643 binary)
Coefficient statistics:
  Matrix range     [4e-01, 1e+02]
  Objective range  [1e-02, 2e+05]
  Bounds range     [1e+00, 3e+00]
  RHS range        [1e+00, 3e+00]
Presolve removed 1402 rows and 10928 columns
Presolve time: 2.77s
Presolved: 9266 rows, 132885 columns, 1034784 nonzeros
Variable types: 0 continuous, 132885 integer (132879 binary)
Found heuristic solution: objective -3126349.940
Found heuristic solution: objective -3068582.400
Found heuristic solution: objective -2790645.350
Deterministic concurrent LP optimizer: primal simplex, dual simplex, and barrier
Showing barrier log only...

Root barrier log...

Ordering time: 0.07s

Barrier statistics:
 AA' NZ     : 1.763e+05
 Factor NZ  : 3.020e+05 (roughly 60 MB of memory)
 Factor Ops : 1.170e+07 (less than 1 second per iteration)
 Threads    : 8

                  Objective                Residual
Iter       Primal          Dual         Primal    Dual     Compl     Time
   0   7.74471654e+09  7.98071651e+06  8.59e+04 2.62e+03  4.68e+04     4s
   1   2.71092404e+09  2.33511725e+07  3.01e+04 1.02e+03  1.66e+04     4s
   2   3.49539412e+08  3.08865573e+07  3.82e+03 4.52e+02  2.28e+03     4s
   3   1.22194553e+08  2.59349435e+07  1.30e+03 1.07e+02  8.00e+02     4s
   4   6.27127754e+07  2.09338652e+07  6.47e+02 3.35e+01  4.01e+02     4s
   5   2.87240283e+07  1.66501917e+07  2.73e+02 1.39e+01  1.77e+02     4s
   6   9.33064918e+06  1.33084528e+07  5.97e+01 6.70e+00  5.85e+01     4s
   7   6.48828590e+06  9.56087352e+06  2.75e+01 2.95e+00  2.77e+01     4s
   8   5.33597510e+06  7.99702026e+06  1.37e+01 1.91e+00  1.70e+01     4s
   9   4.80154215e+06  6.48950485e+06  6.46e+00 1.04e+00  9.15e+00     4s
  10   4.74646271e+06  5.96535282e+06  5.47e+00 7.56e-01  6.84e+00     4s
  11   4.63104456e+06  5.53240513e+06  2.99e+00 5.13e-01  4.56e+00     5s
  12   4.61840859e+06  5.46734603e+06  2.66e+00 4.81e-01  4.23e+00     5s
  13   4.59836917e+06  5.28246534e+06  1.91e+00 3.92e-01  3.33e+00     5s
  14   4.59047026e+06  5.06853147e+06  1.14e+00 2.73e-01  2.27e+00     5s
  15   4.59182003e+06  4.86832560e+06  8.80e-01 1.56e-01  1.40e+00     5s
  16   4.60431655e+06  4.78629657e+06  5.73e-01 9.74e-02  9.14e-01     5s
  17   4.61538336e+06  4.72986700e+06  4.25e-01 5.67e-02  6.01e-01     5s
  18   4.62358556e+06  4.71636756e+06  3.30e-01 4.33e-02  4.81e-01     5s
  19   4.63224481e+06  4.69960072e+06  2.48e-01 2.99e-02  3.52e-01     5s
  20   4.64232348e+06  4.69073315e+06  1.69e-01 2.18e-02  2.49e-01     5s
  21   4.65019229e+06  4.68227043e+06  1.15e-01 1.39e-02  1.66e-01     5s
  22   4.65576337e+06  4.67839296e+06  8.03e-02 9.07e-03  1.17e-01     5s
  23   4.66127634e+06  4.67583751e+06  4.69e-02 6.51e-03  7.31e-02     5s
  24   4.66372338e+06  4.67393427e+06  3.35e-02 4.34e-03  5.15e-02     5s
  25   4.66508829e+06  4.67319158e+06  2.61e-02 3.45e-03  4.07e-02     5s
  26   4.66674677e+06  4.67235675e+06  1.74e-02 2.44e-03  2.79e-02     5s
  27   4.66756513e+06  4.67167011e+06  1.37e-02 1.59e-03  2.08e-02     5s
  28   4.66864258e+06  4.67113738e+06  8.16e-03 9.03e-04  1.26e-02     5s
  29   4.66936590e+06  4.67069508e+06  4.57e-03 3.49e-04  6.78e-03     5s
  30   4.66990184e+06  4.67054903e+06  2.08e-03 1.80e-04  3.24e-03     6s
  31   4.67000598e+06  4.67050204e+06  1.62e-03 1.28e-04  2.49e-03     6s
  32   4.67019045e+06  4.67043813e+06  7.72e-04 5.36e-05  1.23e-03     6s
  33   4.67028074e+06  4.67040363e+06  4.05e-04 2.03e-05  6.19e-04     6s
  34   4.67032343e+06  4.67039058e+06  2.32e-04 8.16e-06  3.43e-04     6s
  35   4.67035795e+06  4.67038456e+06  9.08e-05 2.71e-06  1.35e-04     6s
  36   4.67037216e+06  4.67038281e+06  3.35e-05 1.09e-06  5.30e-05     6s
  37   4.67037547e+06  4.67038183e+06  2.07e-05 4.50e-07  3.19e-05     6s
  38   4.67038006e+06  4.67038148e+06  3.15e-06 2.53e-07  6.54e-06     6s
  39   4.67038097e+06  4.67038110e+06  1.54e-07 3.36e-08  5.33e-07     6s
  40   4.67038103e+06  4.67038104e+06  1.34e-09 5.16e-10  7.89e-09     6s

Barrier solved model in 40 iterations and 5.91 seconds (6.97 work units)
Optimal objective 4.67038103e+06


Root crossover log...

    1993 DPushes remaining with DInf 0.0000000e+00                 6s
       0 DPushes remaining with DInf 0.0000000e+00                 6s

   26673 PPushes remaining with PInf 1.2738774e-05                 6s
       0 PPushes remaining with PInf 0.0000000e+00                 7s

  Push phase complete: Pinf 0.0000000e+00, Dinf 1.1195004e+02      7s


Root simplex log...

Iteration    Objective       Primal Inf.    Dual Inf.      Time
   28562    4.6703810e+06   0.000000e+00   1.119500e+02      7s
   28577    4.6703810e+06   0.000000e+00   0.000000e+00      7s
Concurrent spin time: 1.13s (can be avoided by choosing Method=3)

Solved with barrier

Root relaxation: objective 4.670381e+06, 28577 iterations, 4.77 seconds (2.32 work units)

    Nodes    |    Current Node    |     Objective Bounds      |     Work
 Expl Unexpl |  Obj  Depth IntInf | Incumbent    BestBd   Gap | It/Node Time

     0     0 4670381.04    0 3007 -2790645.4 4670381.04   267%     -   10s
H    0     0                    3252622.6450 4670381.04  43.6%     -   10s
H    0     0                    3401410.9000 4670381.04  37.3%     -   10s
H    0     0                    3712770.3550 4670381.04  25.8%     -   10s
H    0     0                    3775694.0000 4670381.04  23.7%     -   10s
H    0     0                    3815982.1800 4670381.04  22.4%     -   10s
H    0     0                    3818690.4600 4670381.04  22.3%     -   10s
H    0     0                    3825094.9000 4670381.04  22.1%     -   10s
H    0     0                    3876111.0600 4670381.04  20.5%     -   10s
H    0     0                    3876191.0600 4670381.04  20.5%     -   10s
H    0     0                    3936618.8150 4670381.04  18.6%     -   10s
H    0     0                    3936754.2600 4670381.04  18.6%     -   10s
H    0     0                    4349481.1050 4670381.04  7.38%     -   11s
H    0     0                    4414202.4050 4670381.04  5.80%     -   13s
H    0     0                    4416381.0450 4670381.04  5.75%     -   13s
H    0     0                    4416609.6800 4670381.04  5.75%     -   13s
H    0     0                    4420772.7100 4670381.04  5.65%     -   14s
H    0     0                    4423566.7500 4670381.04  5.58%     -   16s
H    0     0                    4426488.3400 4670381.04  5.51%     -   16s
H    0     0                    4433580.6000 4670381.04  5.34%     -   17s
H    0     0                    4442072.1650 4670381.04  5.14%     -   17s
H    0     0                    4443576.5950 4670381.04  5.10%     -   18s
H    0     0                    4443776.5950 4670381.04  5.10%     -   19s
H    0     0                    4447687.5100 4670381.04  5.01%     -   19s
     0     0 4659748.44    0 3252 4447687.51 4659748.44  4.77%     -   23s
H    0     0                    4489133.5700 4659748.20  3.80%     -   25s
H    0     0                    4492788.2550 4659748.20  3.72%     -   26s
H    0     0                    4501753.2400 4659748.20  3.51%     -   26s
H    0     0                    4503275.9200 4659748.20  3.47%     -   26s
H    0     0                    4506973.4900 4659748.20  3.39%     -   26s
H    0     0                    4514648.7600 4659748.20  3.21%     -   27s
H    0     0                    4515168.7600 4659748.20  3.20%     -   27s
H    0     0                    4517659.6100 4659748.20  3.15%     -   30s
H    0     0                    4517959.3500 4659748.20  3.14%     -   31s
H    0     0                    4519067.3800 4659748.20  3.11%     -   31s
H    0     0                    4519427.3800 4659748.20  3.10%     -   31s
H    0     0                    4526727.7600 4659748.20  2.94%     -   33s
     0     0 4657139.67    0 3313 4526727.76 4657139.67  2.88%     -   35s
     0     0 4656449.15    0 3351 4526727.76 4656449.15  2.87%     -   36s
     0     0 4656153.99    0 3395 4526727.76 4656153.99  2.86%     -   37s
     0     0 4656122.68    0 3433 4526727.76 4656122.68  2.86%     -   38s
     0     0 4656122.16    0 3443 4526727.76 4656122.16  2.86%     -   38s
     0     0 4653173.70    0 3413 4526727.76 4653173.70  2.79%     -   41s
H    0     0                    4528195.7700 4653170.70  2.76%     -   42s
     0     0 4652090.07    0 3394 4528195.77 4652090.07  2.74%     -   44s
     0     0 4651700.39    0 3446 4528195.77 4651700.39  2.73%     -   45s
     0     0 4651602.90    0 3514 4528195.77 4651602.90  2.73%     -   46s
     0     0 4651473.37    0 3563 4528195.77 4651473.37  2.72%     -   48s
     0     0 4651436.98    0 3565 4528195.77 4651436.98  2.72%     -   48s
     0     0 4651434.80    0 3612 4528195.77 4651434.80  2.72%     -   49s
     0     0 4650564.19    0 3660 4528195.77 4650564.19  2.70%     -   51s
     0     0 4649778.14    0 3662 4528195.77 4649778.14  2.69%     -   56s
     0     0 4649429.59    0 3717 4528195.77 4649429.59  2.68%     -   57s
     0     0 4649267.70    0 3742 4528195.77 4649267.70  2.67%     -   58s
     0     0 4649169.11    0 3724 4528195.77 4649169.11  2.67%     -   59s
     0     0 4649132.15    0 3720 4528195.77 4649132.15  2.67%     -   60s
     0     0 4649128.94    0 3729 4528195.77 4649128.94  2.67%     -   60s
     0     0 4648584.12    0 3812 4528195.77 4648584.12  2.66%     -   63s
     0     0 4648430.16    0 3867 4528195.77 4648430.16  2.66%     -   66s
     0     0 4648374.04    0 3916 4528195.77 4648374.04  2.65%     -   67s
     0     0 4648356.00    0 3941 4528195.77 4648356.00  2.65%     -   67s
     0     0 4648355.48    0 3953 4528195.77 4648355.48  2.65%     -   67s
     0     0 4647927.56    0 3939 4528195.77 4647927.56  2.64%     -   70s
     0     0 4647830.72    0 3952 4528195.77 4647830.72  2.64%     -   87s
     0     0 4647799.55    0 4047 4528195.77 4647799.55  2.64%     -   88s
     0     0 4647793.04    0 4056 4528195.77 4647793.04  2.64%     -   88s
     0     0 4647453.14    0 3933 4528195.77 4647453.14  2.63%     -   91s
     0     0 4647384.33    0 4070 4528195.77 4647384.33  2.63%     -   99s
     0     0 4647370.05    0 4103 4528195.77 4647370.05  2.63%     -  100s
     0     0 4647365.77    0 4164 4528195.77 4647365.77  2.63%     -  100s
     0     0 4647093.14    0 4062 4528195.77 4647093.14  2.63%     -  103s
     0     0 4647014.62    0 4113 4528195.77 4647014.62  2.62%     -  108s
     0     0 4646992.87    0 4171 4528195.77 4646992.87  2.62%     -  109s
     0     0 4646989.95    0 4203 4528195.77 4646989.95  2.62%     -  110s
     0     0 4646793.01    0 4099 4528195.77 4646793.01  2.62%     -  112s
     0     0 4646749.42    0 4217 4528195.77 4646749.42  2.62%     -  116s
     0     0 4646743.95    0 4261 4528195.77 4646743.95  2.62%     -  117s
     0     0 4646625.97    0 4146 4528195.77 4646625.97  2.62%     -  119s
     0     0 4646612.70    0 4149 4528195.77 4646612.70  2.62%     -  122s
     0     0 4646487.87    0 4135 4528195.77 4646487.87  2.61%     -  124s
     0     0 4646466.84    0 3750 4528195.77 4646466.84  2.61%     -  126s
     0     2 4646466.84    0 3711 4528195.77 4646466.84  2.61%     -  145s
     7    16 4646434.88    3 3966 4528195.77 4646466.84  2.61%  1588  152s
    25    56 4646434.08    5 4048 4528195.77 4646466.84  2.61%   904  168s
H   26    56                    4541152.1100 4646466.84  2.32%   869  168s
H   32    56                    4541295.4300 4646466.84  2.32%   728  168s
H   41    56                    4542326.1850 4646466.84  2.29%   594  168s
H   50    56                    4542410.1450 4646466.84  2.29%   503  168s
    55   291 4646434.08    7 4048 4542410.14 4646466.84  2.29%   473  187s
   290   318 4646279.72   20 3948 4542410.14 4646466.84  2.29%   166  217s
H  317   556                    4547639.1450 4646466.84  2.17%   169  259s
H  326   556                    4547742.3850 4646466.84  2.17%   177  259s
H  361   556                    4548512.6200 4646466.84  2.15%   169  259s
H  366   556                    4554433.9600 4646466.84  2.02%   170  259s
H  555  1019                    4554649.3200 4646466.84  2.02%   157  323s
H 1018  1301                    4562095.9500 4646466.84  1.85%   221  400s
H 1038  1301                    4564395.0550 4646466.84  1.80%   225  400s
H 1300  2036                    4564732.5400 4646466.84  1.79%   251  480s
  2035  2861 4646129.24  112 3902 4564732.54 4646466.84  1.79%   242  560s
H 2115  2861                    4574737.8000 4646466.84  1.57%   242  560s
H 2860  3571                    4575460.8450 4646466.84  1.55%   206  648s
H 2940  3571                    4577486.8800 4646466.84  1.51%   202  648s
H 3570  4127                    4577663.6950 4646466.84  1.50%   196  707s
H 4126  4531                    4581366.5600 4646466.84  1.42%   200  773s
H 4530  5170                    4581545.7750 4646466.84  1.42%   199  854s
H 4593  5170                    4582379.2650 4646466.84  1.40%   199  854s
H 4627  5170                    4587159.8600 4646466.84  1.29%   200  854s
H 4676  5170                    4587717.1250 4646466.84  1.28%   200  854s
H 5169  5756                    4587896.3400 4646466.84  1.28%   195  915s
H 5755  5766                    4588599.9950 4646466.84  1.26%   196  997s
H 5756  5766                    4588877.3150 4646466.84  1.25%   196  997s
H 5759  5766                    4588997.1250 4646466.84  1.25%   196  997s

Cutting planes:
  Cover: 6
  Clique: 2356
  MIR: 212
  Zero half: 487
  Relax-and-lift: 19

Explored 5765 nodes (1251977 simplex iterations) in 997.98 seconds (930.25 work units)
Thread count was 12 (of 12 available processors)

Solution count 10: 4.589e+06 4.58888e+06 4.5886e+06 ... 4.57766e+06

Time limit reached
Best objective 4.588997125000e+06, best bound 4.646466835418e+06, gap 1.2523%
