
Gurobi 12.0.1 (win64) logging started Thu Mar 19 02:51:38 2026

Set parameter LogFile to value "logs\full_M_80_restricted_subset15_25it_w_max_cap200_seed42_CG.log"
Gurobi Optimizer version 12.0.1 build v12.0.1rc0 (win64 - Windows 11.0 (26100.2))

CPU model: 13th Gen Intel(R) Core(TM) i7-1355U, instruction set [SSE2|AVX|AVX2]
Thread count: 10 physical cores, 12 logical processors, using up to 12 threads

Non-default parameters:
TimeLimit  2.9550188517570496e+02
FeasibilityTol  1e-09
MIPGap  0.005

Optimize a model with 13036 rows, 158050 columns and 1227252 nonzeros
Model fingerprint: 0x11c7956a
Variable types: 0 continuous, 158050 integer (157880 binary)
Coefficient statistics:
  Matrix range     [4e-01, 1e+02]
  Objective range  [1e-02, 2e+05]
  Bounds range     [1e+00, 3e+00]
  RHS range        [1e+00, 3e+00]
Presolve removed 2102 rows and 13419 columns
Presolve time: 3.36s
Presolved: 10934 rows, 144631 columns, 1116070 nonzeros
Variable types: 0 continuous, 144631 integer (144622 binary)
Found heuristic solution: objective -2849626.800
Found heuristic solution: objective -2798207.430
Deterministic concurrent LP optimizer: primal simplex, dual simplex, and barrier
Showing barrier log only...

Root barrier log...

Ordering time: 0.06s

Barrier statistics:
 AA' NZ     : 2.083e+05
 Factor NZ  : 3.585e+05 (roughly 70 MB of memory)
 Factor Ops : 1.376e+07 (less than 1 second per iteration)
 Threads    : 8

                  Objective                Residual
Iter       Primal          Dual         Primal    Dual     Compl     Time
   0   8.73445157e+09  9.45934695e+06  1.13e+05 2.78e+03  5.12e+04     5s
   1   2.91339217e+09  2.82961361e+07  3.78e+04 1.53e+03  1.76e+04     5s
   2   4.88723901e+08  3.79440067e+07  6.29e+03 7.16e+02  3.13e+03     5s
   3   1.60558419e+08  3.53011056e+07  2.02e+03 2.41e+02  1.05e+03     5s
   4   7.00904624e+07  2.73767435e+07  8.48e+02 9.19e+01  4.53e+02     5s
   5   3.07517732e+07  2.24244554e+07  3.37e+02 4.51e+01  1.98e+02     5s
   6   1.29773381e+07  1.63649852e+07  1.06e+02 1.74e+01  7.45e+01     5s
   7   7.17497219e+06  1.14122822e+07  2.87e+01 7.47e+00  2.81e+01     5s
   8   6.33686587e+06  9.79230434e+06  1.64e+01 5.23e+00  1.87e+01     5s
   9   5.99844436e+06  8.39433797e+06  1.06e+01 3.70e+00  1.22e+01     5s
  10   5.93831252e+06  7.51602402e+06  9.56e+00 2.41e+00  8.69e+00     5s
  11   5.76983239e+06  6.83637948e+06  5.80e+00 1.41e+00  5.50e+00     5s
  12   5.68595764e+06  6.48376770e+06  3.58e+00 1.19e+00  3.82e+00     5s
  13   5.67613321e+06  6.25746717e+06  2.86e+00 7.06e-01  2.83e+00     5s
  14   5.67884217e+06  6.05010041e+06  2.15e+00 4.46e-01  1.89e+00     5s
  15   5.68148681e+06  6.00301362e+06  1.93e+00 3.86e-01  1.65e+00     6s
  16   5.68504475e+06  5.91237605e+06  1.64e+00 2.56e-01  1.24e+00     6s
  17   5.69619096e+06  5.88388788e+06  1.01e+00 2.10e-01  9.25e-01     6s
  18   5.70636911e+06  5.84778944e+06  7.86e-01 1.58e-01  7.02e-01     6s
  19   5.71943800e+06  5.81853073e+06  5.57e-01 1.07e-01  4.93e-01     6s
  20   5.72701288e+06  5.79394076e+06  4.54e-01 6.23e-02  3.55e-01     6s
  21   5.74086570e+06  5.78336064e+06  2.53e-01 4.05e-02  2.25e-01     6s
  22   5.74918049e+06  5.77861429e+06  1.71e-01 3.07e-02  1.56e-01     6s
  23   5.75469358e+06  5.77537383e+06  1.14e-01 2.24e-02  1.08e-01     6s
  24   5.75909576e+06  5.77198272e+06  6.78e-02 1.32e-02  6.77e-02     6s
  25   5.76300281e+06  5.77002102e+06  3.16e-02 7.48e-03  3.61e-02     6s
  26   5.76416802e+06  5.76907720e+06  2.33e-02 4.47e-03  2.57e-02     6s
  27   5.76551453e+06  5.76854068e+06  1.41e-02 2.77e-03  1.57e-02     7s
  28   5.76626109e+06  5.76836431e+06  9.12e-03 2.12e-03  1.07e-02     7s
  29   5.76680887e+06  5.76808843e+06  5.66e-03 1.20e-03  6.53e-03     7s
  30   5.76708244e+06  5.76801397e+06  3.91e-03 9.42e-04  4.68e-03     7s
  31   5.76724494e+06  5.76791458e+06  2.89e-03 6.05e-04  3.39e-03     7s
  32   5.76741898e+06  5.76789612e+06  1.85e-03 5.41e-04  2.34e-03     7s
  33   5.76750027e+06  5.76781780e+06  1.37e-03 2.77e-04  1.61e-03     7s
  34   5.76761917e+06  5.76778324e+06  6.48e-04 1.61e-04  8.08e-04     7s
  35   5.76766725e+06  5.76776265e+06  3.67e-04 9.27e-05  4.66e-04     7s
  36   5.76768069e+06  5.76775074e+06  2.90e-04 5.38e-05  3.49e-04     7s
  37   5.76771495e+06  5.76774095e+06  9.72e-05 2.34e-05  1.26e-04     7s
  38   5.76772908e+06  5.76773878e+06  2.19e-05 1.65e-05  4.17e-05     7s
  39   5.76773139e+06  5.76773670e+06  1.05e-05 9.05e-06  2.23e-05     7s
  40   5.76773241e+06  5.76773449e+06  5.86e-06 2.25e-06  9.32e-06     7s
  41   5.76773303e+06  5.76773418e+06  3.07e-06 1.32e-06  5.08e-06     7s
  42   5.76773334e+06  5.76773409e+06  1.71e-06 1.07e-06  3.24e-06     7s
  43   5.76773362e+06  5.76773389e+06  4.38e-07 4.66e-07  1.09e-06     7s
  44   5.76773371e+06  5.76773373e+06  3.36e-08 2.69e-09  7.03e-08     7s
  45   5.76773372e+06  5.76773372e+06  1.55e-08 2.88e-11  2.64e-08     7s
  46   5.76773372e+06  5.76773372e+06  2.59e-07 1.01e-11  1.01e-08     7s
  47   5.76773372e+06  5.76773372e+06  4.35e-08 3.94e-12  1.69e-09     8s

Barrier solved model in 47 iterations and 7.53 seconds (8.35 work units)
Optimal objective 5.76773372e+06


Root crossover log...

    2163 DPushes remaining with DInf 0.0000000e+00                 8s
       0 DPushes remaining with DInf 0.0000000e+00                 8s

   20341 PPushes remaining with PInf 2.4829944e-06                 8s
       0 PPushes remaining with PInf 0.0000000e+00                 8s

  Push phase complete: Pinf 0.0000000e+00, Dinf 6.3164146e+01      8s


Root simplex log...

Iteration    Objective       Primal Inf.    Dual Inf.      Time
   22305    5.7677337e+06   0.000000e+00   6.316415e+01      8s
   22311    5.7677337e+06   0.000000e+00   0.000000e+00      8s
Concurrent spin time: 1.87s (can be avoided by choosing Method=3)

Solved with barrier

Root relaxation: objective 5.767734e+06, 22311 iterations, 6.09 seconds (3.04 work units)

    Nodes    |    Current Node    |     Objective Bounds      |     Work
 Expl Unexpl |  Obj  Depth IntInf | Incumbent    BestBd   Gap | It/Node Time

     0     0 5767733.72    0 3200 -2798207.4 5767733.72   306%     -   11s
H    0     0                    2198027.3000 5767733.72   162%     -   11s
H    0     0                    2225212.8500 5767733.72   159%     -   11s
H    0     0                    3791914.9850 5767733.72  52.1%     -   11s
H    0     0                    4335411.5600 5767733.72  33.0%     -   11s
H    0     0                    4707981.4750 5767733.72  22.5%     -   11s
H    0     0                    4852352.8050 5767733.72  18.9%     -   11s
H    0     0                    4904559.8200 5767733.72  17.6%     -   11s
H    0     0                    4963133.3400 5767733.72  16.2%     -   11s
H    0     0                    4990032.4250 5767733.72  15.6%     -   11s
H    0     0                    4991528.3700 5767733.72  15.6%     -   11s
H    0     0                    5038010.9400 5767733.72  14.5%     -   11s
H    0     0                    5040295.2900 5767733.72  14.4%     -   11s
H    0     0                    5052666.4300 5767733.72  14.2%     -   11s
H    0     0                    5053110.2250 5767733.72  14.1%     -   12s
H    0     0                    5053724.3950 5767733.72  14.1%     -   12s
H    0     0                    5435251.2300 5767733.72  6.12%     -   13s
H    0     0                    5505865.5149 5767733.72  4.76%     -   15s
H    0     0                    5509285.3899 5767733.72  4.69%     -   15s
H    0     0                    5509941.0899 5767733.72  4.68%     -   15s
H    0     0                    5510722.5149 5767733.72  4.66%     -   16s
H    0     0                    5510762.5099 5767733.72  4.66%     -   16s
H    0     0                    5516936.5450 5767733.72  4.55%     -   16s
H    0     0                    5517256.5450 5767733.72  4.54%     -   17s
H    0     0                    5540425.0050 5767733.72  4.10%     -   18s
H    0     0                    5543483.4900 5767733.72  4.05%     -   19s
H    0     0                    5544163.4900 5767733.72  4.03%     -   19s
H    0     0                    5544603.4900 5767733.72  4.02%     -   19s
     0     0 5759728.50    0 3319 5544603.49 5759728.50  3.88%     -   23s
H    0     0                    5581001.4750 5759725.31  3.20%     -   25s
H    0     0                    5606539.8500 5759725.31  2.73%     -   27s
H    0     0                    5607673.0800 5759725.31  2.71%     -   27s
H    0     0                    5609332.5250 5759725.31  2.68%     -   29s
H    0     0                    5609453.3650 5759725.31  2.68%     -   29s
H    0     0                    5609519.1000 5759725.31  2.68%     -   29s
H    0     0                    5609775.0750 5759725.31  2.67%     -   29s
H    0     0                    5610393.0050 5759725.31  2.66%     -   29s
H    0     0                    5610553.3350 5759725.31  2.66%     -   30s
H    0     0                    5610707.0250 5759725.31  2.66%     -   31s
H    0     0                    5610713.3350 5759725.31  2.66%     -   31s
H    0     0                    5625129.7000 5759725.31  2.39%     -   33s
     0     0 5756789.05    0 3415 5625129.70 5756789.05  2.34%     -   34s
     0     0 5756202.69    0 3467 5625129.70 5756202.69  2.33%     -   36s
     0     0 5755898.58    0 3564 5625129.70 5755898.58  2.32%     -   37s
     0     0 5755883.53    0 3574 5625129.70 5755883.53  2.32%     -   37s
     0     0 5755883.41    0 3577 5625129.70 5755883.41  2.32%     -   37s
     0     0 5752418.06    0 3669 5625129.70 5752418.06  2.26%     -   41s
H    0     0                    5626873.5950 5752417.29  2.23%     -   43s
     0     0 5751118.90    0 3537 5626873.59 5751118.90  2.21%     -   46s
     0     0 5750833.54    0 3608 5626873.59 5750833.54  2.20%     -   47s
     0     0 5750669.72    0 3674 5626873.59 5750669.72  2.20%     -   48s
     0     0 5750490.88    0 3722 5626873.59 5750490.88  2.20%     -   50s
     0     0 5750451.52    0 3797 5626873.59 5750451.52  2.20%     -   51s
     0     0 5750446.19    0 3788 5626873.59 5750446.19  2.20%     -   51s
     0     0 5750446.11    0 3806 5626873.59 5750446.11  2.20%     -   51s
     0     0 5749216.64    0 3774 5626873.59 5749216.64  2.17%     -   55s
H    0     0                    5628068.6950 5749215.12  2.15%     -   56s
     0     0 5748396.26    0 3811 5628068.69 5748396.26  2.14%     -   60s
     0     0 5748080.02    0 3871 5628068.69 5748080.02  2.13%     -   62s
     0     0 5747992.76    0 3959 5628068.69 5747992.76  2.13%     -   63s
     0     0 5747899.16    0 3996 5628068.69 5747899.16  2.13%     -   65s
     0     0 5747878.45    0 4031 5628068.69 5747878.45  2.13%     -   66s
     0     0 5747872.46    0 4071 5628068.69 5747872.46  2.13%     -   66s
     0     0 5747246.50    0 3916 5628068.69 5747246.50  2.12%     -   69s
H    0     0                    5628521.3000 5747246.48  2.11%     -   71s
     0     0 5747137.61    0 3890 5628521.30 5747137.61  2.11%     -   74s
     0     0 5747047.29    0 3960 5628521.30 5747047.29  2.11%     -   76s
     0     0 5747036.45    0 4034 5628521.30 5747036.45  2.11%     -   76s
     0     0 5747034.77    0 4066 5628521.30 5747034.77  2.11%     -   77s
     0     0 5746331.51    0 4032 5628521.30 5746331.51  2.09%     -   80s
     0     0 5746252.56    0 4152 5628521.30 5746252.56  2.09%     -   97s
     0     0 5746235.78    0 4113 5628521.30 5746235.78  2.09%     -   97s
     0     0 5746233.62    0 4139 5628521.30 5746233.62  2.09%     -   98s
     0     0 5745850.02    0 4031 5628521.30 5745850.02  2.08%     -  101s
     0     0 5745790.34    0 4090 5628521.30 5745790.34  2.08%     -  107s
     0     0 5745779.33    0 4154 5628521.30 5745779.33  2.08%     -  107s
     0     0 5745483.02    0 4125 5628521.30 5745483.02  2.08%     -  110s
     0     0 5745427.70    0 4192 5628521.30 5745427.70  2.08%     -  114s
     0     0 5745418.54    0 4193 5628521.30 5745418.54  2.08%     -  115s
     0     0 5745119.63    0 4108 5628521.30 5745119.63  2.07%     -  117s
     0     0 5745095.20    0 4209 5628521.30 5745095.20  2.07%     -  120s
     0     0 5745090.75    0 4257 5628521.30 5745090.75  2.07%     -  120s
     0     0 5744930.39    0 4193 5628521.30 5744930.39  2.07%     -  122s
     0     0 5744916.11    0 4208 5628521.30 5744916.11  2.07%     -  126s
     0     0 5744914.45    0 4244 5628521.30 5744914.45  2.07%     -  127s
     0     0 5744783.48    0 4246 5628521.30 5744783.48  2.07%     -  129s
     0     0 5744771.66    0 4316 5628521.30 5744771.66  2.07%     -  133s
     0     0 5744688.58    0 4247 5628521.30 5744688.58  2.06%     -  134s
     0     0 5744688.49    0 3850 5628521.30 5744688.49  2.06%     -  136s
H    0     0                    5639211.2500 5744688.49  1.87%     -  157s
H    0     0                    5640651.2500 5744688.49  1.84%     -  159s
H    0     0                    5641091.2500 5744688.49  1.84%     -  159s
H    0     0                    5642107.8400 5744688.49  1.82%     -  160s
H    0     0                    5642144.7700 5744688.49  1.82%     -  161s
H    0     0                    5642789.9255 5744688.49  1.81%     -  162s
H    0     0                    5648479.7850 5744688.49  1.70%     -  162s
H    0     0                    5648759.7850 5744688.49  1.70%     -  164s
H    0     0                    5648779.8600 5744688.49  1.70%     -  164s
H    0     0                    5649570.2750 5744688.49  1.68%     -  164s
H    0     0                    5649796.8250 5744688.49  1.68%     -  165s
H    0     2                    5652409.5950 5744688.49  1.63%     -  168s
     0     2 5744688.49    0 3850 5652409.59 5744688.49  1.63%     -  168s
     3     8 5744680.69    2 4055 5652409.59 5744685.90  1.63%  1976  172s
     7    16 5744671.37    3 4205 5652409.59 5744678.20  1.63%  1410  175s
    15    26 5744633.02    4 4216 5652409.59 5744664.55  1.63%  1079  180s
    45    56 5744570.09    6 4190 5652409.59 5744632.86  1.63%   592  191s
H   48    56                    5667764.7100 5744632.86  1.36%   574  191s
    55    93 5744620.87    7 4213 5667764.71 5744632.86  1.36%   532  195s
    92   157 5744568.71    7 4179 5667764.71 5744632.86  1.36%   359  205s
   156   256 5744620.87    8 4211 5667764.71 5744632.86  1.36%   224  214s
   255   383 5744599.26   20 4175 5667764.71 5744632.86  1.36%   179  231s
   382   664 5744582.73   24 4302 5667764.71 5744632.86  1.36%   179  259s
H  663   674                    5680362.2149 5744632.86  1.13%   152  296s
H  664   674                    5680609.6950 5744632.86  1.13%   152  296s
H  665   674                    5684658.6650 5744632.86  1.06%   152  296s

Cutting planes:
  Cover: 4
  Clique: 2397
  MIR: 240
  Zero half: 594
  Relax-and-lift: 15
  BQP: 2

Explored 673 nodes (209441 simplex iterations) in 296.34 seconds (328.99 work units)
Thread count was 12 (of 12 available processors)

Solution count 10: 5.68466e+06 5.68061e+06 5.68036e+06 ... 5.64848e+06

Time limit reached
Best objective 5.684658665000e+06, best bound 5.744632863999e+06, gap 1.0550%
