
Gurobi 12.0.1 (win64) logging started Wed Mar 18 22:32:16 2026

Set parameter LogFile to value "logs\full_L_80_restricted_subset15_25it_w_max_cap200_seed42_CG.log"
Gurobi Optimizer version 12.0.1 build v12.0.1rc0 (win64 - Windows 11.0 (26100.2))

CPU model: 13th Gen Intel(R) Core(TM) i7-1355U, instruction set [SSE2|AVX|AVX2]
Thread count: 10 physical cores, 12 logical processors, using up to 12 threads

Non-default parameters:
TimeLimit  4.7126752400398254e+02
FeasibilityTol  1e-09
MIPGap  0.005

Optimize a model with 13036 rows, 160610 columns and 1249916 nonzeros
Model fingerprint: 0x261640e6
Variable types: 0 continuous, 160610 integer (160440 binary)
Coefficient statistics:
  Matrix range     [4e-01, 1e+02]
  Objective range  [1e-02, 2e+05]
  Bounds range     [1e+00, 3e+00]
  RHS range        [1e+00, 3e+00]
Presolve removed 2059 rows and 12884 columns
Presolve time: 3.53s
Presolved: 10977 rows, 147726 columns, 1142822 nonzeros
Variable types: 0 continuous, 147726 integer (147718 binary)
Found heuristic solution: objective -2914440.285
Found heuristic solution: objective -2754338.760
Deterministic concurrent LP optimizer: primal simplex, dual simplex, and barrier
Showing barrier log only...

Root barrier log...

Ordering time: 0.04s

Barrier statistics:
 AA' NZ     : 2.089e+05
 Factor NZ  : 3.544e+05 (roughly 70 MB of memory)
 Factor Ops : 1.341e+07 (less than 1 second per iteration)
 Threads    : 8

                  Objective                Residual
Iter       Primal          Dual         Primal    Dual     Compl     Time
   0   9.04730605e+09  9.70877979e+06  1.11e+05 2.40e+03  6.13e+04     5s
   1   3.43034502e+09  2.99609002e+07  4.20e+04 1.58e+03  2.38e+04     5s
   2   6.13773466e+08  4.15511825e+07  7.47e+03 1.17e+03  4.53e+03     5s
   3   1.49546838e+08  3.90387097e+07  1.77e+03 2.72e+02  1.14e+03     5s
   4   6.51042638e+07  2.85166575e+07  7.37e+02 6.13e+01  4.72e+02     5s
   5   3.21511298e+07  2.26354196e+07  3.35e+02 3.43e+01  2.21e+02     5s
   6   1.19280161e+07  1.75145798e+07  8.74e+01 1.39e+01  7.76e+01     5s
   7   8.05171335e+06  1.18130322e+07  3.91e+01 5.83e+00  3.27e+01     5s
   8   6.67190443e+06  9.29013818e+06  2.02e+01 3.43e+00  1.74e+01     5s
   9   5.91759368e+06  8.13596937e+06  9.26e+00 2.43e+00  1.10e+01     5s
  10   5.86794881e+06  7.42815656e+06  8.33e+00 1.77e+00  8.21e+00     5s
  11   5.75344537e+06  6.86471358e+06  5.73e+00 1.07e+00  5.66e+00     5s
  12   5.71450258e+06  6.57290543e+06  4.85e+00 5.51e-01  4.46e+00     5s
  13   5.66985043e+06  6.29823952e+06  3.61e+00 3.79e-01  3.25e+00     5s
  14   5.64707670e+06  6.08855310e+06  2.27e+00 4.26e-01  2.20e+00     6s
  15   5.64413772e+06  5.96738825e+06  1.88e+00 1.76e-01  1.68e+00     6s
  16   5.64446284e+06  5.88578647e+06  1.35e+00 2.31e-01  1.23e+00     6s
  17   5.64703579e+06  5.83252925e+06  8.48e-01 1.72e-01  8.83e-01     6s
  18   5.65366612e+06  5.77971058e+06  6.83e-01 6.58e-02  6.32e-01     6s
  19   5.66136471e+06  5.76384364e+06  5.08e-01 6.17e-02  4.99e-01     6s
  20   5.67104005e+06  5.75312085e+06  3.50e-01 6.10e-02  3.81e-01     6s
  21   5.67513301e+06  5.73188348e+06  2.80e-01 4.54e-02  2.75e-01     6s
  22   5.68105665e+06  5.72144690e+06  2.00e-01 3.18e-02  1.96e-01     6s
  23   5.68433067e+06  5.71429016e+06  1.64e-01 1.90e-02  1.50e-01     6s
  24   5.69160035e+06  5.71118278e+06  9.28e-02 1.57e-02  9.43e-02     6s
  25   5.69554002e+06  5.70902646e+06  5.33e-02 1.26e-02  6.24e-02     6s
  26   5.69787889e+06  5.70643972e+06  3.10e-02 7.68e-03  3.98e-02     7s
  27   5.69960016e+06  5.70461512e+06  1.83e-02 3.57e-03  2.37e-02     7s
  28   5.70148933e+06  5.70431133e+06  7.34e-03 3.06e-03  1.22e-02     7s
  29   5.70200179e+06  5.70384312e+06  4.58e-03 2.41e-03  7.91e-03     7s
  30   5.70232692e+06  5.70345792e+06  2.91e-03 1.11e-03  4.89e-03     7s
  31   5.70259237e+06  5.70328884e+06  1.62e-03 7.38e-04  2.95e-03     7s
  32   5.70273574e+06  5.70314151e+06  9.55e-04 3.97e-04  1.72e-03     7s
  33   5.70279791e+06  5.70307747e+06  6.77e-04 2.57e-04  1.19e-03     7s
  34   5.70284688e+06  5.70302977e+06  4.63e-04 1.53e-04  7.87e-04     7s
  35   5.70287726e+06  5.70299220e+06  3.32e-04 7.19e-05  5.09e-04     7s
  36   5.70292347e+06  5.70297763e+06  1.28e-04 4.09e-05  2.29e-04     7s
  37   5.70294413e+06  5.70296703e+06  4.65e-05 1.91e-05  9.40e-05     7s
  38   5.70295093e+06  5.70296088e+06  2.23e-05 6.63e-06  4.16e-05     7s
  39   5.70295435e+06  5.70295882e+06  1.05e-05 2.54e-06  1.89e-05     7s
  40   5.70295610e+06  5.70295812e+06  4.64e-06 1.54e-06  8.49e-06     7s
  41   5.70295704e+06  5.70295767e+06  1.43e-06 3.19e-07  2.61e-06     7s
  42   5.70295744e+06  5.70295754e+06  1.38e-07 9.33e-08  3.88e-07     7s
  43   5.70295749e+06  5.70295751e+06  2.62e-08 2.99e-08  6.96e-08     7s
  44   5.70295749e+06  5.70295749e+06  6.10e-09 5.53e-09  9.57e-09     7s

Barrier solved model in 44 iterations and 7.41 seconds (8.65 work units)
Optimal objective 5.70295749e+06


Root crossover log...

    2423 DPushes remaining with DInf 5.8565497e-06                 7s
       0 DPushes remaining with DInf 0.0000000e+00                 8s

   27209 PPushes remaining with PInf 3.4631032e-06                 8s
       0 PPushes remaining with PInf 0.0000000e+00                 8s

  Push phase complete: Pinf 0.0000000e+00, Dinf 6.7246204e+01      8s


Root simplex log...

Iteration    Objective       Primal Inf.    Dual Inf.      Time
   29475    5.7029575e+06   0.000000e+00   6.724620e+01      8s
   29503    5.7029575e+06   0.000000e+00   0.000000e+00      8s
Concurrent spin time: 1.77s (can be avoided by choosing Method=3)

Solved with barrier

Root relaxation: objective 5.702957e+06, 29503 iterations, 5.87 seconds (3.12 work units)

    Nodes    |    Current Node    |     Objective Bounds      |     Work
 Expl Unexpl |  Obj  Depth IntInf | Incumbent    BestBd   Gap | It/Node Time

     0     0 5702957.49    0 3104 -2754338.8 5702957.49   307%     -   12s
H    0     0                    2536909.0100 5702957.49   125%     -   12s
H    0     0                    4206493.0000 5702957.49  35.6%     -   12s
H    0     0                    4518063.5850 5702957.49  26.2%     -   12s
H    0     0                    4827042.9000 5702957.49  18.1%     -   12s
H    0     0                    4857189.1550 5702957.49  17.4%     -   12s
H    0     0                    4874393.3900 5702957.49  17.0%     -   12s
H    0     0                    4887156.9500 5702957.49  16.7%     -   12s
H    0     0                    4888252.2400 5702957.49  16.7%     -   12s
H    0     0                    4941258.6850 5702957.49  15.4%     -   12s
H    0     0                    4942864.2550 5702957.49  15.4%     -   13s
H    0     0                    4979116.4200 5702957.49  14.5%     -   13s
H    0     0                    4979321.9900 5702957.49  14.5%     -   13s
H    0     0                    4980756.4200 5702957.49  14.5%     -   13s
H    0     0                    4980996.9700 5702957.49  14.5%     -   13s
H    0     0                    4981236.9700 5702957.49  14.5%     -   13s
H    0     0                    5328597.3950 5702957.49  7.03%     -   14s
H    0     0                    5391982.1350 5702957.49  5.77%     -   16s
H    0     0                    5397748.0600 5702957.49  5.65%     -   16s
H    0     0                    5401385.7450 5702957.49  5.58%     -   17s
H    0     0                    5414013.7950 5702957.49  5.34%     -   17s
H    0     0                    5431925.0450 5702957.49  4.99%     -   19s
H    0     0                    5433119.4750 5702957.49  4.97%     -   20s
H    0     0                    5441584.9000 5702957.49  4.80%     -   20s
H    0     0                    5442304.9000 5702957.49  4.79%     -   20s
     0     0 5693327.24    0 3272 5442304.90 5693327.24  4.61%     -   26s
H    0     0                    5475821.6250 5693327.24  3.97%     -   29s
H    0     0                    5476813.0100 5693327.24  3.95%     -   30s
H    0     0                    5503387.2900 5693327.24  3.45%     -   30s
H    0     0                    5505878.8050 5693327.24  3.40%     -   31s
H    0     0                    5506761.9650 5693327.24  3.39%     -   31s
H    0     0                    5517198.5250 5693327.24  3.19%     -   31s
H    0     0                    5517494.4700 5693327.24  3.19%     -   32s
H    0     0                    5517774.4700 5693327.24  3.18%     -   34s
H    0     0                    5519443.7250 5693327.24  3.15%     -   34s
H    0     0                    5521745.2996 5693327.24  3.11%     -   34s
H    0     0                    5521764.0996 5693327.24  3.11%     -   35s
H    0     0                    5529276.6896 5693327.24  2.97%     -   36s
     0     0 5690424.42    0 3426 5529276.69 5690424.42  2.91%     -   39s
     0     0 5689950.54    0 3462 5529276.69 5689950.54  2.91%     -   40s
     0     0 5689619.42    0 3477 5529276.69 5689619.42  2.90%     -   41s
     0     0 5689476.60    0 3545 5529276.69 5689476.60  2.90%     -   42s
     0     0 5689475.68    0 3555 5529276.69 5689475.68  2.90%     -   42s
     0     0 5686379.99    0 3543 5529276.69 5686379.99  2.84%     -   46s
H    0     0                    5530138.9846 5686379.94  2.83%     -   47s
H    0     0                    5531198.9946 5686379.94  2.81%     -   48s
     0     0 5684424.83    0 3554 5531198.99 5684424.83  2.77%     -   51s
     0     0 5683971.00    0 3620 5531198.99 5683971.00  2.76%     -   53s
     0     0 5683865.99    0 3599 5531198.99 5683865.99  2.76%     -   54s
     0     0 5683595.27    0 3679 5531198.99 5683595.27  2.76%     -   56s
     0     0 5683549.36    0 3784 5531198.99 5683549.36  2.75%     -   57s
     0     0 5683545.31    0 3795 5531198.99 5683545.31  2.75%     -   58s
     0     0 5682241.88    0 3761 5531198.99 5682241.88  2.73%     -   61s
     0     0 5681800.50    0 3708 5531198.99 5681800.50  2.72%     -   76s
     0     0 5681465.29    0 3861 5531198.99 5681465.29  2.72%     -   79s
     0     0 5681321.86    0 3886 5531198.99 5681321.86  2.71%     -   81s
     0     0 5681193.00    0 3911 5531198.99 5681193.00  2.71%     -   82s
     0     0 5681143.34    0 3972 5531198.99 5681143.34  2.71%     -   84s
     0     0 5681126.58    0 3990 5531198.99 5681126.58  2.71%     -   84s
     0     0 5681122.67    0 3990 5531198.99 5681122.67  2.71%     -   85s
     0     0 5680383.14    0 3929 5531198.99 5680383.14  2.70%     -   89s
     0     0 5680261.04    0 3889 5531198.99 5680261.04  2.69%     -   94s
     0     0 5680172.23    0 3948 5531198.99 5680172.23  2.69%     -   95s
     0     0 5680151.16    0 4031 5531198.99 5680151.16  2.69%     -   96s
     0     0 5680149.52    0 4047 5531198.99 5680149.52  2.69%     -   96s
     0     0 5679754.81    0 3931 5531198.99 5679754.81  2.69%     -   99s
     0     0 5679557.28    0 4054 5531198.99 5679557.28  2.68%     -  105s
     0     0 5679528.69    0 4156 5531198.99 5679528.69  2.68%     -  106s
     0     0 5679509.76    0 4154 5531198.99 5679509.76  2.68%     -  106s
     0     0 5679509.62    0 4171 5531198.99 5679509.62  2.68%     -  107s
     0     0 5679062.19    0 4017 5531198.99 5679062.19  2.67%     -  110s
     0     0 5679004.34    0 4098 5531198.99 5679004.34  2.67%     -  114s
     0     0 5678941.21    0 4143 5531198.99 5678941.21  2.67%     -  115s
     0     0 5678937.07    0 4178 5531198.99 5678937.07  2.67%     -  116s
     0     0 5678697.53    0 4190 5531198.99 5678697.53  2.67%     -  118s
     0     0 5678628.87    0 4212 5531198.99 5678628.87  2.67%     -  125s
     0     0 5678604.62    0 4267 5531198.99 5678604.62  2.66%     -  126s
     0     0 5678596.58    0 4288 5531198.99 5678596.58  2.66%     -  126s
     0     0 5678398.08    0 4214 5531198.99 5678398.08  2.66%     -  128s
     0     0 5678337.72    0 4254 5531198.99 5678337.72  2.66%     -  134s
     0     0 5678320.83    0 4309 5531198.99 5678320.83  2.66%     -  135s
     0     0 5678318.40    0 4358 5531198.99 5678318.40  2.66%     -  135s
     0     0 5678204.55    0 4214 5531198.99 5678204.55  2.66%     -  137s
H    0     0                    5536806.7200 5678204.55  2.55%     -  153s
H    0     0                    5554430.8050 5678204.55  2.23%     -  153s
H    0     0                    5556933.6050 5678204.55  2.18%     -  154s
H    0     0                    5562714.2800 5678204.55  2.08%     -  155s
H    0     0                    5563194.2800 5678204.55  2.07%     -  155s
H    0     0                    5578956.7050 5678204.55  1.78%     -  158s
H    0     0                    5578996.7050 5678204.55  1.78%     -  158s
H    0     0                    5580703.8850 5678204.55  1.75%     -  163s
H    0     0                    5580903.8850 5678204.55  1.74%     -  163s
H    0     0                    5580937.5750 5678204.55  1.74%     -  164s
H    0     0                    5583580.4350 5678204.55  1.69%     -  166s
H    0     0                    5583740.4350 5678204.55  1.69%     -  169s
H    0     0                    5584710.4050 5678204.55  1.67%     -  174s
H    0     0                    5586096.4200 5678204.55  1.65%     -  174s
H    0     0                    5586438.6650 5678204.55  1.64%     -  178s
H    0     0                    5586678.6650 5678204.55  1.64%     -  187s
H    0     0                    5587358.6650 5678204.55  1.63%     -  190s
H    0     0                    5589381.7150 5678204.55  1.59%     -  193s
     0     0 5678184.68    0 4331 5589381.71 5678184.68  1.59%     -  194s
     0     0 5678181.86    0 4350 5589381.71 5678181.86  1.59%     -  194s
     0     0 5678043.77    0 4339 5589381.71 5678043.77  1.59%     -  197s
H    0     0                    5590733.4150 5678043.77  1.56%     -  206s
H    0     0                    5592254.9350 5678043.77  1.53%     -  206s
H    0     0                    5592888.5050 5678043.77  1.52%     -  206s
H    0     0                    5594884.6950 5678043.77  1.49%     -  206s
H    0     0                    5595234.6900 5678043.77  1.48%     -  206s
H    0     0                    5597924.5400 5678043.77  1.43%     -  206s
H    0     0                    5599993.0400 5678043.77  1.39%     -  206s
H    0     0                    5601643.2350 5678043.77  1.36%     -  207s
H    0     0                    5602106.8350 5678043.77  1.36%     -  207s
H    0     0                    5602484.3150 5678043.77  1.35%     -  209s
     0     0 5678032.97    0 4403 5602484.31 5678032.97  1.35%     -  210s
     0     0 5677895.04    0 4337 5602484.31 5677895.04  1.35%     -  211s
     0     0 5677895.04    0 3881 5602484.31 5677895.04  1.35%     -  215s
     0     2 5677895.04    0 3829 5602484.31 5677895.04  1.35%     -  233s
     3     8 5677800.60    2 4030 5602484.31 5677806.67  1.34%  2401  236s
     7    16 5677765.22    3 4149 5602484.31 5677796.12  1.34%  1588  242s
    15    26 5677747.47    4 4189 5602484.31 5677765.02  1.34%  1398  248s
    25    46 5677738.60    5 4216 5602484.31 5677745.84  1.34%  1182  261s
H   26    46                    5613245.7750 5677745.84  1.15%  1136  261s
H   28    46                    5616803.0800 5677745.84  1.09%  1063  261s
H   42    46                    5618882.2700 5677745.84  1.05%   761  261s
    45   135 5677673.91    6 4177 5618882.27 5677745.84  1.05%   720  270s
   134   266 5677737.56   13 4208 5618882.27 5677745.84  1.05%   356  283s
   265   520 5677729.21   18 4181 5618882.27 5677745.84  1.05%   244  303s
   519   553 5677724.82   30 4182 5618882.27 5677745.84  1.05%   192  343s
H  552   915                    5619398.8750 5677745.84  1.04%   195  389s
   914   961 5677724.82   41 4181 5619398.87 5677745.84  1.04%   162  457s
H  917   961                    5620981.6908 5677745.84  1.01%   163  457s
H  921   961                    5623411.0150 5677745.84  0.97%   164  457s
H  960  1046                    5623547.5450 5677745.84  0.96%   163  471s

Cutting planes:
  Cover: 3
  Clique: 2545
  MIR: 203
  Zero half: 541
  Relax-and-lift: 10

Explored 1045 nodes (314677 simplex iterations) in 471.66 seconds (468.68 work units)
Thread count was 12 (of 12 available processors)

Solution count 10: 5.62355e+06 5.62341e+06 5.62098e+06 ... 5.60164e+06

Time limit reached
Best objective 5.623547545000e+06, best bound 5.677745837824e+06, gap 0.9638%
