
Gurobi 12.0.1 (win64) logging started Thu Mar 19 09:49:13 2026

Set parameter LogFile to value "logs\full_H_35_restricted_subset15_25it_w_max_cap200_seed42_CG.log"
Gurobi Optimizer version 12.0.1 build v12.0.1rc0 (win64 - Windows 11.0 (26100.2))

CPU model: 13th Gen Intel(R) Core(TM) i7-1355U, instruction set [SSE2|AVX|AVX2]
Thread count: 10 physical cores, 12 logical processors, using up to 12 threads

Non-default parameters:
TimeLimit  8.2960550355911255e+02
FeasibilityTol  1e-09
MIPGap  0.005

Optimize a model with 5998 rows, 100737 columns and 856379 nonzeros
Model fingerprint: 0xb9cc6b23
Variable types: 0 continuous, 100737 integer (100567 binary)
Coefficient statistics:
  Matrix range     [4e-01, 1e+02]
  Objective range  [1e-02, 2e+05]
  Bounds range     [1e+00, 3e+00]
  RHS range        [1e+00, 3e+00]
Presolve removed 418 rows and 7352 columns (presolve time = 8s)...
Presolve removed 418 rows and 7352 columns
Presolve time: 8.08s
Presolved: 5580 rows, 93385 columns, 769187 nonzeros
Variable types: 0 continuous, 93385 integer (93380 binary)
Found heuristic solution: objective -3283349.485
Found heuristic solution: objective -2625122.660
Deterministic concurrent LP optimizer: primal simplex, dual simplex, and barrier
Showing barrier log only...

Root barrier log...

Ordering time: 0.03s

Barrier statistics:
 AA' NZ     : 1.115e+05
 Factor NZ  : 1.880e+05 (roughly 40 MB of memory)
 Factor Ops : 7.448e+06 (less than 1 second per iteration)
 Threads    : 8

                  Objective                Residual
Iter       Primal          Dual         Primal    Dual     Compl     Time
   0   5.80501850e+09  5.89428221e+06  7.99e+04 4.12e+03  6.66e+04     9s
   1   1.95559311e+09  1.73533920e+07  2.70e+04 2.08e+03  2.31e+04     9s
   2   6.11690867e+08  2.24978242e+07  8.42e+03 1.10e+03  7.41e+03     9s
   3   1.12517553e+08  2.17997693e+07  1.52e+03 3.61e+01  1.41e+03     9s
   4   3.32835563e+07  1.57098354e+07  4.32e+02 5.69e+00  4.27e+02     9s
   5   1.21315983e+07  1.21024966e+07  1.42e+02 1.83e+00  1.63e+02     9s
   6   2.24074882e+06  8.13501988e+06  1.08e+01 6.92e-01  4.15e+01     9s
   7   1.72803241e+06  4.92543979e+06  3.49e+00 2.39e-01  1.92e+01     9s
   8   1.68227702e+06  3.21040151e+06  1.99e+00 1.12e-01  9.11e+00     9s
   9   1.66145741e+06  2.50962431e+06  7.17e-01 3.61e-02  4.79e+00     9s
  10   1.67072873e+06  2.19266950e+06  5.85e-01 1.94e-02  3.00e+00     9s
  11   1.71412368e+06  2.06753193e+06  2.56e-01 2.69e-02  1.96e+00    10s
  12   1.72717260e+06  2.00477322e+06  2.10e-01 1.06e-02  1.54e+00    10s
  13   1.74111867e+06  1.94332603e+06  1.78e-01 7.98e-03  1.13e+00    10s
  14   1.75803014e+06  1.92773201e+06  1.46e-01 6.97e-03  9.51e-01    10s
  15   1.78616864e+06  1.89520769e+06  9.06e-02 4.06e-03  6.09e-01    10s
  16   1.80601474e+06  1.88604939e+06  6.18e-02 2.85e-03  4.45e-01    10s
  17   1.81043837e+06  1.87333975e+06  5.64e-02 2.03e-03  3.53e-01    10s
  18   1.82349982e+06  1.86799957e+06  3.83e-02 1.42e-03  2.49e-01    10s
  19   1.83122960e+06  1.86456768e+06  2.94e-02 9.46e-04  1.87e-01    10s
  20   1.83805289e+06  1.86205445e+06  2.19e-02 5.76e-04  1.35e-01    10s
  21   1.84607937e+06  1.86026159e+06  1.23e-02 1.84e-04  7.95e-02    10s
  22   1.85125755e+06  1.85949973e+06  6.31e-03 1.21e-04  4.58e-02    10s
  23   1.85275341e+06  1.85872709e+06  4.63e-03 6.14e-05  3.32e-02    10s
  24   1.85497540e+06  1.85810553e+06  2.23e-03 1.89e-05  1.73e-02    10s
  25   1.85579537e+06  1.85777525e+06  1.37e-03 1.94e-06  1.09e-02    10s
  26   1.85650618e+06  1.85755804e+06  6.69e-04 2.08e-12  5.79e-03    10s
  27   1.85684948e+06  1.85740179e+06  3.28e-04 2.33e-12  3.03e-03    10s
  28   1.85702518e+06  1.85730883e+06  1.60e-04 7.28e-12  1.55e-03    10s
  29   1.85712493e+06  1.85727433e+06  6.67e-05 1.09e-11  8.09e-04    10s
  30   1.85714030e+06  1.85725442e+06  5.32e-05 7.28e-12  6.19e-04    10s
  31   1.85714599e+06  1.85722382e+06  4.81e-05 7.28e-12  4.28e-04    10s
  32   1.85716566e+06  1.85721891e+06  3.08e-05 1.82e-11  2.92e-04    10s
  33   1.85719417e+06  1.85720724e+06  5.81e-06 2.91e-11  7.08e-05    10s
  34   1.85720088e+06  1.85720177e+06  5.15e-07 3.64e-12  4.87e-06    11s
  35   1.85720156e+06  1.85720160e+06  2.69e-08 1.82e-12  2.29e-07    11s
  36   1.85720160e+06  1.85720160e+06  9.62e-09 6.50e-12  1.50e-08    11s
  37   1.85720160e+06  1.85720160e+06  1.40e-09 1.01e-11  2.63e-11    11s

Barrier solved model in 37 iterations and 10.63 seconds (7.59 work units)
Optimal objective 1.85720160e+06


Root crossover log...

    1146 DPushes remaining with DInf 0.0000000e+00                11s
       0 DPushes remaining with DInf 0.0000000e+00                11s

   10012 PPushes remaining with PInf 7.8339832e-09                11s
       0 PPushes remaining with PInf 0.0000000e+00                11s

  Push phase complete: Pinf 0.0000000e+00, Dinf 7.4383450e-10     11s


Root simplex log...

Iteration    Objective       Primal Inf.    Dual Inf.      Time
   11087    1.8572016e+06   0.000000e+00   0.000000e+00     11s
Concurrent spin time: 0.77s (can be avoided by choosing Method=3)

Solved with barrier

Root relaxation: objective 1.857202e+06, 11087 iterations, 3.27 seconds (1.36 work units)

    Nodes    |    Current Node    |     Objective Bounds      |     Work
 Expl Unexpl |  Obj  Depth IntInf | Incumbent    BestBd   Gap | It/Node Time

     0     0 1857201.60    0 2186 -2625122.7 1857201.60   171%     -   13s
H    0     0                    -493534.3350 1857201.60   476%     -   13s
H    0     0                    -220078.1550 1857201.60   944%     -   13s
H    0     0                    686259.39000 1857201.60   171%     -   13s
H    0     0                    819393.87000 1857201.60   127%     -   13s
H    0     0                    996160.40500 1857201.60  86.4%     -   13s
H    0     0                    1119038.6750 1857201.60  66.0%     -   13s
H    0     0                    1144041.3000 1857201.60  62.3%     -   13s
H    0     0                    1155429.2500 1857201.60  60.7%     -   13s
H    0     0                    1161734.4850 1857201.60  59.9%     -   13s
H    0     0                    1162094.4850 1857201.60  59.8%     -   13s
H    0     0                    1184430.9100 1857201.60  56.8%     -   13s
H    0     0                    1185364.0700 1857201.60  56.7%     -   13s
H    0     0                    1196415.9850 1857201.60  55.2%     -   13s
H    0     0                    1196435.4800 1857201.60  55.2%     -   14s
H    0     0                    1604918.0100 1857201.60  15.7%     -   14s
H    0     0                    1631027.3250 1857201.60  13.9%     -   17s
H    0     0                    1631833.2600 1857201.60  13.8%     -   17s
H    0     0                    1632216.8250 1857201.60  13.8%     -   17s
H    0     0                    1632776.8250 1857201.60  13.7%     -   18s
H    0     0                    1634613.3350 1857201.60  13.6%     -   18s
H    0     0                    1636148.9150 1857201.60  13.5%     -   19s
H    0     0                    1636355.8050 1857201.60  13.5%     -   26s
H    0     0                    1641599.2900 1857201.60  13.1%     -   26s
H    0     0                    1643720.7350 1857201.60  13.0%     -   27s
H    0     0                    1644115.4550 1857201.60  13.0%     -   27s
H    0     0                    1648153.3500 1857201.60  12.7%     -   34s
H    0     0                    1648382.0750 1857201.60  12.7%     -   34s
H    0     0                    1649687.5350 1857201.60  12.6%     -   34s
H    0     0                    1649789.0750 1857201.60  12.6%     -   34s
H    0     0                    1652161.0950 1847088.52  11.8%     -   38s
H    0     0                    1652481.0950 1847088.52  11.8%     -   38s
     0     0 1847088.52    0 2396 1652481.09 1847088.52  11.8%     -   38s
H    0     0                    1674328.2350 1847088.52  10.3%     -   40s
H    0     0                    1692638.6750 1847088.52  9.12%     -   44s
H    0     0                    1693004.3450 1847088.52  9.10%     -   46s
H    0     0                    1693041.6100 1847088.52  9.10%     -   47s
H    0     0                    1701367.3050 1847088.52  8.56%     -   49s
H    0     0                    1703705.4100 1845472.49  8.32%     -   51s
     0     0 1845472.49    0 2458 1703705.41 1845472.49  8.32%     -   51s
     0     0 1845095.30    0 2500 1703705.41 1845095.30  8.30%     -   52s
     0     0 1845009.12    0 2529 1703705.41 1845009.12  8.29%     -   53s
     0     0 1844998.00    0 2541 1703705.41 1844998.00  8.29%     -   53s
     0     0 1844996.14    0 2549 1703705.41 1844996.14  8.29%     -   54s
     0     0 1844996.06    0 2553 1703705.41 1844996.06  8.29%     -   54s
     0     0 1841970.91    0 2558 1703705.41 1841970.91  8.12%     -   59s
     0     0 1841093.27    0 2566 1703705.41 1841093.27  8.06%     -   65s
     0     0 1840761.37    0 2609 1703705.41 1840761.37  8.04%     -   66s
     0     0 1840459.36    0 2646 1703705.41 1840459.36  8.03%     -   67s
     0     0 1840297.39    0 2659 1703705.41 1840297.39  8.02%     -   69s
     0     0 1840245.86    0 2634 1703705.41 1840245.86  8.01%     -   69s
     0     0 1840230.94    0 2664 1703705.41 1840230.94  8.01%     -   69s
     0     0 1840229.00    0 2676 1703705.41 1840229.00  8.01%     -   70s
H    0     0                    1705306.0400 1839088.54  7.85%     -   73s
H    0     0                    1705949.1000 1839088.54  7.80%     -   73s
H    0     0                    1708723.0150 1839088.54  7.63%     -   73s
     0     0 1839088.54    0 2805 1708723.01 1839088.54  7.63%     -   73s
H    0     0                    1711796.5450 1839086.71  7.44%     -   74s
H    0     0                    1713658.0050 1839086.71  7.32%     -   87s
     0     0 1838530.49    0 2815 1713658.00 1838530.49  7.29%     -   91s
     0     0 1838222.04    0 2848 1713658.00 1838222.04  7.27%     -   94s
     0     0 1838079.36    0 2913 1713658.00 1838079.36  7.26%     -   96s
     0     0 1837982.56    0 2932 1713658.00 1837982.56  7.25%     -   98s
     0     0 1837885.77    0 2945 1713658.00 1837885.77  7.25%     -   99s
     0     0 1837868.06    0 3000 1713658.00 1837868.06  7.25%     -  100s
     0     0 1837854.36    0 3039 1713658.00 1837854.36  7.25%     -  101s
     0     0 1837843.00    0 3046 1713658.00 1837843.00  7.25%     -  101s
     0     0 1837841.57    0 3069 1713658.00 1837841.57  7.25%     -  102s
     0     0 1836862.36    0 2967 1713658.00 1836862.36  7.19%     -  106s
H    0     0                    1713896.7200 1836862.10  7.17%     -  108s
     0     0 1836662.40    0 2947 1713896.72 1836662.40  7.16%     -  113s
     0     0 1836566.19    0 3024 1713896.72 1836566.19  7.16%     -  115s
     0     0 1836533.24    0 3080 1713896.72 1836533.24  7.16%     -  116s
     0     0 1836522.77    0 3129 1713896.72 1836522.77  7.15%     -  117s
     0     0 1835793.02    0 2981 1713896.72 1835793.02  7.11%     -  121s
     0     0 1835703.29    0 2998 1713896.72 1835703.29  7.11%     -  125s
     0     0 1835665.13    0 3043 1713896.72 1835665.13  7.10%     -  127s
     0     0 1835651.58    0 3087 1713896.72 1835651.58  7.10%     -  127s
     0     0 1835396.46    0 3089 1713896.72 1835396.46  7.09%     -  130s
     0     0 1835314.18    0 3123 1713896.72 1835314.18  7.08%     -  134s
     0     0 1835292.26    0 3167 1713896.72 1835292.26  7.08%     -  136s
     0     0 1835280.63    0 3213 1713896.72 1835280.63  7.08%     -  136s
     0     0 1834950.50    0 3189 1713896.72 1834950.50  7.06%     -  139s
     0     0 1834911.69    0 3190 1713896.72 1834911.69  7.06%     -  144s
     0     0 1834872.89    0 3274 1713896.72 1834872.89  7.06%     -  145s
     0     0 1834859.73    0 3299 1713896.72 1834859.73  7.06%     -  146s
     0     0 1834635.69    0 3246 1713896.72 1834635.69  7.04%     -  149s
     0     0 1834610.09    0 3289 1713896.72 1834610.09  7.04%     -  153s
     0     0 1834576.64    0 3296 1713896.72 1834576.64  7.04%     -  153s
     0     0 1834572.29    0 3360 1713896.72 1834572.29  7.04%     -  154s
H    0     0                    1718017.1500 1834337.93  6.77%     -  156s
H    0     0                    1722034.4050 1834337.93  6.52%     -  156s
H    0     0                    1722051.0350 1834337.93  6.52%     -  156s
     0     0 1834337.93    0 3245 1722051.03 1834337.93  6.52%     -  157s
H    0     0                    1730162.1400 1834337.86  6.02%     -  183s
H    0     0                    1733256.3550 1834337.86  5.83%     -  183s
H    0     0                    1741125.9750 1834337.86  5.35%     -  183s
H    0     0                    1741525.9750 1834337.86  5.33%     -  186s
H    0     0                    1743802.6950 1834337.86  5.19%     -  186s
H    0     0                    1744922.6950 1834337.86  5.12%     -  191s
H    0     0                    1745981.6500 1834276.91  5.06%     -  200s
     0     0 1834276.91    0 3306 1745981.65 1834276.91  5.06%     -  200s
     0     0 1834264.54    0 3352 1745981.65 1834264.54  5.06%     -  201s
     0     0 1834182.44    0 3298 1745981.65 1834182.44  5.05%     -  204s
     0     0 1834182.17    0 2953 1745981.65 1834182.17  5.05%     -  207s
H    0     0                    1747943.2200 1834182.16  4.93%     -  233s
     3     5 1834182.16    2   46 1747943.22 1834182.16  4.93% 28383  235s
   790   442 1833744.48    2 2873 1747943.22 1833744.48  4.91%   122  423s
   796   454 1833715.06    4 3163 1747943.22 1833737.23  4.91%   127  428s
   804   464 1833709.47    5 3288 1747943.22 1833715.06  4.91%   139  430s
   814   485 1833708.50    6 3338 1747943.22 1833709.42  4.91%   147  437s
   835   595 1833690.73    7 3313 1747943.22 1833709.42  4.91%   148  448s
   945   836 1833689.21   14 3327 1747943.22 1833709.42  4.91%   178  468s
  1186   899 1833645.99   32 3340 1747943.22 1833709.42  4.91%   203  526s
  1249  1450 1833623.87   37 3339 1747943.22 1833709.42  4.91%   216  588s
H 1800  1450                    1792804.5100 1833709.42  2.28%   273  588s
  2646  2854 1833452.75   80 3198 1792804.51 1833695.99  2.28%   172  671s
  5397  4589 1833252.59  131 3123 1792804.51 1833678.37  2.28%   130  790s
  5984  4605 1833123.78  185 3109 1792804.51 1833678.37  2.28%   140  829s

Cutting planes:
  Cover: 6
  Clique: 1395
  MIR: 243
  Zero half: 337
  Relax-and-lift: 2

Explored 6000 nodes (963866 simplex iterations) in 830.19 seconds (632.51 work units)
Thread count was 12 (of 12 available processors)

Solution count 10: 1.7928e+06 1.74794e+06 1.74598e+06 ... 1.72205e+06

Time limit reached
Best objective 1.792804510000e+06, best bound 1.833678370253e+06, gap 2.2799%
