
Gurobi 12.0.1 (win64) logging started Wed Mar 18 20:04:00 2026

Set parameter LogFile to value "logs\full_L_50_restricted_subset15_25it_w_max_cap200_seed42_CG.log"
Gurobi Optimizer version 12.0.1 build v12.0.1rc0 (win64 - Windows 11.0 (26100.2))

CPU model: 13th Gen Intel(R) Core(TM) i7-1355U, instruction set [SSE2|AVX|AVX2]
Thread count: 10 physical cores, 12 logical processors, using up to 12 threads

Non-default parameters:
TimeLimit  1.5268950245380402e+03
FeasibilityTol  1e-09
MIPGap  0.005

Optimize a model with 8368 rows, 125289 columns and 1014165 nonzeros
Model fingerprint: 0x47aead0c
Variable types: 0 continuous, 125289 integer (125119 binary)
Coefficient statistics:
  Matrix range     [4e-01, 1e+02]
  Objective range  [1e-02, 2e+05]
  Bounds range     [1e+00, 3e+00]
  RHS range        [1e+00, 3e+00]
Presolve removed 916 rows and 7903 columns
Presolve time: 2.27s
Presolved: 7452 rows, 117386 columns, 932936 nonzeros
Variable types: 0 continuous, 117386 integer (117381 binary)
Found heuristic solution: objective -3178881.205
Found heuristic solution: objective -2659664.670
Deterministic concurrent LP optimizer: primal simplex, dual simplex, and barrier
Showing barrier log only...

Root barrier log...

Ordering time: 0.04s

Barrier statistics:
 AA' NZ     : 1.410e+05
 Factor NZ  : 2.449e+05 (roughly 50 MB of memory)
 Factor Ops : 9.437e+06 (less than 1 second per iteration)
 Threads    : 8

                  Objective                Residual
Iter       Primal          Dual         Primal    Dual     Compl     Time
   0   7.02551846e+09  7.36327623e+06  8.46e+04 2.39e+03  5.99e+04     3s
   1   2.92988358e+09  2.05310605e+07  3.53e+04 1.43e+03  2.55e+04     3s
   2   7.35472629e+08  2.83238354e+07  8.83e+03 1.01e+03  6.64e+03     3s
   3   1.51338330e+08  2.76968488e+07  1.78e+03 1.57e+01  1.40e+03     3s
   4   5.61089083e+07  2.10477736e+07  6.37e+02 1.04e+00  5.18e+02     3s
   5   2.45575340e+07  1.66433806e+07  2.57e+02 3.84e-01  2.23e+02     3s
   6   8.49309053e+06  1.21861173e+07  6.39e+01 2.27e-12  7.49e+01     3s
   7   3.87547555e+06  7.22899155e+06  9.16e+00 2.67e-12  2.20e+01     3s
   8   3.48891889e+06  5.56023721e+06  5.04e+00 4.52e-12  1.23e+01     3s
   9   3.31770286e+06  4.65362528e+06  2.98e+00 8.10e-13  7.50e+00     3s
  10   3.29629568e+06  4.24728061e+06  2.53e+00 2.13e-12  5.51e+00     3s
  11   3.27011033e+06  3.91172672e+06  1.69e+00 2.69e-12  3.65e+00     4s
  12   3.26714073e+06  3.70087541e+06  1.18e+00 1.88e-12  2.47e+00     4s
  13   3.27279076e+06  3.58041355e+06  9.20e-01 2.81e-12  1.79e+00     4s
  14   3.28317077e+06  3.49884657e+06  6.27e-01 1.94e-12  1.24e+00     4s
  15   3.29535698e+06  3.43550859e+06  4.61e-01 3.64e-12  8.31e-01     4s
  16   3.30520670e+06  3.40341298e+06  3.75e-01 3.64e-12  6.09e-01     4s
  17   3.31532320e+06  3.39031023e+06  2.69e-01 2.18e-12  4.55e-01     4s
  18   3.32515601e+06  3.37936511e+06  1.88e-01 1.61e-12  3.25e-01     4s
  19   3.33202766e+06  3.36903429e+06  1.34e-01 1.55e-12  2.25e-01     4s
  20   3.33726588e+06  3.36588702e+06  1.01e-01 1.71e-12  1.73e-01     4s
  21   3.34370804e+06  3.36071912e+06  6.49e-02 3.64e-12  1.05e-01     4s
  22   3.34766644e+06  3.35815543e+06  4.20e-02 2.15e-12  6.59e-02     4s
  23   3.35060471e+06  3.35718566e+06  2.58e-02 2.79e-12  4.10e-02     4s
  24   3.35177627e+06  3.35671295e+06  1.94e-02 7.28e-12  3.08e-02     4s
  25   3.35278359e+06  3.35640336e+06  1.42e-02 2.64e-12  2.25e-02     4s
  26   3.35353868e+06  3.35607061e+06  1.03e-02 3.64e-12  1.60e-02     4s
  27   3.35446227e+06  3.35595804e+06  5.61e-03 3.64e-12  9.18e-03     4s
  28   3.35504338e+06  3.35585367e+06  2.67e-03 2.18e-12  4.78e-03     4s
  29   3.35529306e+06  3.35575193e+06  1.44e-03 1.79e-12  2.67e-03     4s
  30   3.35541181e+06  3.35567531e+06  8.77e-04 2.18e-11  1.56e-03     4s
  31   3.35549008e+06  3.35565308e+06  5.13e-04 1.46e-11  9.48e-04     4s
  32   3.35556170e+06  3.35562873e+06  1.92e-04 1.46e-11  3.80e-04     5s
  33   3.35557644e+06  3.35561810e+06  1.25e-04 1.82e-11  2.39e-04     5s
  34   3.35558940e+06  3.35561350e+06  6.98e-05 7.28e-12  1.37e-04     5s
  35   3.35559613e+06  3.35561115e+06  4.24e-05 3.18e-12  8.47e-05     5s
  36   3.35560177e+06  3.35561035e+06  1.87e-05 2.06e-12  4.54e-05     5s
  37   3.35560271e+06  3.35560937e+06  1.49e-05 1.93e-12  3.55e-05     5s
  38   3.35560295e+06  3.35560866e+06  1.40e-05 1.76e-12  3.11e-05     5s
  39   3.35560587e+06  3.35560716e+06  2.71e-06 7.28e-12  6.77e-06     5s
  40   3.35560643e+06  3.35560673e+06  5.12e-07 1.82e-11  1.50e-06     5s
  41   3.35560651e+06  3.35560671e+06  2.53e-07 1.09e-11  9.62e-07     5s
  42   3.35560658e+06  3.35560659e+06  1.07e-08 1.97e-12  5.34e-08     5s
  43   3.35560658e+06  3.35560658e+06  6.26e-09 1.09e-11  1.89e-09     5s

Barrier solved model in 43 iterations and 4.95 seconds (6.29 work units)
Optimal objective 3.35560658e+06


Root crossover log...

       0 DPushes remaining with DInf 0.0000000e+00                 5s

   21802 PPushes remaining with PInf 2.5567024e-06                 5s
       0 PPushes remaining with PInf 0.0000000e+00                 6s

  Push phase complete: Pinf 0.0000000e+00, Dinf 6.4697297e+01      6s


Root simplex log...

Iteration    Objective       Primal Inf.    Dual Inf.      Time
   23470    3.3556066e+06   0.000000e+00   6.469730e+01      6s
   23487    3.3556066e+06   0.000000e+00   0.000000e+00      6s
Concurrent spin time: 0.97s (can be avoided by choosing Method=3)

Solved with barrier

Root relaxation: objective 3.355607e+06, 23487 iterations, 3.87 seconds (2.19 work units)

    Nodes    |    Current Node    |     Objective Bounds      |     Work
 Expl Unexpl |  Obj  Depth IntInf | Incumbent    BestBd   Gap | It/Node Time

     0     0 3355606.58    0 2523 -2659664.7 3355606.58   226%     -    8s
H    0     0                    2064293.2600 3355606.58  62.6%     -    8s
H    0     0                    2250457.8100 3355606.58  49.1%     -    8s
H    0     0                    2489127.6700 3355606.58  34.8%     -    8s
H    0     0                    2539660.9250 3355606.58  32.1%     -    8s
H    0     0                    2598425.6650 3355606.58  29.1%     -    8s
H    0     0                    2627204.2950 3355606.58  27.7%     -    8s
H    0     0                    2651288.6800 3355606.58  26.6%     -    9s
H    0     0                    2652208.6800 3355606.58  26.5%     -    9s
H    0     0                    2663042.5654 3355606.58  26.0%     -    9s
H    0     0                    2666185.4350 3355606.58  25.9%     -   11s
H    0     0                    2710293.7050 3355606.58  23.8%     -   11s
H    0     0                    2769265.3500 3355606.58  21.2%     -   11s
H    0     0                    2795685.9250 3355606.58  20.0%     -   11s
H    0     0                    2812838.7800 3355606.58  19.3%     -   11s
H    0     0                    2817460.3800 3355606.58  19.1%     -   11s
H    0     0                    2916445.7500 3355606.58  15.1%     -   11s
H    0     0                    2918405.7500 3355606.58  15.0%     -   12s
H    0     0                    2921665.4300 3355606.58  14.9%     -   13s
H    0     0                    2922265.4300 3355606.58  14.8%     -   15s
H    0     0                    2930873.9050 3355606.58  14.5%     -   15s
H    0     0                    2944413.6650 3355606.58  14.0%     -   15s
H    0     0                    2945778.1850 3355606.58  13.9%     -   17s
H    0     0                    2948138.1850 3355606.58  13.8%     -   17s
     0     0 3346413.31    0 2782 2948138.18 3346413.31  13.5%     -   22s
H    0     0                    3047762.1700 3346413.24  9.80%     -   23s
H    0     0                    3088610.4400 3346413.24  8.35%     -   25s
H    0     0                    3107714.9100 3346413.24  7.68%     -   25s
H    0     0                    3110318.4550 3346413.24  7.59%     -   25s
H    0     0                    3112122.6350 3346413.24  7.53%     -   25s
H    0     0                    3128549.1750 3346413.24  6.96%     -   26s
H    0     0                    3128709.1750 3346413.24  6.96%     -   26s
H    0     0                    3129293.2050 3346413.24  6.94%     -   27s
H    0     0                    3129677.1950 3346413.24  6.93%     -   27s
H    0     0                    3130402.0200 3346413.24  6.90%     -   28s
H    0     0                    3131314.1400 3346413.24  6.87%     -   28s
H    0     0                    3131669.5850 3346413.24  6.86%     -   29s
H    0     0                    3132229.5850 3346413.24  6.84%     -   29s
H    0     0                    3188076.2550 3346413.24  4.97%     -   30s
     0     0 3344073.86    0 2723 3188076.25 3344073.86  4.89%     -   32s
     0     0 3343548.40    0 2836 3188076.25 3343548.40  4.88%     -   32s
     0     0 3343163.61    0 2905 3188076.25 3343163.61  4.86%     -   33s
     0     0 3343080.67    0 2981 3188076.25 3343080.67  4.86%     -   33s
     0     0 3343076.27    0 2974 3188076.25 3343076.27  4.86%     -   33s
     0     0 3343076.20    0 2975 3188076.25 3343076.20  4.86%     -   33s
     0     0 3340346.41    0 2904 3188076.25 3340346.41  4.78%     -   37s
H    0     0                    3193705.6100 3340346.11  4.59%     -   38s
H    0     0                    3194505.3650 3340346.11  4.57%     -   38s
     0     0 3339166.32    0 2968 3194505.36 3339166.32  4.53%     -   40s
     0     0 3338707.92    0 3037 3194505.36 3338707.92  4.51%     -   41s
     0     0 3338313.22    0 3105 3194505.36 3338313.22  4.50%     -   42s
     0     0 3338223.28    0 3154 3194505.36 3338223.28  4.50%     -   43s
     0     0 3338187.11    0 3204 3194505.36 3338187.11  4.50%     -   43s
     0     0 3338186.53    0 3199 3194505.36 3338186.53  4.50%     -   43s
     0     0 3337134.75    0 3110 3194505.36 3337134.75  4.46%     -   46s
H    0     0                    3194526.3050 3337134.73  4.46%     -   47s
     0     0 3336337.25    0 3161 3194526.30 3336337.25  4.44%     -   54s
     0     0 3336121.12    0 3209 3194526.30 3336121.12  4.43%     -   56s
     0     0 3335997.17    0 3177 3194526.30 3335997.17  4.43%     -   56s
     0     0 3335860.00    0 3257 3194526.30 3335860.00  4.42%     -   57s
     0     0 3335820.20    0 3310 3194526.30 3335820.20  4.42%     -   58s
     0     0 3335804.43    0 3286 3194526.30 3335804.43  4.42%     -   58s
     0     0 3335801.63    0 3310 3194526.30 3335801.63  4.42%     -   59s
     0     0 3334754.23    0 3311 3194526.30 3334754.23  4.39%     -   61s
     0     0 3334564.04    0 3225 3194526.30 3334564.04  4.38%     -   64s
     0     0 3334444.67    0 3279 3194526.30 3334444.67  4.38%     -   65s
     0     0 3334430.99    0 3317 3194526.30 3334430.99  4.38%     -   65s
     0     0 3334428.28    0 3346 3194526.30 3334428.28  4.38%     -   66s
     0     0 3333825.60    0 3358 3194526.30 3333825.60  4.36%     -   68s
     0     0 3333610.88    0 3375 3194526.30 3333610.88  4.35%     -   72s
     0     0 3333544.32    0 3394 3194526.30 3333544.32  4.35%     -   73s
     0     0 3333535.15    0 3468 3194526.30 3333535.15  4.35%     -   74s
     0     0 3333203.05    0 3324 3194526.30 3333203.05  4.34%     -   77s
     0     0 3333122.37    0 3414 3194526.30 3333122.37  4.34%     -   81s
     0     0 3333065.03    0 3436 3194526.30 3333065.03  4.34%     -   82s
     0     0 3333057.49    0 3528 3194526.30 3333057.49  4.34%     -   82s
     0     0 3332770.34    0 3446 3194526.30 3332770.34  4.33%     -   84s
H    0     0                    3195194.8050 3332769.78  4.31%     -   98s
H    0     0                    3195754.8050 3332769.78  4.29%     -   98s
     0     0 3332707.20    0 3473 3195754.80 3332707.20  4.29%     -  101s
     0     0 3332690.93    0 3450 3195754.80 3332690.93  4.28%     -  102s
     0     0 3332687.88    0 3517 3195754.80 3332687.88  4.28%     -  102s
     0     0 3332464.34    0 3522 3195754.80 3332464.34  4.28%     -  104s
H    0     0                    3212929.0550 3332464.34  3.72%     -  108s
     0     0 3332393.44    0 3614 3212929.05 3332393.44  3.72%     -  109s
     0     0 3332380.04    0 3653 3212929.05 3332380.04  3.72%     -  109s
     0     0 3332253.74    0 3542 3212929.05 3332253.74  3.71%     -  111s
     0     0 3332219.55    0 3622 3212929.05 3332219.55  3.71%     -  114s
     0     0 3332213.26    0 3678 3212929.05 3332213.26  3.71%     -  115s
     0     0 3332086.50    0 3643 3212929.05 3332086.50  3.71%     -  117s
     0     0 3332072.95    0 3698 3212929.05 3332072.95  3.71%     -  122s
     0     0 3332015.21    0 3601 3212929.05 3332015.21  3.71%     -  124s
     0     0 3332014.57    0 3263 3212929.05 3332014.57  3.71%     -  127s
     0     2 3332014.57    0 3216 3212929.05 3332014.57  3.71%     -  146s
     1     4 3331832.71    1 3229 3212929.05 3332013.70  3.71%  8016  150s
     7    16 3331796.19    3 3540 3212929.05 3331820.39  3.70%  2274  157s
    15    26 3331763.82    4 3540 3212929.05 3331790.84  3.70%  1855  160s
    25    49 3331763.37    5 3551 3212929.05 3331763.37  3.70%  1358  172s
H   26    49                    3224185.1200 3331763.37  3.34%  1305  172s
H   32    49                    3227013.5550 3331763.37  3.25%  1072  172s
H   35    49                    3233413.8500 3331763.37  3.04%  1041  172s
    48    83 3331756.52    6 3536 3233413.85 3331762.08  3.04%   817  177s
    82    93 3331709.85   11 3490 3233413.85 3331762.08  3.04%   575  186s
    92   105 3331736.04   11 3529 3233413.85 3331762.08  3.04%   543  196s
H   94   105                    3241403.9850 3331762.08  2.79%   531  196s
   104   162 3331736.04   12 3528 3241403.98 3331762.08  2.79%   545  207s
H  161   212                    3243456.7900 3331762.08  2.72%   493  236s
H  194   212                    3243483.5550 3331762.08  2.72%   478  236s
   211   408 3331720.64   18 3548 3243483.55 3331762.08  2.72%   465  269s
H  407   418                    3244648.2250 3331762.08  2.68%   367  320s
   417   996 3331710.51   30 3520 3244648.22 3331762.08  2.68%   362  362s
H  995  1804                    3247259.3750 3331762.08  2.60%   233  415s
H 1066  1804                    3252045.8450 3331762.08  2.45%   223  415s
  1803  2843 3331574.63  107 3387 3252045.84 3331762.08  2.45%   165  465s
H 2010  2843                    3253451.8350 3331762.08  2.41%   154  465s
H 2842  3164                    3255248.6250 3331762.08  2.35%   130  506s
H 2867  3164                    3259795.3200 3331762.08  2.21%   132  506s
  3163  3664 3331520.29  160 3406 3259795.32 3331762.08  2.21%   132  540s
H 3663  3674                    3265576.4450 3331762.08  2.03%   132  583s
H 3665  3674                    3268161.9550 3331762.08  1.95%   133  583s
H 3673  3684                    3268516.3750 3331762.08  1.93%   133  619s
H 3674  3684                    3271552.1698 3331762.08  1.84%   133  619s
H 3683  4399                    3272315.3298 3331762.08  1.82%   135  659s
  4398  4881 3331037.14  358 3328 3272315.33 3331762.08  1.82%   127  694s
  4880  5196 3330925.19  440 3221 3272315.33 3331762.08  1.82%   129  736s
H 4898  5196                    3272405.4898 3331762.08  1.81%   130  736s
H 5124  5196                    3273819.5100 3331762.08  1.77%   132  736s
  5195  5617 3330858.13  460 3332 3273819.51 3331762.08  1.77%   132  769s
  5616  6058 3330752.04  482 3266 3273819.51 3331762.08  1.77%   135  804s
H 6057  6253                    3273850.2700 3331762.08  1.77%   137  842s
H 6114  6253                    3274018.9554 3331762.08  1.76%   138  842s
H 6252  6759                    3274120.6954 3331762.08  1.76%   139  875s
  6758  7379 3330542.56  564 3327 3274120.70 3331762.08  1.76%   139  914s
  7378  7802 3330483.31  581 3260 3274120.70 3331762.08  1.76%   137  952s
  7801  8153 3330388.81  615 3185 3274120.70 3331762.08  1.76%   137  992s
  8153  8154 3330373.66   97 3263 3274120.70 3331762.08  1.76%   136 1036s
  8155  8155 3331462.97  210 2533 3274120.70 3331762.08  1.76%   136 1054s
  8156  8156 3331448.92  126 2422 3274120.70 3331762.08  1.76%   136 1066s
  8157  8157 3331466.80   66 2703 3274120.70 3331762.08  1.76%   136 1071s
  8159  8158 3329314.60  550 2799 3274120.70 3331762.08  1.76%   136 1078s
  8160  8159 3331447.53   42 2870 3274120.70 3331762.08  1.76%   136 1082s
  8162  8160 3330872.90  263 2968 3274120.70 3331762.08  1.76%   136 1086s
  8164  8161 3330396.37  374 3106 3274120.70 3331759.54  1.76%   136 1090s
  8166  8163 3331056.55   66 3232 3274120.70 3331056.55  1.74%   136 1095s
  8168  8164 3329858.33  602 3402 3274120.70 3330643.52  1.73%   136 1102s
  8169  8165 3329767.23  689 3505 3274120.70 3330444.86  1.72%   136 1106s
  8173  8167 3330138.89  456 3633 3274120.70 3330384.98  1.72%   135 1115s
  8174  8168 3329454.56  291 3399 3274120.70 3329454.56  1.69%   135 1134s
  8175  8169 3329231.84  547 3300 3274120.70 3329231.84  1.68%   135 1137s
  8176  8169 3329073.47  257 3238 3274120.70 3329073.47  1.68%   135 1140s
  8180  8172 3328877.13  304 3443 3274120.70 3328877.13  1.67%   135 1146s
  8183  8174 3328682.50  188 3484 3274120.70 3328682.50  1.67%   135 1150s
  8189  8178 3328586.48  494 3603 3274120.70 3328586.48  1.66%   135 1159s
H 8189  7768                    3276985.0050 3328203.98  1.56%   135 1168s
  8190  7769 3328203.98  617 3406 3276985.00 3328203.98  1.56%   135 1186s
  8192  7770 3327931.08   25 3637 3276985.00 3327931.08  1.55%   135 1191s
  8193  7771 3327835.95  165 3501 3276985.00 3327835.95  1.55%   135 1195s
  8197  7773 3327640.77  652 3541 3276985.00 3327640.77  1.55%   135 1201s
  8200  7775 3327538.37  585 3593 3276985.00 3327538.37  1.54%   135 1205s
  8203  7777 3327462.41  329 3713 3276985.00 3327462.41  1.54%   135 1210s
  8208  7781 3327433.40  184 3777 3276985.00 3327433.40  1.54%   135 1218s
H 8208  7391                    3277554.5950 3327258.40  1.52%   135 1230s
H 8208  7021                    3279915.4449 3327258.40  1.44%   135 1230s
H 8208  6669                    3280204.0450 3327258.40  1.43%   135 1237s
H 8208  6334                    3280204.0454 3327258.40  1.43%   135 1243s
H 8208  6017                    3280270.8150 3327258.40  1.43%   135 1245s
  8211  6019 3327208.47  125 3523 3280270.81 3327208.47  1.43%   135 1250s
  8215  6021 3327142.71  655 3656 3280270.81 3327142.71  1.43%   135 1255s
  8218  6023 3327076.80  286 3748 3280270.81 3327076.80  1.43%   135 1260s
  8223  6027 3327032.19  224 3789 3280270.81 3327032.19  1.43%   135 1265s
  8224  6027 3327031.34  467 3832 3280270.81 3327031.34  1.43%   135 1270s
  8225  6028 3326966.93  151 3446 3280270.81 3326966.93  1.42%   135 1316s
  8228  6030 3326932.25  531 3689 3280270.81 3326932.25  1.42%   135 1320s
  8231  6032 3326892.77  311 3722 3280270.81 3326892.77  1.42%   135 1325s
  8234  6034 3326807.28  419 3885 3280270.81 3326807.28  1.42%   134 1331s
  8237  6036 3326755.85  146 3877 3280270.81 3326755.85  1.42%   134 1335s
  8240  6038 3326744.99  598 3953 3280270.81 3326744.99  1.42%   134 1341s
H 8240  5734                    3280727.8150 3326665.85  1.40%   134 1379s
  8241  5735 3326665.85  230 3615 3280727.81 3326665.85  1.40%   134 1380s
  8243  5736 3326642.00  113 3783 3280727.81 3326642.00  1.40%   134 1386s
  8245  5737 3326624.89  241 3756 3280727.81 3326624.89  1.40%   134 1391s
  8247  5739 3326596.75  197 3823 3280727.81 3326596.75  1.40%   134 1395s
  8251  5741 3326558.96  129 3831 3280727.81 3326558.96  1.40%   134 1400s
  8253  5743 3326556.34   97 3981 3280727.81 3326556.34  1.40%   134 1405s
  8254  5743 3326493.44  664 3498 3280727.81 3326493.44  1.39%   134 1437s
  8255  5744 3326488.13  210 3589 3280727.81 3326488.13  1.39%   134 1440s
  8258  5746 3326465.35  279 3745 3280727.81 3326465.35  1.39%   134 1445s
H 8259  5458                    3281240.7500 3326459.50  1.38%   134 1446s
H 8259  5183                    3283909.3500 3326459.50  1.30%   134 1446s
H 8260  4922                    3284202.1750 3326455.17  1.29%   134 1448s
  8263  4924 3326451.90  506 3876 3284202.17 3326451.90  1.29%   134 1450s
  8265  4926 3326449.15   36 3866 3284202.17 3326449.15  1.29%   134 1457s
H 8265  4678                    3284922.1750 3326392.52  1.26%   134 1476s
H 8265  4442                    3286344.5300 3326392.52  1.22%   134 1482s
H 8265  4218                    3286381.3700 3326392.52  1.22%   134 1482s
  8266  4218 3326392.52   66 3539 3286381.37 3326392.52  1.22%   134 1486s
  8268  4220 3326373.92  602 3689 3286381.37 3326373.92  1.22%   134 1490s
  8273  4223 3326353.17  456 3864 3286381.37 3326353.17  1.22%   134 1501s

Cutting planes:
  Gomory: 118
  Cover: 12
  Clique: 1940
  MIR: 107
  Mixing: 2
  StrongCG: 2
  Flow cover: 397
  GUB cover: 8
  Zero half: 395
  Relax-and-lift: 39

Explored 8273 nodes (1575204 simplex iterations) in 1527.39 seconds (1368.90 work units)
Thread count was 12 (of 12 available processors)

Solution count 10: 3.28638e+06 3.28634e+06 3.28492e+06 ... 3.2802e+06

Time limit reached
Best objective 3.286381370000e+06, best bound 3.326332406480e+06, gap 1.2157%

Gurobi 12.0.1 (win64) logging started Thu Mar 19 04:36:13 2026

Set parameter LogFile to value "logs\full_L_50_restricted_subset15_25it_w_max_cap200_seed42_CG.log"
Gurobi Optimizer version 12.0.1 build v12.0.1rc0 (win64 - Windows 11.0 (26100.2))

CPU model: 13th Gen Intel(R) Core(TM) i7-1355U, instruction set [SSE2|AVX|AVX2]
Thread count: 10 physical cores, 12 logical processors, using up to 12 threads

Non-default parameters:
TimeLimit  1.5324543292522430e+03
FeasibilityTol  1e-09
MIPGap  0.005

Optimize a model with 8368 rows, 125757 columns and 1018116 nonzeros
Model fingerprint: 0x0e178416
Variable types: 0 continuous, 125757 integer (125587 binary)
Coefficient statistics:
  Matrix range     [4e-01, 1e+02]
  Objective range  [1e-02, 2e+05]
  Bounds range     [1e+00, 3e+00]
  RHS range        [1e+00, 3e+00]
Presolve removed 906 rows and 7481 columns
Presolve time: 2.33s
Presolved: 7462 rows, 118276 columns, 942553 nonzeros
Variable types: 0 continuous, 118276 integer (118271 binary)
Found heuristic solution: objective -3180076.255
Found heuristic solution: objective -2641944.165
Deterministic concurrent LP optimizer: primal simplex, dual simplex, and barrier
Showing barrier log only...

Root barrier log...

Ordering time: 0.03s

Barrier statistics:
 AA' NZ     : 1.413e+05
 Factor NZ  : 2.457e+05 (roughly 50 MB of memory)
 Factor Ops : 9.530e+06 (less than 1 second per iteration)
 Threads    : 8

                  Objective                Residual
Iter       Primal          Dual         Primal    Dual     Compl     Time
   0   6.74603279e+09  7.18512366e+06  8.48e+04 2.46e+03  5.43e+04     3s
   1   2.76971759e+09  1.94122911e+07  3.48e+04 1.41e+03  2.28e+04     3s
   2   5.46377931e+08  2.70590002e+07  6.83e+03 8.15e+02  4.73e+03     3s
   3   1.47920159e+08  2.57479297e+07  1.82e+03 4.29e+01  1.29e+03     3s
   4   6.92183480e+07  2.02802943e+07  8.29e+02 1.18e+01  5.98e+02     3s
   5   3.20090993e+07  1.64441858e+07  3.62e+02 5.03e+00  2.73e+02     4s
   6   1.30894238e+07  1.25759760e+07  1.25e+02 1.76e+00  1.06e+02     4s
   7   5.32547541e+06  9.32331493e+06  2.70e+01 7.69e-01  3.93e+01     4s
   8   4.14363958e+06  6.50216078e+06  1.20e+01 3.32e-01  1.90e+01     4s
   9   3.54871912e+06  5.11648642e+06  5.54e+00 1.68e-01  1.01e+01     4s
  10   3.39707941e+06  4.50015307e+06  3.67e+00 1.06e-01  6.75e+00     4s
  11   3.27764321e+06  4.17124538e+06  1.89e+00 7.66e-02  4.76e+00     4s
  12   3.26135958e+06  3.94925150e+06  1.31e+00 5.74e-02  3.55e+00     4s
  13   3.26118377e+06  3.72303632e+06  1.05e+00 3.83e-02  2.46e+00     4s
  14   3.26687270e+06  3.63022586e+06  7.61e-01 2.96e-02  1.89e+00     4s
  15   3.27572420e+06  3.53229047e+06  5.52e-01 2.02e-02  1.34e+00     4s
  16   3.28840827e+06  3.45636746e+06  4.22e-01 1.25e-02  9.04e-01     4s
  17   3.30312823e+06  3.42803078e+06  2.83e-01 8.75e-03  6.56e-01     4s
  18   3.31446013e+06  3.39891141e+06  1.88e-01 5.73e-03  4.41e-01     4s
  19   3.32319749e+06  3.38146928e+06  1.37e-01 3.90e-03  3.08e-01     4s
  20   3.32900477e+06  3.37540077e+06  1.08e-01 2.89e-03  2.44e-01     4s
  21   3.33351248e+06  3.37109466e+06  8.55e-02 2.20e-03  1.97e-01     4s
  22   3.33937609e+06  3.36483421e+06  5.95e-02 1.16e-03  1.34e-01     4s
  23   3.34586265e+06  3.36163921e+06  3.29e-02 6.14e-04  8.10e-02     4s
  24   3.34876329e+06  3.35928507e+06  2.29e-02 3.30e-04  5.45e-02     4s
  25   3.35026917e+06  3.35830555e+06  1.80e-02 1.80e-04  4.19e-02     4s
  26   3.35187062e+06  3.35769035e+06  1.29e-02 1.19e-04  3.02e-02     4s
  27   3.35320839e+06  3.35734367e+06  8.71e-03 8.50e-05  2.13e-02     4s
  28   3.35431823e+06  3.35667660e+06  5.33e-03 2.43e-05  1.23e-02     4s
  29   3.35546681e+06  3.35640456e+06  1.96e-03 7.23e-06  4.82e-03     4s
  30   3.35564996e+06  3.35633510e+06  1.44e-03 3.10e-06  3.52e-03     5s
  31   3.35583697e+06  3.35625524e+06  9.06e-04 2.73e-12  2.16e-03     5s
  32   3.35599988e+06  3.35622670e+06  4.55e-04 1.16e-12  1.16e-03     5s
  33   3.35604988e+06  3.35620349e+06  3.17e-04 1.46e-11  7.87e-04     5s
  34   3.35611083e+06  3.35619124e+06  1.48e-04 2.90e-12  4.03e-04     5s
  35   3.35613844e+06  3.35618587e+06  7.66e-05 2.18e-11  2.32e-04     5s
  36   3.35615101e+06  3.35617718e+06  4.44e-05 1.09e-11  1.29e-04     5s
  37   3.35615795e+06  3.35617162e+06  2.71e-05 2.18e-11  6.95e-05     5s
  38   3.35616616e+06  3.35617014e+06  7.20e-06 2.68e-12  1.99e-05     5s
  39   3.35616822e+06  3.35616937e+06  2.32e-06 1.37e-12  5.83e-06     5s
  40   3.35616918e+06  3.35616922e+06  1.83e-08 3.64e-12  1.81e-07     5s
  41   3.35616921e+06  3.35616921e+06  7.80e-10 3.64e-12  1.62e-09     5s

Barrier solved model in 41 iterations and 4.85 seconds (6.23 work units)
Optimal objective 3.35616921e+06


Root crossover log...

   21171 PPushes remaining with PInf 9.7330216e-07                 5s
       0 PPushes remaining with PInf 0.0000000e+00                 5s

  Push phase complete: Pinf 0.0000000e+00, Dinf 1.1502898e+00      5s


Root simplex log...

Iteration    Objective       Primal Inf.    Dual Inf.      Time
   22794    3.3561692e+06   0.000000e+00   1.150290e+00      5s
   22796    3.3561692e+06   0.000000e+00   0.000000e+00      5s
Concurrent spin time: 1.03s (can be avoided by choosing Method=3)

Solved with barrier

Root relaxation: objective 3.356169e+06, 22796 iterations, 3.70 seconds (2.07 work units)

    Nodes    |    Current Node    |     Objective Bounds      |     Work
 Expl Unexpl |  Obj  Depth IntInf | Incumbent    BestBd   Gap | It/Node Time

     0     0 3356169.21    0 2521 -2641944.2 3356169.21   227%     -    7s
H    0     0                    1961219.2250 3356169.21  71.1%     -    8s
H    0     0                    2486558.4850 3356169.21  35.0%     -    8s
H    0     0                    2488503.2850 3356169.21  34.9%     -    8s
H    0     0                    2532332.4550 3356169.21  32.5%     -    8s
H    0     0                    2577766.3100 3356169.21  30.2%     -    8s
H    0     0                    2591209.1450 3356169.21  29.5%     -    8s
H    0     0                    2593889.1450 3356169.21  29.4%     -    8s
H    0     0                    2638332.2050 3356169.21  27.2%     -    8s
H    0     0                    2640652.2050 3356169.21  27.1%     -    8s
H    0     0                    2650269.7750 3356169.21  26.6%     -    8s
H    0     0                    2654624.9713 3356169.21  26.4%     -    8s
H    0     0                    2654904.9700 3356169.21  26.4%     -    8s
H    0     0                    3046743.4950 3356169.21  10.2%     -    9s
H    0     0                    3101299.5500 3356169.21  8.22%     -   10s
H    0     0                    3101419.5500 3356169.21  8.21%     -   10s
H    0     0                    3101699.5500 3356169.21  8.20%     -   11s
H    0     0                    3106160.1900 3356169.21  8.05%     -   11s
H    0     0                    3127385.2650 3356169.21  7.32%     -   12s
H    0     0                    3127625.2650 3356169.21  7.31%     -   13s
     0     0 3346180.99    0 2741 3127625.26 3346180.99  6.99%     -   17s
H    0     0                    3143629.7850 3346180.99  6.44%     -   18s
H    0     0                    3158759.9300 3346180.99  5.93%     -   19s
H    0     0                    3159388.7600 3346180.99  5.91%     -   19s
H    0     0                    3159641.2400 3346180.99  5.90%     -   19s
H    0     0                    3159950.0700 3346180.99  5.89%     -   19s
H    0     0                    3172401.2900 3346180.99  5.48%     -   20s
H    0     0                    3172678.3750 3346180.99  5.47%     -   20s
H    0     0                    3173331.6900 3346180.99  5.45%     -   21s
H    0     0                    3174392.8050 3346180.99  5.41%     -   21s
H    0     0                    3174750.7650 3346180.99  5.40%     -   22s
H    0     0                    3175013.4200 3346180.99  5.39%     -   23s
H    0     0                    3175133.4200 3346180.99  5.39%     -   23s
H    0     0                    3185530.4700 3346180.99  5.04%     -   23s
     0     0 3344123.28    0 2924 3185530.47 3344123.28  4.98%     -   25s
     0     0 3343666.98    0 2920 3185530.47 3343666.98  4.96%     -   26s
     0     0 3343352.86    0 2983 3185530.47 3343352.86  4.95%     -   26s
     0     0 3343331.26    0 3031 3185530.47 3343331.26  4.95%     -   27s
     0     0 3343327.56    0 3028 3185530.47 3343327.56  4.95%     -   27s
     0     0 3343327.21    0 3030 3185530.47 3343327.21  4.95%     -   27s
     0     0 3340359.89    0 3019 3185530.47 3340359.89  4.86%     -   30s
H    0     0                    3187965.1650 3340358.89  4.78%     -   31s
     0     0 3338884.30    0 3049 3187965.16 3338884.30  4.73%     -   33s
     0     0 3338503.50    0 3101 3187965.16 3338503.50  4.72%     -   34s
     0     0 3338279.31    0 3130 3187965.16 3338279.31  4.72%     -   35s
     0     0 3338197.81    0 3228 3187965.16 3338197.81  4.71%     -   36s
     0     0 3338169.46    0 3251 3187965.16 3338169.46  4.71%     -   36s
     0     0 3338167.19    0 3267 3187965.16 3338167.19  4.71%     -   37s
     0     0 3336619.04    0 3249 3187965.16 3336619.04  4.66%     -   39s
H    0     0                    3188005.0750 3336618.84  4.66%     -   40s
     0     0 3335804.03    0 3302 3188005.07 3335804.03  4.64%     -   48s
     0     0 3335644.26    0 3342 3188005.07 3335644.26  4.63%     -   49s
     0     0 3335449.21    0 3372 3188005.07 3335449.21  4.62%     -   51s
     0     0 3335359.09    0 3360 3188005.07 3335359.09  4.62%     -   51s
     0     0 3335321.28    0 3435 3188005.07 3335321.28  4.62%     -   52s
     0     0 3335314.32    0 3405 3188005.07 3335314.32  4.62%     -   52s
     0     0 3334378.17    0 3397 3188005.07 3334378.17  4.59%     -   55s
     0     0 3334124.86    0 3386 3188005.07 3334124.86  4.58%     -   57s
     0     0 3334040.15    0 3470 3188005.07 3334040.15  4.58%     -   58s
     0     0 3333981.07    0 3580 3188005.07 3333981.07  4.58%     -   59s
     0     0 3333974.70    0 3602 3188005.07 3333974.70  4.58%     -   59s
     0     0 3333339.15    0 3557 3188005.07 3333339.15  4.56%     -   61s
     0     0 3333228.23    0 3592 3188005.07 3333228.23  4.56%     -   65s
     0     0 3333194.40    0 3622 3188005.07 3333194.40  4.55%     -   66s
     0     0 3333186.22    0 3640 3188005.07 3333186.22  4.55%     -   66s
     0     0 3332700.57    0 3541 3188005.07 3332700.57  4.54%     -   69s
     0     0 3332607.74    0 3515 3188005.07 3332607.74  4.54%     -   72s
     0     0 3332562.62    0 3590 3188005.07 3332562.62  4.53%     -   73s
     0     0 3332544.98    0 3563 3188005.07 3332544.98  4.53%     -   73s
     0     0 3332542.81    0 3610 3188005.07 3332542.81  4.53%     -   73s
     0     0 3332284.16    0 3530 3188005.07 3332284.16  4.53%     -   75s
H    0     0                    3190346.9450 3332284.16  4.45%     -   84s
H    0     0                    3194047.0700 3332284.16  4.33%     -   85s
H    0     0                    3199478.8100 3332284.16  4.15%     -   87s
H    0     0                    3199817.1050 3332284.16  4.14%     -   87s
H    0     0                    3200032.0050 3332284.16  4.13%     -   87s
H    0     0                    3206626.1700 3332284.16  3.92%     -   88s
H    0     0                    3207623.1500 3332284.16  3.89%     -   88s
H    0     0                    3207984.0950 3332284.16  3.87%     -   89s
     0     0 3332235.49    0 3521 3207984.09 3332235.49  3.87%     -   91s
     0     0 3332224.51    0 3628 3207984.09 3332224.51  3.87%     -   92s
     0     0 3331966.82    0 3499 3207984.09 3331966.82  3.86%     -   94s
     0     0 3331922.78    0 3621 3207984.09 3331922.78  3.86%     -   97s
     0     0 3331906.89    0 3675 3207984.09 3331906.89  3.86%     -   98s
     0     0 3331902.61    0 3703 3207984.09 3331902.61  3.86%     -   98s
     0     0 3331739.61    0 3662 3207984.09 3331739.61  3.86%     -  100s
H    0     0                    3210282.6650 3331739.61  3.78%     -  102s
     0     0 3331705.65    0 3761 3210282.66 3331705.65  3.78%     -  103s
     0     0 3331698.92    0 3829 3210282.66 3331698.92  3.78%     -  103s
     0     0 3331604.46    0 3620 3210282.66 3331604.46  3.78%     -  106s
     0     0 3331604.46    0 3256 3210282.66 3331604.46  3.78%     -  109s
     0     2 3331604.46    0 3232 3210282.66 3331604.46  3.78%     -  125s
     7    16 3331568.89    3 3553 3210282.66 3331585.53  3.78%  1539  135s
    25    47 3331558.69    5 3597 3210282.66 3331562.75  3.78%  1168  152s
H   26    47                    3235002.3350 3331562.75  2.98%  1123  152s
H   30    47                    3237049.9800 3331562.40  2.92%   983  152s
H   34    47                    3239649.9700 3331562.40  2.84%   898  152s
    46    57 3331536.94    6 3551 3239649.97 3331562.02  2.84%   788  171s
    56    67 3331558.69    7 3597 3239649.97 3331562.02  2.84%   687  198s
    66   317 3331558.69    8 3597 3239649.97 3331562.02  2.84%   623  228s
H  316   582                    3240631.2000 3331562.02  2.81%   203  266s
H  337   582                    3249000.3500 3331562.02  2.54%   208  266s
H  350   582                    3251152.0700 3331562.02  2.47%   215  266s
H  581  1256                    3252133.3000 3331562.02  2.44%   201  324s
  1255  1832 3331369.94  102 3566 3252133.30 3331562.02  2.44%   186  377s
H 1831  2150                    3252231.6700 3331562.02  2.44%   189  443s
H 1877  2150                    3255102.4950 3331562.02  2.35%   187  443s
H 1959  2150                    3255612.1100 3331562.02  2.33%   185  443s
H 1989  2150                    3256740.2750 3331562.02  2.30%   184  443s
  2149  2897 3331125.00  196 3493 3256740.27 3331562.02  2.30%   185  501s
  2896  3205 3330772.53  224 3511 3256740.27 3331562.02  2.30%   174  557s
H 3058  3205                    3256762.8850 3331562.02  2.30%   171  557s
H 3077  3205                    3260165.1300 3331562.02  2.19%   170  557s
H 3083  3205                    3261040.4250 3331562.02  2.16%   172  557s
H 3204  3743                    3262245.1150 3331562.02  2.12%   173  610s
  3742  4424 3330530.32  289 3411 3262245.11 3331562.02  2.12%   175  665s
  4423  4802 3330389.96  394 3391 3262245.11 3331562.02  2.12%   171  728s
H 4466  4802                    3262459.1700 3331562.02  2.12%   170  728s
H 4492  4802                    3262722.1450 3331562.02  2.11%   170  728s
H 4492  4802                    3264471.8400 3331562.02  2.06%   170  729s
H 4620  4802                    3266062.6400 3331562.02  2.01%   169  729s
  4801  5566 3330311.62  435 3410 3266062.64 3331562.02  2.01%   168  783s
H 5005  5566                    3266315.4600 3331562.02  2.00%   166  783s
H 5565  6234                    3269903.4850 3331562.02  1.89%   161  857s
H 5686  6234                    3272076.6350 3331562.02  1.82%   160  857s
H 6233  6268                    3272076.7500 3331562.02  1.82%   155  927s
  6267  7283 3330137.90  547 3383 3272076.75 3331562.02  1.82%   155  978s
  7282  8105 3329820.96  670 3320 3272076.75 3331562.02  1.82%   145 1025s
H 7357  8105                    3272587.0000 3331562.02  1.80%   145 1025s
H 8104  8105                    3273239.3603 3331562.02  1.78%   141 1040s
  8105  8106 3330571.42  319 3256 3273239.36 3331562.02  1.78%   141 1092s
  8107  8107 3331480.61   37 2542 3273239.36 3331562.02  1.78%   141 1109s
  8108  8108 3331083.12  221 2539 3273239.36 3331562.02  1.78%   141 1119s
H 8108  7702                    3273289.2904 3331562.02  1.78%   141 1123s
H 8108  7317                    3273489.2904 3331562.02  1.77%   141 1123s
H 8108  6951                    3273895.5250 3331562.02  1.76%   141 1123s
  8110  6952 3330946.61  292 2855 3273895.52 3331562.02  1.76%   141 1127s
  8111  6953 3330344.51  322 2812 3273895.52 3331562.02  1.76%   141 1130s
  8112  6954 3329789.34  382 3014 3273895.52 3331562.02  1.76%   141 1135s
  8114  6955 3330105.57  480 3190 3273895.52 3331562.02  1.76%   141 1141s
  8116  6956 3329662.39  804 3125 3273895.52 3331562.02  1.76%   141 1146s
  8117  6957 3330554.23  285 3309 3273895.52 3331023.47  1.74%   141 1152s
  8118  6958 3330162.38  455 3391 3273895.52 3330876.95  1.74%   141 1156s
  8120  6959 3330705.63  155 3472 3273895.52 3330705.63  1.74%   141 1162s
  8124  6962 3330684.24   67 3540 3273895.52 3330684.24  1.73%   141 1170s
H 8124  6614                    3274044.3850 3329216.47  1.69%   141 1192s
  8126  6615 3328571.31  652 3397 3274044.38 3328571.31  1.67%   141 1198s
  8127  6616 3328306.14  358 3298 3274044.38 3328306.14  1.66%   141 1203s
  8128  6616 3328217.03    8 3407 3274044.38 3328217.03  1.65%   141 1207s
  8129  6617 3328126.44  373 3413 3274044.38 3328126.44  1.65%   140 1210s
  8131  6618 3328030.67  300 3471 3274044.38 3328030.67  1.65%   140 1215s
  8134  6620 3327884.11  194 3582 3274044.38 3327884.11  1.64%   140 1221s
  8136  6622 3327802.87  596 3573 3274044.38 3327802.87  1.64%   140 1225s
  8141  6625 3327760.93  204 3598 3274044.38 3327760.93  1.64%   140 1235s
H 8141  6293                    3275265.0750 3327563.68  1.60%   140 1250s
  8142  6294 3327563.68  214 3273 3275265.07 3327563.68  1.60%   140 1274s
H 8142  5978                    3275288.2600 3327474.25  1.59%   140 1276s
  8145  5980 3327289.74  392 3411 3275288.26 3327289.74  1.59%   140 1280s
  8147  5981 3327134.12  457 3414 3275288.26 3327134.12  1.58%   140 1285s
  8150  5983 3327046.73  776 3500 3275288.26 3327046.73  1.58%   140 1290s
  8153  5985 3326939.18  240 3579 3275288.26 3326939.18  1.58%   140 1297s
  8154  5986 3326926.93  157 3619 3275288.26 3326926.93  1.58%   140 1300s
  8157  5988 3326893.73  498 3738 3275288.26 3326893.73  1.58%   140 1305s
  8160  5990 3326830.60   39 3677 3275288.26 3326830.60  1.57%   140 1310s
  8162  5991 3326828.94  337 3703 3275288.26 3326828.94  1.57%   140 1318s
H 8162  5691                    3275539.8300 3326738.27  1.56%   140 1350s
H 8162  5405                    3275616.6300 3326738.27  1.56%   140 1352s
H 8162  5134                    3275736.6300 3326738.27  1.56%   140 1355s
H 8162  4876                    3276490.8200 3326738.27  1.53%   140 1357s
  8163  4877 3326738.27  130 3347 3276490.82 3326738.27  1.53%   140 1361s
  8165  4878 3326712.22  320 3512 3276490.82 3326712.22  1.53%   140 1365s
  8168  4880 3326655.32  130 3578 3276490.82 3326655.32  1.53%   140 1370s
  8170  4881 3326633.52  296 3656 3276490.82 3326633.52  1.53%   140 1375s
  8172  4883 3326609.55  475 3682 3276490.82 3326609.55  1.53%   140 1380s
  8176  4885 3326584.15  363 3714 3276490.82 3326584.15  1.53%   140 1385s
  8178  4887 3326583.37  356 3736 3276490.82 3326583.37  1.53%   140 1391s
H 8178  4642                    3276636.9850 3326531.23  1.52%   140 1408s
H 8178  4408                    3276683.2950 3326531.23  1.52%   140 1408s
H 8178  4187                    3276721.1350 3326531.23  1.52%   140 1414s
  8179  4187 3326531.23   48 3355 3276721.13 3326531.23  1.52%   140 1431s
  8181  4189 3326516.92  411 3547 3276721.13 3326516.92  1.52%   140 1435s
  8182  4189 3326483.17  428 3596 3276721.13 3326483.17  1.52%   140 1440s
  8185  4191 3326463.40  426 3630 3276721.13 3326463.40  1.52%   140 1447s
  8186  4192 3326447.40  606 3681 3276721.13 3326447.40  1.52%   140 1451s
  8188  4193 3326438.35  464 3647 3276721.13 3326438.35  1.52%   139 1456s
  8190  4195 3326437.29  724 3690 3276721.13 3326437.29  1.52%   139 1468s

Cutting planes:
  Gomory: 104
  Cover: 9
  Clique: 1777
  MIR: 111
  Mixing: 2
  StrongCG: 1
  Flow cover: 312
  GUB cover: 7
  Zero half: 451
  Relax-and-lift: 33

Explored 8190 nodes (1500964 simplex iterations) in 1533.35 seconds (1303.26 work units)
Thread count was 12 (of 12 available processors)

Solution count 10: 3.27672e+06 3.27668e+06 3.27664e+06 ... 3.27404e+06

Time limit reached
Best objective 3.276721135000e+06, best bound 3.326369289724e+06, gap 1.5152%
