
Gurobi 12.0.1 (win64) logging started Sun Mar 15 19:08:29 2026

Set parameter LogFile to value "logs\full_L_80_restricted_subset15_5it_w_max_cap200_seed42_CG.log"
Gurobi Optimizer version 12.0.1 build v12.0.1rc0 (win64 - Windows 11.0 (26100.2))

CPU model: 13th Gen Intel(R) Core(TM) i7-1355U, instruction set [SSE2|AVX|AVX2]
Thread count: 10 physical cores, 12 logical processors, using up to 12 threads

Non-default parameters:
TimeLimit  2.9542683961391449e+03
FeasibilityTol  1e-09
MIPGap  0.005

Optimize a model with 13036 rows, 157628 columns and 1235054 nonzeros
Model fingerprint: 0xd95cbd6c
Variable types: 0 continuous, 157628 integer (157458 binary)
Coefficient statistics:
  Matrix range     [4e-01, 1e+02]
  Objective range  [1e-02, 2e+05]
  Bounds range     [1e+00, 3e+00]
  RHS range        [1e+00, 3e+00]
Presolve removed 2069 rows and 13428 columns
Presolve time: 4.13s
Presolved: 10967 rows, 144200 columns, 1124417 nonzeros
Variable types: 0 continuous, 144200 integer (144192 binary)
Found heuristic solution: objective -2924515.825
Found heuristic solution: objective -2767775.250
Deterministic concurrent LP optimizer: primal simplex, dual simplex, and barrier
Showing barrier log only...

Root barrier log...

Ordering time: 0.06s

Barrier statistics:
 AA' NZ     : 2.081e+05
 Factor NZ  : 3.524e+05 (roughly 70 MB of memory)
 Factor Ops : 1.321e+07 (less than 1 second per iteration)
 Threads    : 8

                  Objective                Residual
Iter       Primal          Dual         Primal    Dual     Compl     Time
   0   8.68713371e+09  9.73942655e+06  1.06e+05 2.37e+03  6.19e+04     5s
   1   3.36079221e+09  3.04061387e+07  4.13e+04 1.60e+03  2.45e+04     5s
   2   6.25746698e+08  4.19342272e+07  7.63e+03 1.15e+03  4.83e+03     6s
   3   1.39952269e+08  3.88615954e+07  1.66e+03 3.08e+02  1.12e+03     6s
   4   5.43600008e+07  2.85528726e+07  6.08e+02 7.42e+01  4.23e+02     6s
   5   2.78983673e+07  2.13476955e+07  2.84e+02 3.80e+01  1.96e+02     6s
   6   1.01894288e+07  1.68775623e+07  6.65e+01 1.85e+01  6.84e+01     6s
   7   7.38469675e+06  1.15015034e+07  3.10e+01 7.51e+00  3.02e+01     6s
   8   6.30182015e+06  9.12198173e+06  1.60e+01 4.97e+00  1.67e+01     6s
   9   5.69012427e+06  8.12028205e+06  6.52e+00 3.31e+00  1.09e+01     6s
  10   5.65266276e+06  7.35876389e+06  5.73e+00 2.28e+00  7.94e+00     6s
  11   5.61524106e+06  6.78522627e+06  4.30e+00 1.49e+00  5.49e+00     6s
  12   5.59804551e+06  6.49857321e+06  3.66e+00 9.27e-01  4.30e+00     6s
  13   5.57139878e+06  6.27196930e+06  2.35e+00 6.81e-01  3.16e+00     6s
  14   5.58000054e+06  6.07798397e+06  1.93e+00 5.75e-01  2.32e+00     6s
  15   5.59417570e+06  5.96942476e+06  1.41e+00 3.76e-01  1.73e+00     6s
  16   5.61094005e+06  5.87965052e+06  1.02e+00 2.57e-01  1.23e+00     6s
  17   5.62496855e+06  5.80799627e+06  7.39e-01 1.92e-01  8.51e-01     6s
  18   5.63859443e+06  5.76968884e+06  5.46e-01 1.05e-01  6.13e-01     7s
  19   5.65421422e+06  5.75677551e+06  3.49e-01 1.07e-01  4.56e-01     7s
  20   5.66328850e+06  5.73949625e+06  2.61e-01 5.76e-02  3.39e-01     7s
  21   5.67370017e+06  5.72110956e+06  1.73e-01 3.27e-02  2.14e-01     7s
  22   5.68175724e+06  5.71586444e+06  1.17e-01 2.60e-02  1.52e-01     7s
  23   5.68981534e+06  5.71058816e+06  6.24e-02 1.70e-02  9.05e-02     7s
  24   5.69426102e+06  5.70748401e+06  3.33e-02 1.08e-02  5.69e-02     7s
  25   5.69669666e+06  5.70586160e+06  2.16e-02 7.08e-03  3.92e-02     7s
  26   5.69877763e+06  5.70469837e+06  1.33e-02 4.76e-03  2.51e-02     7s
  27   5.69986695e+06  5.70381494e+06  9.14e-03 2.91e-03  1.68e-02     7s
  28   5.70055321e+06  5.70331560e+06  6.64e-03 1.83e-03  1.19e-02     7s
  29   5.70136888e+06  5.70295077e+06  3.76e-03 1.02e-03  6.77e-03     7s
  30   5.70174591e+06  5.70280698e+06  2.44e-03 7.06e-04  4.51e-03     7s
  31   5.70203184e+06  5.70266467e+06  1.49e-03 3.93e-04  2.70e-03     7s
  32   5.70217353e+06  5.70258804e+06  1.02e-03 2.24e-04  1.78e-03     7s
  33   5.70226387e+06  5.70255442e+06  7.21e-04 1.47e-04  1.25e-03     8s
  34   5.70236541e+06  5.70252855e+06  3.88e-04 8.99e-05  6.97e-04     8s
  35   5.70238658e+06  5.70252063e+06  3.17e-04 7.33e-05  5.72e-04     8s
  36   5.70242092e+06  5.70250782e+06  2.04e-04 4.65e-05  3.70e-04     8s
  37   5.70246030e+06  5.70249911e+06  7.49e-05 2.83e-05  1.60e-04     8s
  38   5.70246874e+06  5.70249438e+06  4.79e-05 1.87e-05  1.05e-04     8s
  39   5.70247102e+06  5.70249127e+06  4.10e-05 1.25e-05  8.40e-05     8s
  40   5.70247200e+06  5.70248916e+06  3.81e-05 8.07e-06  7.23e-05     8s
  41   5.70248087e+06  5.70248745e+06  1.14e-05 4.52e-06  2.66e-05     8s
  42   5.70248286e+06  5.70248595e+06  5.72e-06 1.73e-06  1.26e-05     8s
  43   5.70248451e+06  5.70248524e+06  1.22e-06 3.99e-07  2.94e-06     8s
  44   5.70248486e+06  5.70248506e+06  3.62e-07 8.36e-08  8.15e-07     8s
  45   5.70248500e+06  5.70248501e+06  1.65e-08 7.02e-09  4.54e-08     8s
  46   5.70248501e+06  5.70248501e+06  1.51e-09 1.23e-11  1.80e-09     8s

Barrier solved model in 46 iterations and 8.30 seconds (8.51 work units)
Optimal objective 5.70248501e+06


Root crossover log...

    2320 DPushes remaining with DInf 0.0000000e+00                 8s
       0 DPushes remaining with DInf 0.0000000e+00                 9s

   24716 PPushes remaining with PInf 3.3802631e-06                 9s
       0 PPushes remaining with PInf 0.0000000e+00                 9s

  Push phase complete: Pinf 0.0000000e+00, Dinf 7.1959089e+02      9s


Root simplex log...

Iteration    Objective       Primal Inf.    Dual Inf.      Time
   26897    5.7024850e+06   0.000000e+00   7.195909e+02      9s
   26908    5.7024850e+06   0.000000e+00   0.000000e+00      9s
Concurrent spin time: 1.43s (can be avoided by choosing Method=3)

Solved with barrier

Root relaxation: objective 5.702485e+06, 26908 iterations, 5.82 seconds (3.00 work units)

    Nodes    |    Current Node    |     Objective Bounds      |     Work
 Expl Unexpl |  Obj  Depth IntInf | Incumbent    BestBd   Gap | It/Node Time

     0     0 5702485.01    0 3054 -2767775.3 5702485.01   306%     -   12s
H    0     0                    2452496.1900 5702485.01   133%     -   12s
H    0     0                    4195807.8350 5702485.01  35.9%     -   12s
H    0     0                    4611148.4950 5702485.01  23.7%     -   12s
H    0     0                    4746760.7900 5702485.01  20.1%     -   12s
H    0     0                    4799483.4000 5702485.01  18.8%     -   12s
H    0     0                    4874391.6850 5702485.01  17.0%     -   12s
H    0     0                    4880738.2900 5702485.01  16.8%     -   12s
H    0     0                    4909945.9600 5702485.01  16.1%     -   12s
H    0     0                    4910625.9600 5702485.01  16.1%     -   12s
H    0     0                    4934398.9900 5702485.01  15.6%     -   12s
H    0     0                    4935917.5900 5702485.01  15.5%     -   13s
H    0     0                    4936722.0300 5702485.01  15.5%     -   13s
H    0     0                    4937044.2500 5702485.01  15.5%     -   13s
H    0     0                    4937388.2150 5702485.01  15.5%     -   13s
H    0     0                    5323527.3750 5702485.01  7.12%     -   14s
H    0     0                    5388898.8050 5702485.01  5.82%     -   17s
H    0     0                    5396657.5050 5702485.01  5.67%     -   17s
H    0     0                    5399321.1250 5702485.01  5.61%     -   18s
H    0     0                    5414168.8700 5702485.01  5.33%     -   18s
     0     0 5693383.65    0 3276 5414168.87 5693383.65  5.16%     -   26s
H    0     0                    5444944.4550 5693381.62  4.56%     -   27s
H    0     0                    5455415.1000 5693381.62  4.36%     -   29s
H    0     0                    5466043.3150 5693381.62  4.16%     -   29s
H    0     0                    5469263.4100 5693381.62  4.10%     -   29s
H    0     0                    5478227.1650 5693381.62  3.93%     -   29s
H    0     0                    5480308.1250 5693381.62  3.89%     -   29s
H    0     0                    5483219.9400 5693381.62  3.83%     -   29s
H    0     0                    5498165.0850 5693381.62  3.55%     -   30s
H    0     0                    5499567.8200 5693381.62  3.52%     -   30s
H    0     0                    5499605.0350 5693381.62  3.52%     -   30s
H    0     0                    5500109.1450 5693381.62  3.51%     -   32s
H    0     0                    5501873.7700 5693381.62  3.48%     -   32s
H    0     0                    5502018.6150 5693381.62  3.48%     -   33s
H    0     0                    5503247.8700 5693381.62  3.45%     -   33s
H    0     0                    5503712.0100 5693381.62  3.45%     -   33s
H    0     0                    5514344.8500 5693381.62  3.25%     -   34s
     0     0 5690335.54    0 3461 5514344.85 5690335.54  3.19%     -   37s
     0     0 5689728.05    0 3516 5514344.85 5689728.05  3.18%     -   38s
     0     0 5689352.81    0 3597 5514344.85 5689352.81  3.17%     -   40s
     0     0 5689247.77    0 3590 5514344.85 5689247.77  3.17%     -   40s
     0     0 5689246.22    0 3594 5514344.85 5689246.22  3.17%     -   40s
     0     0 5689246.22    0 3595 5514344.85 5689246.22  3.17%     -   41s
     0     0 5686393.18    0 3605 5514344.85 5686393.18  3.12%     -   45s
H    0     0                    5516085.9050 5686393.18  3.09%     -   46s
H    0     0                    5516090.9750 5686393.18  3.09%     -   47s
     0     0 5685076.91    0 3642 5516090.97 5685076.91  3.06%     -   49s
     0     0 5684509.19    0 3631 5516090.97 5684509.19  3.05%     -   51s
     0     0 5684360.94    0 3652 5516090.97 5684360.94  3.05%     -   52s
     0     0 5684167.21    0 3744 5516090.97 5684167.21  3.05%     -   53s
     0     0 5684118.39    0 3774 5516090.97 5684118.39  3.05%     -   54s
     0     0 5684103.05    0 3803 5516090.97 5684103.05  3.05%     -   55s
     0     0 5684102.75    0 3809 5516090.97 5684102.75  3.05%     -   55s
     0     0 5681920.53    0 3732 5516090.97 5681920.53  3.01%     -   59s
H    0     0                    5516310.8450 5681920.10  3.00%     -   60s
H    0     0                    5516969.3300 5681920.10  2.99%     -   73s
     0     0 5681105.96    0 3744 5516969.33 5681105.96  2.98%     -   76s
     0     0 5680874.82    0 3767 5516969.33 5680874.82  2.97%     -   78s
     0     0 5680647.85    0 3831 5516969.33 5680647.85  2.97%     -   79s
     0     0 5680572.01    0 3852 5516969.33 5680572.01  2.97%     -   80s
     0     0 5680557.73    0 3924 5516969.33 5680557.73  2.97%     -   80s
     0     0 5680556.71    0 3957 5516969.33 5680556.71  2.97%     -   81s
     0     0 5679931.00    0 3946 5516969.33 5679931.00  2.95%     -   83s
H    0     0                    5517049.3300 5679930.53  2.95%     -   85s
     0     0 5679710.66    0 3966 5517049.33 5679710.66  2.95%     -   89s
     0     0 5679616.02    0 4066 5517049.33 5679616.02  2.95%     -   91s
     0     0 5679602.70    0 4072 5517049.33 5679602.70  2.95%     -   91s
     0     0 5679601.01    0 4127 5517049.33 5679601.01  2.95%     -   92s
     0     0 5678915.13    0 4032 5517049.33 5678915.13  2.93%     -   96s
     0     0 5678798.26    0 4029 5517049.33 5678798.26  2.93%     -  103s
     0     0 5678784.91    0 4021 5517049.33 5678784.91  2.93%     -  103s
     0     0 5678784.08    0 4049 5517049.33 5678784.08  2.93%     -  104s
     0     0 5678495.95    0 4070 5517049.33 5678495.95  2.93%     -  107s
     0     0 5678455.47    0 4087 5517049.33 5678455.47  2.93%     -  114s
     0     0 5678440.01    0 4154 5517049.33 5678440.01  2.93%     -  114s
     0     0 5678439.09    0 4172 5517049.33 5678439.09  2.93%     -  115s
     0     0 5678250.10    0 4116 5517049.33 5678250.10  2.92%     -  118s
     0     0 5678183.89    0 4126 5517049.33 5678183.89  2.92%     -  126s
     0     0 5678172.50    0 4171 5517049.33 5678172.50  2.92%     -  126s
     0     0 5678030.93    0 4191 5517049.33 5678030.93  2.92%     -  129s
     0     0 5678001.27    0 4231 5517049.33 5678001.27  2.92%     -  135s
     0     0 5677998.48    0 4285 5517049.33 5677998.48  2.92%     -  136s
     0     0 5677867.56    0 4219 5517049.33 5677867.56  2.91%     -  139s
H    0     0                    5529022.0201 5677867.15  2.69%     -  164s
H    0     0                    5535859.7751 5677867.15  2.57%     -  164s
H    0     0                    5537730.7951 5677867.15  2.53%     -  165s
H    0     0                    5539534.9751 5677867.15  2.50%     -  167s
H    0     0                    5542205.8651 5677867.15  2.45%     -  176s
H    0     0                    5544447.2001 5677867.15  2.41%     -  176s
H    0     0                    5546167.2001 5677867.15  2.37%     -  179s
H    0     0                    5547399.3851 5677867.15  2.35%     -  179s
H    0     0                    5548466.2251 5677867.15  2.33%     -  189s
H    0     0                    5548540.6551 5677867.15  2.33%     -  190s
     0     0 5677853.70    0 4280 5548540.66 5677853.70  2.33%     -  192s
     0     0 5677772.41    0 4318 5548540.66 5677772.41  2.33%     -  194s
     0     0 5677772.41    0 3838 5548540.66 5677772.41  2.33%     -  198s
H    0     0                    5563973.2851 5677772.41  2.05%     -  200s
H    0     0                    5568278.1001 5677772.41  1.97%     -  200s
     0     2 5677772.40    0 3838 5568278.10 5677772.40  1.97%     -  224s
     1     4 5677760.76    1 3810 5568278.10 5677770.96  1.97%  5621  225s
     7    16 5677737.30    3 4143 5568278.10 5677745.58  1.97%  1657  234s
    15    26 5677666.56    4 4172 5568278.10 5677732.91  1.97%  1236  237s
    25    46 5677618.68    5 4163 5568278.10 5677645.42  1.96%   871  256s
    45    56 5677618.68    7 4163 5568278.10 5677645.42  1.96%   508  269s
    55    66 5677100.97    7 4136 5568278.10 5677645.42  1.96%   432  276s
    65    76 5677618.68    8 4164 5568278.10 5677645.42  1.96%   372  283s
    75    86 5677618.68    9 4163 5568278.10 5677645.42  1.96%   332  290s
    85    96 5677100.97    9 4137 5568278.10 5677645.42  1.96%   299  297s
    95   115 5677617.14   10 4163 5568278.10 5677645.42  1.96%   273  310s
   114   125 5677581.36   18 4167 5568278.10 5677645.42  1.96%   231  335s
   124   163 5677581.36   19 4167 5568278.10 5677645.42  1.96%   217  358s
   162   256 5677581.36   20 4167 5568278.10 5677645.42  1.96%   171  397s
   255   681 5677047.18   20 4120 5568278.10 5677645.42  1.96%   168  455s
   680   807 5677508.81   49 4141 5568278.10 5677645.42  1.96%   158  529s
   806  1331 5677435.82   71 4082 5568278.10 5677645.42  1.96%   171  611s
  1330  2436 5677287.22  148 4073 5568278.10 5677645.42  1.96%   195  713s
  2435  3455 5677209.21  215 4021 5568278.10 5677645.42  1.96%   181  788s
  3454  3472 5677072.72  271 3975 5568278.10 5677645.42  1.96%   163  859s
  3471  4144 5677040.79  271 3943 5568278.10 5677645.42  1.96%   164  924s
  4143  4892 5676861.26  319 3901 5568278.10 5677645.42  1.96%   161  987s
  4891  5855 5676841.64  357 3912 5568278.10 5677645.42  1.96%   158 1052s
  5854  6867 5676694.25  404 3894 5568278.10 5677645.42  1.96%   148 1110s
  6866  8045 5675953.04  560 3892 5568278.10 5677645.42  1.96%   138 1174s
  8044  8825 5675155.39  753 3824 5568278.10 5677645.42  1.96%   127 1227s
  8825  8826 5677267.19   92 3838 5568278.10 5677645.42  1.96%   123 1308s
  8827  8827 5676195.51  124 3075 5568278.10 5677645.42  1.96%   123 1328s
  8828  8828 5676056.05  408 2965 5568278.10 5677645.42  1.96%   123 1351s
H 8828  8386                    5573899.0550 5677645.42  1.86%   123 1356s
H 8828  7967                    5574830.5800 5677645.42  1.84%   123 1356s
H 8828  7568                    5576478.6900 5677645.42  1.81%   123 1357s
H 8828  7190                    5577407.8500 5677645.42  1.80%   123 1357s
H 8828  6830                    5577447.8500 5677645.42  1.80%   123 1357s
H 8828  6489                    5577499.0650 5677645.42  1.80%   123 1357s
H 8829  6165                    5578525.5800 5677645.42  1.78%   123 1363s
H 8829  5857                    5579117.9450 5677645.42  1.77%   123 1363s
  8831  5858 5676272.73  565 3475 5579117.94 5677645.42  1.77%   123 1369s
  8832  5859 5676749.17   89 3503 5579117.94 5677645.42  1.77%   123 1373s
  8833  5859 5676418.17  293 3558 5579117.94 5677645.42  1.77%   123 1378s
  8834  5860 5676369.10  504 3748 5579117.94 5677645.42  1.77%   123 1382s
H 8834  5567                    5580484.7200 5677645.42  1.74%   123 1385s
H 8834  5288                    5581254.9300 5677645.42  1.73%   123 1385s
H 8835  5024                    5581950.9150 5677645.42  1.71%   123 1388s
  8837  5025 5676195.27  124 3941 5581950.91 5677645.42  1.71%   123 1393s
  8838  5026 5677277.84   25 4091 5581950.91 5677645.42  1.71%   123 1397s
  8840  5027 5677363.12    4 4121 5581950.91 5677560.37  1.71%   123 1400s
  8842  5028 5676142.78  658 4196 5581950.91 5677556.82  1.71%   123 1408s
H 8842  4777                    5587244.5050 5676928.87  1.61%   123 1426s
H 8842  4538                    5589912.6200 5676928.87  1.56%   123 1426s
H 8842  4310                    5592846.0800 5676928.87  1.50%   123 1427s
H 8842  4094                    5594231.2650 5676928.87  1.48%   123 1428s
H 8842  3889                    5594330.0350 5676928.87  1.48%   123 1428s
  8843  3890 5676128.61  361 3779 5594330.03 5676928.87  1.48%   123 1430s
  8845  3891 5676235.23  559 3848 5594330.03 5676235.23  1.46%   123 1436s
  8846  3892 5676015.43   60 3931 5594330.03 5676015.43  1.46%   123 1440s
  8848  3893 5675806.41  302 4028 5594330.03 5675806.41  1.46%   123 1446s
  8850  3895 5675729.46  105 4159 5594330.03 5675729.46  1.46%   123 1450s
  8852  3896 5675584.70   48 4152 5594330.03 5675584.70  1.45%   123 1458s
  8853  3897 5675555.15  246 4159 5594330.03 5675555.15  1.45%   123 1461s
  8855  3898 5675489.12  416 4299 5594330.03 5675489.12  1.45%   123 1465s
  8857  3899 5675485.14  435 4264 5594330.03 5675485.14  1.45%   123 1474s
  8858  3900 5675179.67  130 3975 5594330.03 5675179.67  1.45%   123 1518s
  8859  3901 5674910.10  703 4048 5594330.03 5674910.10  1.44%   123 1526s
  8860  3901 5674727.54  276 4058 5594330.03 5674727.54  1.44%   123 1531s
  8861  3902 5674635.30  377 4173 5594330.03 5674635.30  1.44%   123 1535s
  8864  3904 5674472.33  364 4199 5594330.03 5674472.33  1.43%   123 1540s
  8867  3906 5674327.17  836 4241 5594330.03 5674327.17  1.43%   122 1550s
  8869  3907 5674280.33   47 4253 5594330.03 5674280.33  1.43%   122 1557s
  8871  3909 5674235.59   99 4311 5594330.03 5674235.59  1.43%   122 1560s
  8874  3911 5674218.72  780 4351 5594330.03 5674218.72  1.43%   122 1570s
H 8874  3715                    5604152.5200 5673926.93  1.25%   122 1591s
H 8874  3528                    5606517.3600 5673926.93  1.20%   122 1591s
H 8874  3351                    5606677.3600 5673926.93  1.20%   122 1591s
H 8874  3183                    5607854.0700 5673926.93  1.18%   122 1591s
H 8874  3023                    5610946.0350 5673926.93  1.12%   122 1592s
H 8874  2871                    5611764.5200 5673926.93  1.11%   122 1596s
H 8874  2727                    5612082.7150 5673926.93  1.10%   122 1596s
H 8874  2589                    5612607.3550 5673926.93  1.09%   122 1598s
H 8874  2459                    5612687.3550 5673926.93  1.09%   122 1601s
  8876  2460 5673900.14  242 4181 5612687.35 5673900.14  1.09%   122 1605s
  8878  2461 5673834.34  471 4179 5612687.35 5673834.34  1.09%   122 1611s
  8881  2463 5673755.90   26 4320 5612687.35 5673755.90  1.09%   122 1616s
  8884  2465 5673702.00  620 4405 5612687.35 5673702.00  1.09%   122 1621s
  8887  2467 5673695.87  481 4445 5612687.35 5673695.87  1.09%   122 1629s
H 8887  2343                    5612887.3550 5673580.08  1.08%   122 1650s
  8888  2344 5673580.08  187 4125 5612887.35 5673580.08  1.08%   122 1669s
  8889  2345 5673554.83  345 4255 5612887.35 5673554.83  1.08%   122 1671s
  8891  2346 5673503.69  655 4385 5612887.35 5673503.69  1.08%   122 1676s
  8893  2347 5673451.25  569 4384 5612887.35 5673451.25  1.08%   122 1680s
  8895  2349 5673411.34   96 4446 5612887.35 5673411.34  1.08%   122 1686s
  8898  2351 5673385.06  266 4590 5612887.35 5673385.06  1.08%   122 1691s
  8901  2353 5673380.85   96 4657 5612887.35 5673380.85  1.08%   122 1701s
H 8901  2234                    5613733.4800 5673329.32  1.06%   122 1733s
H 8901  2121                    5614493.4800 5673329.32  1.05%   122 1734s
  8902  2121 5673329.32  699 4168 5614493.48 5673329.32  1.05%   122 1737s
  8903  2122 5673320.84  287 4265 5614493.48 5673320.84  1.05%   122 1742s
  8904  2123 5673313.29  324 4324 5614493.48 5673313.29  1.05%   122 1745s
  8906  2124 5673291.22  478 4438 5614493.48 5673291.22  1.05%   122 1750s
  8908  2125 5673280.41  382 4450 5614493.48 5673280.41  1.05%   122 1755s
  8910  2127 5673278.85  456 4525 5614493.48 5673278.85  1.05%   122 1764s
  8911  2127 5673231.98  308 4221 5614493.48 5673231.98  1.05%   122 1804s
  8912  2128 5673224.19  492 4371 5614493.48 5673224.19  1.05%   122 1809s
  8913  2129 5673219.68  443 4468 5614493.48 5673219.68  1.05%   122 1810s
  8916  2131 5673199.29   70 4519 5614493.48 5673199.29  1.05%   122 1815s
  8918  2132 5673197.87  181 4549 5614493.48 5673197.87  1.05%   122 1823s
  8919  2133 5673169.93  660 4189 5614493.48 5673169.93  1.05%   122 1853s
  8920  2133 5673168.51  564 4374 5614493.48 5673168.51  1.05%   122 1857s
  8922  2135 5673163.84  635 4490 5614493.48 5673163.84  1.04%   122 1861s
  8924  2136 5673153.26  247 4509 5614493.48 5673153.26  1.04%   122 1865s
  8927  2138 5673142.71  124 4588 5614493.48 5673142.71  1.04%   122 1876s
  8928  2139 5673117.13  408 4242 5614493.48 5673117.13  1.04%   122 1902s
  8929  2139 5673101.16  521 4429 5614493.48 5673101.16  1.04%   122 1906s
  8932  2141 5673090.17   89 4585 5614493.48 5673090.17  1.04%   122 1912s
  8934  2143 5673088.53  504 4616 5614493.48 5673088.53  1.04%   122 1921s
  8935  2143 5672928.37  511 4335 5614493.48 5672928.37  1.04%   122 1963s
  8936  2144 5672900.83  500 4456 5614493.48 5672900.83  1.04%   122 1965s
  8939  2146 5672863.61  353 4629 5614493.48 5672863.61  1.04%   121 1970s
  8941  2147 5672841.71  889 4711 5614493.48 5672841.71  1.04%   121 1975s
  8944  2149 5672836.26  428 4758 5614493.48 5672836.26  1.04%   121 1985s
H 8944  2039                    5616997.6300 5672731.68  0.99%   121 2008s
H 8944  1935                    5617248.8450 5672731.68  0.99%   121 2008s
H 8944  1837                    5618371.6700 5672731.68  0.97%   121 2008s
H 8944  1743                    5618391.4100 5672731.68  0.97%   121 2016s
H 8944  1654                    5618607.3550 5672731.68  0.96%   121 2018s
  8945  1655 5672731.68  559 4319 5618607.35 5672731.68  0.96%   121 2029s
  8946  1656 5672687.01   60 4422 5618607.35 5672687.01  0.96%   121 2037s
  8948  1657 5672665.47  302 4412 5618607.35 5672665.47  0.96%   121 2042s
  8950  1658 5672648.92  105 4545 5618607.35 5672648.92  0.96%   121 2047s
  8952  1660 5672634.53   48 4599 5618607.35 5672634.53  0.96%   121 2051s
  8955  1662 5672628.39  416 4632 5618607.35 5672628.39  0.96%   121 2055s
  8956  1662 5672627.98  165 4636 5618607.35 5672627.98  0.96%   121 2063s
  8957  1663 5672565.91  435 4398 5618607.35 5672565.91  0.96%   121 2145s
H 8957  1577                    5622454.5700 5672559.05  0.89%   121 2149s
H 8957  1496                    5623739.3000 5672559.05  0.87%   121 2149s
H 8957  1419                    5624472.6350 5672559.05  0.85%   121 2149s
  8959  1420 5672555.60  703 4597 5624472.63 5672555.60  0.85%   121 2151s
  8963  1423 5672544.25  188 4647 5624472.63 5672544.25  0.85%   121 2156s
  8964  1424 5672543.62  364 4759 5624472.63 5672543.62  0.85%   121 2162s
H 8964  1351                    5624632.6350 5672508.81  0.85%   121 2180s
  8965  1351 5672507.45  635 4366 5624632.63 5672507.45  0.85%   121 2204s
H 8965  1281                    5626365.5550 5672506.88  0.82%   121 2206s
H 8965  1214                    5626567.9850 5672506.88  0.82%   121 2206s
H 8965  1151                    5627666.4700 5672506.88  0.80%   121 2206s
  8968  1153 5672501.78  408 4640 5627666.47 5672501.78  0.80%   121 2210s
  8972  1156 5672494.50    5 4706 5627666.47 5672494.50  0.80%   121 2215s
  8973  1157 5672494.09   12 4704 5627666.47 5672494.09  0.80%   121 2221s
H 8973  1097                    5627986.4700 5672466.59  0.79%   121 2249s
  8975  1098 5672464.23  395 4612 5627986.47 5672464.23  0.79%   121 2251s
  8977  1099 5672447.90  616 4684 5627986.47 5672447.90  0.79%   121 2257s
  8979  1101 5672444.60  714 4728 5627986.47 5672444.60  0.79%   121 2260s
  8980  1101 5672444.17  158 4737 5627986.47 5672444.17  0.79%   121 2270s
  8981  1102 5672437.41   26 4408 5627986.47 5672437.41  0.79%   121 2320s
  8985  1105 5672429.27  527 4783 5627986.47 5672429.27  0.79%   121 2325s
H 8985  1047                    5628026.4700 5672429.13  0.79%   121 2350s
H 8986   992                    5628146.4700 5672221.30  0.78%   121 2392s
  8988   994 5672187.55  187 4414 5628146.47 5672187.55  0.78%   121 2396s
  8990   995 5672169.10   63 4479 5628146.47 5672169.10  0.78%   121 2402s
  8992   996 5672160.74  181 4565 5628146.47 5672160.74  0.78%   121 2406s
  8995   998 5672154.97   96 4680 5628146.47 5672154.97  0.78%   121 2411s
  8997  1000 5672153.12  645 4756 5628146.47 5672153.12  0.78%   121 2431s
H 8997   947                    5628226.9900 5672041.47  0.78%   121 2446s
H 8997   897                    5628266.9900 5672041.47  0.78%   121 2446s
H 8997   849                    5628466.9900 5672041.47  0.77%   121 2446s
H 8997   804                    5628686.7300 5672041.47  0.77%   121 2465s
  8998   804 5672041.47  266 4467 5628686.73 5672041.47  0.77%   121 2474s
H 8998   761                    5628757.8500 5672027.71  0.77%   121 2476s
H 8998   720                    5628854.6200 5672027.71  0.77%   121 2476s
H 8998   681                    5629400.9000 5672027.71  0.76%   121 2476s
H 8998   644                    5629422.6950 5672027.71  0.76%   121 2476s
H 9000   611                    5630289.0950 5672012.75  0.74%   121 2481s
  9003   613 5672005.81  287 4738 5630289.09 5672005.81  0.74%   121 2485s
  9006   615 5671999.68  478 4796 5630289.09 5671999.68  0.74%   121 2490s
  9008   616 5671980.36  382 4392 5630289.09 5671980.36  0.74%   121 2518s
  9010   617 5671977.21  456 4648 5630289.09 5671977.21  0.74%   121 2520s
  9013   619 5671970.44  443 4802 5630289.09 5671970.44  0.74%   120 2525s
  9015   621 5671968.20  686 4840 5630289.09 5671968.20  0.74%   120 2531s
H 9015   586                    5630369.0950 5671955.36  0.74%   120 2557s
H 9015   554                    5630587.1751 5671955.36  0.73%   120 2558s
  9017   555 5671955.05  304 4598 5630587.18 5671955.05  0.73%   120 2563s
  9018   556 5671948.08  181 4496 5630587.18 5671948.08  0.73%   120 2583s
H 9018   525                    5630667.1750 5671947.38  0.73%   120 2587s
H 9018   495                    5631448.6900 5671947.38  0.72%   120 2587s
H 9019   467                    5631515.4600 5671940.56  0.72%   120 2601s
H 9019   441                    5632067.8800 5671940.56  0.71%   120 2601s
H 9019   415                    5632344.7200 5671940.27  0.70%   120 2612s
  9021   417 5671940.27   47 4591 5632344.72 5671940.27  0.70%   120 2618s
  9022   417 5671938.41  635 4487 5632344.72 5671938.41  0.70%   120 2633s
  9025   421 5671938.41   92 3838 5632344.72 5671938.41  0.70%   186 2636s
H 9026   400                    5633146.1500 5671938.41  0.69%   186 2665s
  9027   400 5671938.41  124 3087 5633146.15 5671938.41  0.69%   186 2679s
H 9027   380                    5633381.5950 5671938.41  0.68%   186 2695s
  9028   381 5671938.41  408 3023 5633381.59 5671938.41  0.68%   186 2718s
  9029   382 5671938.41  521 3161 5633381.59 5671938.41  0.68%   186 2730s
  9030   382 5671938.41  192 3281 5633381.59 5671938.41  0.68%   186 2739s
  9031   383 5671938.41  565 3234 5633381.59 5671938.41  0.68%   186 2753s
  9032   384 5671938.41   89 3271 5633381.59 5671938.41  0.68%   186 2761s
  9033   384 5671938.41  293 3416 5633381.59 5671938.41  0.68%   186 2771s
  9034   385 5671938.41  504 3510 5633381.59 5671938.41  0.68%   186 2785s
  9035   386 5671938.41  511 3503 5633381.59 5671938.41  0.68%   186 2794s
  9036   386 5671938.41  500 3591 5633381.59 5671938.41  0.68%   186 2802s
  9037   387 5671938.41  124 3665 5633381.59 5671938.41  0.68%   186 2812s
  9038   388 5671938.41   25 3754 5633381.59 5671938.41  0.68%   186 2820s
  9039   388 5671938.41  353 3751 5633381.59 5671938.41  0.68%   186 2826s
  9040   389 5671938.41    4 3850 5633381.59 5671938.41  0.68%   186 2832s
  9041   390 5671938.41  889 3795 5633381.59 5671938.41  0.68%   186 2838s
  9042   390 5671938.41  658 3910 5633381.59 5671938.41  0.68%   186 2850s
  9043   391 5671938.41  361 3990 5633381.59 5671938.41  0.68%   186 2860s
  9044   392 5671938.41  428 4180 5633381.59 5671938.41  0.68%   186 2869s
  9045   392 5671938.41  559 4147 5633381.59 5671938.41  0.68%   186 2879s
  9046   393 5671938.41   60 4229 5633381.59 5671938.41  0.68%   186 2887s
  9047   394 5671938.41  226 4253 5633381.59 5671938.41  0.68%   186 2895s
  9048   394 5671938.41  302 4242 5633381.59 5671938.41  0.68%   186 2911s
  9049   395 5671938.41  442 4254 5633381.59 5671938.41  0.68%   186 2920s
  9050   396 5671938.41  105 4326 5633381.59 5671938.41  0.68%   186 2931s
  9051   396 5671938.41   93 4409 5633381.59 5671938.41  0.68%   186 2937s
  9052   397 5671938.41   48 4466 5633381.59 5671938.41  0.68%   186 2943s
  9053   398 5671933.56  246 4543 5633381.59 5671933.56  0.68%   186 2949s

Cutting planes:
  Gomory: 103
  Cover: 14
  Clique: 1802
  MIR: 159
  Flow cover: 399
  GUB cover: 11
  Zero half: 587
  RLT: 2
  Relax-and-lift: 26
  BQP: 3

Explored 9053 nodes (1925178 simplex iterations) in 2954.78 seconds (2362.44 work units)
Thread count was 12 (of 12 available processors)

Solution count 10: 5.63338e+06 5.63315e+06 5.63234e+06 ... 5.63029e+06

Time limit reached
Best objective 5.633381595000e+06, best bound 5.671933563683e+06, gap 0.6843%

Gurobi 12.0.1 (win64) logging started Tue Mar 17 06:58:43 2026

Set parameter LogFile to value "logs\full_L_80_restricted_subset15_5it_w_max_cap200_seed42_CG.log"
Gurobi Optimizer version 12.0.1 build v12.0.1rc0 (win64 - Windows 11.0 (26100.2))

CPU model: 13th Gen Intel(R) Core(TM) i7-1355U, instruction set [SSE2|AVX|AVX2]
Thread count: 10 physical cores, 12 logical processors, using up to 12 threads

Non-default parameters:
TimeLimit  2.9367030756473541e+03
FeasibilityTol  1e-09
MIPGap  0.005

Optimize a model with 13036 rows, 156172 columns and 1219558 nonzeros
Model fingerprint: 0xcee769a6
Variable types: 0 continuous, 156172 integer (156002 binary)
Coefficient statistics:
  Matrix range     [4e-01, 1e+02]
  Objective range  [1e-02, 2e+05]
  Bounds range     [1e+00, 3e+00]
  RHS range        [1e+00, 3e+00]
Presolve removed 2069 rows and 13134 columns
Presolve time: 3.86s
Presolved: 10967 rows, 143038 columns, 1110896 nonzeros
Variable types: 0 continuous, 143038 integer (143030 binary)
Found heuristic solution: objective -2920055.185
Found heuristic solution: objective -2774540.665
Deterministic concurrent LP optimizer: primal simplex, dual simplex, and barrier
Showing barrier log only...

Root barrier log...

Ordering time: 0.06s

Barrier statistics:
 AA' NZ     : 2.081e+05
 Factor NZ  : 3.533e+05 (roughly 60 MB of memory)
 Factor Ops : 1.334e+07 (less than 1 second per iteration)
 Threads    : 8

                  Objective                Residual
Iter       Primal          Dual         Primal    Dual     Compl     Time
   0   8.61184300e+09  9.70624891e+06  1.08e+05 2.40e+03  6.14e+04     5s
   1   3.33892437e+09  3.00461845e+07  4.21e+04 1.58e+03  2.44e+04     5s
   2   5.77179955e+08  4.16386626e+07  7.23e+03 1.18e+03  4.49e+03     5s
   3   1.42068777e+08  3.89291023e+07  1.73e+03 2.91e+02  1.14e+03     5s
   4   5.48037212e+07  2.88233604e+07  6.29e+02 7.52e+01  4.28e+02     5s
   5   2.72471806e+07  2.17464366e+07  2.83e+02 3.80e+01  1.95e+02     5s
   6   1.03332987e+07  1.62348552e+07  7.00e+01 1.55e+01  6.60e+01     6s
   7   7.59833455e+06  1.12107783e+07  3.45e+01 6.29e+00  2.98e+01     6s
   8   6.42790540e+06  9.06822580e+06  1.81e+01 4.78e+00  1.68e+01     6s
   9   5.67092411e+06  7.99956310e+06  6.37e+00 3.16e+00  1.05e+01     6s
  10   5.64608870e+06  7.43225959e+06  5.58e+00 1.97e+00  8.18e+00     6s
  11   5.59133966e+06  6.83286336e+06  3.77e+00 1.30e+00  5.56e+00     6s
  12   5.57872818e+06  6.52111373e+06  3.27e+00 8.72e-01  4.33e+00     6s
  13   5.56970439e+06  6.28692242e+06  2.15e+00 8.53e-01  3.17e+00     6s
  14   5.57714587e+06  6.05744238e+06  1.46e+00 4.45e-01  2.12e+00     6s
  15   5.59034140e+06  5.93036184e+06  7.49e-01 3.76e-01  1.40e+00     6s
  16   5.60892872e+06  5.81666425e+06  5.70e-01 1.71e-01  8.89e-01     6s
  17   5.62659643e+06  5.77250308e+06  4.24e-01 1.15e-01  6.31e-01     6s
  18   5.63236423e+06  5.76752294e+06  3.77e-01 1.08e-01  5.79e-01     6s
  19   5.63982545e+06  5.76480254e+06  3.19e-01 1.04e-01  5.26e-01     6s
  20   5.64704677e+06  5.74101355e+06  2.75e-01 6.87e-02  4.06e-01     6s
  21   5.65946629e+06  5.72171319e+06  2.08e-01 3.70e-02  2.77e-01     6s
  22   5.67221723e+06  5.71492451e+06  1.39e-01 2.59e-02  1.89e-01     6s
  23   5.68172239e+06  5.71079333e+06  9.15e-02 1.92e-02  1.28e-01     6s
  24   5.69023776e+06  5.70778340e+06  4.57e-02 1.26e-02  7.57e-02     7s
  25   5.69301611e+06  5.70652372e+06  3.21e-02 1.03e-02  5.82e-02     7s
  26   5.69514768e+06  5.70537448e+06  2.39e-02 7.62e-03  4.41e-02     7s
  27   5.69724845e+06  5.70413725e+06  1.65e-02 4.69e-03  2.98e-02     7s
  28   5.70014348e+06  5.70339425e+06  6.60e-03 2.80e-03  1.36e-02     7s
  29   5.70124714e+06  5.70287946e+06  3.04e-03 1.46e-03  6.75e-03     7s
  30   5.70181589e+06  5.70259554e+06  1.31e-03 7.64e-04  3.17e-03     7s
  31   5.70201697e+06  5.70247803e+06  7.30e-04 4.71e-04  1.86e-03     7s
  32   5.70211525e+06  5.70239957e+06  4.52e-04 2.74e-04  1.15e-03     7s
  33   5.70219407e+06  5.70235508e+06  2.41e-04 1.62e-04  6.45e-04     7s
  34   5.70223132e+06  5.70232863e+06  1.39e-04 9.69e-05  3.87e-04     7s
  35   5.70226603e+06  5.70230838e+06  4.90e-05 4.79e-05  1.64e-04     7s
  36   5.70227228e+06  5.70229562e+06  3.48e-05 1.76e-05  9.31e-05     7s
  37   5.70227332e+06  5.70229364e+06  3.24e-05 1.30e-05  8.17e-05     7s
  38   5.70228070e+06  5.70228977e+06  1.61e-05 3.82e-06  3.70e-05     7s
  39   5.70228537e+06  5.70228910e+06  5.62e-06 2.33e-06  1.49e-05     7s
  40   5.70228670e+06  5.70228840e+06  2.76e-06 9.28e-07  6.84e-06     7s
  41   5.70228748e+06  5.70228820e+06  1.12e-06 3.66e-07  2.87e-06     7s
  42   5.70228798e+06  5.70228807e+06  6.53e-08 8.03e-08  3.20e-07     7s
  43   5.70228802e+06  5.70228803e+06  3.25e-09 7.45e-09  2.04e-08     7s
  44   5.70228802e+06  5.70228802e+06  3.40e-10 1.29e-10  3.05e-10     7s

Barrier solved model in 44 iterations and 7.49 seconds (8.33 work units)
Optimal objective 5.70228802e+06


Root crossover log...

    2272 DPushes remaining with DInf 0.0000000e+00                 8s
       0 DPushes remaining with DInf 0.0000000e+00                 8s

   18154 PPushes remaining with PInf 7.7597880e-08                 8s
       0 PPushes remaining with PInf 0.0000000e+00                 8s

  Push phase complete: Pinf 0.0000000e+00, Dinf 6.6964363e-04      8s


Root simplex log...

Iteration    Objective       Primal Inf.    Dual Inf.      Time
   20233    5.7022880e+06   0.000000e+00   6.696429e-04      8s
   20235    5.7022880e+06   0.000000e+00   0.000000e+00      8s
Concurrent spin time: 1.15s (can be avoided by choosing Method=3)

Solved with barrier

Root relaxation: objective 5.702288e+06, 20235 iterations, 4.74 seconds (2.80 work units)
Total elapsed time = 10.19s (DegenMoves)

    Nodes    |    Current Node    |     Objective Bounds      |     Work
 Expl Unexpl |  Obj  Depth IntInf | Incumbent    BestBd   Gap | It/Node Time

     0     0 5702288.02    0 3063 -2774540.7 5702288.02   306%     -   11s
H    0     0                    2476732.3750 5702288.02   130%     -   11s
H    0     0                    2560573.2300 5702288.02   123%     -   11s
H    0     0                    4251172.9000 5702288.02  34.1%     -   11s
H    0     0                    4812143.8300 5702288.02  18.5%     -   11s
H    0     0                    4823199.3750 5702288.02  18.2%     -   11s
H    0     0                    4842772.9800 5702288.02  17.7%     -   11s
H    0     0                    4847172.9800 5702288.02  17.6%     -   11s
H    0     0                    4902711.0550 5702288.02  16.3%     -   11s
H    0     0                    4914513.5950 5702288.02  16.0%     -   12s
H    0     0                    4953267.4200 5702288.02  15.1%     -   12s
H    0     0                    4955387.5100 5702288.02  15.1%     -   12s
H    0     0                    4955992.7000 5702288.02  15.1%     -   12s
H    0     0                    5296343.8700 5702288.02  7.66%     -   13s
H    0     0                    5394547.4400 5702288.02  5.70%     -   16s
H    0     0                    5395580.0050 5702288.02  5.68%     -   16s
H    0     0                    5397604.0600 5702288.02  5.64%     -   16s
H    0     0                    5399244.0600 5702288.02  5.61%     -   17s
H    0     0                    5405035.9150 5702288.02  5.50%     -   17s
H    0     0                    5426440.6300 5702288.02  5.08%     -   19s
H    0     0                    5427336.1550 5702288.02  5.07%     -   20s
H    0     0                    5428216.1550 5702288.02  5.05%     -   20s
H    0     0                    5431190.7050 5702288.02  4.99%     -   20s
     0     0 5692792.56    0 3258 5431190.70 5692792.56  4.82%     -   26s
H    0     0                    5453649.1200 5692792.56  4.39%     -   28s
H    0     0                    5474304.0950 5692792.56  3.99%     -   30s
H    0     0                    5476440.3050 5692792.56  3.95%     -   30s
H    0     0                    5476616.7200 5692792.56  3.95%     -   33s
H    0     0                    5477765.9300 5692792.56  3.93%     -   33s
H    0     0                    5494290.2500 5692792.56  3.61%     -   35s
     0     0 5690019.00    0 3317 5494290.25 5690019.00  3.56%     -   38s
     0     0 5689499.38    0 3511 5494290.25 5689499.38  3.55%     -   39s
     0     0 5689170.36    0 3525 5494290.25 5689170.36  3.55%     -   41s
     0     0 5689104.46    0 3577 5494290.25 5689104.46  3.55%     -   41s
     0     0 5689101.31    0 3569 5494290.25 5689101.31  3.55%     -   41s
     0     0 5689101.31    0 3571 5494290.25 5689101.31  3.55%     -   41s
     0     0 5685132.72    0 3559 5494290.25 5685132.72  3.47%     -   45s
H    0     0                    5496783.6400 5685132.28  3.43%     -   47s
H    0     0                    5497168.0700 5685132.28  3.42%     -   48s
     0     0 5683873.65    0 3645 5497168.07 5683873.65  3.40%     -   50s
     0     0 5683479.11    0 3683 5497168.07 5683479.11  3.39%     -   53s
     0     0 5683384.26    0 3720 5497168.07 5683384.26  3.39%     -   54s
     0     0 5683099.34    0 3786 5497168.07 5683099.34  3.38%     -   56s
     0     0 5683023.79    0 3873 5497168.07 5683023.79  3.38%     -   56s
     0     0 5682997.27    0 3903 5497168.07 5682997.27  3.38%     -   57s
     0     0 5682997.04    0 3916 5497168.07 5682997.04  3.38%     -   57s
     0     0 5681676.03    0 3794 5497168.07 5681676.03  3.36%     -   61s
H    0     0                    5497706.9050 5681675.92  3.35%     -   63s
H    0     0                    5504063.0100 5681675.92  3.23%     -   71s
H    0     0                    5504219.0150 5681675.92  3.22%     -   71s
H    0     0                    5507924.5150 5681675.92  3.15%     -   72s
H    0     0                    5509288.6650 5681675.92  3.13%     -   72s
H    0     0                    5513979.5600 5681675.92  3.04%     -   73s
H    0     0                    5529921.3700 5681675.92  2.74%     -   76s
     0     0 5681081.37    0 3737 5529921.37 5681081.37  2.73%     -   81s
     0     0 5680736.08    0 3742 5529921.37 5680736.08  2.73%     -   83s
     0     0 5680592.27    0 3743 5529921.37 5680592.27  2.72%     -   84s
     0     0 5680450.56    0 3849 5529921.37 5680450.56  2.72%     -   85s
     0     0 5680395.92    0 3883 5529921.37 5680395.92  2.72%     -   86s
     0     0 5680384.12    0 3898 5529921.37 5680384.12  2.72%     -   87s
     0     0 5680380.98    0 3984 5529921.37 5680380.98  2.72%     -   87s
     0     0 5679745.86    0 3777 5529921.37 5679745.86  2.71%     -   91s
H    0     0                    5536586.4800 5679744.55  2.59%     -   93s
H    0     0                    5537804.3150 5679744.55  2.56%     -   94s
     0     0 5679526.73    0 3979 5537804.31 5679526.73  2.56%     -   97s
     0     0 5679448.26    0 3897 5537804.31 5679448.26  2.56%     -   98s
     0     0 5679439.44    0 3957 5537804.31 5679439.44  2.56%     -   98s
     0     0 5678915.86    0 3896 5537804.31 5678915.86  2.55%     -  102s
H    0     0                    5539004.3150 5678915.84  2.53%     -  106s
     0     0 5678784.86    0 3912 5539004.31 5678784.86  2.52%     -  108s
     0     0 5678749.47    0 3965 5539004.31 5678749.47  2.52%     -  109s
     0     0 5678743.75    0 3988 5539004.31 5678743.75  2.52%     -  110s
     0     0 5678292.75    0 4018 5539004.31 5678292.75  2.51%     -  112s
     0     0 5678208.81    0 4114 5539004.31 5678208.81  2.51%     -  118s
     0     0 5678188.31    0 4183 5539004.31 5678188.31  2.51%     -  118s
     0     0 5678187.34    0 4204 5539004.31 5678187.34  2.51%     -  119s
     0     0 5677870.25    0 4180 5539004.31 5677870.25  2.51%     -  121s
     0     0 5677813.30    0 4270 5539004.31 5677813.30  2.51%     -  125s
     0     0 5677805.51    0 4272 5539004.31 5677805.51  2.51%     -  126s
     0     0 5677609.37    0 4189 5539004.31 5677609.37  2.50%     -  128s
     0     0 5677564.29    0 4315 5539004.31 5677564.29  2.50%     -  133s
     0     0 5677550.68    0 4352 5539004.31 5677550.68  2.50%     -  134s
     0     0 5677409.24    0 4198 5539004.31 5677409.24  2.50%     -  136s
H    0     0                    5543261.0450 5677408.86  2.42%     -  174s
H    0     0                    5546725.0100 5677408.86  2.36%     -  175s
H    0     0                    5547389.1300 5677408.86  2.34%     -  177s
H    0     0                    5550963.0450 5677408.86  2.28%     -  184s
H    0     0                    5551136.9150 5677408.86  2.27%     -  188s
     0     0 5677387.72    0 4338 5551136.91 5677387.72  2.27%     -  190s
     0     0 5677383.20    0 4323 5551136.91 5677383.20  2.27%     -  191s
     0     0 5677249.84    0 4333 5551136.91 5677249.84  2.27%     -  193s
H    0     0                    5559192.2400 5677249.84  2.12%     -  199s
H    0     0                    5563250.9850 5677249.84  2.05%     -  201s
H    0     0                    5567348.6450 5677249.84  1.97%     -  201s
     0     0 5677230.76    0 4372 5567348.64 5677230.76  1.97%     -  204s
     0     0 5677223.28    0 4391 5567348.64 5677223.28  1.97%     -  204s
     0     0 5677162.55    0 4295 5567348.64 5677162.55  1.97%     -  206s
     0     0 5677162.36    0 3904 5567348.64 5677162.36  1.97%     -  208s
H    0     0                    5568775.9500 5677162.36  1.95%     -  213s
     0     2 5677162.36    0 3878 5568775.95 5677162.36  1.95%     -  237s
     3     8 5677024.74    2 4062 5568775.95 5677029.27  1.94%  3758  240s
    15    26 5676977.27    4 4194 5568775.95 5677007.22  1.94%  1515  247s
    25    46 5676976.94    5 4204 5568775.95 5676977.27  1.94%  1044  252s
H   26    46                    5577632.6000 5676977.27  1.78%  1003  252s
    45    90 5676974.19    7 4199 5577632.60 5676977.27  1.78%   619  255s
   162   271 5676963.97   18 4187 5577632.60 5676977.27  1.78%   212  265s
   270   391 5676963.97   19 4187 5577632.60 5676977.27  1.78%   160  274s
   390   401 5676872.46   30 4194 5577632.60 5676977.27  1.78%   145  291s
   400   411 5676872.46   31 4194 5577632.60 5676977.27  1.78%   146  307s
   410   421 5676872.46   32 4193 5577632.60 5676977.27  1.78%   149  324s
   420   431 5676851.98   32 4170 5577632.60 5676977.27  1.78%   152  345s
H  427   431                    5591183.5150 5676977.27  1.53%   155  345s
   430   441 5676872.46   33 4193 5591183.51 5676977.27  1.53%   154  367s
   440   451 5676872.46   34 4193 5591183.51 5676977.27  1.53%   156  390s
   450   507 5676872.46   35 4193 5591183.51 5676977.27  1.53%   158  416s
H  451   507                    5593642.7650 5676977.27  1.49%   158  416s
   506   775 5676851.98   36 4171 5593642.76 5676977.27  1.49%   155  442s
   774  1116 5676811.61   62 4135 5593642.76 5676977.27  1.49%   159  481s
  1115  1517 5676795.70  100 4134 5593642.76 5676977.27  1.49%   176  538s
H 1516  1967                    5600301.6200 5676977.27  1.37%   196  602s
  1966  2067 5676671.14  167 4086 5600301.62 5676977.27  1.37%   200  681s
  2066  2466 5676661.74  173 4078 5600301.62 5676977.27  1.37%   205  758s
H 2199  2466                    5612098.1250 5676977.27  1.16%   201  758s
H 2465  3247                    5613288.2950 5676977.27  1.13%   192  825s
  3246  4016 5676449.91  281 4034 5613288.29 5676977.27  1.13%   186  893s
H 4015  4366                    5617703.1550 5676977.27  1.06%   181  969s
H 4071  4366                    5619289.6850 5676977.27  1.03%   179  969s
H 4212  4366                    5619367.6250 5676977.27  1.03%   178  969s
H 4245  4366                    5620230.8550 5676977.27  1.01%   178  969s
H 4365  5147                    5620329.6250 5676977.27  1.01%   177 1031s
  5146  5906 5675778.26  444 3995 5620329.62 5676977.27  1.01%   174 1087s
H 5905  6269                    5621598.2800 5676977.27  0.99%   169 1168s
H 5913  6269                    5622345.5650 5676977.27  0.97%   170 1168s
H 5930  6269                    5623987.4600 5676977.27  0.94%   170 1168s
H 6268  6474                    5626415.4150 5676977.27  0.90%   165 1256s
H 6337  6474                    5629965.2400 5676977.27  0.84%   165 1256s
  6473  7334 5675573.95  495 3991 5629965.24 5676977.27  0.84%   165 1316s
H 7333  7344                    5632827.5050 5676977.27  0.78%   161 1388s
H 7343  8153                    5632894.5450 5676977.27  0.78%   161 1445s
  8153  8154 5676351.16   97 3904 5632894.54 5676977.27  0.78%   158 1497s
  8155  8155 5674116.53  641 3099 5632894.54 5676977.27  0.78%   158 1518s
  8156  8156 5674863.91  266 3023 5632894.54 5676977.27  0.78%   158 1532s
  8157  8157 5675837.07  155 3232 5632894.54 5676977.27  0.78%   158 1536s
  8158  8157 5674620.79  352 3323 5632894.54 5676977.27  0.78%   158 1542s
  8159  8158 5675963.72  141 3365 5632894.54 5676977.27  0.78%   158 1548s
  8160  8159 5676089.73  222 3468 5632894.54 5676977.27  0.78%   158 1552s
  8161  8159 5674590.94  448 3517 5632894.54 5676977.27  0.78%   158 1555s
  8163  8161 5675503.65  447 3671 5632894.54 5676977.27  0.78%   158 1561s
  8165  8162 5675108.45  497 3857 5632894.54 5676977.27  0.78%   158 1566s
  8166  8163 5676691.77  129 3955 5632894.54 5676977.27  0.78%   158 1570s
  8168  8164 5676113.88   97 4086 5632894.54 5676834.60  0.78%   158 1575s
  8173  8167 5673260.11  654 4301 5632894.54 5676788.55  0.78%   158 1585s
  8174  8168 5675665.37  320 3975 5632894.54 5675665.37  0.76%   158 1600s
  8176  8169 5674872.58  501 4012 5632894.54 5674872.58  0.75%   158 1606s
  8178  8171 5674620.60  132 4104 5632894.54 5674620.60  0.74%   157 1610s
  8181  8173 5674305.56  548 4255 5632894.54 5674305.56  0.74%   157 1615s
  8186  8176 5674193.05  238 4315 5632894.54 5674193.05  0.73%   157 1626s
  8187  8177 5673780.53  131 4009 5632894.54 5673780.53  0.73%   157 1649s
  8188  8177 5673546.29  669 4109 5632894.54 5673546.29  0.72%   157 1655s
  8191  8179 5673192.21  149 4137 5632894.54 5673192.21  0.72%   157 1661s
  8194  8181 5673049.59  611 4294 5632894.54 5673049.59  0.71%   157 1665s
  8197  8183 5672922.19  348 4411 5632894.54 5672922.19  0.71%   157 1670s
  8201  8186 5672806.87  344 4503 5632894.54 5672806.87  0.71%   157 1676s
  8205  8189 5672797.71  193 4526 5632894.54 5672797.71  0.71%   157 1683s
  8206  8189 5672682.12  414 4134 5632894.54 5672682.12  0.71%   157 1703s
  8207  8190 5672654.99  236 4279 5632894.54 5672654.99  0.71%   157 1706s
  8209  8191 5672562.24   87 4395 5632894.54 5672562.24  0.70%   157 1711s
  8211  8193 5672523.26  457 4506 5632894.54 5672523.26  0.70%   157 1716s
  8212  8193 5672507.57  518 4530 5632894.54 5672507.57  0.70%   157 1720s
  8215  8195 5672448.07   17 4461 5632894.54 5672448.07  0.70%   157 1725s
  8219  8198 5672431.54  128 4548 5632894.54 5672431.54  0.70%   157 1735s
  8220  8199 5672317.93  535 4221 5632894.54 5672317.93  0.70%   157 1764s
  8221  8199 5672294.48  496 4402 5632894.54 5672294.48  0.70%   157 1766s
  8223  8201 5672238.05   23 4314 5632894.54 5672238.05  0.70%   157 1770s
  8225  8202 5672194.63  333 4413 5632894.54 5672194.63  0.70%   157 1775s
  8228  8204 5672175.36  467 4527 5632894.54 5672175.36  0.70%   157 1781s
  8232  8207 5672150.33  296 4540 5632894.54 5672150.33  0.70%   156 1785s
  8233  8207 5672150.10  194 4552 5632894.54 5672150.10  0.70%   156 1791s
  8234  8208 5672073.57  632 4132 5632894.54 5672073.57  0.70%   156 1825s
  8235  8209 5672062.29  500 4310 5632894.54 5672062.29  0.70%   156 1830s
  8237  8210 5672037.49  550 4399 5632894.54 5672037.49  0.69%   156 1836s
  8239  8211 5671984.49  610 4462 5632894.54 5671984.49  0.69%   156 1840s
  8243  8214 5671969.16  668 4555 5632894.54 5671969.16  0.69%   156 1850s
  8244  8215 5671926.94  293 4154 5632894.54 5671926.94  0.69%   156 1879s
  8245  8215 5671923.09  207 4347 5632894.54 5671923.09  0.69%   156 1881s
  8247  8217 5671907.26  376 4449 5632894.54 5671907.26  0.69%   156 1885s
  8249  8218 5671890.96  126 4468 5632894.54 5671890.96  0.69%   156 1890s
  8252  8220 5671877.85  634 4575 5632894.54 5671877.85  0.69%   156 1895s
  8253  8221 5671877.48   97 4571 5632894.54 5671877.48  0.69%   156 1901s
  8254  8221 5671840.53  384 4257 5632894.54 5671840.53  0.69%   156 1925s
  8258  8224 5671830.76  352 4492 5632894.54 5671830.76  0.69%   156 1931s
  8261  8226 5671811.00  448 4588 5632894.54 5671811.00  0.69%   156 1935s
  8263  8227 5671808.93  447 4583 5632894.54 5671808.93  0.69%   156 1940s
  8264  8228 5671789.76  478 4221 5632894.54 5671789.76  0.69%   156 2020s
  8268  8231 5671771.90   97 4535 5632894.54 5671771.90  0.69%   156 2026s
  8270  8232 5671769.57  713 4618 5632894.54 5671769.57  0.69%   156 2032s
  8271  8233 5671753.13  261 4362 5632894.54 5671753.13  0.69%   156 2056s
  8274  8235 5671742.59  320 4592 5632894.54 5671742.59  0.69%   156 2060s
  8276  8236 5671740.87  501 4662 5632894.54 5671740.87  0.69%   156 2066s
H 8276  7822                    5633677.6700 5671726.63  0.68%   156 2084s
H 8276  7428                    5633837.6700 5671726.63  0.67%   156 2090s
H 8277  7056                    5634513.8300 5671726.24  0.66%   156 2095s
H 8277  6701                    5634678.5200 5671726.24  0.66%   156 2099s
  8278  6701 5671726.24  132 4535 5634678.52 5671726.24  0.66%   156 2100s
H 8278  6364                    5634838.5200 5671714.92  0.65%   156 2115s
  8279  6365 5671714.92  667 4334 5634838.52 5671714.92  0.65%   156 2135s
  8283  6368 5671703.01  387 4604 5634838.52 5671703.01  0.65%   155 2140s
  8285  6369 5671700.98  634 4623 5634838.52 5671700.98  0.65%   155 2146s
  8286  6370 5671693.13  238 4399 5634838.52 5671693.13  0.65%   155 2161s
  8289  6372 5671688.79  211 4692 5634838.52 5671688.79  0.65%   155 2169s
  8290  6372 5671684.25  614 4448 5634838.52 5671684.25  0.65%   155 2185s
  8294  6375 5671676.13  611 4703 5634838.52 5671676.13  0.65%   155 2190s
  8295  6376 5671675.84  531 4733 5634838.52 5671675.84  0.65%   155 2195s
  8296  6376 5671667.44  190 4392 5634838.52 5671667.44  0.65%   155 2223s
  8298  6378 5671663.92  411 4613 5634838.52 5671663.92  0.65%   155 2225s
  8299  6378 5671663.11  186 4659 5634838.52 5671663.11  0.65%   155 2242s
  8300  6379 5671349.37  370 4484 5634838.52 5671349.37  0.65%   155 2275s
  8302  6380 5671303.24   32 4587 5634838.52 5671303.24  0.65%   155 2280s
  8305  6382 5671281.77  193 4825 5634838.52 5671281.77  0.65%   155 2285s
  8309  6385 5671274.25   87 4911 5634838.52 5671274.25  0.65%   155 2305s
  8310  6386 5671114.68  302 4602 5634838.52 5671114.68  0.64%   155 2325s
  8312  6387 5671086.55  518 4760 5634838.52 5671086.55  0.64%   155 2330s
  8315  6389 5671067.76   17 4791 5634838.52 5671067.76  0.64%   155 2335s
  8319  6392 5671062.43  128 4939 5634838.52 5671062.43  0.64%   155 2343s
  8320  6392 5671010.51  535 4519 5634838.52 5671010.51  0.64%   155 2396s
  8323  6394 5671000.66   23 4836 5634838.52 5671000.66  0.64%   155 2400s
  8326  6396 5670993.95  736 4910 5634838.52 5670993.95  0.64%   155 2406s
  8327  6397 5670980.77   26 4616 5634838.52 5670980.77  0.64%   155 2424s
  8328  6398 5670979.17  467 4757 5634838.52 5670979.17  0.64%   155 2425s
  8332  6400 5670972.79  296 4921 5634838.52 5670972.79  0.64%   155 2433s
  8333  6401 5670957.07  194 4664 5634838.52 5670957.07  0.64%   155 2451s
  8334  6402 5670956.80  632 4804 5634838.52 5670956.80  0.64%   155 2455s
  8335  6402 5670953.28  500 4565 5634838.52 5670953.28  0.64%   155 2482s
  8336  6403 5670952.60  474 4735 5634838.52 5670952.60  0.64%   155 2486s
  8337  6404 5670946.86  550 4625 5634838.52 5670946.86  0.64%   154 2501s
  8340  6406 5670935.12  107 4862 5634838.52 5670935.12  0.64%   154 2506s
  8342  6407 5670933.40   17 4938 5634838.52 5670933.40  0.64%   154 2511s
  8343  6408 5670928.18  668 4675 5634838.52 5670928.18  0.64%   154 2527s
  8346  6411 5670928.18  514 3904 5634838.52 5670928.18  0.64%   228 2530s
H 8347  6091                    5635467.5150 5670928.18  0.63%   228 2543s
H 8347  5786                    5635496.4150 5670928.18  0.63%   228 2546s
  8348  5786 5670928.18  266 3053 5635496.41 5670928.18  0.63%   228 2556s
  8349  5787 5670928.18  126 2936 5635496.41 5670928.18  0.63%   228 2581s
H 8349  5498                    5635709.5550 5670928.18  0.62%   228 2588s
  8351  5499 5670928.18  645 3215 5635709.55 5670928.18  0.62%   228 2592s
  8352  5500 5670928.18  634 3263 5635709.55 5670928.18  0.62%   227 2596s
  8353  5501 5670928.18   97 3348 5635709.55 5670928.18  0.62%   227 2601s
  8354  5501 5670928.18  384 3471 5635709.55 5670928.18  0.62%   227 2605s
  8356  5503 5670928.18  266 3599 5635709.55 5670928.18  0.62%   227 2612s
  8357  5503 5670928.18  155 3529 5635709.55 5670928.18  0.62%   227 2615s
  8359  5505 5670928.18  141 3797 5635709.55 5670928.18  0.62%   227 2621s
  8360  5505 5670928.18  222 3800 5635709.55 5670928.18  0.62%   227 2625s
  8362  5507 5670928.18  491 3955 5635709.55 5670928.18  0.62%   227 2631s
  8363  5507 5670928.18  447 4034 5635709.55 5670928.18  0.62%   227 2635s
  8365  5509 5670928.18  497 4099 5635709.55 5670928.18  0.62%   227 2644s
  8366  5509 5670928.18  129 4163 5635709.55 5670928.18  0.62%   227 2648s
  8367  5510 5670928.18  115 4218 5635709.55 5670928.18  0.62%   227 2650s
  8368  5511 5670928.18   97 4195 5635709.55 5670928.18  0.62%   227 2655s
H 8369  5235                    5635951.3150 5670928.18  0.62%   227 2663s
H 8370  4974                    5635976.5451 5670928.18  0.62%   227 2666s
  8373  4976 5670928.18  654 4589 5635976.55 5670928.18  0.62%   227 2673s
  8374  4977 5670928.18  320 4712 5635976.55 5670928.18  0.62%   227 2676s
  8377  4979 5670920.22  453 4739 5635976.55 5670920.22  0.62%   227 2680s
  8378  4979 5670919.97  132 4754 5635976.55 5670919.97  0.62%   227 2688s
H 8378  4729                    5636045.1201 5670797.48  0.62%   227 2707s
  8379  4730 5670797.48  667 4400 5636045.12 5670797.48  0.62%   227 2711s
  8380  4731 5670751.24   98 4554 5636045.12 5670751.24  0.62%   227 2715s
  8383  4733 5670687.47  387 4638 5636045.12 5670687.47  0.61%   227 2720s
  8385  4734 5670679.16  634 4693 5636045.12 5670679.16  0.61%   227 2728s
H 8385  4497                    5636371.6300 5670572.21  0.61%   227 2741s
H 8385  4271                    5637315.9700 5670572.21  0.59%   227 2741s
H 8385  4057                    5637409.2000 5670572.21  0.59%   227 2741s
H 8385  3854                    5637477.7750 5670571.84  0.59%   227 2747s
  8386  3855 5670571.84  238 4552 5637477.77 5670571.84  0.59%   227 2760s
  8389  3857 5670473.36  211 4635 5637477.77 5670473.36  0.59%   226 2765s
  8391  3858 5670470.08  149 4660 5637477.77 5670470.08  0.59%   226 2771s
H 8391  3664                    5637984.9144 5670439.18  0.58%   226 2791s
H 8391  3480                    5638144.9144 5670439.18  0.57%   226 2791s
H 8391  3305                    5638144.9150 5670439.18  0.57%   226 2791s
H 8391  3139                    5638504.9150 5670439.18  0.57%   226 2795s
  8393  3140 5670432.05   36 4565 5638504.91 5670432.05  0.57%   226 2800s
  8394  3141 5670431.44  611 4646 5638504.91 5670431.44  0.57%   226 2806s
  8395  3142 5670409.75  531 4491 5638504.91 5670409.75  0.57%   226 2849s
  8396  3142 5670404.11  190 4584 5638504.91 5670404.11  0.57%   226 2850s
  8401  3146 5670384.48  344 4754 5638504.91 5670384.48  0.57%   226 2859s
  8402  3146 5670356.85   32 4438 5638504.91 5670356.85  0.56%   226 2875s
  8406  3149 5670350.56  414 4735 5638504.91 5670350.56  0.56%   226 2883s
  8407  3150 5670333.10  236 4465 5638504.91 5670333.10  0.56%   226 2916s
  8411  3152 5670324.99  457 4760 5638504.91 5670324.99  0.56%   226 2920s
  8412  3153 5670324.87  518 4788 5638504.91 5670324.87  0.56%   226 2926s

Cutting planes:
  Gomory: 139
  Cover: 24
  Clique: 2304
  MIR: 157
  Mixing: 2
  Flow cover: 592
  GUB cover: 26
  Zero half: 638
  Relax-and-lift: 126
  BQP: 2

Explored 8412 nodes (2266025 simplex iterations) in 2937.13 seconds (2452.19 work units)
Thread count was 12 (of 12 available processors)

Solution count 10: 5.6385e+06 5.63814e+06 5.63798e+06 ... 5.63595e+06

Time limit reached
Best objective 5.638504915000e+06, best bound 5.670315657965e+06, gap 0.5642%

Gurobi 12.0.1 (win64) logging started Wed Mar 18 17:01:34 2026

Set parameter LogFile to value "logs\full_L_80_restricted_subset15_5it_w_max_cap200_seed42_CG.log"
Gurobi Optimizer version 12.0.1 build v12.0.1rc0 (win64 - Windows 11.0 (26100.2))

CPU model: 13th Gen Intel(R) Core(TM) i7-1355U, instruction set [SSE2|AVX|AVX2]
Thread count: 10 physical cores, 12 logical processors, using up to 12 threads

Non-default parameters:
TimeLimit  2.3706145884990692e+03
FeasibilityTol  1e-09
MIPGap  0.005

Optimize a model with 13036 rows, 156172 columns and 1219558 nonzeros
Model fingerprint: 0xcee769a6
Variable types: 0 continuous, 156172 integer (156002 binary)
Coefficient statistics:
  Matrix range     [4e-01, 1e+02]
  Objective range  [1e-02, 2e+05]
  Bounds range     [1e+00, 3e+00]
  RHS range        [1e+00, 3e+00]
Presolve removed 2069 rows and 13134 columns
Presolve time: 3.22s
Presolved: 10967 rows, 143038 columns, 1110896 nonzeros
Variable types: 0 continuous, 143038 integer (143030 binary)
Found heuristic solution: objective -2920055.185
Found heuristic solution: objective -2774540.665
Deterministic concurrent LP optimizer: primal simplex, dual simplex, and barrier
Showing barrier log only...

Root barrier log...

Ordering time: 0.07s

Barrier statistics:
 AA' NZ     : 2.081e+05
 Factor NZ  : 3.533e+05 (roughly 60 MB of memory)
 Factor Ops : 1.334e+07 (less than 1 second per iteration)
 Threads    : 8

                  Objective                Residual
Iter       Primal          Dual         Primal    Dual     Compl     Time
   0   8.61184300e+09  9.70624891e+06  1.08e+05 2.40e+03  6.14e+04     4s
   1   3.33892437e+09  3.00461845e+07  4.21e+04 1.58e+03  2.44e+04     4s
   2   5.77179955e+08  4.16386626e+07  7.23e+03 1.18e+03  4.49e+03     4s
   3   1.42068777e+08  3.89291023e+07  1.73e+03 2.91e+02  1.14e+03     5s
   4   5.48037212e+07  2.88233604e+07  6.29e+02 7.52e+01  4.28e+02     5s
   5   2.72471806e+07  2.17464366e+07  2.83e+02 3.80e+01  1.95e+02     5s
   6   1.03332987e+07  1.62348552e+07  7.00e+01 1.55e+01  6.60e+01     5s
   7   7.59833455e+06  1.12107783e+07  3.45e+01 6.29e+00  2.98e+01     5s
   8   6.42790540e+06  9.06822580e+06  1.81e+01 4.78e+00  1.68e+01     5s
   9   5.67092411e+06  7.99956310e+06  6.37e+00 3.16e+00  1.05e+01     5s
  10   5.64608870e+06  7.43225959e+06  5.58e+00 1.97e+00  8.18e+00     5s
  11   5.59133966e+06  6.83286336e+06  3.77e+00 1.30e+00  5.56e+00     5s
  12   5.57872818e+06  6.52111373e+06  3.27e+00 8.72e-01  4.33e+00     5s
  13   5.56970439e+06  6.28692242e+06  2.15e+00 8.53e-01  3.17e+00     5s
  14   5.57714587e+06  6.05744238e+06  1.46e+00 4.45e-01  2.12e+00     5s
  15   5.59034140e+06  5.93036184e+06  7.49e-01 3.76e-01  1.40e+00     5s
  16   5.60892872e+06  5.81666425e+06  5.70e-01 1.71e-01  8.89e-01     5s
  17   5.62659643e+06  5.77250308e+06  4.24e-01 1.15e-01  6.31e-01     5s
  18   5.63236423e+06  5.76752294e+06  3.77e-01 1.08e-01  5.79e-01     5s
  19   5.63982545e+06  5.76480254e+06  3.19e-01 1.04e-01  5.26e-01     5s
  20   5.64704677e+06  5.74101355e+06  2.75e-01 6.87e-02  4.06e-01     6s
  21   5.65946629e+06  5.72171319e+06  2.08e-01 3.70e-02  2.77e-01     6s
  22   5.67221723e+06  5.71492451e+06  1.39e-01 2.59e-02  1.89e-01     6s
  23   5.68172239e+06  5.71079333e+06  9.15e-02 1.92e-02  1.28e-01     6s
  24   5.69023776e+06  5.70778340e+06  4.57e-02 1.26e-02  7.57e-02     6s
  25   5.69301611e+06  5.70652372e+06  3.21e-02 1.03e-02  5.82e-02     6s
  26   5.69514768e+06  5.70537448e+06  2.39e-02 7.62e-03  4.41e-02     6s
  27   5.69724845e+06  5.70413725e+06  1.65e-02 4.69e-03  2.98e-02     6s
  28   5.70014348e+06  5.70339425e+06  6.60e-03 2.80e-03  1.36e-02     6s
  29   5.70124714e+06  5.70287946e+06  3.04e-03 1.46e-03  6.75e-03     6s
  30   5.70181589e+06  5.70259554e+06  1.31e-03 7.64e-04  3.17e-03     6s
  31   5.70201697e+06  5.70247803e+06  7.30e-04 4.71e-04  1.86e-03     6s
  32   5.70211525e+06  5.70239957e+06  4.52e-04 2.74e-04  1.15e-03     6s
  33   5.70219407e+06  5.70235508e+06  2.41e-04 1.62e-04  6.45e-04     6s
  34   5.70223132e+06  5.70232863e+06  1.39e-04 9.69e-05  3.87e-04     6s
  35   5.70226603e+06  5.70230838e+06  4.90e-05 4.79e-05  1.64e-04     6s
  36   5.70227228e+06  5.70229562e+06  3.48e-05 1.76e-05  9.31e-05     6s
  37   5.70227332e+06  5.70229364e+06  3.24e-05 1.30e-05  8.17e-05     6s
  38   5.70228070e+06  5.70228977e+06  1.61e-05 3.82e-06  3.70e-05     6s
  39   5.70228537e+06  5.70228910e+06  5.62e-06 2.33e-06  1.49e-05     6s
  40   5.70228670e+06  5.70228840e+06  2.76e-06 9.28e-07  6.84e-06     7s
  41   5.70228748e+06  5.70228820e+06  1.12e-06 3.66e-07  2.87e-06     7s
  42   5.70228798e+06  5.70228807e+06  6.53e-08 8.03e-08  3.20e-07     7s
  43   5.70228802e+06  5.70228803e+06  3.25e-09 7.45e-09  2.04e-08     7s
  44   5.70228802e+06  5.70228802e+06  3.40e-10 1.29e-10  3.05e-10     7s

Barrier solved model in 44 iterations and 6.71 seconds (8.33 work units)
Optimal objective 5.70228802e+06


Root crossover log...

    2272 DPushes remaining with DInf 0.0000000e+00                 7s
       0 DPushes remaining with DInf 0.0000000e+00                 7s

   18154 PPushes remaining with PInf 7.7597880e-08                 7s
       0 PPushes remaining with PInf 0.0000000e+00                 7s

  Push phase complete: Pinf 0.0000000e+00, Dinf 6.6964363e-04      7s


Root simplex log...

Iteration    Objective       Primal Inf.    Dual Inf.      Time
   20233    5.7022880e+06   0.000000e+00   6.696429e-04      7s
   20235    5.7022880e+06   0.000000e+00   0.000000e+00      7s
Concurrent spin time: 1.40s (can be avoided by choosing Method=3)

Solved with barrier

Root relaxation: objective 5.702288e+06, 20235 iterations, 4.92 seconds (2.80 work units)

    Nodes    |    Current Node    |     Objective Bounds      |     Work
 Expl Unexpl |  Obj  Depth IntInf | Incumbent    BestBd   Gap | It/Node Time

     0     0 5702288.02    0 3063 -2774540.7 5702288.02   306%     -   10s
H    0     0                    2476732.3750 5702288.02   130%     -   10s
H    0     0                    2560573.2300 5702288.02   123%     -   10s
H    0     0                    4251172.9000 5702288.02  34.1%     -   10s
H    0     0                    4812143.8300 5702288.02  18.5%     -   10s
H    0     0                    4823199.3750 5702288.02  18.2%     -   10s
H    0     0                    4842772.9800 5702288.02  17.7%     -   10s
H    0     0                    4847172.9800 5702288.02  17.6%     -   10s
H    0     0                    4902711.0550 5702288.02  16.3%     -   10s
H    0     0                    4914513.5950 5702288.02  16.0%     -   10s
H    0     0                    4953267.4200 5702288.02  15.1%     -   10s
H    0     0                    4955387.5100 5702288.02  15.1%     -   11s
H    0     0                    4955992.7000 5702288.02  15.1%     -   11s
H    0     0                    5296343.8700 5702288.02  7.66%     -   12s
H    0     0                    5394547.4400 5702288.02  5.70%     -   14s
H    0     0                    5395580.0050 5702288.02  5.68%     -   14s
H    0     0                    5397604.0600 5702288.02  5.64%     -   14s
H    0     0                    5399244.0600 5702288.02  5.61%     -   15s
H    0     0                    5405035.9150 5702288.02  5.50%     -   15s
H    0     0                    5426440.6300 5702288.02  5.08%     -   17s
H    0     0                    5427336.1550 5702288.02  5.07%     -   18s
H    0     0                    5428216.1550 5702288.02  5.05%     -   18s
H    0     0                    5431190.7050 5702288.02  4.99%     -   18s
     0     0 5692792.56    0 3258 5431190.70 5692792.56  4.82%     -   24s
H    0     0                    5453649.1200 5692792.56  4.39%     -   26s
H    0     0                    5474304.0950 5692792.56  3.99%     -   28s
H    0     0                    5476440.3050 5692792.56  3.95%     -   28s
H    0     0                    5476616.7200 5692792.56  3.95%     -   30s
H    0     0                    5477765.9300 5692792.56  3.93%     -   31s
H    0     0                    5494290.2500 5692792.56  3.61%     -   32s
     0     0 5690019.00    0 3317 5494290.25 5690019.00  3.56%     -   35s
     0     0 5689499.38    0 3511 5494290.25 5689499.38  3.55%     -   37s
     0     0 5689170.36    0 3525 5494290.25 5689170.36  3.55%     -   38s
     0     0 5689104.46    0 3577 5494290.25 5689104.46  3.55%     -   38s
     0     0 5689101.31    0 3569 5494290.25 5689101.31  3.55%     -   39s
     0     0 5689101.31    0 3571 5494290.25 5689101.31  3.55%     -   39s
     0     0 5685132.72    0 3559 5494290.25 5685132.72  3.47%     -   42s
H    0     0                    5496783.6400 5685132.28  3.43%     -   44s
H    0     0                    5497168.0700 5685132.28  3.42%     -   44s
     0     0 5683873.65    0 3645 5497168.07 5683873.65  3.40%     -   47s
     0     0 5683479.11    0 3683 5497168.07 5683479.11  3.39%     -   49s
     0     0 5683384.26    0 3720 5497168.07 5683384.26  3.39%     -   51s
     0     0 5683099.34    0 3786 5497168.07 5683099.34  3.38%     -   52s
     0     0 5683023.79    0 3873 5497168.07 5683023.79  3.38%     -   53s
     0     0 5682997.27    0 3903 5497168.07 5682997.27  3.38%     -   53s
     0     0 5682997.04    0 3916 5497168.07 5682997.04  3.38%     -   53s
     0     0 5681676.03    0 3794 5497168.07 5681676.03  3.36%     -   57s
H    0     0                    5497706.9050 5681675.92  3.35%     -   59s
H    0     0                    5504063.0100 5681675.92  3.23%     -   67s
H    0     0                    5504219.0150 5681675.92  3.22%     -   67s
H    0     0                    5507924.5150 5681675.92  3.15%     -   68s
H    0     0                    5509288.6650 5681675.92  3.13%     -   68s
H    0     0                    5513979.5600 5681675.92  3.04%     -   69s
H    0     0                    5529921.3700 5681675.92  2.74%     -   71s
     0     0 5681081.37    0 3737 5529921.37 5681081.37  2.73%     -   74s
     0     0 5680736.08    0 3742 5529921.37 5680736.08  2.73%     -   76s
     0     0 5680592.27    0 3743 5529921.37 5680592.27  2.72%     -   77s
     0     0 5680450.56    0 3849 5529921.37 5680450.56  2.72%     -   78s
     0     0 5680395.92    0 3883 5529921.37 5680395.92  2.72%     -   79s
     0     0 5680384.12    0 3898 5529921.37 5680384.12  2.72%     -   79s
     0     0 5680380.98    0 3984 5529921.37 5680380.98  2.72%     -   80s
     0     0 5679745.86    0 3777 5529921.37 5679745.86  2.71%     -   82s
H    0     0                    5536586.4800 5679744.55  2.59%     -   84s
H    0     0                    5537804.3150 5679744.55  2.56%     -   85s
     0     0 5679526.73    0 3979 5537804.31 5679526.73  2.56%     -   87s
     0     0 5679448.26    0 3897 5537804.31 5679448.26  2.56%     -   88s
     0     0 5679439.44    0 3957 5537804.31 5679439.44  2.56%     -   89s
     0     0 5678915.86    0 3896 5537804.31 5678915.86  2.55%     -   92s
H    0     0                    5539004.3150 5678915.84  2.53%     -   96s
     0     0 5678784.86    0 3912 5539004.31 5678784.86  2.52%     -   98s
     0     0 5678749.47    0 3965 5539004.31 5678749.47  2.52%     -   99s
     0     0 5678743.75    0 3988 5539004.31 5678743.75  2.52%     -   99s
     0     0 5678292.75    0 4018 5539004.31 5678292.75  2.51%     -  101s
     0     0 5678208.81    0 4114 5539004.31 5678208.81  2.51%     -  107s
     0     0 5678188.31    0 4183 5539004.31 5678188.31  2.51%     -  108s
     0     0 5678187.34    0 4204 5539004.31 5678187.34  2.51%     -  108s
     0     0 5677870.25    0 4180 5539004.31 5677870.25  2.51%     -  110s
     0     0 5677813.30    0 4270 5539004.31 5677813.30  2.51%     -  114s
     0     0 5677805.51    0 4272 5539004.31 5677805.51  2.51%     -  114s
     0     0 5677609.37    0 4189 5539004.31 5677609.37  2.50%     -  117s
     0     0 5677564.29    0 4315 5539004.31 5677564.29  2.50%     -  121s
     0     0 5677550.68    0 4352 5539004.31 5677550.68  2.50%     -  122s
     0     0 5677409.24    0 4198 5539004.31 5677409.24  2.50%     -  125s
H    0     0                    5543261.0450 5677408.86  2.42%     -  159s
H    0     0                    5546725.0100 5677408.86  2.36%     -  161s
H    0     0                    5547389.1300 5677408.86  2.34%     -  162s
H    0     0                    5550963.0450 5677408.86  2.28%     -  169s
H    0     0                    5551136.9150 5677408.86  2.27%     -  172s
     0     0 5677387.72    0 4338 5551136.91 5677387.72  2.27%     -  175s
     0     0 5677383.20    0 4323 5551136.91 5677383.20  2.27%     -  175s
     0     0 5677249.84    0 4333 5551136.91 5677249.84  2.27%     -  177s
H    0     0                    5559192.2400 5677249.84  2.12%     -  183s
H    0     0                    5563250.9850 5677249.84  2.05%     -  185s
H    0     0                    5567348.6450 5677249.84  1.97%     -  185s
     0     0 5677230.76    0 4372 5567348.64 5677230.76  1.97%     -  188s
     0     0 5677223.28    0 4391 5567348.64 5677223.28  1.97%     -  188s
     0     0 5677162.55    0 4295 5567348.64 5677162.55  1.97%     -  190s
     0     0 5677162.36    0 3904 5567348.64 5677162.36  1.97%     -  192s
H    0     0                    5568775.9500 5677162.36  1.95%     -  196s
     0     2 5677162.36    0 3878 5568775.95 5677162.36  1.95%     -  218s
     1     4 5677034.38    1 3878 5568775.95 5677141.29  1.95% 10110  220s
     7    16 5677008.10    3 4228 5568775.95 5677020.60  1.94%  2121  226s
    25    46 5676976.94    5 4204 5568775.95 5676977.27  1.94%  1044  235s
H   26    46                    5577632.6000 5676977.27  1.78%  1003  235s
    89   163 5676773.45   10 4125 5577632.60 5676977.27  1.78%   341  241s
   162   271 5676963.97   18 4187 5577632.60 5676977.27  1.78%   212  248s
   270   391 5676963.97   19 4187 5577632.60 5676977.27  1.78%   160  257s
   390   401 5676872.46   30 4194 5577632.60 5676977.27  1.78%   145  274s
   400   411 5676872.46   31 4194 5577632.60 5676977.27  1.78%   146  290s
   410   421 5676872.46   32 4193 5577632.60 5676977.27  1.78%   149  307s
   420   431 5676851.98   32 4170 5577632.60 5676977.27  1.78%   152  329s
H  427   431                    5591183.5150 5676977.27  1.53%   155  329s
   430   441 5676872.46   33 4193 5591183.51 5676977.27  1.53%   154  349s
   440   451 5676872.46   34 4193 5591183.51 5676977.27  1.53%   156  373s
   450   507 5676872.46   35 4193 5591183.51 5676977.27  1.53%   158  398s
H  451   507                    5593642.7650 5676977.27  1.49%   158  398s
   506   775 5676851.98   36 4171 5593642.76 5676977.27  1.49%   155  423s
   774  1116 5676811.61   62 4135 5593642.76 5676977.27  1.49%   159  462s
  1115  1517 5676795.70  100 4134 5593642.76 5676977.27  1.49%   176  516s
H 1516  1967                    5600301.6200 5676977.27  1.37%   196  578s
  1966  2067 5676671.14  167 4086 5600301.62 5676977.27  1.37%   200  659s
  2066  2466 5676661.74  173 4078 5600301.62 5676977.27  1.37%   205  737s
H 2199  2466                    5612098.1250 5676977.27  1.16%   201  737s
H 2465  3247                    5613288.2950 5676977.27  1.13%   192  804s
  3246  4016 5676449.91  281 4034 5613288.29 5676977.27  1.13%   186  870s
H 4015  4366                    5617703.1550 5676977.27  1.06%   181  944s
H 4071  4366                    5619289.6850 5676977.27  1.03%   179  944s
H 4212  4366                    5619367.6250 5676977.27  1.03%   178  944s
H 4245  4366                    5620230.8550 5676977.27  1.01%   178  944s
H 4365  5147                    5620329.6250 5676977.27  1.01%   177 1006s
  5146  5906 5675778.26  444 3995 5620329.62 5676977.27  1.01%   174 1062s
H 5905  6269                    5621598.2800 5676977.27  0.99%   169 1139s
H 5913  6269                    5622345.5650 5676977.27  0.97%   170 1139s
H 5930  6269                    5623987.4600 5676977.27  0.94%   170 1139s
H 6268  6474                    5626415.4150 5676977.27  0.90%   165 1228s
H 6337  6474                    5629965.2400 5676977.27  0.84%   165 1228s
  6473  7334 5675573.95  495 3991 5629965.24 5676977.27  0.84%   165 1287s
H 7333  7344                    5632827.5050 5676977.27  0.78%   161 1358s
H 7343  8153                    5632894.5450 5676977.27  0.78%   161 1414s
  8153  8154 5676351.16   97 3904 5632894.54 5676977.27  0.78%   158 1468s
  8155  8155 5674116.53  641 3099 5632894.54 5676977.27  0.78%   158 1485s
  8156  8156 5674863.91  266 3023 5632894.54 5676977.27  0.78%   158 1500s
  8158  8157 5674620.79  352 3323 5632894.54 5676977.27  0.78%   158 1510s
  8159  8158 5675963.72  141 3365 5632894.54 5676977.27  0.78%   158 1516s
  8160  8159 5676089.73  222 3468 5632894.54 5676977.27  0.78%   158 1521s
  8162  8160 5675595.29  491 3657 5632894.54 5676977.27  0.78%   158 1527s
  8164  8161 5674087.36  478 3826 5632894.54 5676977.27  0.78%   158 1532s
  8165  8162 5675108.45  497 3857 5632894.54 5676977.27  0.78%   158 1535s
  8167  8163 5675599.23  115 4019 5632894.54 5676962.84  0.78%   158 1541s
  8170  8165 5673852.42  713 4211 5632894.54 5676792.75  0.78%   158 1545s
  8173  8167 5673260.11  654 4301 5632894.54 5676788.55  0.78%   158 1552s
  8174  8168 5675665.37  320 3975 5632894.54 5675665.37  0.76%   158 1566s
  8175  8169 5675148.49  149 4022 5632894.54 5675148.49  0.75%   158 1570s
  8178  8171 5674620.60  132 4104 5632894.54 5674620.60  0.74%   157 1576s
  8181  8173 5674305.56  548 4255 5632894.54 5674305.56  0.74%   157 1581s
  8185  8175 5674193.33  634 4303 5632894.54 5674193.33  0.73%   157 1585s
  8186  8176 5674193.05  238 4315 5632894.54 5674193.05  0.73%   157 1591s
  8187  8177 5673780.53  131 4009 5632894.54 5673780.53  0.73%   157 1615s
  8188  8177 5673546.29  669 4109 5632894.54 5673546.29  0.72%   157 1620s
  8191  8179 5673192.21  149 4137 5632894.54 5673192.21  0.72%   157 1625s
  8194  8181 5673049.59  611 4294 5632894.54 5673049.59  0.71%   157 1630s
  8197  8183 5672922.19  348 4411 5632894.54 5672922.19  0.71%   157 1635s
  8201  8186 5672806.87  344 4503 5632894.54 5672806.87  0.71%   157 1640s
  8205  8189 5672797.71  193 4526 5632894.54 5672797.71  0.71%   157 1647s
  8206  8189 5672682.12  414 4134 5632894.54 5672682.12  0.71%   157 1666s
  8208  8191 5672594.45  420 4316 5632894.54 5672594.45  0.70%   157 1671s
  8210  8192 5672545.55  302 4362 5632894.54 5672545.55  0.70%   157 1675s
  8212  8193 5672507.57  518 4530 5632894.54 5672507.57  0.70%   157 1682s
  8214  8195 5672466.15  150 4591 5632894.54 5672466.15  0.70%   157 1685s
  8218  8197 5672432.34  270 4493 5632894.54 5672432.34  0.70%   157 1690s
  8219  8198 5672431.54  128 4548 5632894.54 5672431.54  0.70%   157 1695s
  8220  8199 5672317.93  535 4221 5632894.54 5672317.93  0.70%   157 1723s
  8221  8199 5672294.48  496 4402 5632894.54 5672294.48  0.70%   157 1725s
  8224  8201 5672222.64  328 4442 5632894.54 5672222.64  0.70%   157 1730s
  8226  8203 5672185.50  736 4468 5632894.54 5672185.50  0.70%   157 1736s
  8229  8205 5672164.99  590 4510 5632894.54 5672164.99  0.70%   157 1740s
  8233  8207 5672150.10  194 4552 5632894.54 5672150.10  0.70%   156 1749s
  8234  8208 5672073.57  632 4132 5632894.54 5672073.57  0.70%   156 1780s
  8236  8209 5672054.36  474 4373 5632894.54 5672054.36  0.70%   156 1787s
  8237  8210 5672037.49  550 4399 5632894.54 5672037.49  0.69%   156 1790s
  8240  8212 5671981.66  107 4511 5632894.54 5671981.66  0.69%   156 1796s
  8243  8214 5671969.16  668 4555 5632894.54 5671969.16  0.69%   156 1804s
  8244  8215 5671926.94  293 4154 5632894.54 5671926.94  0.69%   156 1831s
  8246  8216 5671914.32  514 4379 5632894.54 5671914.32  0.69%   156 1836s
  8248  8217 5671893.40  266 4451 5632894.54 5671893.40  0.69%   156 1840s
  8251  8219 5671879.28  645 4528 5632894.54 5671879.28  0.69%   156 1845s
  8253  8221 5671877.48   97 4571 5632894.54 5671877.48  0.69%   156 1852s
  8254  8221 5671840.53  384 4257 5632894.54 5671840.53  0.69%   156 1875s
  8258  8224 5671830.76  352 4492 5632894.54 5671830.76  0.69%   156 1880s
  8262  8227 5671809.36  491 4580 5632894.54 5671809.36  0.69%   156 1885s
  8263  8227 5671808.93  447 4583 5632894.54 5671808.93  0.69%   156 1890s
  8264  8228 5671789.76  478 4221 5632894.54 5671789.76  0.69%   156 1962s
  8266  8229 5671779.43  129 4473 5632894.54 5671779.43  0.69%   156 1965s
  8270  8232 5671769.57  713 4618 5632894.54 5671769.57  0.69%   156 1974s
  8271  8233 5671753.13  261 4362 5632894.54 5671753.13  0.69%   156 1994s
  8272  8233 5671749.52  805 4507 5632894.54 5671749.52  0.69%   156 1995s
  8276  8236 5671740.87  501 4662 5632894.54 5671740.87  0.69%   156 2003s
H 8276  7822                    5633677.6700 5671726.63  0.68%   156 2018s
H 8276  7428                    5633837.6700 5671726.63  0.67%   156 2024s
  8277  7429 5671726.63  453 4430 5633837.67 5671726.63  0.67%   156 2029s
H 8277  7056                    5634513.8300 5671726.24  0.66%   156 2030s
H 8277  6701                    5634678.5200 5671726.24  0.66%   156 2034s
H 8278  6364                    5634838.5200 5671714.92  0.65%   156 2049s
  8279  6365 5671714.92  667 4334 5634838.52 5671714.92  0.65%   156 2069s
  8280  6366 5671712.82   98 4511 5634838.52 5671712.82  0.65%   156 2070s
  8285  6369 5671700.98  634 4623 5634838.52 5671700.98  0.65%   155 2079s
  8286  6370 5671693.13  238 4399 5634838.52 5671693.13  0.65%   155 2093s
  8288  6371 5671689.37  669 4589 5634838.52 5671689.37  0.65%   155 2095s
  8289  6372 5671688.79  211 4692 5634838.52 5671688.79  0.65%   155 2101s
  8290  6372 5671684.25  614 4448 5634838.52 5671684.25  0.65%   155 2116s
  8294  6375 5671676.13  611 4703 5634838.52 5671676.13  0.65%   155 2120s
  8295  6376 5671675.84  531 4733 5634838.52 5671675.84  0.65%   155 2125s
  8296  6376 5671667.44  190 4392 5634838.52 5671667.44  0.65%   155 2150s
  8299  6378 5671663.11  186 4659 5634838.52 5671663.11  0.65%   155 2169s
  8300  6379 5671349.37  370 4484 5634838.52 5671349.37  0.65%   155 2199s
  8301  6380 5671315.22  344 4595 5634838.52 5671315.22  0.65%   155 2201s
  8304  6382 5671284.99  747 4782 5634838.52 5671284.99  0.65%   155 2206s
  8308  6384 5671274.62  420 4882 5634838.52 5671274.62  0.65%   155 2210s
  8309  6385 5671274.25   87 4911 5634838.52 5671274.25  0.65%   155 2224s
  8310  6386 5671114.68  302 4602 5634838.52 5671114.68  0.64%   155 2242s
  8312  6387 5671086.55  518 4760 5634838.52 5671086.55  0.64%   155 2246s
  8315  6389 5671067.76   17 4791 5634838.52 5671067.76  0.64%   155 2250s
  8319  6392 5671062.43  128 4939 5634838.52 5671062.43  0.64%   155 2258s
  8320  6392 5671010.51  535 4519 5634838.52 5671010.51  0.64%   155 2308s
  8322  6394 5671003.23   49 4790 5634838.52 5671003.23  0.64%   155 2310s
  8326  6396 5670993.95  736 4910 5634838.52 5670993.95  0.64%   155 2318s
  8327  6397 5670980.77   26 4616 5634838.52 5670980.77  0.64%   155 2334s
  8328  6398 5670979.17  467 4757 5634838.52 5670979.17  0.64%   155 2335s
  8332  6400 5670972.79  296 4921 5634838.52 5670972.79  0.64%   155 2342s
  8333  6401 5670957.07  194 4664 5634838.52 5670957.07  0.64%   155 2359s
  8334  6402 5670956.80  632 4804 5634838.52 5670956.80  0.64%   155 2363s

Cutting planes:
  Gomory: 141
  Cover: 22
  Clique: 2556
  MIR: 185
  Mixing: 5
  Flow cover: 536
  GUB cover: 25
  Zero half: 696
  Relax-and-lift: 61
  BQP: 2

Explored 8334 nodes (1955774 simplex iterations) in 2371.02 seconds (2064.72 work units)
Thread count was 12 (of 12 available processors)

Solution count 10: 5.63484e+06 5.63468e+06 5.63451e+06 ... 5.62399e+06

Time limit reached
Best objective 5.634838520000e+06, best bound 5.670953282069e+06, gap 0.6409%
