
Gurobi 12.0.1 (win64) logging started Mon Mar 16 02:38:22 2026

Set parameter LogFile to value "logs\full_H_65_restricted_subset15_5it_w_max_cap200_seed42_CG.log"
Gurobi Optimizer version 12.0.1 build v12.0.1rc0 (win64 - Windows 11.0 (26100.2))

CPU model: 13th Gen Intel(R) Core(TM) i7-1355U, instruction set [SSE2|AVX|AVX2]
Thread count: 10 physical cores, 12 logical processors, using up to 12 threads

Non-default parameters:
TimeLimit  3.0397867615222931e+03
FeasibilityTol  1e-09
MIPGap  0.005

Optimize a model with 10668 rows, 150879 columns and 1222428 nonzeros
Model fingerprint: 0x0f41b289
Variable types: 0 continuous, 150879 integer (150709 binary)
Coefficient statistics:
  Matrix range     [4e-01, 1e+02]
  Objective range  [1e-02, 2e+05]
  Bounds range     [1e+00, 3e+00]
  RHS range        [1e+00, 3e+00]
Presolve removed 1199 rows and 13532 columns
Presolve time: 3.95s
Presolved: 9469 rows, 137347 columns, 1103872 nonzeros
Variable types: 0 continuous, 137347 integer (137339 binary)
Found heuristic solution: objective -3080832.150
Found heuristic solution: objective -2778336.865
Deterministic concurrent LP optimizer: primal simplex, dual simplex, and barrier
Showing barrier log only...

Root barrier log...

Ordering time: 0.06s

Barrier statistics:
 AA' NZ     : 1.941e+05
 Factor NZ  : 3.170e+05 (roughly 60 MB of memory)
 Factor Ops : 1.223e+07 (less than 1 second per iteration)
 Threads    : 8

                  Objective                Residual
Iter       Primal          Dual         Primal    Dual     Compl     Time
   0   8.10153691e+09  9.49846983e+06  9.27e+04 2.48e+03  5.26e+04     5s
   1   2.81194273e+09  2.55395259e+07  3.22e+04 1.30e+03  1.87e+04     5s
   2   5.48191680e+08  3.41356351e+07  6.23e+03 6.73e+02  3.82e+03     5s
   3   1.88479041e+08  3.21593524e+07  2.11e+03 1.81e+02  1.32e+03     5s
   4   9.73588642e+07  2.67014263e+07  1.07e+03 8.92e+01  6.77e+02     5s
   5   4.80421455e+07  2.18197642e+07  5.06e+02 3.77e+01  3.29e+02     5s
   6   2.79906902e+07  1.66038072e+07  2.75e+02 1.65e+01  1.72e+02     5s
   7   1.05784600e+07  1.28655985e+07  7.35e+01 7.28e+00  5.89e+01     5s
   8   7.46980072e+06  1.03292103e+07  3.72e+01 3.90e+00  3.25e+01     5s
   9   5.64271599e+06  7.97297756e+06  1.50e+01 2.27e+00  1.57e+01     5s
  10   5.32678145e+06  7.26199372e+06  1.08e+01 1.60e+00  1.19e+01     6s
  11   5.06640179e+06  6.15184360e+06  6.86e+00 1.03e+00  6.66e+00     6s
  12   5.01816869e+06  5.81415672e+06  6.04e+00 7.51e-01  5.19e+00     6s
  13   4.94052778e+06  5.55021707e+06  4.32e+00 5.41e-01  3.80e+00     6s
  14   4.90128182e+06  5.30871265e+06  3.18e+00 3.66e-01  2.62e+00     6s
  15   4.87807169e+06  5.17663809e+06  2.42e+00 2.62e-01  1.94e+00     6s
  16   4.87125466e+06  5.11306455e+06  2.11e+00 2.18e-01  1.62e+00     6s
  17   4.86610458e+06  5.04404364e+06  1.52e+00 1.62e-01  1.19e+00     6s
  18   4.86169125e+06  4.99693604e+06  1.16e+00 1.22e-01  9.13e-01     6s
  19   4.86125982e+06  4.96358015e+06  7.57e-01 9.10e-02  6.77e-01     6s
  20   4.86422361e+06  4.93545221e+06  5.69e-01 6.35e-02  4.90e-01     6s
  21   4.86982799e+06  4.91889796e+06  3.86e-01 4.18e-02  3.34e-01     6s
  22   4.87473325e+06  4.91160929e+06  2.79e-01 3.23e-02  2.46e-01     6s
  23   4.87957976e+06  4.90209079e+06  1.88e-01 1.75e-02  1.58e-01     6s
  24   4.88334590e+06  4.89813196e+06  1.34e-01 1.02e-02  1.08e-01     7s
  25   4.88636595e+06  4.89628518e+06  8.91e-02 5.85e-03  7.18e-02     7s
  26   4.88806693e+06  4.89553253e+06  6.53e-02 4.44e-03  5.33e-02     7s
  27   4.88899387e+06  4.89505600e+06  5.26e-02 3.52e-03  4.31e-02     7s
  28   4.89038326e+06  4.89448961e+06  3.46e-02 2.40e-03  2.88e-02     7s
  29   4.89129808e+06  4.89409502e+06  2.32e-02 1.61e-03  1.94e-02     7s
  30   4.89176993e+06  4.89386840e+06  1.73e-02 1.15e-03  1.46e-02     7s
  31   4.89235598e+06  4.89369102e+06  1.03e-02 7.91e-04  8.98e-03     7s
  32   4.89278780e+06  4.89355086e+06  5.30e-03 5.08e-04  4.89e-03     7s
  33   4.89304368e+06  4.89344453e+06  2.52e-03 2.77e-04  2.46e-03     7s
  34   4.89318974e+06  4.89337375e+06  1.05e-03 1.34e-04  1.09e-03     7s
  35   4.89326351e+06  4.89334398e+06  3.40e-04 7.70e-05  4.26e-04     7s
  36   4.89328403e+06  4.89331781e+06  1.51e-04 2.80e-05  1.82e-04     7s
  37   4.89329536e+06  4.89331001e+06  5.18e-05 1.37e-05  7.35e-05     7s
  38   4.89329805e+06  4.89330497e+06  3.12e-05 4.44e-06  3.74e-05     7s
  39   4.89330073e+06  4.89330328e+06  1.22e-05 1.36e-06  1.41e-05     7s
  40   4.89330234e+06  4.89330256e+06  5.78e-07 1.07e-07  1.02e-06     7s
  41   4.89330248e+06  4.89330249e+06  2.05e-08 4.23e-09  3.71e-08     7s
  42   4.89330249e+06  4.89330249e+06  5.01e-11 6.99e-12  6.14e-11     7s

Barrier solved model in 42 iterations and 7.31 seconds (7.93 work units)
Optimal objective 4.89330249e+06


Root crossover log...

    1662 DPushes remaining with DInf 0.0000000e+00                 7s
       0 DPushes remaining with DInf 0.0000000e+00                 8s

   10815 PPushes remaining with PInf 5.1266864e-08                 8s
       0 PPushes remaining with PInf 0.0000000e+00                 8s

  Push phase complete: Pinf 0.0000000e+00, Dinf 8.2018508e-10      8s


Root simplex log...

Iteration    Objective       Primal Inf.    Dual Inf.      Time
   12329    4.8933025e+06   0.000000e+00   0.000000e+00      8s
Concurrent spin time: 1.49s (can be avoided by choosing Method=3)

Solved with barrier

Root relaxation: objective 4.893302e+06, 12329 iterations, 4.88 seconds (2.62 work units)
Total elapsed time = 10.23s (DegenMoves)

    Nodes    |    Current Node    |     Objective Bounds      |     Work
 Expl Unexpl |  Obj  Depth IntInf | Incumbent    BestBd   Gap | It/Node Time

     0     0 4893302.49    0 3274 -2778336.9 4893302.49   276%     -   10s
H    0     0                    3298045.0850 4893302.49  48.4%     -   10s
H    0     0                    3583808.7050 4893302.49  36.5%     -   10s
H    0     0                    3900455.5950 4893302.49  25.5%     -   10s
H    0     0                    3969898.6150 4893302.49  23.3%     -   10s
H    0     0                    4022291.4750 4893302.49  21.7%     -   10s
H    0     0                    4037632.0350 4893302.49  21.2%     -   10s
H    0     0                    4058551.8150 4893302.49  20.6%     -   11s
H    0     0                    4074256.7350 4893302.49  20.1%     -   11s
H    0     0                    4112127.4200 4893302.49  19.0%     -   11s
H    0     0                    4116476.7300 4893302.49  18.9%     -   11s
H    0     0                    4117483.2500 4893302.49  18.8%     -   11s
H    0     0                    4539875.1450 4893302.49  7.78%     -   12s
H    0     0                    4593792.3100 4893302.49  6.52%     -   13s
H    0     0                    4596786.8950 4893302.49  6.45%     -   14s
H    0     0                    4598085.8100 4893302.49  6.42%     -   14s
H    0     0                    4599332.3950 4893302.49  6.39%     -   14s
H    0     0                    4604731.9950 4893302.49  6.27%     -   15s
H    0     0                    4606811.9950 4893302.49  6.22%     -   16s
H    0     0                    4607881.0150 4893302.49  6.19%     -   17s
     0     0 4885894.04    0 3621 4607881.01 4885894.04  6.03%     -   24s
H    0     0                    4635562.0900 4885875.84  5.40%     -   26s
H    0     0                    4647134.4400 4885875.84  5.14%     -   28s
H    0     0                    4650603.0400 4885875.84  5.06%     -   28s
H    0     0                    4652763.4800 4885875.84  5.01%     -   28s
H    0     0                    4654036.8100 4885875.84  4.98%     -   28s
H    0     0                    4659068.5550 4885875.84  4.87%     -   28s
H    0     0                    4660400.2000 4885875.84  4.84%     -   29s
H    0     0                    4665763.3500 4885875.84  4.72%     -   31s
H    0     0                    4666441.3950 4885875.84  4.70%     -   31s
H    0     0                    4667905.8650 4885875.84  4.67%     -   31s
H    0     0                    4668339.5550 4885875.84  4.66%     -   33s
H    0     0                    4690015.7300 4885875.84  4.18%     -   34s
     0     0 4882799.96    0 3731 4690015.73 4882799.96  4.11%     -   36s
     0     0 4882085.87    0 3668 4690015.73 4882085.87  4.10%     -   39s
     0     0 4881721.62    0 3774 4690015.73 4881721.62  4.09%     -   42s
     0     0 4881693.79    0 3828 4690015.73 4881693.79  4.09%     -   43s
     0     0 4881693.48    0 3835 4690015.73 4881693.48  4.09%     -   43s
     0     0 4879032.43    0 3862 4690015.73 4879032.43  4.03%     -   48s
H    0     0                    4694443.2000 4879032.43  3.93%     -   49s
H    0     0                    4695219.4000 4879032.43  3.91%     -   50s
     0     0 4877702.20    0 3925 4695219.40 4877702.20  3.89%     -   53s
     0     0 4877369.62    0 3942 4695219.40 4877369.62  3.88%     -   55s
     0     0 4877262.14    0 4049 4695219.40 4877262.14  3.88%     -   56s
     0     0 4877031.35    0 4068 4695219.40 4877031.35  3.87%     -   57s
     0     0 4876958.61    0 4085 4695219.40 4876958.61  3.87%     -   58s
     0     0 4876947.59    0 4062 4695219.40 4876947.59  3.87%     -   59s
     0     0 4876946.32    0 4084 4695219.40 4876946.32  3.87%     -   59s
     0     0 4875724.34    0 4071 4695219.40 4875724.34  3.84%     -   63s
H    0     0                    4695675.3450 4875723.98  3.83%     -   64s
     0     0 4875088.63    0 3997 4695675.34 4875088.63  3.82%     -   85s
     0     0 4874760.92    0 4097 4695675.34 4874760.92  3.81%     -   87s
     0     0 4874697.89    0 4164 4695675.34 4874697.89  3.81%     -   89s
     0     0 4874506.56    0 4280 4695675.34 4874506.56  3.81%     -   91s
     0     0 4874419.67    0 4311 4695675.34 4874419.67  3.81%     -   92s
     0     0 4874398.98    0 4340 4695675.34 4874398.98  3.81%     -   94s
     0     0 4874390.43    0 4392 4695675.34 4874390.43  3.81%     -   95s
     0     0 4874387.77    0 4429 4695675.34 4874387.77  3.81%     -   96s
     0     0 4873670.87    0 4339 4695675.34 4873670.87  3.79%     -  100s
     0     0 4873525.58    0 4377 4695675.34 4873525.58  3.79%     -  106s
     0     0 4873462.01    0 4408 4695675.34 4873462.01  3.79%     -  108s
     0     0 4873443.39    0 4515 4695675.34 4873443.39  3.79%     -  109s
     0     0 4873439.06    0 4507 4695675.34 4873439.06  3.79%     -  110s
     0     0 4873088.53    0 4446 4695675.34 4873088.53  3.78%     -  113s
     0     0 4872993.16    0 4530 4695675.34 4872993.16  3.78%     -  122s
     0     0 4872927.56    0 4638 4695675.34 4872927.56  3.77%     -  123s
     0     0 4872918.01    0 4709 4695675.34 4872918.01  3.77%     -  124s
     0     0 4872669.65    0 4582 4695675.34 4872669.65  3.77%     -  127s
     0     0 4872590.98    0 4629 4695675.34 4872590.98  3.77%     -  136s
     0     0 4872566.33    0 4712 4695675.34 4872566.33  3.77%     -  138s
     0     0 4872561.98    0 4777 4695675.34 4872561.98  3.77%     -  138s
     0     0 4872356.91    0 4688 4695675.34 4872356.91  3.76%     -  141s
     0     0 4872308.29    0 4717 4695675.34 4872308.29  3.76%     -  150s
     0     0 4872298.50    0 4812 4695675.34 4872298.50  3.76%     -  151s
     0     0 4872201.69    0 4686 4695675.34 4872201.69  3.76%     -  154s
     0     0 4872179.66    0 4822 4695675.34 4872179.66  3.76%     -  164s
     0     0 4872171.21    0 4857 4695675.34 4872171.21  3.76%     -  165s
     0     0 4872050.09    0 4776 4695675.34 4872050.09  3.76%     -  168s
     0     0 4872031.85    0 4850 4695675.34 4872031.85  3.76%     -  185s
     0     0 4872028.63    0 4921 4695675.34 4872028.63  3.76%     -  185s
     0     0 4871926.55    0 4828 4695675.34 4871926.55  3.75%     -  188s
     0     0 4871925.65    0 4463 4695675.34 4871925.65  3.75%     -  191s
H    0     0                    4697875.7500 4871925.65  3.70%     -  220s
H    0     0                    4706735.0750 4871925.65  3.51%     -  220s
H    0     0                    4712010.1550 4871925.65  3.39%     -  220s
H    0     0                    4713804.0550 4871925.65  3.35%     -  220s
H    0     0                    4713890.2050 4871925.65  3.35%     -  221s
H    0     0                    4715789.0150 4871925.65  3.31%     -  221s
H    0     0                    4721589.7500 4871925.65  3.18%     -  222s
H    0     0                    4722118.3500 4871925.65  3.17%     -  222s
H    0     0                    4723969.8200 4871925.65  3.13%     -  223s
H    0     0                    4724752.8150 4871925.65  3.11%     -  223s
H    0     0                    4724813.6400 4871925.65  3.11%     -  223s
H    0     0                    4725529.8150 4871925.65  3.10%     -  223s
H    0     0                    4727478.2600 4871925.65  3.06%     -  223s
H    0     0                    4727558.2600 4871925.65  3.05%     -  223s
H    0     0                    4731603.6700 4871925.65  2.97%     -  224s
     0     2 4871925.65    0 4440 4731603.67 4871925.65  2.97%     -  235s
     1     4 4869596.94    1 4383 4731603.67 4871924.73  2.97%  7160  241s
     3     8 4869589.14    2 4468 4731603.67 4871129.37  2.95%  3889  246s
     7    16 4869566.68    3 4692 4731603.67 4871009.29  2.95%  2644  253s
    15    26 4869562.21    4 4759 4731603.67 4870985.13  2.95%  2055  260s
    25    49 4869558.42    5 4752 4731603.67 4870977.38  2.95%  1646  275s
H   29    49                    4744622.6800 4870977.02  2.66%  1469  275s
H   31    49                    4752029.6700 4870977.02  2.50%  1380  275s
    48    85 4869544.73    6 4682 4752029.67 4870977.02  2.50%   960  286s
    84    95 4869544.73    8 4662 4752029.67 4870977.02  2.50%   703  298s
    94   105 4869551.02    9 4737 4752029.67 4870977.02  2.50%   699  320s
H  104   116                    4753712.2100 4870977.02  2.47%   682  328s
H  106   116                    4755416.1700 4870977.02  2.43%   669  328s
   115   160 4869520.70   10 4724 4755416.17 4870977.02  2.43%   652  340s
H  119   160                    4755597.6850 4870977.02  2.43%   631  340s
   159   200 4869509.02   14 4692 4755597.68 4870977.02  2.43%   577  361s
   199   285 4869488.69   15 4690 4755597.68 4870977.02  2.43%   648  384s
   284   295 4869466.60   19 4657 4755597.68 4870977.02  2.43%   578  427s
   294   305 4869486.08   20 4692 4755597.68 4870977.02  2.43%   578  473s
   304   315 4869472.24   20 4675 4755597.68 4870977.02  2.43%   576  541s
H  305   315                    4778051.6244 4870977.02  1.94%   574  541s
H  314   636                    4780940.3544 4870977.02  1.88%   566  594s
H  635   819                    4781516.5544 4870977.02  1.87%   396  666s
H  651   819                    4795709.3947 4870977.02  1.57%   400  666s
H  665   819                    4797178.9000 4870977.02  1.54%   402  666s
   818  1299 4869332.18   42 4657 4797178.90 4870977.02  1.54%   406  743s
  1298  1822 4869229.78   76 4593 4797178.90 4870977.02  1.54%   367  832s
H 1821  2360                    4800633.0650 4870977.02  1.47%   345  939s
  2359  2981 4869103.50  156 4602 4800633.06 4870977.02  1.47%   326 1025s
H 2980  3101                    4801449.7100 4870977.02  1.45%   306 1164s
H 3064  3101                    4801598.3300 4870977.02  1.44%   305 1164s
H 3100  3586                    4805359.7750 4870977.02  1.37%   306 1271s
H 3189  3586                    4806899.6800 4870977.02  1.33%   303 1271s
H 3329  3586                    4807176.2750 4870977.02  1.33%   301 1271s
H 3443  3586                    4808907.4098 4870977.02  1.29%   297 1271s
H 3585  4295                    4809187.4098 4870977.02  1.28%   294 1353s
  4294  4921 4868051.87  298 4443 4809187.41 4870977.02  1.28%   276 1430s
  4920  5493 4867948.82  338 4408 4809187.41 4870977.02  1.28%   267 1527s
H 5167  5493                    4809572.5300 4870977.02  1.28%   263 1527s
H 5492  6321                    4809612.5300 4870977.02  1.28%   259 1602s
  6320  7020 4867727.06  406 4337 4809612.53 4870977.02  1.28%   243 1669s
H 7019  7478                    4810014.3800 4870977.02  1.27%   233 1770s
H 7087  7478                    4810107.8100 4870977.02  1.27%   232 1770s
H 7119  7478                    4810153.2800 4870977.02  1.26%   232 1770s
H 7155  7478                    4810298.0900 4870977.02  1.26%   232 1770s
H 7195  7478                    4811075.4050 4870977.02  1.25%   231 1770s
H 7381  7478                    4811334.6450 4870977.02  1.24%   229 1770s
H 7477  7884                    4815227.9300 4870977.02  1.16%   228 1897s
H 7831  7884                    4815668.4250 4870977.02  1.15%   225 1898s
  7883  8509 4867341.28  553 4250 4815668.42 4870977.02  1.15%   224 1962s
  8509  8510 4867129.43  467 4463 4815668.42 4870977.02  1.15%   219 2022s
  8511  8511 4869886.17  231 3318 4815668.42 4870977.02  1.15%   219 2039s
  8512  8512 4869447.66  275 3295 4815668.42 4870977.02  1.15%   219 2056s
  8513  8513 4869092.90  150 3540 4815668.42 4870977.02  1.15%   219 2060s
  8514  8513 4868616.69  715 3718 4815668.42 4870977.02  1.15%   219 2066s
  8515  8514 4869317.46  303 3762 4815668.42 4870977.02  1.15%   219 2072s
  8516  8515 4869298.19   52 3813 4815668.42 4870977.02  1.15%   219 2078s
  8517  8515 4864855.22  526 3902 4815668.42 4870977.02  1.15%   219 2084s
  8518  8516 4868548.29  714 4002 4815668.42 4870977.02  1.15%   219 2088s
  8519  8517 4869542.31  122 3944 4815668.42 4870977.02  1.15%   219 2091s
  8520  8517 4866431.52  325 4061 4815668.42 4870977.02  1.15%   219 2095s
  8521  8518 4869714.88  291 4158 4815668.42 4870977.02  1.15%   219 2100s
  8522  8519 4868932.42  571 4216 4815668.42 4870977.02  1.15%   219 2105s
  8524  8520 4869174.57  268 4360 4815668.42 4870977.02  1.15%   219 2113s
  8525  8521 4866079.11  375 4498 4815668.42 4870977.02  1.15%   219 2117s
  8526  8521 4866062.10  250 4529 4815668.42 4870977.02  1.15%   219 2120s
  8528  8523 4868675.28  115 4680 4815668.42 4870977.02  1.15%   219 2125s
  8530  8524 4865137.61  358 4744 4815668.42 4870977.02  1.15%   218 2134s
  8531  8525 4866891.41  219 4355 4815668.42 4870733.06  1.14%   218 2151s
  8532  8525 4870416.10  102 4398 4815668.42 4870530.94  1.14%   218 2155s
  8534  8527 4868395.99  801 4494 4815668.42 4870074.41  1.13%   218 2164s
  8535  8527 4869930.90   23 4480 4815668.42 4869930.90  1.13%   218 2168s
  8536  8528 4868971.50  227 4422 4815668.42 4869834.38  1.12%   218 2172s
  8537  8529 4867088.50  186 4522 4815668.42 4869782.05  1.12%   218 2176s
  8539  8530 4869739.90   52 4564 4815668.42 4869739.90  1.12%   218 2181s
  8541  8531 4866919.60  222 4577 4815668.42 4869482.67  1.12%   218 2186s
  8543  8533 4868717.37  453 4529 4815668.42 4869367.46  1.12%   218 2192s
  8544  8533 4867496.29  291 4482 4815668.42 4869288.01  1.11%   218 2195s
  8546  8535 4869231.73  133 4596 4815668.42 4869231.73  1.11%   218 2201s
  8547  8535 4869204.02  220 4612 4815668.42 4869204.02  1.11%   218 2205s
  8550  8537 4869181.49  153 4676 4815668.42 4869181.49  1.11%   218 2211s
  8552  8539 4868511.47  579 4697 4815668.42 4869176.06  1.11%   218 2220s
  8553  8539 4866813.80  645 4369 4815668.42 4868921.91  1.11%   218 2253s
  8554  8540 4868819.80  527 4432 4815668.42 4868819.80  1.10%   218 2257s
  8555  8541 4868717.76  231 4431 4815668.42 4868717.76  1.10%   218 2261s
  8556  8541 4868636.98  343 4422 4815668.42 4868636.98  1.10%   218 2266s
  8557  8542 4866583.24  251 4386 4815668.42 4868562.23  1.10%   218 2272s
  8558  8543 4865995.09  424 4537 4815668.42 4868545.37  1.10%   218 2275s
  8560  8544 4868500.79  142 4564 4815668.42 4868500.79  1.10%   218 2280s
  8563  8546 4868433.78  488 4587 4815668.42 4868433.78  1.10%   218 2287s
  8564  8547 4866344.61  784 4588 4815668.42 4868421.97  1.10%   218 2290s
  8565  8547 4868379.73   83 4653 4815668.42 4868379.73  1.09%   218 2295s
  8566  8548 4867663.47  252 4586 4815668.42 4868325.47  1.09%   218 2300s
  8568  8549 4865843.78  500 4651 4815668.42 4868286.00  1.09%   217 2307s
  8570  8551 4866830.50  164 4687 4815668.42 4868262.07  1.09%   217 2312s
  8572  8552 4868234.58  371 4705 4815668.42 4868234.58  1.09%   217 2315s
  8574  8553 4867331.95  221 4766 4815668.42 4868222.00  1.09%   217 2323s
H 8574  8124                    4815845.1650 4868154.60  1.09%   217 2340s
H 8574  7716                    4815858.9400 4868154.54  1.09%   217 2344s
H 8574  7329                    4817092.7800 4868154.54  1.06%   217 2353s
H 8574  6962                    4817432.8050 4868154.54  1.05%   217 2364s
H 8574  6613                    4817526.4650 4868154.54  1.05%   217 2365s
  8575  6614 4868154.54  340 4370 4817526.46 4868154.54  1.05%   217 2370s
  8577  6615 4868093.02  132 4469 4817526.46 4868093.02  1.05%   217 2375s
  8579  6617 4868061.73  328 4604 4817526.46 4868061.73  1.05%   217 2381s
  8581  6618 4868048.60  427 4697 4817526.46 4868048.60  1.05%   217 2385s
  8583  6619 4868003.91  701 4729 4817526.46 4868003.91  1.05%   217 2390s
  8585  6621 4867984.64  256 4748 4817526.46 4867984.64  1.05%   217 2396s
  8587  6622 4867937.34   49 4726 4817526.46 4867937.34  1.05%   217 2403s
  8588  6623 4865494.19  342 4748 4817526.46 4867931.77  1.05%   217 2407s
  8589  6623 4867929.90  558 4780 4817526.46 4867929.90  1.05%   217 2415s
  8590  6624 4867899.24  110 4508 4817526.46 4867899.24  1.05%   217 2477s
H 8590  6291                    4817935.7250 4867896.19  1.04%   217 2480s
  8591  6292 4867896.19  479 4575 4817935.72 4867896.19  1.04%   217 2485s
  8592  6292 4867861.17   19 4454 4817935.72 4867861.17  1.04%   217 2524s
  8593  6293 4867855.69  209 4593 4817935.72 4867855.69  1.04%   217 2526s
  8594  6294 4867841.58  339 4678 4817935.72 4867841.58  1.04%   217 2532s
  8595  6294 4867837.17   20 4744 4817935.72 4867837.17  1.04%   217 2542s
  8596  6295 4867811.14  151 4527 4817935.72 4867811.14  1.04%   217 2591s
H 8596  5979                    4817985.1100 4867809.38  1.03%   217 2597s
H 8596  5678                    4818171.1850 4867809.38  1.03%   217 2597s
  8597  5679 4867809.38  655 4692 4818171.18 4867809.38  1.03%   217 2604s
  8598  5679 4866769.29  259 4567 4818171.18 4867802.26  1.03%   217 2629s
  8599  5680 4867799.98  225 4706 4818171.18 4867799.98  1.03%   217 2638s
  8600  5681 4864828.20  544 4566 4818171.18 4867788.23  1.03%   217 2658s
  8601  5681 4867783.36   41 4660 4818171.18 4867783.36  1.03%   217 2660s
H 8602  5397                    4818503.6550 4867767.95  1.02%   217 2664s
H 8602  5125                    4818922.1400 4867767.95  1.01%   217 2664s
  8603  5126 4867767.95  632 4769 4818922.14 4867767.95  1.01%   217 2665s
H 8603  4868                    4819847.6500 4867761.72  0.99%   217 2667s
  8606  4870 4867753.73  788 4769 4819847.65 4867753.73  0.99%   217 2677s
  8607  4870 4867738.87  339 4583 4819847.65 4867738.87  0.99%   216 2716s
  8608  4871 4867738.87  330 4723 4819847.65 4867738.87  0.99%   216 2724s
  8609  4872 4867129.43  467 4669 4819847.65 4867689.01  0.99%   216 2780s
  8611  4873 4867665.63  231 4741 4819847.65 4867665.63  0.99%   216 2785s
  8613  4874 4867643.39  150 4876 4819847.65 4867643.39  0.99%   216 2792s
  8614  4875 4867639.24  715 4880 4819847.65 4867639.24  0.99%   216 2799s
  8615  4876 4867601.43  303 4637 4819847.65 4867601.43  0.99%   216 2824s
  8616  4876 4867600.70   52 4802 4819847.65 4867600.70  0.99%   216 2834s
  8617  4877 4864855.22  526 4640 4819847.65 4867578.59  0.99%   216 2859s
  8618  4878 4867578.37  714 4781 4819847.65 4867578.37  0.99%   216 2867s
  8619  4878 4867566.94  122 4601 4819847.65 4867566.94  0.99%   216 2882s
  8620  4879 4866431.52  325 4537 4819847.65 4867566.70  0.99%   216 2886s

Cutting planes:
  Gomory: 161
  Cover: 9
  Clique: 1953
  MIR: 117
  Mixing: 1
  Flow cover: 468
  GUB cover: 7
  Zero half: 533
  Relax-and-lift: 26

Explored 8620 nodes (2340071 simplex iterations) in 3039.95 seconds (2666.61 work units)
Thread count was 12 (of 12 available processors)

Solution count 10: 4.81985e+06 4.81892e+06 4.8185e+06 ... 4.81586e+06

Time limit reached
Best objective 4.819847650000e+06, best bound 4.867566697896e+06, gap 0.9901%

Gurobi 12.0.1 (win64) logging started Mon Mar 16 20:23:07 2026

Set parameter LogFile to value "logs\full_H_65_restricted_subset15_5it_w_max_cap200_seed42_CG.log"
Gurobi Optimizer version 12.0.1 build v12.0.1rc0 (win64 - Windows 11.0 (26100.2))

CPU model: 13th Gen Intel(R) Core(TM) i7-1355U, instruction set [SSE2|AVX|AVX2]
Thread count: 10 physical cores, 12 logical processors, using up to 12 threads

Non-default parameters:
TimeLimit  3.0433950452804565e+03
FeasibilityTol  1e-09
MIPGap  0.005

Optimize a model with 10668 rows, 149800 columns and 1210217 nonzeros
Model fingerprint: 0x7552f0bc
Variable types: 0 continuous, 149800 integer (149630 binary)
Coefficient statistics:
  Matrix range     [4e-01, 1e+02]
  Objective range  [1e-02, 2e+05]
  Bounds range     [1e+00, 3e+00]
  RHS range        [1e+00, 3e+00]
Presolve removed 1191 rows and 13068 columns
Presolve time: 3.19s
Presolved: 9477 rows, 136732 columns, 1097634 nonzeros
Variable types: 0 continuous, 136732 integer (136725 binary)
Found heuristic solution: objective -3059946.555
Found heuristic solution: objective -2786688.915
Deterministic concurrent LP optimizer: primal simplex, dual simplex, and barrier
Showing barrier log only...

Root barrier log...

Ordering time: 0.08s

Barrier statistics:
 AA' NZ     : 1.946e+05
 Factor NZ  : 3.181e+05 (roughly 60 MB of memory)
 Factor Ops : 1.237e+07 (less than 1 second per iteration)
 Threads    : 8

                  Objective                Residual
Iter       Primal          Dual         Primal    Dual     Compl     Time
   0   7.89108222e+09  8.37808127e+06  9.00e+04 2.54e+03  4.79e+04     4s
   1   2.72268531e+09  2.39187765e+07  3.11e+04 1.27e+03  1.69e+04     4s
   2   5.76391709e+08  3.26760653e+07  6.54e+03 5.46e+02  3.73e+03     5s
   3   1.96227028e+08  3.06426530e+07  2.19e+03 1.49e+02  1.28e+03     5s
   4   9.17773590e+07  2.52837725e+07  1.00e+03 6.12e+01  5.96e+02     5s
   5   4.44789730e+07  1.96822505e+07  4.63e+02 2.35e+01  2.79e+02     5s
   6   1.82300981e+07  1.56435777e+07  1.60e+02 1.04e+01  1.11e+02     5s
   7   8.68681164e+06  1.17224467e+07  5.13e+01 4.24e+00  4.40e+01     5s
   8   6.79583359e+06  8.68286649e+06  2.88e+01 1.96e+00  2.19e+01     5s
   9   5.60149866e+06  7.37710918e+06  1.39e+01 1.37e+00  1.29e+01     5s
  10   5.35603373e+06  6.36349399e+06  1.05e+01 6.66e-01  8.02e+00     5s
  11   5.19108856e+06  6.11398807e+06  7.94e+00 5.58e-01  6.53e+00     5s
  12   5.10535678e+06  5.90941547e+06  6.61e+00 4.67e-01  5.49e+00     5s
  13   5.02372478e+06  5.50642719e+06  5.21e+00 2.94e-01  3.68e+00     5s
  14   4.97042743e+06  5.26543447e+06  4.17e+00 1.94e-01  2.57e+00     5s
  15   4.92451849e+06  5.11619824e+06  2.96e+00 1.30e-01  1.75e+00     5s
  16   4.90980586e+06  5.05141687e+06  2.47e+00 1.01e-01  1.39e+00     5s
  17   4.89731535e+06  5.01488194e+06  1.97e+00 8.46e-02  1.13e+00     5s
  18   4.88460902e+06  4.97554095e+06  1.31e+00 7.50e-02  8.08e-01     6s
  19   4.87883614e+06  4.94464100e+06  9.04e-01 4.22e-02  5.88e-01     6s
  20   4.87711495e+06  4.92285347e+06  5.83e-01 2.71e-02  4.03e-01     6s
  21   4.87898014e+06  4.91210841e+06  3.53e-01 1.96e-02  2.63e-01     6s
  22   4.88194334e+06  4.90443416e+06  2.33e-01 1.33e-02  1.76e-01     6s
  23   4.88387675e+06  4.90004493e+06  1.74e-01 9.01e-03  1.29e-01     6s
  24   4.88552592e+06  4.89827099e+06  1.33e-01 6.75e-03  9.98e-02     6s
  25   4.88660181e+06  4.89600765e+06  1.08e-01 4.36e-03  7.76e-02     6s
  26   4.88732011e+06  4.89514403e+06  9.36e-02 3.11e-03  6.60e-02     6s
  27   4.88908843e+06  4.89432919e+06  5.79e-02 2.20e-03  4.23e-02     6s
  28   4.89057868e+06  4.89347759e+06  3.00e-02 1.27e-03  2.25e-02     6s
  29   4.89126781e+06  4.89301793e+06  1.82e-02 7.12e-04  1.36e-02     6s
  30   4.89190581e+06  4.89279165e+06  7.67e-03 4.48e-04  6.28e-03     6s
  31   4.89209136e+06  4.89267474e+06  4.67e-03 3.10e-04  3.98e-03     6s
  32   4.89221198e+06  4.89255626e+06  2.80e-03 1.68e-04  2.37e-03     6s
  33   4.89229452e+06  4.89249101e+06  1.57e-03 9.03e-05  1.34e-03     6s
  34   4.89233906e+06  4.89245835e+06  9.53e-04 5.19e-05  8.13e-04     6s
  35   4.89237485e+06  4.89244092e+06  4.69e-04 3.16e-05  4.27e-04     7s
  36   4.89238968e+06  4.89242350e+06  2.73e-04 1.17e-05  2.32e-04     7s
  37   4.89240033e+06  4.89241894e+06  1.40e-04 6.45e-06  1.23e-04     7s
  38   4.89240652e+06  4.89241642e+06  6.49e-05 3.78e-06  6.17e-05     7s
  39   4.89241187e+06  4.89241411e+06  7.34e-06 1.30e-06  1.10e-05     7s
  40   4.89241246e+06  4.89241317e+06  2.74e-06 3.51e-07  3.67e-06     7s
  41   4.89241278e+06  4.89241295e+06  1.01e-07 1.26e-07  6.30e-07     7s
  42   4.89241280e+06  4.89241282e+06  2.18e-08 1.05e-08  8.69e-08     7s
  43   4.89241281e+06  4.89241281e+06  3.60e-10 2.51e-10  1.52e-09     7s

Barrier solved model in 43 iterations and 6.87 seconds (7.92 work units)
Optimal objective 4.89241281e+06


Root crossover log...

    1663 DPushes remaining with DInf 0.0000000e+00                 7s
       0 DPushes remaining with DInf 0.0000000e+00                 7s

   11538 PPushes remaining with PInf 1.2376008e-07                 7s
       0 PPushes remaining with PInf 0.0000000e+00                 7s

  Push phase complete: Pinf 0.0000000e+00, Dinf 1.9483240e-01      7s


Root simplex log...

Iteration    Objective       Primal Inf.    Dual Inf.      Time
   13087    4.8924128e+06   0.000000e+00   1.948324e-01      7s
   13088    4.8924128e+06   0.000000e+00   0.000000e+00      7s
Concurrent spin time: 1.20s (can be avoided by choosing Method=3)

Solved with barrier

Root relaxation: objective 4.892413e+06, 13088 iterations, 4.98 seconds (2.70 work units)

    Nodes    |    Current Node    |     Objective Bounds      |     Work
 Expl Unexpl |  Obj  Depth IntInf | Incumbent    BestBd   Gap | It/Node Time

     0     0 4892412.81    0 3268 -2786688.9 4892412.81   276%     -    9s
H    0     0                    3307722.5300 4892412.81  47.9%     -   10s
H    0     0                    3898661.7650 4892412.81  25.5%     -   10s
H    0     0                    3921651.3900 4892412.81  24.8%     -   10s
H    0     0                    3959114.8800 4892412.81  23.6%     -   10s
H    0     0                    4040357.7800 4892412.81  21.1%     -   10s
H    0     0                    4122699.0600 4892412.81  18.7%     -   10s
H    0     0                    4124232.3800 4892412.81  18.6%     -   10s
H    0     0                    4126211.2950 4892412.81  18.6%     -   10s
H    0     0                    4144405.8200 4892412.81  18.0%     -   11s
H    0     0                    4146085.5750 4892412.81  18.0%     -   11s
H    0     0                    4537213.2300 4892412.81  7.83%     -   11s
H    0     0                    4598745.1300 4892412.81  6.39%     -   13s
H    0     0                    4604876.5150 4892412.81  6.24%     -   14s
H    0     0                    4611318.8350 4892412.81  6.10%     -   15s
     0     0 4885622.84    0 3523 4611318.83 4885622.84  5.95%     -   22s
H    0     0                    4654847.4300 4885616.80  4.96%     -   24s
H    0     0                    4680221.2100 4885616.80  4.39%     -   26s
H    0     0                    4682331.8700 4885616.80  4.34%     -   26s
H    0     0                    4683861.1950 4885616.80  4.31%     -   26s
H    0     0                    4684421.1950 4885616.80  4.29%     -   26s
H    0     0                    4688158.8500 4885616.80  4.21%     -   26s
H    0     0                    4690425.0950 4885616.80  4.16%     -   27s
H    0     0                    4690642.2050 4885616.80  4.16%     -   28s
H    0     0                    4691012.8700 4885616.80  4.15%     -   29s
H    0     0                    4691357.6500 4885616.80  4.14%     -   30s
H    0     0                    4693835.8500 4885616.80  4.09%     -   32s
H    0     0                    4694075.8500 4885616.80  4.08%     -   32s
H    0     0                    4694940.6350 4885616.80  4.06%     -   33s
H    0     0                    4694972.3300 4885616.80  4.06%     -   33s
H    0     0                    4696085.3050 4885616.80  4.04%     -   33s
H    0     0                    4696285.3050 4885616.80  4.03%     -   34s
H    0     0                    4708269.0500 4885616.80  3.77%     -   34s
     0     0 4882113.31    0 3647 4708269.05 4882113.31  3.69%     -   37s
     0     0 4881323.49    0 3641 4708269.05 4881323.49  3.68%     -   39s
     0     0 4880886.44    0 3724 4708269.05 4880886.44  3.67%     -   40s
     0     0 4880837.71    0 3751 4708269.05 4880837.71  3.67%     -   41s
     0     0 4880835.56    0 3766 4708269.05 4880835.56  3.67%     -   41s
     0     0 4880835.25    0 3762 4708269.05 4880835.25  3.67%     -   41s
     0     0 4878192.86    0 3934 4708269.05 4878192.86  3.61%     -   45s
H    0     0                    4710972.3800 4878192.85  3.55%     -   48s
     0     0 4877285.88    0 3897 4710972.38 4877285.88  3.53%     -   51s
     0     0 4876804.28    0 4036 4710972.38 4876804.28  3.52%     -   53s
     0     0 4876506.49    0 4145 4710972.38 4876506.49  3.51%     -   54s
     0     0 4876403.10    0 4181 4710972.38 4876403.10  3.51%     -   56s
     0     0 4876373.17    0 4186 4710972.38 4876373.17  3.51%     -   56s
     0     0 4876356.53    0 4240 4710972.38 4876356.53  3.51%     -   57s
     0     0 4876355.97    0 4245 4710972.38 4876355.97  3.51%     -   57s
     0     0 4874944.79    0 4193 4710972.38 4874944.79  3.48%     -   61s
     0     0 4874213.10    0 4183 4710972.38 4874213.10  3.47%     -   66s
     0     0 4873916.33    0 4234 4710972.38 4873916.33  3.46%     -   67s
     0     0 4873780.88    0 4297 4710972.38 4873780.88  3.46%     -   69s
     0     0 4873659.93    0 4377 4710972.38 4873659.93  3.45%     -   71s
     0     0 4873610.99    0 4469 4710972.38 4873610.99  3.45%     -   72s
     0     0 4873595.20    0 4509 4710972.38 4873595.20  3.45%     -   72s
     0     0 4873592.01    0 4512 4710972.38 4873592.01  3.45%     -   73s
     0     0 4872890.68    0 4394 4710972.38 4872890.68  3.44%     -   78s
     0     0 4872716.62    0 4433 4710972.38 4872716.62  3.43%     -   82s
     0     0 4872639.53    0 4512 4710972.38 4872639.53  3.43%     -   83s
     0     0 4872619.96    0 4623 4710972.38 4872619.96  3.43%     -   84s
     0     0 4872616.47    0 4622 4710972.38 4872616.47  3.43%     -   84s
     0     0 4872246.04    0 4473 4710972.38 4872246.04  3.42%     -   88s
     0     0 4872143.90    0 4457 4710972.38 4872143.90  3.42%     -  116s
     0     0 4872119.52    0 4583 4710972.38 4872119.52  3.42%     -  117s
     0     0 4872108.93    0 4597 4710972.38 4872108.93  3.42%     -  118s
     0     0 4871853.16    0 4493 4710972.38 4871853.16  3.42%     -  122s
     0     0 4871808.61    0 4559 4710972.38 4871808.61  3.41%     -  130s
     0     0 4871791.16    0 4651 4710972.38 4871791.16  3.41%     -  132s
     0     0 4871788.07    0 4702 4710972.38 4871788.07  3.41%     -  132s
     0     0 4871654.58    0 4604 4710972.38 4871654.58  3.41%     -  135s
     0     0 4871624.91    0 4672 4710972.38 4871624.91  3.41%     -  144s
     0     0 4871617.48    0 4714 4710972.38 4871617.48  3.41%     -  144s
     0     0 4871491.35    0 4599 4710972.38 4871491.35  3.41%     -  147s
H    0     0                    4727001.0700 4871490.25  3.06%     -  154s
H    0     0                    4727179.5550 4871490.25  3.05%     -  154s
H    0     0                    4729953.6200 4871490.25  2.99%     -  155s
H    0     0                    4732487.6450 4871490.25  2.94%     -  155s
H    0     0                    4735411.5250 4871490.25  2.87%     -  155s
H    0     0                    4736571.8350 4871490.25  2.85%     -  155s
H    0     0                    4737539.3050 4871490.25  2.83%     -  156s
H    0     0                    4738461.9400 4871490.25  2.81%     -  156s
H    0     0                    4739858.8450 4871490.25  2.78%     -  156s
H    0     0                    4740824.5300 4871490.25  2.76%     -  156s
H    0     0                    4741364.6800 4871490.25  2.74%     -  158s
     0     0 4871463.20    0 4681 4741364.68 4871463.20  2.74%     -  159s
     0     0 4871455.14    0 4695 4741364.68 4871455.14  2.74%     -  160s
     0     0 4871402.31    0 4724 4741364.68 4871402.31  2.74%     -  162s
     0     0 4871399.90    0 4317 4741364.68 4871399.90  2.74%     -  164s
     0     2 4871399.81    0 4278 4741364.68 4871399.81  2.74%     -  180s
     1     4 4870695.05    1 4371 4741364.68 4871399.81  2.74%  8765  186s
     7    16 4870592.90    3 4693 4741364.68 4871395.55  2.74%  2210  202s
    15    26 4870585.48    4 4758 4741364.68 4871380.51  2.74%  2535  220s
    25    45 4870582.55    5 4792 4741364.68 4871377.16  2.74%  2644  235s
H   26    45                    4757145.3050 4871377.16  2.40%  2542  235s
H   28    45                    4764160.3450 4871377.02  2.25%  2381  235s
    44    55 4869232.06    6 4696 4764160.34 4871375.02  2.25%  1685  248s
    54    65 4870528.72    7 4728 4764160.34 4871375.02  2.25%  1411  262s
    64    75 4870523.64    7 4731 4764160.34 4871375.02  2.25%  1313  273s
    74    85 4870520.45    8 4723 4764160.34 4871375.02  2.25%  1153  284s
    84    95 4870528.72    8 4728 4764160.34 4871375.02  2.25%  1028  299s
    94   105 4870509.83    9 4718 4764160.34 4871375.02  2.25%   922  313s
   104   132 4870503.43    9 4696 4764160.34 4871375.02  2.25%   838  324s
   131   156 4870496.11   10 4723 4764160.34 4871375.02  2.25%   688  339s
   155   180 4870496.11   11 4723 4764160.34 4871375.02  2.25%   618  349s
   179   210 4870469.63   13 4695 4764160.34 4871375.02  2.25%   579  357s
   209   238 4870477.74   18 4747 4764160.34 4871375.02  2.25%   533  363s
   237   253 4870459.91   22 4742 4764160.34 4871375.02  2.25%   493  370s
   252   277 4870446.27   24 4716 4764160.34 4871375.02  2.25%   492  378s
   276   303 4870397.64   27 4720 4764160.34 4871375.02  2.25%   479  386s
H  286   303                    4768548.5550 4871375.02  2.16%   471  386s
H  302   336                    4769516.4100 4871375.02  2.14%   455  392s
   335   368 4870172.01   29 4665 4769516.41 4871375.02  2.14%   439  400s
   367   403 4870351.61   30 4678 4769516.41 4871375.02  2.14%   427  407s
   402   444 4870334.25   36 4643 4769516.41 4871375.02  2.14%   420  414s
   443   506 4870308.72   37 4644 4769516.41 4871375.02  2.14%   409  422s
   505   564 4870334.25   40 4646 4769516.41 4871375.02  2.14%   383  430s
   563   631 4870334.25   42 4645 4769516.41 4871375.02  2.14%   368  438s
   630   699 4870329.87   47 4649 4769516.41 4871375.02  2.14%   352  447s
   698   753 4870325.15   50 4637 4769516.41 4871375.02  2.14%   335  456s
   752   763 4870316.92   59 4626 4769516.41 4871375.02  2.14%   330  578s
   762   823 4870162.19   59 4598 4769516.41 4871375.02  2.14%   330  588s
   822   892 4870268.08   73 4619 4769516.41 4871375.02  2.14%   328  598s
   891   941 4870258.00   83 4571 4769516.41 4871375.02  2.14%   320  608s
   940  1001 4870245.48   85 4579 4769516.41 4871375.02  2.14%   323  618s
H 1000  1011                    4778177.8050 4871375.02  1.95%   322  633s
H 1002  1011                    4780683.7300 4871375.02  1.90%   322  633s
H 1009  1011                    4782100.5300 4871375.02  1.87%   322  633s
H 1010  1068                    4782154.2750 4871375.02  1.87%   322  643s
  1067  1161 4870222.13   91 4622 4782154.27 4871375.02  1.87%   322  653s
  1160  1226 4870154.63   96 4592 4782154.27 4871375.02  1.87%   312  666s
  1225  1236 4870173.34   97 4589 4782154.27 4871375.02  1.87%   314  681s
  1235  1246 4870183.16   98 4584 4782154.27 4871375.02  1.87%   315  697s
  1245  1256 4870110.41   98 4554 4782154.27 4871375.02  1.87%   317  710s
H 1247  1256                    4784835.6650 4871375.02  1.81%   317  710s
H 1248  1256                    4788837.7050 4871375.02  1.72%   317  710s
H 1249  1256                    4790653.1000 4871375.02  1.68%   316  710s
  1255  1336 4870179.42   99 4587 4790653.10 4871375.02  1.68%   317  722s
  1335  1458 4870156.92  103 4574 4790653.10 4871375.02  1.68%   314  734s
  1457  1580 4870139.98  113 4588 4790653.10 4871375.02  1.68%   302  749s
  1579  1685 4870125.39  120 4579 4790653.10 4871375.02  1.68%   293  762s
  1684  1788 4870093.65  131 4565 4790653.10 4871375.02  1.68%   289  775s
  1787  1798 4869903.77  142 4543 4790653.10 4871375.02  1.68%   285  797s
H 1797  1808                    4797499.6200 4871375.02  1.54%   284  816s
  1807  1895 4869877.68  143 4559 4797499.62 4871375.02  1.54%   287  832s
  1894  2003 4869879.53  149 4606 4797499.62 4871375.02  1.54%   287  848s
  2002  2169 4869791.81  154 4568 4797499.62 4871375.02  1.54%   286  864s
  2168  2318 4869802.06  157 4600 4797499.62 4871375.02  1.54%   277  882s
  2317  2328 4869713.73  184 4561 4797499.62 4871375.02  1.54%   272  903s
  2327  2369 4869694.41  185 4566 4797499.62 4871375.02  1.54%   271  922s
  2368  2510 4869657.03  196 4572 4797499.62 4871375.02  1.54%   270  940s
  2509  2695 4869618.04  208 4565 4797499.62 4871375.02  1.54%   265  959s
  2694  2953 4869612.95  211 4558 4797499.62 4871375.02  1.54%   259  979s
  2952  3122 4869551.48  231 4432 4797499.62 4871375.02  1.54%   248  999s
  3121  3322 4869393.46  245 4417 4797499.62 4871375.02  1.54%   247 1019s
  3321  3459 4869278.58  262 4273 4797499.62 4871375.02  1.54%   243 1042s
  3458  3666 4869257.02  274 4269 4797499.62 4871375.02  1.54%   245 1064s
  3665  3870 4869256.82  293 4284 4797499.62 4871375.02  1.54%   242 1088s
  3869  4116 4869236.93  300 4278 4797499.62 4871375.02  1.54%   239 1112s
  4115  4126 4869175.35  308 4275 4797499.62 4871375.02  1.54%   235 1151s
H 4117  4126                    4798570.4606 4871375.02  1.52%   235 1151s
H 4118  4126                    4799777.4600 4871375.02  1.49%   235 1151s
H 4125  4352                    4800217.4600 4871375.02  1.48%   235 1177s
H 4351  4367                    4801395.9450 4871375.02  1.46%   233 1229s
H 4358  4367                    4803043.4800 4871375.02  1.42%   234 1229s
H 4359  4367                    4803698.2250 4871375.02  1.41%   234 1229s
H 4362  4367                    4804542.0900 4871375.02  1.39%   234 1229s
H 4365  4367                    4805313.6500 4871375.02  1.37%   234 1229s
  4366  4751 4868986.91  323 4206 4805313.65 4871375.02  1.37%   234 1254s
  4750  5006 4869069.70  342 4256 4805313.65 4871375.02  1.37%   224 1281s
  5005  5267 4869032.27  353 4240 4805313.65 4871375.02  1.37%   222 1308s
  5266  5278 4868998.42  359 4247 4805313.65 4871375.02  1.37%   219 1348s
  5277  5558 4868895.80  359 4226 4805313.65 4871375.02  1.37%   219 1378s
  5557  5854 4868974.37  393 4231 4805313.65 4871375.02  1.37%   216 1408s
  5853  6229 4868914.86  428 4215 4805313.65 4871375.02  1.37%   214 1439s
  6228  6600 4868856.29  457 4227 4805313.65 4871375.02  1.37%   210 1471s
  6599  6906 4868824.84  475 4232 4805313.65 4871375.02  1.37%   206 1503s
  6905  7053 4868783.27  491 4219 4805313.65 4871375.02  1.37%   205 1557s
H 6911  7053                    4805437.2750 4871375.02  1.37%   206 1557s
H 6929  7053                    4806336.4600 4871375.02  1.35%   206 1557s
H 7036  7053                    4806466.5607 4871375.02  1.35%   204 1557s
  7052  7063 4868766.70  496 4214 4806466.56 4871375.02  1.35%   205 1626s
  7062  7177 4868707.40  496 4196 4806466.56 4871375.02  1.35%   205 1681s
  7176  7732 4868766.17  497 4206 4806466.56 4871375.02  1.35%   204 1721s
  7731  8134 4868703.03  541 4209 4806466.56 4871375.02  1.35%   197 1761s
  8134  8135 4866802.43  814 4317 4806466.56 4871375.02  1.35%   194 1823s
  8136  8136 4870263.85   78 3286 4806466.56 4871375.02  1.35%   194 1844s
  8137  8137 4869299.79  265 3283 4806466.56 4871375.02  1.35%   194 1859s
  8138  8138 4867045.64  470 3507 4806466.56 4871375.02  1.35%   194 1862s
H 8138  7731                    4806478.4300 4871375.02  1.35%   194 1867s
H 8138  7344                    4807031.4850 4871375.02  1.34%   194 1867s
H 8138  6977                    4807577.5400 4871375.02  1.33%   194 1867s
H 8138  6628                    4807979.0950 4871375.02  1.32%   194 1868s
H 8138  6296                    4809089.2900 4871375.02  1.30%   194 1868s
H 8139  5981                    4809145.7700 4871375.02  1.29%   194 1874s
H 8140  5683                    4810668.0750 4871375.02  1.26%   194 1880s
  8142  5684 4870050.84  118 3884 4810668.07 4871375.02  1.26%   194 1885s
  8144  5686 4868881.02  333 4074 4810668.07 4871375.02  1.26%   194 1893s
  8145  5686 4870121.41  114 4049 4810668.07 4871375.02  1.26%   194 1898s
  8146  5687 4867259.93  667 4163 4810668.07 4871375.02  1.26%   194 1901s
H 8146  5403                    4810764.0200 4871375.02  1.26%   194 1903s
H 8146  5132                    4810903.2350 4871375.02  1.26%   194 1903s
  8148  5133 4868460.78  154 4305 4810903.23 4871375.02  1.26%   194 1908s
  8149  5134 4868443.69  556 4381 4810903.23 4871285.30  1.26%   194 1912s
  8150  5135 4870438.45   27 4405 4810903.23 4871152.63  1.25%   194 1916s
  8152  5136 4869216.22  439 4489 4810903.23 4871072.31  1.25%   194 1921s
  8155  5138 4868363.24  199 4573 4810903.23 4871059.16  1.25%   194 1930s
H 8155  4881                    4810982.6950 4870658.47  1.24%   194 1949s
H 8155  4636                    4811320.6100 4870658.47  1.23%   194 1950s
H 8155  4404                    4811458.0250 4870658.47  1.23%   194 1950s
  8157  4405 4868674.59  119 4373 4811458.02 4870350.09  1.22%   194 1956s
  8159  4407 4869870.66    4 4402 4811458.02 4869870.66  1.21%   194 1962s
  8160  4407 4869632.42   73 4496 4811458.02 4869717.90  1.21%   194 1965s
  8162  4409 4868343.19  616 4482 4811458.02 4869530.14  1.21%   194 1970s
  8164  4410 4869077.94    9 4488 4811458.02 4869428.43  1.20%   194 1976s
  8166  4411 4867623.02  539 4431 4811458.02 4869369.26  1.20%   194 1981s
  8168  4413 4869240.53  320 4556 4811458.02 4869240.53  1.20%   194 1987s
  8169  4413 4869102.16  439 4543 4811458.02 4869102.16  1.20%   194 1990s
  8171  4415 4868772.96  406 4593 4811458.02 4868970.58  1.20%   194 1996s
  8173  4416 4868928.06  266 4572 4811458.02 4868928.06  1.19%   193 2001s
  8175  4417 4867776.92  447 4663 4811458.02 4868896.08  1.19%   193 2007s
  8177  4419 4868895.04  152 4675 4811458.02 4868895.04  1.19%   193 2016s
  8178  4419 4868672.92   85 4409 4811458.02 4868672.92  1.19%   193 2063s
  8179  4420 4868139.36  598 4432 4811458.02 4868512.10  1.19%   193 2070s
  8180  4421 4867852.60  323 4468 4811458.02 4868421.71  1.18%   193 2075s
  8181  4421 4868279.10  112 4452 4811458.02 4868279.10  1.18%   193 2080s
  8182  4422 4868238.91   52 4436 4811458.02 4868238.91  1.18%   193 2085s
H 8182  4200                    4813326.5750 4868205.01  1.14%   193 2087s
  8184  4201 4868177.62  608 4464 4813326.57 4868177.62  1.14%   193 2092s
  8186  4203 4868150.48  233 4503 4813326.57 4868150.48  1.14%   193 2096s
  8189  4205 4868110.00  294 4549 4813326.57 4868110.00  1.14%   193 2101s
  8191  4206 4868000.82  106 4573 4813326.57 4868000.82  1.14%   193 2106s
H 8191  3995                    4813502.2350 4867987.61  1.13%   193 2107s
  8194  3997 4867937.10  138 4616 4813502.23 4867937.10  1.13%   193 2114s
  8195  3998 4867926.98  346 4625 4813502.23 4867926.98  1.13%   193 2116s
  8197  3999 4867635.76  529 4652 4813502.23 4867916.24  1.13%   193 2120s
  8200  4001 4867876.00   61 4716 4813502.23 4867876.00  1.13%   193 2126s
  8202  4002 4867860.95  276 4723 4813502.23 4867860.95  1.13%   193 2130s
  8205  4004 4867847.71  386 4753 4813502.23 4867847.71  1.13%   193 2136s
H 8206  3804                    4814414.9950 4867847.01  1.11%   193 2141s
H 8207  3613                    4814866.9250 4867715.05  1.10%   193 2184s
H 8207  3431                    4816022.6100 4867715.05  1.07%   193 2186s
  8208  3431 4867715.05  592 4468 4816022.61 4867715.05  1.07%   193 2192s
  8209  3432 4867401.64  585 4541 4816022.61 4867703.96  1.07%   193 2195s
  8211  3433 4867682.07  421 4583 4816022.61 4867682.07  1.07%   193 2200s
  8213  3435 4867663.44  482 4669 4816022.61 4867663.44  1.07%   193 2205s
  8216  3437 4867642.72  230 4685 4816022.61 4867642.72  1.07%   192 2211s
  8219  3439 4867586.56  247 4764 4816022.61 4867586.56  1.07%   192 2217s
  8221  3440 4867567.51   88 4773 4816022.61 4867567.51  1.07%   192 2222s
  8223  3441 4867536.13  650 4745 4816022.61 4867536.13  1.07%   192 2226s
  8225  3443 4867504.25  121 4754 4816022.61 4867504.25  1.07%   192 2230s
  8227  3444 4867483.47   29 4787 4816022.61 4867483.47  1.07%   192 2235s
  8230  3446 4867460.62  255 4856 4816022.61 4867460.62  1.07%   192 2243s
  8231  3447 4867457.27  558 4886 4816022.61 4867457.27  1.07%   192 2245s
  8234  3449 4866802.43  814 4866 4816022.61 4867436.95  1.07%   192 2251s
  8235  3449 4867436.70  600 4926 4816022.61 4867436.70  1.07%   192 2260s
H 8235  3275                    4816158.5850 4867349.83  1.06%   192 2289s
  8236  3276 4867349.83   78 4559 4816158.58 4867349.83  1.06%   192 2315s
  8238  3277 4867045.64  470 4728 4816158.58 4867341.03  1.06%   192 2320s
  8241  3279 4867332.69   27 4813 4816158.58 4867332.69  1.06%   192 2326s
  8243  3281 4867327.90  360 4818 4816158.58 4867327.90  1.06%   192 2330s
  8246  3283 4867259.93  667 4832 4816158.58 4867310.03  1.06%   192 2335s
  8250  3285 4867281.03   27 4839 4816158.58 4867281.03  1.06%   192 2341s
  8253  3287 4867271.96  520 4897 4816158.58 4867271.96  1.06%   192 2345s
  8254  3288 4867271.58   98 4919 4816158.58 4867271.58  1.06%   192 2352s
H 8254  3122                    4816637.5350 4867216.35  1.05%   192 2371s
H 8254  2964                    4816804.1200 4867216.35  1.05%   192 2371s
H 8254  2813                    4816924.1200 4867216.35  1.04%   192 2390s
H 8254  2671                    4816924.1300 4867216.35  1.04%   192 2390s
H 8254  2535                    4817403.4000 4867216.35  1.03%   192 2391s
H 8254  2406                    4817429.2100 4867216.35  1.03%   192 2394s
H 8254  2284                    4817433.5600 4867216.35  1.03%   192 2395s
  8257  2286 4867211.96  119 4697 4817433.56 4867211.96  1.03%   192 2401s
  8259  2287 4867208.11    4 4762 4817433.56 4867208.11  1.03%   191 2405s
  8262  2289 4867194.02  616 4791 4817433.56 4867194.02  1.03%   191 2411s
  8264  2291 4867187.63    9 4814 4817433.56 4867187.63  1.03%   191 2415s
  8268  2293 4867172.87  320 4847 4817433.56 4867172.87  1.03%   191 2425s
  8269  2294 4867163.14  439 4565 4817433.56 4867163.14  1.03%   191 2468s
  8270  2295 4867162.20   33 4692 4817433.56 4867162.20  1.03%   191 2470s
  8273  2297 4867124.91  266 4769 4817433.56 4867124.91  1.03%   191 2475s
  8276  2299 4867120.76  241 4806 4817433.56 4867120.76  1.03%   191 2480s
  8280  2301 4867102.38  323 4833 4817433.56 4867102.38  1.03%   191 2486s
  8282  2303 4867100.11   52 4850 4817433.56 4867100.11  1.03%   191 2494s
  8283  2303 4867087.98  503 4507 4817433.56 4867087.98  1.03%   191 2529s
  8284  2304 4867087.38  608 4638 4817433.56 4867087.38  1.03%   191 2531s
  8287  2306 4867080.09  486 4801 4817433.56 4867080.09  1.03%   191 2536s
  8289  2307 4867070.95  294 4844 4817433.56 4867070.95  1.03%   191 2540s
  8292  2309 4867062.49  440 4896 4817433.56 4867062.49  1.03%   191 2546s
  8295  2311 4867049.79  346 4992 4817433.56 4867049.79  1.03%   191 2551s
  8298  2313 4867046.69  596 4926 4817433.56 4867046.69  1.03%   191 2561s
  8299  2314 4867041.12  378 4672 4817433.56 4867041.12  1.03%   191 2715s
H 8299  2195                    4817643.3550 4867040.76  1.03%   191 2716s
  8300  2196 4867040.76   61 4803 4817643.35 4867040.76  1.03%   191 2741s
H 8300  2084                    4817803.3550 4867037.79  1.02%   191 2773s
  8301  2084 4867037.79   86 4771 4817803.35 4867037.79  1.02%   191 2783s
  8302  2085 4867037.24  276 4861 4817803.35 4867037.24  1.02%   190 2790s
  8303  2086 4867034.02  295 4661 4817803.35 4867034.02  1.02%   190 2813s
  8304  2086 4867033.77  233 4755 4817803.35 4867033.77  1.02%   190 2820s
  8305  2087 4867009.10  386 4601 4817803.35 4867009.10  1.02%   190 2884s
  8306  2088 4867008.80  283 4715 4817803.35 4867008.80  1.02%   190 2890s
  8307  2088 4867007.09  527 4582 4817803.35 4867007.09  1.02%   190 2912s
  8308  2089 4867007.07  592 4727 4817803.35 4867007.07  1.02%   190 2919s
  8309  2090 4867005.82  585 4609 4817803.35 4867005.82  1.02%   190 2940s
  8310  2090 4867005.42  335 4728 4817803.35 4867005.42  1.02%   190 2946s
  8311  2091 4867004.62  421 4592 4817803.35 4867004.62  1.02%   190 2983s
  8312  2092 4867004.62  232 4714 4817803.35 4867004.62  1.02%   190 2988s
  8313  2092 4866894.50  482 4700 4817803.35 4866894.50  1.02%   190 3031s
  8314  2093 4866887.59  355 4792 4817803.35 4866887.59  1.02%   190 3035s
  8316  2094 4866867.56  230 4898 4817803.35 4866867.56  1.02%   190 3041s

Cutting planes:
  Gomory: 217
  Cover: 11
  Clique: 2355
  MIR: 173
  Mixing: 2
  Flow cover: 547
  GUB cover: 13
  Zero half: 614
  Relax-and-lift: 44

Explored 8316 nodes (2145977 simplex iterations) in 3043.70 seconds (2700.18 work units)
Thread count was 12 (of 12 available processors)

Solution count 10: 4.8178e+06 4.81764e+06 4.81743e+06 ... 4.81616e+06

Time limit reached
Best objective 4.817803355000e+06, best bound 4.866867563038e+06, gap 1.0184%

Gurobi 12.0.1 (win64) logging started Tue Mar 17 22:12:00 2026

Set parameter LogFile to value "logs\full_H_65_restricted_subset15_5it_w_max_cap200_seed42_CG.log"
Gurobi Optimizer version 12.0.1 build v12.0.1rc0 (win64 - Windows 11.0 (26100.2))

CPU model: 13th Gen Intel(R) Core(TM) i7-1355U, instruction set [SSE2|AVX|AVX2]
Thread count: 10 physical cores, 12 logical processors, using up to 12 threads

Non-default parameters:
TimeLimit  3.0206812326908112e+03
FeasibilityTol  1e-09
MIPGap  0.005

Optimize a model with 10668 rows, 149800 columns and 1210217 nonzeros
Model fingerprint: 0x7552f0bc
Variable types: 0 continuous, 149800 integer (149630 binary)
Coefficient statistics:
  Matrix range     [4e-01, 1e+02]
  Objective range  [1e-02, 2e+05]
  Bounds range     [1e+00, 3e+00]
  RHS range        [1e+00, 3e+00]
Presolve removed 1191 rows and 13068 columns
Presolve time: 3.01s
Presolved: 9477 rows, 136732 columns, 1097634 nonzeros
Variable types: 0 continuous, 136732 integer (136725 binary)
Found heuristic solution: objective -3059946.555
Found heuristic solution: objective -2786688.915
Deterministic concurrent LP optimizer: primal simplex, dual simplex, and barrier
Showing barrier log only...

Root barrier log...

Ordering time: 0.07s

Barrier statistics:
 AA' NZ     : 1.946e+05
 Factor NZ  : 3.181e+05 (roughly 60 MB of memory)
 Factor Ops : 1.237e+07 (less than 1 second per iteration)
 Threads    : 8

                  Objective                Residual
Iter       Primal          Dual         Primal    Dual     Compl     Time
   0   7.89108222e+09  8.37808127e+06  9.00e+04 2.54e+03  4.79e+04     4s
   1   2.72268531e+09  2.39187765e+07  3.11e+04 1.27e+03  1.69e+04     4s
   2   5.76391709e+08  3.26760653e+07  6.54e+03 5.46e+02  3.73e+03     4s
   3   1.96227028e+08  3.06426530e+07  2.19e+03 1.49e+02  1.28e+03     4s
   4   9.17773590e+07  2.52837725e+07  1.00e+03 6.12e+01  5.96e+02     4s
   5   4.44789730e+07  1.96822505e+07  4.63e+02 2.35e+01  2.79e+02     4s
   6   1.82300981e+07  1.56435777e+07  1.60e+02 1.04e+01  1.11e+02     4s
   7   8.68681164e+06  1.17224467e+07  5.13e+01 4.24e+00  4.40e+01     5s
   8   6.79583359e+06  8.68286649e+06  2.88e+01 1.96e+00  2.19e+01     5s
   9   5.60149866e+06  7.37710918e+06  1.39e+01 1.37e+00  1.29e+01     5s
  10   5.35603373e+06  6.36349399e+06  1.05e+01 6.66e-01  8.02e+00     5s
  11   5.19108856e+06  6.11398807e+06  7.94e+00 5.58e-01  6.53e+00     5s
  12   5.10535678e+06  5.90941547e+06  6.61e+00 4.67e-01  5.49e+00     5s
  13   5.02372478e+06  5.50642719e+06  5.21e+00 2.94e-01  3.68e+00     5s
  14   4.97042743e+06  5.26543447e+06  4.17e+00 1.94e-01  2.57e+00     5s
  15   4.92451849e+06  5.11619824e+06  2.96e+00 1.30e-01  1.75e+00     5s
  16   4.90980586e+06  5.05141687e+06  2.47e+00 1.01e-01  1.39e+00     5s
  17   4.89731535e+06  5.01488194e+06  1.97e+00 8.46e-02  1.13e+00     5s
  18   4.88460902e+06  4.97554095e+06  1.31e+00 7.50e-02  8.08e-01     5s
  19   4.87883614e+06  4.94464100e+06  9.04e-01 4.22e-02  5.88e-01     5s
  20   4.87711495e+06  4.92285347e+06  5.83e-01 2.71e-02  4.03e-01     5s
  21   4.87898014e+06  4.91210841e+06  3.53e-01 1.96e-02  2.63e-01     5s
  22   4.88194334e+06  4.90443416e+06  2.33e-01 1.33e-02  1.76e-01     5s
  23   4.88387675e+06  4.90004493e+06  1.74e-01 9.01e-03  1.29e-01     5s
  24   4.88552592e+06  4.89827099e+06  1.33e-01 6.75e-03  9.98e-02     6s
  25   4.88660181e+06  4.89600765e+06  1.08e-01 4.36e-03  7.76e-02     6s
  26   4.88732011e+06  4.89514403e+06  9.36e-02 3.11e-03  6.60e-02     6s
  27   4.88908843e+06  4.89432919e+06  5.79e-02 2.20e-03  4.23e-02     6s
  28   4.89057868e+06  4.89347759e+06  3.00e-02 1.27e-03  2.25e-02     6s
  29   4.89126781e+06  4.89301793e+06  1.82e-02 7.12e-04  1.36e-02     6s
  30   4.89190581e+06  4.89279165e+06  7.67e-03 4.48e-04  6.28e-03     6s
  31   4.89209136e+06  4.89267474e+06  4.67e-03 3.10e-04  3.98e-03     6s
  32   4.89221198e+06  4.89255626e+06  2.80e-03 1.68e-04  2.37e-03     6s
  33   4.89229452e+06  4.89249101e+06  1.57e-03 9.03e-05  1.34e-03     6s
  34   4.89233906e+06  4.89245835e+06  9.53e-04 5.19e-05  8.13e-04     6s
  35   4.89237485e+06  4.89244092e+06  4.69e-04 3.16e-05  4.27e-04     6s
  36   4.89238968e+06  4.89242350e+06  2.73e-04 1.17e-05  2.32e-04     6s
  37   4.89240033e+06  4.89241894e+06  1.40e-04 6.45e-06  1.23e-04     6s
  38   4.89240652e+06  4.89241642e+06  6.49e-05 3.78e-06  6.17e-05     6s
  39   4.89241187e+06  4.89241411e+06  7.34e-06 1.30e-06  1.10e-05     6s
  40   4.89241246e+06  4.89241317e+06  2.74e-06 3.51e-07  3.67e-06     6s
  41   4.89241278e+06  4.89241295e+06  1.01e-07 1.26e-07  6.30e-07     6s
  42   4.89241280e+06  4.89241282e+06  2.18e-08 1.05e-08  8.69e-08     6s
  43   4.89241281e+06  4.89241281e+06  3.60e-10 2.51e-10  1.52e-09     7s

Barrier solved model in 43 iterations and 6.50 seconds (7.92 work units)
Optimal objective 4.89241281e+06


Root crossover log...

    1663 DPushes remaining with DInf 0.0000000e+00                 7s
       0 DPushes remaining with DInf 0.0000000e+00                 7s

   11538 PPushes remaining with PInf 1.2376008e-07                 7s
       0 PPushes remaining with PInf 0.0000000e+00                 7s

  Push phase complete: Pinf 0.0000000e+00, Dinf 1.9483240e-01      7s


Root simplex log...

Iteration    Objective       Primal Inf.    Dual Inf.      Time
   13087    4.8924128e+06   0.000000e+00   1.948324e-01      7s
   13088    4.8924128e+06   0.000000e+00   0.000000e+00      7s
Concurrent spin time: 1.80s (can be avoided by choosing Method=3)

Solved with barrier

Root relaxation: objective 4.892413e+06, 13088 iterations, 5.26 seconds (2.70 work units)

    Nodes    |    Current Node    |     Objective Bounds      |     Work
 Expl Unexpl |  Obj  Depth IntInf | Incumbent    BestBd   Gap | It/Node Time

     0     0 4892412.81    0 3268 -2786688.9 4892412.81   276%     -    9s
H    0     0                    3307722.5300 4892412.81  47.9%     -   10s
H    0     0                    3898661.7650 4892412.81  25.5%     -   10s
H    0     0                    3921651.3900 4892412.81  24.8%     -   10s
H    0     0                    3959114.8800 4892412.81  23.6%     -   10s
H    0     0                    4040357.7800 4892412.81  21.1%     -   10s
H    0     0                    4122699.0600 4892412.81  18.7%     -   10s
H    0     0                    4124232.3800 4892412.81  18.6%     -   10s
H    0     0                    4126211.2950 4892412.81  18.6%     -   10s
H    0     0                    4144405.8200 4892412.81  18.0%     -   10s
H    0     0                    4146085.5750 4892412.81  18.0%     -   10s
H    0     0                    4537213.2300 4892412.81  7.83%     -   11s
H    0     0                    4598745.1300 4892412.81  6.39%     -   13s
H    0     0                    4604876.5150 4892412.81  6.24%     -   13s
H    0     0                    4611318.8350 4892412.81  6.10%     -   15s
     0     0 4885622.84    0 3523 4611318.83 4885622.84  5.95%     -   22s
H    0     0                    4654847.4300 4885616.80  4.96%     -   23s
H    0     0                    4680221.2100 4885616.80  4.39%     -   25s
H    0     0                    4682331.8700 4885616.80  4.34%     -   25s
H    0     0                    4683861.1950 4885616.80  4.31%     -   26s
H    0     0                    4684421.1950 4885616.80  4.29%     -   26s
H    0     0                    4688158.8500 4885616.80  4.21%     -   26s
H    0     0                    4690425.0950 4885616.80  4.16%     -   26s
H    0     0                    4690642.2050 4885616.80  4.16%     -   28s
H    0     0                    4691012.8700 4885616.80  4.15%     -   28s
H    0     0                    4691357.6500 4885616.80  4.14%     -   29s
H    0     0                    4693835.8500 4885616.80  4.09%     -   31s
H    0     0                    4694075.8500 4885616.80  4.08%     -   31s
H    0     0                    4694940.6350 4885616.80  4.06%     -   32s
H    0     0                    4694972.3300 4885616.80  4.06%     -   32s
H    0     0                    4696085.3050 4885616.80  4.04%     -   32s
H    0     0                    4696285.3050 4885616.80  4.03%     -   32s
H    0     0                    4708269.0500 4885616.80  3.77%     -   33s
     0     0 4882113.31    0 3647 4708269.05 4882113.31  3.69%     -   36s
     0     0 4881323.49    0 3641 4708269.05 4881323.49  3.68%     -   38s
     0     0 4880886.44    0 3724 4708269.05 4880886.44  3.67%     -   39s
     0     0 4880837.71    0 3751 4708269.05 4880837.71  3.67%     -   40s
     0     0 4880835.56    0 3766 4708269.05 4880835.56  3.67%     -   40s
     0     0 4880835.25    0 3762 4708269.05 4880835.25  3.67%     -   40s
     0     0 4878192.86    0 3934 4708269.05 4878192.86  3.61%     -   44s
H    0     0                    4710972.3800 4878192.85  3.55%     -   47s
     0     0 4877285.88    0 3897 4710972.38 4877285.88  3.53%     -   50s
     0     0 4876804.28    0 4036 4710972.38 4876804.28  3.52%     -   52s
     0     0 4876506.49    0 4145 4710972.38 4876506.49  3.51%     -   53s
     0     0 4876403.10    0 4181 4710972.38 4876403.10  3.51%     -   54s
     0     0 4876373.17    0 4186 4710972.38 4876373.17  3.51%     -   55s
     0     0 4876356.53    0 4240 4710972.38 4876356.53  3.51%     -   55s
     0     0 4876355.97    0 4245 4710972.38 4876355.97  3.51%     -   56s
     0     0 4874944.79    0 4193 4710972.38 4874944.79  3.48%     -   60s
     0     0 4874213.10    0 4183 4710972.38 4874213.10  3.47%     -   65s
     0     0 4873916.33    0 4234 4710972.38 4873916.33  3.46%     -   67s
     0     0 4873780.88    0 4297 4710972.38 4873780.88  3.46%     -   68s
     0     0 4873659.93    0 4377 4710972.38 4873659.93  3.45%     -   70s
     0     0 4873610.99    0 4469 4710972.38 4873610.99  3.45%     -   71s
     0     0 4873595.20    0 4509 4710972.38 4873595.20  3.45%     -   72s
     0     0 4873592.01    0 4512 4710972.38 4873592.01  3.45%     -   72s
     0     0 4872890.68    0 4394 4710972.38 4872890.68  3.44%     -   79s
     0     0 4872716.62    0 4433 4710972.38 4872716.62  3.43%     -   85s
     0     0 4872639.53    0 4512 4710972.38 4872639.53  3.43%     -   87s
     0     0 4872619.96    0 4623 4710972.38 4872619.96  3.43%     -   88s
     0     0 4872616.47    0 4622 4710972.38 4872616.47  3.43%     -   88s
     0     0 4872246.04    0 4473 4710972.38 4872246.04  3.42%     -   93s
     0     0 4872143.90    0 4457 4710972.38 4872143.90  3.42%     -  119s
     0     0 4872119.52    0 4583 4710972.38 4872119.52  3.42%     -  120s
     0     0 4872108.93    0 4597 4710972.38 4872108.93  3.42%     -  121s
     0     0 4871853.16    0 4493 4710972.38 4871853.16  3.42%     -  124s
     0     0 4871808.61    0 4559 4710972.38 4871808.61  3.41%     -  132s
     0     0 4871791.16    0 4651 4710972.38 4871791.16  3.41%     -  134s
     0     0 4871788.07    0 4702 4710972.38 4871788.07  3.41%     -  135s
     0     0 4871654.58    0 4604 4710972.38 4871654.58  3.41%     -  137s
     0     0 4871624.91    0 4672 4710972.38 4871624.91  3.41%     -  145s
     0     0 4871617.48    0 4714 4710972.38 4871617.48  3.41%     -  146s
     0     0 4871491.35    0 4599 4710972.38 4871491.35  3.41%     -  149s
H    0     0                    4727001.0700 4871490.25  3.06%     -  155s
H    0     0                    4727179.5550 4871490.25  3.05%     -  155s
H    0     0                    4729953.6200 4871490.25  2.99%     -  156s
H    0     0                    4732487.6450 4871490.25  2.94%     -  156s
H    0     0                    4735411.5250 4871490.25  2.87%     -  156s
H    0     0                    4736571.8350 4871490.25  2.85%     -  156s
H    0     0                    4737539.3050 4871490.25  2.83%     -  157s
H    0     0                    4738461.9400 4871490.25  2.81%     -  157s
H    0     0                    4739858.8450 4871490.25  2.78%     -  157s
H    0     0                    4740824.5300 4871490.25  2.76%     -  157s
H    0     0                    4741364.6800 4871490.25  2.74%     -  159s
     0     0 4871463.20    0 4681 4741364.68 4871463.20  2.74%     -  160s
     0     0 4871455.14    0 4695 4741364.68 4871455.14  2.74%     -  161s
     0     0 4871402.31    0 4724 4741364.68 4871402.31  2.74%     -  164s
     0     0 4871399.90    0 4317 4741364.68 4871399.90  2.74%     -  167s
     0     2 4871399.81    0 4278 4741364.68 4871399.81  2.74%     -  182s
     1     4 4870695.05    1 4371 4741364.68 4871399.81  2.74%  8765  188s
     3     8 4870666.21    2 4571 4741364.68 4871399.81  2.74%  3257  190s
     7    16 4870592.90    3 4693 4741364.68 4871395.55  2.74%  2210  205s
    15    26 4870585.48    4 4758 4741364.68 4871380.51  2.74%  2535  224s
    25    45 4870582.55    5 4792 4741364.68 4871377.16  2.74%  2644  238s
H   26    45                    4757145.3050 4871377.16  2.40%  2542  238s
H   28    45                    4764160.3450 4871377.02  2.25%  2381  238s
    44    55 4869232.06    6 4696 4764160.34 4871375.02  2.25%  1685  252s
    54    65 4870528.72    7 4728 4764160.34 4871375.02  2.25%  1411  267s
    64    75 4870523.64    7 4731 4764160.34 4871375.02  2.25%  1313  278s
    74    85 4870520.45    8 4723 4764160.34 4871375.02  2.25%  1153  289s
    84    95 4870528.72    8 4728 4764160.34 4871375.02  2.25%  1028  305s
    94   105 4870509.83    9 4718 4764160.34 4871375.02  2.25%   922  319s
   104   132 4870503.43    9 4696 4764160.34 4871375.02  2.25%   838  330s
   131   156 4870496.11   10 4723 4764160.34 4871375.02  2.25%   688  344s
   155   180 4870496.11   11 4723 4764160.34 4871375.02  2.25%   618  353s
   179   210 4870469.63   13 4695 4764160.34 4871375.02  2.25%   579  362s
   209   238 4870477.74   18 4747 4764160.34 4871375.02  2.25%   533  368s
   237   253 4870459.91   22 4742 4764160.34 4871375.02  2.25%   493  375s
   252   277 4870446.27   24 4716 4764160.34 4871375.02  2.25%   492  383s
   276   303 4870397.64   27 4720 4764160.34 4871375.02  2.25%   479  391s
H  286   303                    4768548.5550 4871375.02  2.16%   471  391s
H  302   336                    4769516.4100 4871375.02  2.14%   455  398s
   335   368 4870172.01   29 4665 4769516.41 4871375.02  2.14%   439  405s
   367   403 4870351.61   30 4678 4769516.41 4871375.02  2.14%   427  413s
   402   444 4870334.25   36 4643 4769516.41 4871375.02  2.14%   420  421s
   443   506 4870308.72   37 4644 4769516.41 4871375.02  2.14%   409  429s
   505   564 4870334.25   40 4646 4769516.41 4871375.02  2.14%   383  437s
   563   631 4870334.25   42 4645 4769516.41 4871375.02  2.14%   368  445s
   630   699 4870329.87   47 4649 4769516.41 4871375.02  2.14%   352  456s
   698   753 4870325.15   50 4637 4769516.41 4871375.02  2.14%   335  465s
   752   763 4870316.92   59 4626 4769516.41 4871375.02  2.14%   330  590s
   762   823 4870162.19   59 4598 4769516.41 4871375.02  2.14%   330  600s
   822   892 4870268.08   73 4619 4769516.41 4871375.02  2.14%   328  610s
   891   941 4870258.00   83 4571 4769516.41 4871375.02  2.14%   320  620s
   940  1001 4870245.48   85 4579 4769516.41 4871375.02  2.14%   323  630s
H 1000  1011                    4778177.8050 4871375.02  1.95%   322  646s
H 1002  1011                    4780683.7300 4871375.02  1.90%   322  646s
H 1009  1011                    4782100.5300 4871375.02  1.87%   322  646s
H 1010  1068                    4782154.2750 4871375.02  1.87%   322  657s
  1067  1161 4870222.13   91 4622 4782154.27 4871375.02  1.87%   322  666s
  1160  1226 4870154.63   96 4592 4782154.27 4871375.02  1.87%   312  679s
  1225  1236 4870173.34   97 4589 4782154.27 4871375.02  1.87%   314  695s
  1235  1246 4870183.16   98 4584 4782154.27 4871375.02  1.87%   315  711s
  1245  1256 4870110.41   98 4554 4782154.27 4871375.02  1.87%   317  724s
H 1247  1256                    4784835.6650 4871375.02  1.81%   317  724s
H 1248  1256                    4788837.7050 4871375.02  1.72%   317  724s
H 1249  1256                    4790653.1000 4871375.02  1.68%   316  724s
  1255  1336 4870179.42   99 4587 4790653.10 4871375.02  1.68%   317  736s
  1335  1458 4870156.92  103 4574 4790653.10 4871375.02  1.68%   314  748s
  1457  1580 4870139.98  113 4588 4790653.10 4871375.02  1.68%   302  764s
  1579  1685 4870125.39  120 4579 4790653.10 4871375.02  1.68%   293  777s
  1684  1788 4870093.65  131 4565 4790653.10 4871375.02  1.68%   289  790s
  1787  1798 4869903.77  142 4543 4790653.10 4871375.02  1.68%   285  812s
H 1797  1808                    4797499.6200 4871375.02  1.54%   284  832s
  1807  1895 4869877.68  143 4559 4797499.62 4871375.02  1.54%   287  848s
  1894  2003 4869879.53  149 4606 4797499.62 4871375.02  1.54%   287  864s
  2002  2169 4869791.81  154 4568 4797499.62 4871375.02  1.54%   286  880s
  2168  2318 4869802.06  157 4600 4797499.62 4871375.02  1.54%   277  899s
  2317  2328 4869713.73  184 4561 4797499.62 4871375.02  1.54%   272  920s
  2327  2369 4869694.41  185 4566 4797499.62 4871375.02  1.54%   271  938s
  2368  2510 4869657.03  196 4572 4797499.62 4871375.02  1.54%   270  957s
  2509  2695 4869618.04  208 4565 4797499.62 4871375.02  1.54%   265  977s
  2694  2953 4869612.95  211 4558 4797499.62 4871375.02  1.54%   259  997s
  2952  3122 4869551.48  231 4432 4797499.62 4871375.02  1.54%   248 1017s
  3121  3322 4869393.46  245 4417 4797499.62 4871375.02  1.54%   247 1038s
  3321  3459 4869278.58  262 4273 4797499.62 4871375.02  1.54%   243 1061s
  3458  3666 4869257.02  274 4269 4797499.62 4871375.02  1.54%   245 1082s
  3665  3870 4869256.82  293 4284 4797499.62 4871375.02  1.54%   242 1106s
  3869  4116 4869236.93  300 4278 4797499.62 4871375.02  1.54%   239 1131s
  4115  4126 4869175.35  308 4275 4797499.62 4871375.02  1.54%   235 1171s
H 4117  4126                    4798570.4606 4871375.02  1.52%   235 1171s
H 4118  4126                    4799777.4600 4871375.02  1.49%   235 1171s
H 4125  4352                    4800217.4600 4871375.02  1.48%   235 1196s
H 4351  4367                    4801395.9450 4871375.02  1.46%   233 1244s
H 4358  4367                    4803043.4800 4871375.02  1.42%   234 1244s
H 4359  4367                    4803698.2250 4871375.02  1.41%   234 1244s
H 4362  4367                    4804542.0900 4871375.02  1.39%   234 1244s
H 4365  4367                    4805313.6500 4871375.02  1.37%   234 1244s
  4366  4751 4868986.91  323 4206 4805313.65 4871375.02  1.37%   234 1271s
  4750  5006 4869069.70  342 4256 4805313.65 4871375.02  1.37%   224 1299s
  5005  5267 4869032.27  353 4240 4805313.65 4871375.02  1.37%   222 1326s
  5266  5278 4868998.42  359 4247 4805313.65 4871375.02  1.37%   219 1365s
  5277  5558 4868895.80  359 4226 4805313.65 4871375.02  1.37%   219 1395s
  5557  5854 4868974.37  393 4231 4805313.65 4871375.02  1.37%   216 1426s
  5853  6229 4868914.86  428 4215 4805313.65 4871375.02  1.37%   214 1458s
  6228  6600 4868856.29  457 4227 4805313.65 4871375.02  1.37%   210 1491s
  6599  6906 4868824.84  475 4232 4805313.65 4871375.02  1.37%   206 1524s
  6905  7053 4868783.27  491 4219 4805313.65 4871375.02  1.37%   205 1577s
H 6911  7053                    4805437.2750 4871375.02  1.37%   206 1577s
H 6929  7053                    4806336.4600 4871375.02  1.35%   206 1577s
H 7036  7053                    4806466.5607 4871375.02  1.35%   204 1577s
  7052  7063 4868766.70  496 4214 4806466.56 4871375.02  1.35%   205 1644s
  7062  7177 4868707.40  496 4196 4806466.56 4871375.02  1.35%   205 1699s
  7176  7732 4868766.17  497 4206 4806466.56 4871375.02  1.35%   204 1740s
  7731  8134 4868703.03  541 4209 4806466.56 4871375.02  1.35%   197 1780s
  8134  8135 4866802.43  814 4317 4806466.56 4871375.02  1.35%   194 1846s
  8136  8136 4870263.85   78 3286 4806466.56 4871375.02  1.35%   194 1867s
  8137  8137 4869299.79  265 3283 4806466.56 4871375.02  1.35%   194 1882s
  8138  8138 4867045.64  470 3507 4806466.56 4871375.02  1.35%   194 1885s
H 8138  7731                    4806478.4300 4871375.02  1.35%   194 1889s
H 8138  7344                    4807031.4850 4871375.02  1.34%   194 1889s
H 8138  6977                    4807577.5400 4871375.02  1.33%   194 1889s
H 8138  6628                    4807979.0950 4871375.02  1.32%   194 1891s
H 8138  6296                    4809089.2900 4871375.02  1.30%   194 1891s
H 8139  5981                    4809145.7700 4871375.02  1.29%   194 1896s
H 8140  5683                    4810668.0750 4871375.02  1.26%   194 1902s
  8142  5684 4870050.84  118 3884 4810668.07 4871375.02  1.26%   194 1907s
  8143  5685 4868895.74  360 3942 4810668.07 4871375.02  1.26%   194 1912s
  8144  5686 4868881.02  333 4074 4810668.07 4871375.02  1.26%   194 1916s
  8145  5686 4870121.41  114 4049 4810668.07 4871375.02  1.26%   194 1921s
  8146  5687 4867259.93  667 4163 4810668.07 4871375.02  1.26%   194 1925s
H 8146  5403                    4810764.0200 4871375.02  1.26%   194 1926s
H 8146  5132                    4810903.2350 4871375.02  1.26%   194 1926s
  8148  5133 4868460.78  154 4305 4810903.23 4871375.02  1.26%   194 1933s
  8149  5134 4868443.69  556 4381 4810903.23 4871285.30  1.26%   194 1937s
  8150  5135 4870438.45   27 4405 4810903.23 4871152.63  1.25%   194 1941s
  8152  5136 4869216.22  439 4489 4810903.23 4871072.31  1.25%   194 1946s
  8155  5138 4868363.24  199 4573 4810903.23 4871059.16  1.25%   194 1955s
H 8155  4881                    4810982.6950 4870658.47  1.24%   194 1974s
H 8155  4636                    4811320.6100 4870658.47  1.23%   194 1975s
H 8155  4404                    4811458.0250 4870658.47  1.23%   194 1975s
  8157  4405 4868674.59  119 4373 4811458.02 4870350.09  1.22%   194 1980s
  8159  4407 4869870.66    4 4402 4811458.02 4869870.66  1.21%   194 1986s
  8161  4408 4869218.14  417 4492 4811458.02 4869603.51  1.21%   194 1991s
  8163  4409 4869446.31   46 4435 4811458.02 4869446.31  1.21%   194 1998s
  8164  4410 4869077.94    9 4488 4811458.02 4869428.43  1.20%   194 2000s
  8166  4411 4867623.02  539 4431 4811458.02 4869369.26  1.20%   194 2006s
  8168  4413 4869240.53  320 4556 4811458.02 4869240.53  1.20%   194 2013s
  8169  4413 4869102.16  439 4543 4811458.02 4869102.16  1.20%   194 2016s
  8171  4415 4868772.96  406 4593 4811458.02 4868970.58  1.20%   194 2023s
  8172  4415 4868949.80   38 4604 4811458.02 4868949.80  1.19%   194 2025s
  8174  4417 4868522.41  408 4615 4811458.02 4868907.48  1.19%   193 2030s
  8176  4418 4868895.17  241 4661 4811458.02 4868895.17  1.19%   193 2035s
  8177  4419 4868895.04  152 4675 4811458.02 4868895.04  1.19%   193 2044s
  8178  4419 4868672.92   85 4409 4811458.02 4868672.92  1.19%   193 2092s
  8179  4420 4868139.36  598 4432 4811458.02 4868512.10  1.19%   193 2099s
  8180  4421 4867852.60  323 4468 4811458.02 4868421.71  1.18%   193 2104s
  8181  4421 4868279.10  112 4452 4811458.02 4868279.10  1.18%   193 2109s
  8182  4422 4868238.91   52 4436 4811458.02 4868238.91  1.18%   193 2114s
H 8182  4200                    4813326.5750 4868205.01  1.14%   193 2116s
  8184  4201 4868177.62  608 4464 4813326.57 4868177.62  1.14%   193 2121s
  8186  4203 4868150.48  233 4503 4813326.57 4868150.48  1.14%   193 2126s
  8188  4204 4868124.04  554 4621 4813326.57 4868124.04  1.14%   193 2130s
  8190  4205 4868079.63  323 4621 4813326.57 4868079.63  1.14%   193 2135s
H 8191  3995                    4813502.2350 4867987.61  1.13%   193 2138s
  8193  3996 4867983.11   27 4672 4813502.23 4867983.11  1.13%   193 2141s
  8194  3997 4867937.10  138 4616 4813502.23 4867937.10  1.13%   193 2146s
  8196  3998 4867360.36  617 4635 4813502.23 4867919.00  1.13%   193 2151s
  8199  4000 4867897.03  378 4728 4813502.23 4867897.03  1.13%   193 2156s
  8201  4002 4867870.84   86 4748 4813502.23 4867870.84  1.13%   193 2160s
  8203  4003 4867853.73  295 4737 4813502.23 4867853.73  1.13%   193 2165s
H 8206  3804                    4814414.9950 4867847.01  1.11%   193 2173s
  8207  3805 4867847.01  527 4763 4814414.99 4867847.01  1.11%   193 2175s
H 8207  3613                    4814866.9250 4867715.05  1.10%   193 2217s
H 8207  3431                    4816022.6100 4867715.05  1.07%   193 2219s
  8208  3431 4867715.05  592 4468 4816022.61 4867715.05  1.07%   193 2225s
  8210  3433 4867687.52  335 4577 4816022.61 4867687.52  1.07%   193 2231s
  8212  3434 4867673.85  232 4581 4816022.61 4867673.85  1.07%   193 2235s
  8215  3436 4867508.60  324 4705 4816022.61 4867646.43  1.07%   192 2241s
  8217  3437 4867636.86  153 4690 4816022.61 4867636.86  1.07%   192 2246s
  8219  3439 4867586.56  247 4764 4816022.61 4867586.56  1.07%   192 2253s
  8220  3439 4867576.21  231 4790 4816022.61 4867576.21  1.07%   192 2256s
  8222  3441 4867565.90  193 4804 4816022.61 4867565.90  1.07%   192 2261s
  8224  3442 4867519.70  354 4747 4816022.61 4867519.70  1.07%   192 2265s
  8227  3444 4867483.47   29 4787 4816022.61 4867483.47  1.07%   192 2272s
  8228  3445 4867476.64   33 4766 4816022.61 4867476.64  1.07%   192 2275s
  8230  3446 4867460.62  255 4856 4816022.61 4867460.62  1.07%   192 2280s
  8233  3448 4867439.87  158 4905 4816022.61 4867439.87  1.07%   192 2285s
  8235  3449 4867436.70  600 4926 4816022.61 4867436.70  1.07%   192 2293s
H 8235  3275                    4816158.5850 4867349.83  1.06%   192 2322s
  8236  3276 4867349.83   78 4559 4816158.58 4867349.83  1.06%   192 2348s
  8237  3277 4867346.72  265 4679 4816158.58 4867346.72  1.06%   192 2350s
  8239  3278 4867337.93  188 4766 4816158.58 4867337.93  1.06%   192 2356s
  8242  3280 4867329.36  118 4809 4816158.58 4867329.36  1.06%   192 2361s
  8244  3281 4867320.39  333 4747 4816158.58 4867320.39  1.06%   192 2366s
  8247  3283 4867306.27  262 4858 4816158.58 4867306.27  1.06%   192 2370s
  8250  3285 4867281.03   27 4839 4816158.58 4867281.03  1.06%   192 2375s
  8253  3287 4867271.96  520 4897 4816158.58 4867271.96  1.06%   192 2380s
  8254  3288 4867271.58   98 4919 4816158.58 4867271.58  1.06%   192 2386s
H 8254  3122                    4816637.5350 4867216.35  1.05%   192 2403s
H 8254  2964                    4816804.1200 4867216.35  1.05%   192 2403s
H 8254  2813                    4816924.1200 4867216.35  1.04%   192 2423s
H 8254  2671                    4816924.1300 4867216.35  1.04%   192 2423s
H 8254  2535                    4817403.4000 4867216.35  1.03%   192 2424s
H 8254  2406                    4817429.2100 4867216.35  1.03%   192 2426s
H 8254  2284                    4817433.5600 4867216.35  1.03%   192 2428s
  8256  2285 4867213.72  577 4764 4817433.56 4867213.72  1.03%   192 2431s
  8258  2287 4867209.16   73 4740 4817433.56 4867209.16  1.03%   191 2436s
  8261  2289 4867195.91  417 4777 4817433.56 4867195.91  1.03%   191 2441s
  8263  2290 4867190.03   46 4774 4817433.56 4867190.03  1.03%   191 2445s
  8267  2293 4867173.33  760 4809 4817433.56 4867173.33  1.03%   191 2450s
  8268  2293 4867172.87  320 4847 4817433.56 4867172.87  1.03%   191 2457s
  8269  2294 4867163.14  439 4565 4817433.56 4867163.14  1.03%   191 2499s
  8270  2295 4867162.20   33 4692 4817433.56 4867162.20  1.03%   191 2501s
  8273  2297 4867124.91  266 4769 4817433.56 4867124.91  1.03%   191 2506s
  8276  2299 4867120.76  241 4806 4817433.56 4867120.76  1.03%   191 2511s
  8279  2301 4867104.27  598 4848 4817433.56 4867104.27  1.03%   191 2515s
  8282  2303 4867100.11   52 4850 4817433.56 4867100.11  1.03%   191 2525s
  8283  2303 4867087.98  503 4507 4817433.56 4867087.98  1.03%   191 2559s
  8284  2304 4867087.38  608 4638 4817433.56 4867087.38  1.03%   191 2561s
  8287  2306 4867080.09  486 4801 4817433.56 4867080.09  1.03%   191 2566s
  8289  2307 4867070.95  294 4844 4817433.56 4867070.95  1.03%   191 2570s
  8292  2309 4867062.49  440 4896 4817433.56 4867062.49  1.03%   191 2576s
  8295  2311 4867049.79  346 4992 4817433.56 4867049.79  1.03%   191 2580s
  8298  2313 4867046.69  596 4926 4817433.56 4867046.69  1.03%   191 2591s
  8299  2314 4867041.12  378 4672 4817433.56 4867041.12  1.03%   191 2746s
H 8299  2195                    4817643.3550 4867040.76  1.03%   191 2747s
  8300  2196 4867040.76   61 4803 4817643.35 4867040.76  1.03%   191 2777s
H 8300  2084                    4817803.3550 4867037.79  1.02%   191 2809s
  8301  2084 4867037.79   86 4771 4817803.35 4867037.79  1.02%   191 2819s
  8302  2085 4867037.24  276 4861 4817803.35 4867037.24  1.02%   190 2826s
  8303  2086 4867034.02  295 4661 4817803.35 4867034.02  1.02%   190 2850s
  8304  2086 4867033.77  233 4755 4817803.35 4867033.77  1.02%   190 2857s
  8305  2087 4867009.10  386 4601 4817803.35 4867009.10  1.02%   190 2921s
  8306  2088 4867008.80  283 4715 4817803.35 4867008.80  1.02%   190 2927s
  8307  2088 4867007.09  527 4582 4817803.35 4867007.09  1.02%   190 2951s
  8308  2089 4867007.07  592 4727 4817803.35 4867007.07  1.02%   190 2959s
  8309  2090 4867005.82  585 4609 4817803.35 4867005.82  1.02%   190 2980s
  8310  2090 4867005.42  335 4728 4817803.35 4867005.42  1.02%   190 2987s

Cutting planes:
  Gomory: 222
  Cover: 11
  Clique: 2112
  MIR: 119
  Mixing: 1
  Flow cover: 498
  GUB cover: 9
  Zero half: 560
  Relax-and-lift: 42

Explored 8310 nodes (2129550 simplex iterations) in 3021.11 seconds (2642.70 work units)
Thread count was 12 (of 12 available processors)

Solution count 10: 4.8178e+06 4.81764e+06 4.81743e+06 ... 4.81616e+06

Time limit reached
Best objective 4.817803355000e+06, best bound 4.867004616982e+06, gap 1.0212%
