
Gurobi 12.0.1 (win64) logging started Mon Mar 16 01:31:37 2026

Set parameter LogFile to value "logs\full_H_50_restricted_subset15_5it_w_max_cap200_seed42_CG.log"
Gurobi Optimizer version 12.0.1 build v12.0.1rc0 (win64 - Windows 11.0 (26100.2))

CPU model: 13th Gen Intel(R) Core(TM) i7-1355U, instruction set [SSE2|AVX|AVX2]
Thread count: 10 physical cores, 12 logical processors, using up to 12 threads

Non-default parameters:
TimeLimit  3.1617642297744751e+03
FeasibilityTol  1e-09
MIPGap  0.005

Optimize a model with 8368 rows, 132052 columns and 1087785 nonzeros
Model fingerprint: 0x90de0005
Variable types: 0 continuous, 132052 integer (131882 binary)
Coefficient statistics:
  Matrix range     [4e-01, 1e+02]
  Objective range  [1e-02, 2e+05]
  Bounds range     [1e+00, 3e+00]
  RHS range        [1e+00, 3e+00]
Presolve removed 710 rows and 9415 columns
Presolve time: 2.64s
Presolved: 7658 rows, 122637 columns, 1000278 nonzeros
Variable types: 0 continuous, 122637 integer (122632 binary)
Found heuristic solution: objective -3201113.215
Found heuristic solution: objective -2725342.455
Deterministic concurrent LP optimizer: primal simplex, dual simplex, and barrier
Showing barrier log only...

Root barrier log...

Ordering time: 0.04s

Barrier statistics:
 AA' NZ     : 1.550e+05
 Factor NZ  : 2.546e+05 (roughly 50 MB of memory)
 Factor Ops : 9.820e+06 (less than 1 second per iteration)
 Threads    : 8

                  Objective                Residual
Iter       Primal          Dual         Primal    Dual     Compl     Time
   0   6.65162428e+09  7.00727829e+06  7.59e+04 2.26e+03  4.60e+04     4s
   1   2.95877161e+09  1.84029557e+07  3.38e+04 1.18e+03  2.08e+04     4s
   2   6.98134677e+08  2.55035189e+07  7.94e+03 6.19e+02  5.04e+03     4s
   3   1.39848268e+08  2.33032105e+07  1.55e+03 7.28e-12  1.03e+03     4s
   4   7.45634297e+07  1.79740565e+07  8.09e+02 6.37e-12  5.33e+02     4s
   5   3.49306417e+07  1.44084792e+07  3.60e+02 5.46e-11  2.42e+02     4s
   6   1.31750539e+07  1.16470538e+07  1.15e+02 7.28e-12  8.99e+01     4s
   7   7.04296663e+06  9.68330267e+06  4.54e+01 7.28e-12  4.50e+01     4s
   8   5.77749851e+06  7.76813519e+06  3.07e+01 4.55e-12  2.84e+01     4s
   9   4.70207436e+06  5.88126437e+06  1.74e+01 4.37e-11  1.46e+01     4s
  10   4.24146369e+06  4.95957087e+06  1.11e+01 1.46e-11  8.78e+00     4s
  11   4.03717823e+06  4.62331470e+06  8.32e+00 2.91e-11  6.67e+00     4s
  12   3.90734088e+06  4.22034160e+06  6.72e+00 3.87e-12  4.53e+00     4s
  13   3.80002285e+06  3.94849359e+06  5.16e+00 3.64e-12  2.98e+00     4s
  14   3.68593734e+06  3.78360205e+06  3.32e+00 7.28e-12  1.87e+00     4s
  15   3.65229131e+06  3.71279550e+06  2.57e+00 3.64e-12  1.37e+00     4s
  16   3.64772249e+06  3.69962892e+06  2.47e+00 7.28e-12  1.29e+00     4s
  17   3.62947280e+06  3.65294683e+06  1.98e+00 3.64e-12  9.51e-01     4s
  18   3.60823307e+06  3.63427463e+06  1.45e+00 3.27e-12  7.33e-01     4s
  19   3.59966670e+06  3.61964553e+06  1.23e+00 4.15e-12  6.10e-01     5s
  20   3.59041229e+06  3.60478095e+06  9.05e-01 2.70e-12  4.45e-01     5s
  21   3.58581134e+06  3.59058748e+06  7.22e-01 2.55e-11  3.26e-01     5s
  22   3.57967931e+06  3.58516296e+06  5.18e-01 7.28e-12  2.27e-01     5s
  23   3.57695922e+06  3.58116728e+06  3.53e-01 3.68e-12  1.66e-01     5s
  24   3.57630395e+06  3.57747369e+06  2.67e-01 3.64e-12  1.18e-01     5s
  25   3.57522100e+06  3.57563791e+06  1.87e-01 4.55e-12  8.07e-02     5s
  26   3.57416194e+06  3.57459431e+06  1.25e-01 3.08e-12  5.41e-02     5s
  27   3.57353222e+06  3.57387841e+06  8.16e-02 2.81e-12  3.55e-02     5s
  28   3.57321383e+06  3.57345644e+06  5.64e-02 3.02e-12  2.45e-02     5s
  29   3.57304269e+06  3.57322273e+06  4.13e-02 3.47e-12  1.79e-02     5s
  30   3.57291541e+06  3.57303818e+06  2.91e-02 3.64e-12  1.26e-02     5s
  31   3.57283489e+06  3.57295352e+06  2.01e-02 2.55e-11  8.84e-03     5s
  32   3.57278912e+06  3.57287037e+06  1.47e-02 3.64e-12  6.44e-03     5s
  33   3.57275727e+06  3.57283546e+06  1.05e-02 2.91e-11  4.66e-03     5s
  34   3.57273770e+06  3.57279974e+06  7.57e-03 2.18e-11  3.39e-03     5s
  35   3.57271214e+06  3.57275722e+06  3.72e-03 2.55e-11  1.72e-03     5s
  36   3.57270849e+06  3.57273345e+06  1.74e-03 4.38e-12  8.16e-04     5s
  37   3.57271028e+06  3.57272421e+06  8.39e-04 4.29e-12  4.00e-04     5s
  38   3.57270927e+06  3.57271688e+06  6.20e-04 1.46e-11  2.85e-04     5s
  39   3.57270787e+06  3.57271411e+06  4.06e-04 3.82e-12  1.92e-04     5s
  40   3.57270741e+06  3.57271173e+06  3.01e-04 4.37e-11  1.41e-04     5s
  41   3.57270709e+06  3.57270800e+06  1.52e-04 2.91e-11  6.61e-05     6s
  42   3.57270685e+06  3.57270742e+06  8.95e-05 3.27e-11  3.90e-05     6s
  43   3.57270679e+06  3.57270707e+06  5.26e-05 3.27e-11  2.27e-05     6s
  44   3.57270678e+06  3.57270688e+06  2.48e-05 7.64e-11  1.06e-05     6s
  45   3.57270674e+06  3.57270686e+06  1.03e-05 6.91e-11  4.75e-06     6s
  46   3.57270682e+06  3.57270683e+06  9.25e-07 4.32e-12  4.19e-07     6s
  47   3.57270683e+06  3.57270683e+06  7.40e-10 4.73e-11  2.71e-10     6s

Barrier solved model in 47 iterations and 5.73 seconds (7.10 work units)
Optimal objective 3.57270683e+06


Root crossover log...

    1405 DPushes remaining with DInf 0.0000000e+00                 6s
       0 DPushes remaining with DInf 0.0000000e+00                 6s

   10634 PPushes remaining with PInf 3.8440516e-07                 6s
       0 PPushes remaining with PInf 0.0000000e+00                 6s

  Push phase complete: Pinf 0.0000000e+00, Dinf 7.9396706e-10      6s


Root simplex log...

Iteration    Objective       Primal Inf.    Dual Inf.      Time
   11947    3.5727068e+06   0.000000e+00   0.000000e+00      6s
Concurrent spin time: 1.18s (can be avoided by choosing Method=3)

Solved with barrier

Root relaxation: objective 3.572707e+06, 11947 iterations, 4.27 seconds (2.34 work units)

    Nodes    |    Current Node    |     Objective Bounds      |     Work
 Expl Unexpl |  Obj  Depth IntInf | Incumbent    BestBd   Gap | It/Node Time

     0     0 3572706.83    0 2923 -2725342.5 3572706.83   231%     -    8s
H    0     0                    1979232.2200 3572706.83  80.5%     -    8s
H    0     0                    2323964.4600 3572706.83  53.7%     -    8s
H    0     0                    2644212.1300 3572706.83  35.1%     -    8s
H    0     0                    2696191.9700 3572706.83  32.5%     -    8s
H    0     0                    2723831.6750 3572706.83  31.2%     -    8s
H    0     0                    2732321.0350 3572706.83  30.8%     -    8s
H    0     0                    2736698.2700 3572706.83  30.5%     -    8s
H    0     0                    2783660.1750 3572706.83  28.3%     -    9s
H    0     0                    2786793.4950 3572706.83  28.2%     -    9s
H    0     0                    2824771.1250 3572706.83  26.5%     -    9s
H    0     0                    2826331.1250 3572706.83  26.4%     -    9s
H    0     0                    2827260.9000 3572706.83  26.4%     -    9s
H    0     0                    2828000.3950 3572706.83  26.3%     -    9s
H    0     0                    2828081.4050 3572706.83  26.3%     -    9s
H    0     0                    2832715.5900 3572706.83  26.1%     -    9s
H    0     0                    2832866.5650 3572706.83  26.1%     -    9s
H    0     0                    2833176.0950 3572706.83  26.1%     -    9s
H    0     0                    3263215.3350 3572706.83  9.48%     -   10s
H    0     0                    3303907.5800 3572706.83  8.14%     -   12s
H    0     0                    3304427.5800 3572706.83  8.12%     -   12s
H    0     0                    3305007.2050 3572706.83  8.10%     -   13s
H    0     0                    3331757.7600 3572706.83  7.23%     -   15s
H    0     0                    3333157.7600 3572706.83  7.19%     -   16s
H    0     0                    3333517.7600 3572706.83  7.18%     -   16s
H    0     0                    3336204.7700 3572706.83  7.09%     -   16s
H    0     0                    3336588.1000 3572706.83  7.08%     -   18s
     0     0 3565748.99    0 3341 3336588.10 3565748.99  6.87%     -   22s
H    0     0                    3355963.3000 3565748.85  6.25%     -   24s
H    0     0                    3362074.9000 3565748.85  6.06%     -   25s
H    0     0                    3364294.6650 3565748.85  5.99%     -   25s
H    0     0                    3365778.9250 3565748.85  5.94%     -   25s
H    0     0                    3365837.0050 3565748.85  5.94%     -   26s
H    0     0                    3373475.6300 3565748.85  5.70%     -   27s
H    0     0                    3375883.2250 3565748.85  5.62%     -   29s
H    0     0                    3375909.0350 3565748.85  5.62%     -   29s
H    0     0                    3377643.5350 3565748.85  5.57%     -   29s
H    0     0                    3380694.5950 3565748.85  5.47%     -   29s
H    0     0                    3380824.2150 3565748.85  5.47%     -   30s
H    0     0                    3381512.4550 3565748.85  5.45%     -   30s
H    0     0                    3388512.9400 3565748.85  5.23%     -   31s
     0     0 3563016.38    0 3451 3388512.94 3563016.38  5.15%     -   34s
     0     0 3562129.84    0 3493 3388512.94 3562129.84  5.12%     -   35s
     0     0 3561909.12    0 3561 3388512.94 3561909.12  5.12%     -   36s
     0     0 3561794.66    0 3587 3388512.94 3561794.66  5.11%     -   37s
     0     0 3561782.60    0 3619 3388512.94 3561782.60  5.11%     -   37s
     0     0 3561782.43    0 3629 3388512.94 3561782.43  5.11%     -   37s
     0     0 3559456.80    0 3616 3388512.94 3559456.80  5.04%     -   41s
H    0     0                    3389658.7150 3559456.80  5.01%     -   42s
H    0     0                    3390122.8600 3559456.80  4.99%     -   42s
     0     0 3558083.88    0 3608 3390122.86 3558083.88  4.95%     -   45s
     0     0 3557604.72    0 3560 3390122.86 3557604.72  4.94%     -   47s
     0     0 3557475.40    0 3635 3390122.86 3557475.40  4.94%     -   48s
     0     0 3557291.88    0 3655 3390122.86 3557291.88  4.93%     -   49s
     0     0 3557152.55    0 3711 3390122.86 3557152.55  4.93%     -   50s
     0     0 3557118.96    0 3726 3390122.86 3557118.96  4.93%     -   51s
     0     0 3557117.23    0 3742 3390122.86 3557117.23  4.93%     -   51s
     0     0 3555282.64    0 3877 3390122.86 3555282.64  4.87%     -   55s
H    0     0                    3390650.9100 3555280.05  4.86%     -   60s
H    0     0                    3393306.2000 3555280.05  4.77%     -   60s
H    0     0                    3400204.2800 3555280.05  4.56%     -   62s
H    0     0                    3401310.0400 3555280.05  4.53%     -   62s
H    0     0                    3406906.0050 3555280.05  4.36%     -   62s
H    0     0                    3407221.9250 3555280.05  4.35%     -   63s
H    0     0                    3414920.9150 3555280.05  4.11%     -   63s
     0     0 3554365.98    0 3753 3414920.91 3554365.98  4.08%     -   66s
     0     0 3553871.66    0 3764 3414920.91 3553871.66  4.07%     -   69s
     0     0 3553747.30    0 3842 3414920.91 3553747.30  4.07%     -   70s
     0     0 3553697.13    0 3903 3414920.91 3553697.13  4.06%     -   71s
     0     0 3553582.25    0 3944 3414920.91 3553582.25  4.06%     -   72s
     0     0 3553553.75    0 4019 3414920.91 3553553.75  4.06%     -   72s
     0     0 3553536.74    0 4055 3414920.91 3553536.74  4.06%     -   73s
     0     0 3553533.18    0 4076 3414920.91 3553533.18  4.06%     -   73s
     0     0 3552563.89    0 4079 3414920.91 3552563.89  4.03%     -   76s
H    0     0                    3421862.5550 3552563.49  3.82%     -   77s
H    0     0                    3423135.3150 3552563.49  3.78%     -   79s
     0     0 3552297.51    0 3995 3423135.31 3552297.51  3.77%     -   82s
     0     0 3552234.17    0 4163 3423135.31 3552234.17  3.77%     -   84s
     0     0 3552173.94    0 4160 3423135.31 3552173.94  3.77%     -   85s
     0     0 3552157.09    0 4205 3423135.31 3552157.09  3.77%     -   85s
     0     0 3552153.31    0 4227 3423135.31 3552153.31  3.77%     -   86s
     0     0 3551544.02    0 4139 3423135.31 3551544.02  3.75%     -   90s
     0     0 3551365.03    0 4262 3423135.31 3551365.03  3.75%     -  109s
     0     0 3551302.21    0 4312 3423135.31 3551302.21  3.74%     -  111s
     0     0 3551273.05    0 4325 3423135.31 3551273.05  3.74%     -  112s
     0     0 3551263.20    0 4377 3423135.31 3551263.20  3.74%     -  113s
     0     0 3550912.17    0 4358 3423135.31 3550912.17  3.73%     -  116s
     0     0 3550804.29    0 4366 3423135.31 3550804.29  3.73%     -  122s
     0     0 3550712.00    0 4443 3423135.31 3550712.00  3.73%     -  124s
     0     0 3550666.57    0 4514 3423135.31 3550666.57  3.73%     -  125s
     0     0 3550660.04    0 4515 3423135.31 3550660.04  3.73%     -  125s
     0     0 3550314.47    0 4380 3423135.31 3550314.47  3.72%     -  128s
     0     0 3550245.45    0 4391 3423135.31 3550245.45  3.71%     -  134s
     0     0 3550184.27    0 4385 3423135.31 3550184.27  3.71%     -  136s
     0     0 3550172.91    0 4502 3423135.31 3550172.91  3.71%     -  136s
     0     0 3549977.61    0 4449 3423135.31 3549977.61  3.71%     -  139s
H    0     0                    3428289.1000 3549977.17  3.55%     -  145s
H    0     0                    3434864.9050 3549977.17  3.35%     -  145s
H    0     0                    3440917.1650 3549977.17  3.17%     -  145s
H    0     0                    3442095.6500 3549977.17  3.13%     -  145s
H    0     0                    3442415.6500 3549977.17  3.12%     -  145s
H    0     0                    3442634.0500 3549977.17  3.12%     -  145s
     0     0 3549939.08    0 4538 3442634.05 3549939.08  3.12%     -  148s
     0     0 3549904.52    0 4605 3442634.05 3549904.52  3.12%     -  149s
     0     0 3549896.91    0 4667 3442634.05 3549896.91  3.12%     -  149s
     0     0 3549447.44    0 4433 3442634.05 3549447.44  3.10%     -  152s
     0     0 3549379.55    0 4517 3442634.05 3549379.55  3.10%     -  155s
     0     0 3549370.79    0 4601 3442634.05 3549370.79  3.10%     -  156s
     0     0 3549260.79    0 4576 3442634.05 3549260.79  3.10%     -  160s
     0     0 3549260.19    0 4229 3442634.05 3549260.19  3.10%     -  162s
H    0     0                    3443122.3600 3549260.18  3.08%     -  188s
H    0     0                    3443557.6650 3549260.18  3.07%     -  188s
H    0     0                    3445237.6650 3549260.18  3.02%     -  188s
H    0     0                    3445357.6650 3549260.18  3.02%     -  188s
H    0     0                    3447935.0800 3549260.18  2.94%     -  189s
     0     2 3549260.18    0 4171 3447935.08 3549260.18  2.94%     -  197s
     3     8 3549249.07    2 4400 3447935.08 3549260.18  2.94%  1779  201s
     7    16 3549213.31    3 4545 3447935.08 3549249.07  2.94%  1540  208s
    15    26 3549197.06    4 4657 3447935.08 3549212.57  2.94%  1660  213s
    25    46 3549196.02    5 4683 3447935.08 3549196.99  2.94%  1394  225s
H   26    46                    3447971.5900 3549196.99  2.94%  1340  225s
H   44    46                    3448211.5900 3549196.99  2.93%   904  225s
    45    56 3549191.18    7 4649 3448211.59 3549196.99  2.93%   890  247s
    55    66 3549110.81    8 4595 3448211.59 3549196.99  2.93%   774  285s
    65   294 3549172.41    8 4633 3448211.59 3549196.99  2.93%   694  337s
H   97   294                    3454979.1600 3549196.99  2.73%   524  337s
H  293   664                    3458448.1900 3549196.99  2.62%   307  418s
H  344   664                    3462007.2850 3549196.99  2.52%   296  418s
H  397   664                    3464044.4450 3549196.99  2.46%   281  418s
H  461   664                    3465664.3450 3549196.99  2.41%   268  418s
H  498   664                    3466610.1600 3549196.99  2.38%   276  418s
H  572   664                    3467581.8250 3549196.99  2.35%   349  418s
H  663  1034                    3468818.0600 3549196.99  2.32%   340  587s
H  689  1034                    3475875.2950 3549196.99  2.11%   351  587s
H  935  1034                    3479738.7000 3549196.99  2.00%   343  587s
H 1033  1839                    3480321.2500 3549196.99  1.98%   345  730s
H 1086  1839                    3482555.6000 3549196.99  1.91%   348  730s
H 1303  1839                    3485601.8400 3549196.99  1.82%   330  730s
H 1791  1839                    3487919.3100 3549196.99  1.76%   319  730s
H 1838  2366                    3489138.6200 3549196.99  1.72%   325  861s
H 1899  2366                    3489421.4700 3549196.99  1.71%   322  861s
H 1947  2366                    3490388.2350 3549196.99  1.68%   321  861s
H 2322  2366                    3490488.9350 3549196.99  1.68%   311  861s
H 2365  3210                    3491210.9700 3549196.99  1.66%   312  971s
H 3209  3657                    3494403.0550 3549196.99  1.57%   294 1094s
H 3623  3657                    3495615.9150 3549196.99  1.53%   283 1094s
  3656  4289 3547523.90  274 4111 3495615.91 3549196.99  1.53%   283 1199s
  4288  4577 3547342.08  328 4043 3495615.91 3549196.99  1.53%   271 1329s
  4576  5423 3547225.68  365 4012 3495615.91 3549196.99  1.53%   268 1431s
  5422  6313 3546891.85  459 3998 3495615.91 3549196.99  1.53%   258 1527s
  6312  7244 3546844.76  523 3986 3495615.91 3549196.99  1.53%   248 1618s
  7243  7863 3546781.27  567 3999 3495615.91 3549196.99  1.53%   236 1712s
  7862  8151 3546654.19  607 3968 3495615.91 3549196.99  1.53%   230 1844s
  8151  8152 3547626.21  264 4229 3495615.91 3549196.99  1.53%   228 1922s
  8153  8153 3546895.38  529 2975 3495615.91 3549196.99  1.53%   228 1940s
  8154  8154 3548027.44  151 3028 3495615.91 3549196.99  1.53%   228 1958s
  8155  8155 3548102.26  108 3198 3495615.91 3549196.99  1.53%   228 1967s
  8156  8155 3547759.62  218 3445 3495615.91 3549196.99  1.53%   228 1976s
  8157  8156 3547991.71  181 3436 3495615.91 3549196.99  1.53%   228 1981s
  8158  8157 3547236.52  307 3508 3495615.91 3549196.99  1.53%   228 1985s
  8160  8158 3547523.51  275 3601 3495615.91 3549196.99  1.53%   228 1994s
  8161  8159 3547334.55  384 3770 3495615.91 3549196.99  1.53%   228 1997s
  8162  8159 3547270.27  388 3695 3495615.91 3549196.99  1.53%   228 2001s
  8164  8161 3549045.04   10 3977 3495615.91 3549196.99  1.53%   228 2005s
  8166  8162 3547307.91  350 4121 3495615.91 3549196.99  1.53%   228 2012s
  8167  8163 3548109.52   99 4231 3495615.91 3549196.99  1.53%   228 2015s
  8169  8164 3547562.33  295 4308 3495615.91 3548783.69  1.52%   228 2022s
  8171  8165 3547914.88   85 4437 3495615.91 3548694.79  1.52%   228 2026s
  8175  8168 3548220.85  117 4607 3495615.91 3548675.44  1.52%   228 2035s
  8176  8169 3547672.63  137 4235 3495615.91 3547672.63  1.49%   228 2052s
  8177  8169 3546499.56  714 4392 3495615.91 3547414.96  1.48%   228 2057s
  8178  8170 3547217.65  336 4371 3495615.91 3547217.65  1.48%   227 2062s
  8179  8171 3546996.53   31 4330 3495615.91 3546996.53  1.47%   227 2067s
  8180  8171 3546897.10  448 4232 3495615.91 3546897.10  1.47%   227 2072s
  8181  8172 3546829.32  214 4359 3495615.91 3546829.32  1.47%   227 2077s
  8182  8173 3546778.78  515 4403 3495615.91 3546778.78  1.46%   227 2080s
  8185  8175 3546685.01  426 4378 3495615.91 3546685.01  1.46%   227 2085s
  8187  8176 3546340.86  414 4455 3495615.91 3546340.86  1.45%   227 2092s
  8188  8177 3546308.21  108 4451 3495615.91 3546308.21  1.45%   227 2095s
  8190  8178 3546192.65  600 4467 3495615.91 3546192.65  1.45%   227 2104s
  8191  8179 3546149.64  372 4525 3495615.91 3546149.64  1.45%   227 2108s
  8193  8180 3546121.75  199 4557 3495615.91 3546121.75  1.44%   227 2111s
  8195  8181 3546088.84  100 4610 3495615.91 3546088.84  1.44%   227 2115s
  8198  8183 3546038.25  532 4643 3495615.91 3546038.25  1.44%   227 2120s
  8199  8184 3546037.86  729 4666 3495615.91 3546037.86  1.44%   227 2127s
H 8199  7774                    3495912.1250 3545766.39  1.43%   227 2141s
H 8199  7384                    3496421.6900 3545766.39  1.41%   227 2141s
H 8199  7014                    3496966.6800 3545766.39  1.40%   227 2141s
H 8199  6662                    3497581.4050 3545766.39  1.38%   227 2141s
H 8199  6329                    3497781.4050 3545766.19  1.37%   227 2145s
  8200  6330 3545766.19  742 4320 3497781.40 3545766.19  1.37%   227 2162s
  8201  6330 3545706.44  259 4348 3497781.40 3545706.44  1.37%   227 2165s
  8202  6331 3545475.96  138 4462 3497781.40 3545475.96  1.36%   227 2171s
  8203  6332 3545381.06  407 4500 3497781.40 3545381.06  1.36%   227 2175s
H 8204  6014                    3498208.1750 3545267.86  1.35%   227 2182s
  8206  6016 3545224.48  417 4537 3498208.17 3545224.48  1.34%   227 2185s
  8208  6017 3545162.30  104 4539 3498208.17 3545162.30  1.34%   227 2191s
  8210  6018 3545109.10  189 4607 3498208.17 3545109.10  1.34%   227 2196s
  8212  6020 3545081.21  517 4557 3498208.17 3545081.21  1.34%   227 2200s
  8214  6021 3545039.88  608 4624 3498208.17 3545039.88  1.34%   227 2205s
  8216  6022 3544985.33  116 4757 3498208.17 3544985.33  1.34%   226 2211s
  8218  6024 3544930.82  266 4710 3498208.17 3544930.82  1.34%   226 2216s
  8220  6025 3544895.65  408 4754 3498208.17 3544895.65  1.33%   226 2220s
  8223  6027 3544868.39  129 4718 3498208.17 3544868.39  1.33%   226 2227s
H 8224  5725                    3499171.6000 3544855.25  1.31%   226 2232s
H 8224  5438                    3499692.6100 3544855.25  1.29%   226 2232s
  8227  5440 3544846.10  442 4802 3499692.61 3544846.10  1.29%   226 2236s
  8230  5442 3544833.95  191 4831 3499692.61 3544833.95  1.29%   226 2240s
  8231  5442 3544833.86   68 4839 3499692.61 3544833.86  1.29%   226 2247s
H 8231  5168                    3500207.5300 3544734.52  1.27%   226 2271s
H 8231  4909                    3500298.3050 3544734.52  1.27%   226 2272s
H 8231  4662                    3500538.3050 3544734.52  1.26%   226 2272s
H 8231  4427                    3500632.0450 3544734.52  1.26%   226 2277s
H 8231  4205                    3500712.9400 3544734.52  1.26%   226 2283s
H 8231  3993                    3500970.5300 3544734.52  1.25%   226 2283s
  8232  3994 3544734.52  126 4514 3500970.53 3544734.52  1.25%   226 2289s
  8233  3995 3544700.91  484 4627 3500970.53 3544700.91  1.25%   226 2297s
  8234  3995 3544664.43  192 4655 3500970.53 3544664.43  1.25%   226 2301s
  8235  3996 3544638.59  120 4530 3500970.53 3544638.59  1.25%   226 2305s
  8237  3997 3544595.65  184 4625 3500970.53 3544595.65  1.25%   226 2310s
  8239  3999 3544558.65  679 4704 3500970.53 3544558.65  1.25%   226 2315s
  8241  4000 3544529.10  358 4742 3500970.53 3544529.10  1.24%   226 2320s
  8243  4001 3544493.70  601 4895 3500970.53 3544493.70  1.24%   226 2325s
  8245  4003 3544424.59   71 4933 3500970.53 3544424.59  1.24%   226 2330s
  8247  4004 3544410.24  261 5021 3500970.53 3544410.24  1.24%   226 2335s
  8250  4006 3544380.31  256 4992 3500970.53 3544380.31  1.24%   226 2341s
  8252  4007 3544354.48  492 4927 3500970.53 3544354.48  1.24%   225 2345s
  8255  4009 3544344.57  108 4950 3500970.53 3544344.57  1.24%   225 2350s
  8258  4011 3544340.52  307 5048 3500970.53 3544340.52  1.24%   225 2358s
  8259  4012 3544274.96  125 4678 3500970.53 3544274.96  1.24%   225 2412s
  8260  4013 3544269.19  275 4839 3500970.53 3544269.19  1.24%   225 2416s
  8261  4013 3544247.97  384 4840 3500970.53 3544247.97  1.24%   225 2420s
  8263  4015 3544219.11  583 4806 3500970.53 3544219.11  1.24%   225 2426s
  8265  4016 3544204.99  556 4896 3500970.53 3544204.99  1.23%   225 2432s
  8266  4017 3544200.40  350 4850 3500970.53 3544200.40  1.23%   225 2435s
  8268  4018 3544187.79  439 4864 3500970.53 3544187.79  1.23%   225 2440s
  8271  4020 3544175.69   85 4881 3500970.53 3544175.69  1.23%   225 2446s
  8274  4022 3544165.16  318 4968 3500970.53 3544165.16  1.23%   225 2450s
  8277  4024 3544145.91  714 5018 3500970.53 3544145.91  1.23%   225 2455s
  8281  4027 3544133.25  214 4995 3500970.53 3544133.25  1.23%   225 2460s
  8282  4027 3544133.11  515 5003 3500970.53 3544133.11  1.23%   225 2468s
H 8282  3823                    3500970.5306 3544083.12  1.23%   225 2515s
  8285  3825 3544060.57  426 4792 3500970.53 3544060.57  1.23%   225 2522s
  8287  3827 3544041.98  414 4856 3500970.53 3544041.98  1.23%   225 2527s
  8289  3828 3544029.79  148 4940 3500970.53 3544029.79  1.23%   224 2532s
  8291  3829 3544024.86  372 5007 3500970.53 3544024.86  1.23%   224 2535s
  8295  3832 3544010.24  100 5056 3500970.53 3544010.24  1.23%   224 2541s
  8298  3834 3544003.62  532 5078 3500970.53 3544003.62  1.23%   224 2546s
  8301  3836 3543999.38  259 5095 3500970.53 3543999.38  1.23%   224 2550s
  8302  3837 3543999.23  138 5100 3500970.53 3543999.23  1.23%   224 2556s
  8303  3837 3543975.57  407 4634 3500970.53 3543975.57  1.23%   224 2613s
  8304  3838 3543974.65  505 4748 3500970.53 3543974.65  1.23%   224 2620s
  8307  3840 3543964.04  643 4853 3500970.53 3543964.04  1.23%   224 2626s
  8309  3841 3543959.14   41 4891 3500970.53 3543959.14  1.23%   224 2630s
  8312  3843 3543943.44  517 5022 3500970.53 3543943.44  1.23%   224 2636s
  8316  3846 3543933.70  116 5034 3500970.53 3543933.70  1.23%   224 2641s
  8319  3848 3543925.64  239 5085 3500970.53 3543925.64  1.23%   224 2645s
  8323  3851 3543922.39  129 5112 3500970.53 3543922.39  1.23%   224 2653s
  8324  3851 3543898.71  259 4717 3500970.53 3543898.71  1.23%   224 2692s
  8325  3852 3543897.23   40 4787 3500970.53 3543897.23  1.23%   223 2697s
  8326  3853 3543893.48  615 4901 3500970.53 3543893.48  1.23%   223 2700s
  8328  3854 3543886.84  273 4963 3500970.53 3543886.84  1.23%   223 2705s
H 8328  3659                    3502041.5650 3543873.38  1.19%   223 2707s
H 8330  3474                    3502601.5650 3543864.98  1.18%   223 2713s
  8332  3476 3543862.59  126 5024 3502601.56 3543862.59  1.18%   223 2716s
  8335  3478 3543859.19  120 5143 3502601.56 3543859.19  1.18%   223 2727s
H 8335  3301                    3502865.7100 3543811.36  1.17%   223 2751s
H 8335  3133                    3503316.6250 3543811.36  1.16%   223 2754s
  8336  3133 3543811.36  366 4753 3503316.62 3543811.36  1.16%   223 2904s
  8337  3134 3543809.36  184 4927 3503316.62 3543809.36  1.16%   223 2906s
  8340  3136 3543797.76  449 5047 3503316.62 3543797.76  1.16%   223 2911s
  8343  3138 3543793.21  601 5150 3503316.62 3543793.21  1.16%   223 2915s
  8348  3141 3543781.76  415 5212 3503316.62 3543781.76  1.16%   223 2920s
  8349  3142 3543781.43  284 5219 3503316.62 3543781.43  1.16%   223 2927s
  8350  3143 3543767.44  256 4851 3503316.62 3543767.44  1.15%   223 2990s
  8351  3143 3543767.44  264 4954 3503316.62 3543767.44  1.15%   223 2997s
  8352  3144 3543756.75  492 4802 3503316.62 3543756.75  1.15%   223 3020s
  8353  3145 3543756.75  529 4929 3503316.62 3543756.75  1.15%   223 3026s
  8354  3145 3543746.92  151 4808 3503316.62 3543746.92  1.15%   223 3051s
  8356  3147 3543742.77  218 4949 3503316.62 3543742.77  1.15%   223 3055s
  8359  3149 3543726.22  125 4993 3503316.62 3543726.22  1.15%   223 3061s
  8361  3150 3543713.38  384 4993 3503316.62 3543713.38  1.15%   223 3066s
  8363  3151 3543702.45  583 5051 3503316.62 3543702.45  1.15%   222 3070s
  8367  3154 3543694.13   99 5112 3503316.62 3543694.13  1.15%   222 3076s
  8370  3156 3543690.66  223 5148 3503316.62 3543690.66  1.15%   222 3080s
  8375  3159 3543683.97  117 5145 3503316.62 3543683.97  1.15%   222 3085s
  8376  3160 3543683.64  137 5170 3503316.62 3543683.64  1.15%   222 3091s
H 8376  2998                    3503475.1600 3543659.97  1.15%   222 3105s
H 8376  2844                    3504601.8850 3543659.97  1.11%   222 3105s
H 8376  2698                    3504700.6550 3543659.95  1.11%   222 3121s
  8378  2699 3543659.81  336 4954 3504700.65 3543659.81  1.11%   222 3132s
  8379  2700 3543657.82   31 4810 3504700.65 3543657.82  1.11%   222 3148s
  8380  2701 3543657.50  448 4967 3504700.65 3543657.50  1.11%   222 3155s

Cutting planes:
  Gomory: 161
  Cover: 20
  Clique: 2610
  MIR: 178
  Mixing: 3
  Flow cover: 862
  GUB cover: 15
  Zero half: 470
  Relax-and-lift: 69

Explored 8380 nodes (2422507 simplex iterations) in 3162.15 seconds (2777.88 work units)
Thread count was 12 (of 12 available processors)

Solution count 10: 3.5047e+06 3.5046e+06 3.50348e+06 ... 3.50071e+06

Time limit reached
Best objective 3.504700655000e+06, best bound 3.543655782684e+06, gap 1.1115%

Gurobi 12.0.1 (win64) logging started Mon Mar 16 19:16:05 2026

Set parameter LogFile to value "logs\full_H_50_restricted_subset15_5it_w_max_cap200_seed42_CG.log"
Gurobi Optimizer version 12.0.1 build v12.0.1rc0 (win64 - Windows 11.0 (26100.2))

CPU model: 13th Gen Intel(R) Core(TM) i7-1355U, instruction set [SSE2|AVX|AVX2]
Thread count: 10 physical cores, 12 logical processors, using up to 12 threads

Non-default parameters:
TimeLimit  3.1841110198497772e+03
FeasibilityTol  1e-09
MIPGap  0.005

Optimize a model with 8368 rows, 131426 columns and 1079287 nonzeros
Model fingerprint: 0x63b232a6
Variable types: 0 continuous, 131426 integer (131256 binary)
Coefficient statistics:
  Matrix range     [4e-01, 1e+02]
  Objective range  [1e-02, 2e+05]
  Bounds range     [1e+00, 3e+00]
  RHS range        [1e+00, 3e+00]
Presolve removed 710 rows and 8901 columns
Presolve time: 2.40s
Presolved: 7658 rows, 122525 columns, 995768 nonzeros
Variable types: 0 continuous, 122525 integer (122520 binary)
Found heuristic solution: objective -3197947.530
Found heuristic solution: objective -2721944.810
Deterministic concurrent LP optimizer: primal simplex, dual simplex, and barrier
Showing barrier log only...

Root barrier log...

Ordering time: 0.04s

Barrier statistics:
 AA' NZ     : 1.551e+05
 Factor NZ  : 2.570e+05 (roughly 50 MB of memory)
 Factor Ops : 1.001e+07 (less than 1 second per iteration)
 Threads    : 8

                  Objective                Residual
Iter       Primal          Dual         Primal    Dual     Compl     Time
   0   6.46028495e+09  6.77801658e+06  7.26e+04 2.28e+03  4.01e+04     3s
   1   2.80508707e+09  1.70711987e+07  3.15e+04 8.97e+02  1.76e+04     3s
   2   3.85914419e+08  2.30182409e+07  4.30e+03 6.41e+02  2.57e+03     3s
   3   1.09561160e+08  2.07764717e+07  1.19e+03 3.52e+01  7.34e+02     4s
   4   4.20277871e+07  1.60472104e+07  4.33e+02 1.05e+01  2.82e+02     4s
   5   1.24665311e+07  1.27796913e+07  1.04e+02 5.78e+00  8.97e+01     4s
   6   8.08043083e+06  8.62650313e+06  5.57e+01 1.83e+00  4.12e+01     4s
   7   5.25714500e+06  6.89522034e+06  2.38e+01 1.51e+00  2.12e+01     4s
   8   4.42952368e+06  5.60988514e+06  1.36e+01 5.25e-01  1.23e+01     4s
   9   4.01524226e+06  5.12412332e+06  8.22e+00 3.84e-01  8.94e+00     4s
  10   3.83938745e+06  4.36343702e+06  5.94e+00 1.58e-01  5.08e+00     4s
  11   3.63028505e+06  4.08150208e+06  2.98e+00 9.88e-02  3.25e+00     4s
  12   3.61165124e+06  3.87983082e+06  2.60e+00 4.77e-02  2.29e+00     4s
  13   3.58165670e+06  3.76683156e+06  1.94e+00 3.11e-02  1.63e+00     4s
  14   3.56826967e+06  3.70677604e+06  1.51e+00 2.28e-02  1.23e+00     4s
  15   3.56497354e+06  3.66868550e+06  1.30e+00 1.81e-02  9.97e-01     4s
  16   3.55865275e+06  3.62625105e+06  9.38e-01 1.28e-02  6.89e-01     4s
  17   3.56007414e+06  3.60345776e+06  7.54e-01 8.95e-03  5.09e-01     4s
  18   3.56331304e+06  3.59014964e+06  4.86e-01 7.49e-03  3.22e-01     4s
  19   3.56465052e+06  3.58380811e+06  3.30e-01 5.12e-03  2.21e-01     4s
  20   3.56570773e+06  3.57918064e+06  2.46e-01 3.27e-03  1.61e-01     4s
  21   3.56715410e+06  3.57770496e+06  1.56e-01 2.80e-03  1.09e-01     4s
  22   3.56829496e+06  3.57508902e+06  1.02e-01 1.70e-03  7.03e-02     4s
  23   3.56913447e+06  3.57315884e+06  6.95e-02 8.23e-04  4.49e-02     4s
  24   3.56977830e+06  3.57275432e+06  4.72e-02 6.46e-04  3.13e-02     4s
  25   3.57040904e+06  3.57248832e+06  2.61e-02 5.20e-04  1.89e-02     4s
  26   3.57051320e+06  3.57219946e+06  2.30e-02 3.71e-04  1.61e-02     4s
  27   3.57067421e+06  3.57196347e+06  1.87e-02 2.48e-04  1.27e-02     4s
  28   3.57099311e+06  3.57172972e+06  1.02e-02 1.29e-04  7.05e-03     5s
  29   3.57118665e+06  3.57158358e+06  5.22e-03 6.08e-05  3.69e-03     5s
  30   3.57124702e+06  3.57151373e+06  3.76e-03 3.05e-05  2.58e-03     5s
  31   3.57134548e+06  3.57148257e+06  1.55e-03 1.94e-05  1.17e-03     5s
  32   3.57137309e+06  3.57145280e+06  9.69e-04 9.20e-06  7.08e-04     5s
  33   3.57138687e+06  3.57143833e+06  6.86e-04 4.23e-06  4.82e-04     5s
  34   3.57140684e+06  3.57143116e+06  2.89e-04 2.22e-06  2.13e-04     5s
  35   3.57141481e+06  3.57142647e+06  1.38e-04 9.30e-07  1.02e-04     5s
  36   3.57141953e+06  3.57142407e+06  5.41e-05 1.62e-07  3.99e-05     5s
  37   3.57142115e+06  3.57142364e+06  2.66e-05 8.27e-08  2.06e-05     5s
  38   3.57142176e+06  3.57142297e+06  1.69e-05 1.09e-11  1.16e-05     5s
  39   3.57142276e+06  3.57142288e+06  1.32e-06 1.26e-12  1.03e-06     5s
  40   3.57142287e+06  3.57142287e+06  4.86e-08 7.64e-11  2.93e-08     5s
  41   3.57142287e+06  3.57142287e+06  9.90e-11 4.73e-11  7.38e-12     5s

Barrier solved model in 41 iterations and 5.07 seconds (6.62 work units)
Optimal objective 3.57142287e+06


Root crossover log...

    1396 DPushes remaining with DInf 0.0000000e+00                 5s
       0 DPushes remaining with DInf 0.0000000e+00                 5s

   10043 PPushes remaining with PInf 0.0000000e+00                 5s
       0 PPushes remaining with PInf 0.0000000e+00                 5s

  Push phase complete: Pinf 0.0000000e+00, Dinf 9.2661296e-10      5s


Root simplex log...

Iteration    Objective       Primal Inf.    Dual Inf.      Time
   11341    3.5714229e+06   0.000000e+00   0.000000e+00      6s
Concurrent spin time: 1.19s (can be avoided by choosing Method=3)

Solved with barrier

Root relaxation: objective 3.571423e+06, 11341 iterations, 3.86 seconds (2.08 work units)

    Nodes    |    Current Node    |     Objective Bounds      |     Work
 Expl Unexpl |  Obj  Depth IntInf | Incumbent    BestBd   Gap | It/Node Time

     0     0 3571422.87    0 2901 -2721944.8 3571422.87   231%     -    8s
H    0     0                    2044206.4800 3571422.87  74.7%     -    8s
H    0     0                    2607808.4250 3571422.87  37.0%     -    8s
H    0     0                    2633818.4900 3571422.87  35.6%     -    8s
H    0     0                    2674997.2900 3571422.87  33.5%     -    8s
H    0     0                    2680212.3250 3571422.87  33.3%     -    8s
H    0     0                    2774067.2800 3571422.87  28.7%     -    8s
H    0     0                    2774347.2800 3571422.87  28.7%     -    8s
H    0     0                    2812229.5000 3571422.87  27.0%     -    8s
H    0     0                    2813121.7200 3571422.87  27.0%     -    8s
H    0     0                    2813188.4900 3571422.87  27.0%     -    8s
H    0     0                    2813588.4900 3571422.87  26.9%     -    9s
H    0     0                    3274520.5250 3571422.87  9.07%     -    9s
H    0     0                    3322979.2650 3571422.87  7.48%     -   11s
H    0     0                    3326325.0400 3571422.87  7.37%     -   11s
H    0     0                    3329074.2500 3571422.87  7.28%     -   12s
H    0     0                    3330941.9000 3571422.87  7.22%     -   12s
H    0     0                    3334908.5300 3571422.87  7.09%     -   12s
H    0     0                    3335314.6000 3571422.87  7.08%     -   14s
H    0     0                    3335981.4000 3571422.87  7.06%     -   15s
H    0     0                    3342853.6800 3571422.87  6.84%     -   16s
H    0     0                    3343439.9200 3571422.87  6.82%     -   16s
     0     0 3564213.76    0 3196 3343439.92 3564213.76  6.60%     -   21s
H    0     0                    3370242.7100 3564212.02  5.76%     -   22s
H    0     0                    3378099.8250 3564212.02  5.51%     -   24s
H    0     0                    3379147.2200 3564212.02  5.48%     -   24s
H    0     0                    3379786.2300 3564212.02  5.46%     -   24s
H    0     0                    3381038.6900 3564212.02  5.42%     -   24s
H    0     0                    3381140.9100 3564212.02  5.41%     -   24s
H    0     0                    3385287.3650 3564212.02  5.29%     -   26s
H    0     0                    3388358.9600 3564212.02  5.19%     -   26s
H    0     0                    3393474.2800 3564212.02  5.03%     -   28s
H    0     0                    3401938.1300 3564212.02  4.77%     -   29s
     0     0 3561798.89    0 3322 3401938.13 3561798.89  4.70%     -   31s
     0     0 3561278.04    0 3398 3401938.13 3561278.04  4.68%     -   32s
     0     0 3561097.60    0 3455 3401938.13 3561097.60  4.68%     -   33s
     0     0 3561047.40    0 3480 3401938.13 3561047.40  4.68%     -   33s
     0     0 3561044.79    0 3502 3401938.13 3561044.79  4.68%     -   34s
     0     0 3561044.28    0 3504 3401938.13 3561044.28  4.68%     -   34s
     0     0 3557954.59    0 3679 3401938.13 3557954.59  4.59%     -   38s
H    0     0                    3403418.9700 3557954.59  4.54%     -   40s
H    0     0                    3404416.8650 3557954.59  4.51%     -   40s
     0     0 3556935.60    0 3657 3404416.86 3556935.60  4.48%     -   42s
     0     0 3556432.51    0 3715 3404416.86 3556432.51  4.47%     -   44s
     0     0 3556259.43    0 3743 3404416.86 3556259.43  4.46%     -   45s
     0     0 3556051.76    0 3812 3404416.86 3556051.76  4.45%     -   46s
     0     0 3555940.44    0 3893 3404416.86 3555940.44  4.45%     -   47s
     0     0 3555930.03    0 3935 3404416.86 3555930.03  4.45%     -   47s
     0     0 3555929.16    0 3950 3404416.86 3555929.16  4.45%     -   47s
     0     0 3554336.50    0 3824 3404416.86 3554336.50  4.40%     -   52s
     0     0 3553645.31    0 3830 3404416.86 3553645.31  4.38%     -   66s
     0     0 3553273.33    0 3950 3404416.86 3553273.33  4.37%     -   68s
     0     0 3553121.30    0 4009 3404416.86 3553121.30  4.37%     -   69s
     0     0 3552901.36    0 3999 3404416.86 3552901.36  4.36%     -   70s
     0     0 3552828.82    0 4070 3404416.86 3552828.82  4.36%     -   71s
     0     0 3552811.07    0 4119 3404416.86 3552811.07  4.36%     -   72s
     0     0 3552803.03    0 4159 3404416.86 3552803.03  4.36%     -   72s
     0     0 3552800.63    0 4185 3404416.86 3552800.63  4.36%     -   73s
     0     0 3551977.30    0 4197 3404416.86 3551977.30  4.33%     -   77s
     0     0 3551815.03    0 4113 3404416.86 3551815.03  4.33%     -   81s
     0     0 3551748.13    0 4201 3404416.86 3551748.13  4.33%     -   83s
     0     0 3551600.43    0 4263 3404416.86 3551600.43  4.32%     -   85s
     0     0 3551569.19    0 4308 3404416.86 3551569.19  4.32%     -   86s
     0     0 3551567.83    0 4333 3404416.86 3551567.83  4.32%     -   86s
     0     0 3550832.88    0 4232 3404416.86 3550832.88  4.30%     -   92s
     0     0 3550707.27    0 4293 3404416.86 3550707.27  4.30%     -   98s
     0     0 3550622.34    0 4346 3404416.86 3550622.34  4.29%     -   99s
     0     0 3550503.51    0 4444 3404416.86 3550503.51  4.29%     -  101s
     0     0 3550497.35    0 4486 3404416.86 3550497.35  4.29%     -  101s
     0     0 3550064.26    0 4352 3404416.86 3550064.26  4.28%     -  105s
     0     0 3549940.74    0 4359 3404416.86 3549940.74  4.27%     -  112s
     0     0 3549890.23    0 4413 3404416.86 3549890.23  4.27%     -  114s
     0     0 3549874.53    0 4465 3404416.86 3549874.53  4.27%     -  115s
     0     0 3549873.24    0 4522 3404416.86 3549873.24  4.27%     -  115s
     0     0 3549618.88    0 4422 3404416.86 3549618.88  4.27%     -  119s
     0     0 3549582.58    0 4403 3404416.86 3549582.58  4.26%     -  137s
     0     0 3549542.76    0 4424 3404416.86 3549542.76  4.26%     -  139s
     0     0 3549530.79    0 4527 3404416.86 3549530.79  4.26%     -  139s
     0     0 3549340.05    0 4506 3404416.86 3549340.05  4.26%     -  142s
H    0     0                    3408508.1550 3549340.05  4.13%     -  149s
H    0     0                    3416407.2050 3549340.05  3.89%     -  149s
H    0     0                    3416640.9000 3549340.05  3.88%     -  150s
H    0     0                    3417360.9000 3549340.05  3.86%     -  150s
H    0     0                    3417397.8700 3549340.05  3.86%     -  150s
H    0     0                    3418894.1300 3549340.05  3.82%     -  150s
H    0     0                    3422187.9050 3549340.05  3.72%     -  151s
     0     0 3549289.16    0 4536 3422187.90 3549289.16  3.71%     -  152s
     0     0 3549269.90    0 4607 3422187.90 3549269.90  3.71%     -  153s
     0     0 3549267.01    0 4606 3422187.90 3549267.01  3.71%     -  153s
     0     0 3549119.53    0 4552 3422187.90 3549119.53  3.71%     -  156s
     0     0 3549086.08    0 4607 3422187.90 3549086.08  3.71%     -  160s
     0     0 3549066.64    0 4684 3422187.90 3549066.64  3.71%     -  161s
     0     0 3549063.48    0 4725 3422187.90 3549063.48  3.71%     -  161s
     0     0 3548976.79    0 4623 3422187.90 3548976.79  3.70%     -  164s
     0     0 3548976.79    0 4231 3422187.90 3548976.79  3.70%     -  166s
H    0     0                    3427264.2900 3548976.79  3.55%     -  184s
H    0     0                    3429214.8500 3548976.79  3.49%     -  184s
H    0     0                    3431137.7650 3548976.79  3.43%     -  184s
H    0     0                    3431249.1650 3548976.79  3.43%     -  185s
H    0     0                    3431704.1050 3548976.79  3.42%     -  185s
     0     2 3548976.79    0 4175 3431704.10 3548976.79  3.42%     -  194s
     1     4 3548319.50    1 4132 3431704.10 3548976.00  3.42%  9075  205s
     3     8 3548297.85    2 4256 3431704.10 3548319.50  3.40%  5931  210s
     7    16 3548215.65    3 4533 3431704.10 3548296.97  3.40%  3626  219s
    15    26 3548174.66    4 4576 3431704.10 3548212.69  3.40%  2869  227s
    25    46 3548173.51    5 4615 3431704.10 3548173.51  3.39%  2253  241s
H   26    46                    3439801.9000 3548173.51  3.15%  2166  241s
    45    56 3548167.12    7 4611 3439801.90 3548172.84  3.15%  1287  252s
    55    66 3548108.50    7 4569 3439801.90 3548172.84  3.15%  1069  260s
    65    76 3548165.75    8 4608 3439801.90 3548172.84  3.15%   968  269s
    75    86 3548125.82    8 4545 3439801.90 3548172.84  3.15%   849  277s
    85    96 3548125.82    9 4542 3439801.90 3548172.84  3.15%   784  295s
H   95   161                    3440376.1650 3548172.84  3.13%   716  326s
   160   349 3548074.56   16 4566 3440376.16 3548172.84  3.13%   506  377s
H  175   349                    3445265.9600 3548172.84  2.99%   472  377s
H  184   349                    3447366.3350 3548172.84  2.92%   491  377s
H  197   349                    3449290.1250 3548172.84  2.87%   489  377s
H  348  1053                    3450435.8600 3548172.84  2.83%   435  439s
H 1052  1515                    3453003.6800 3548172.84  2.76%   250  516s
H 1109  1515                    3458701.6850 3548172.84  2.59%   246  516s
  1514  2001 3547790.66  139 4505 3458701.68 3548172.84  2.59%   242  586s
H 2000  2053                    3461833.4500 3548172.84  2.49%   249  691s
H 2010  2053                    3461852.3650 3548172.84  2.49%   250  691s
H 2015  2053                    3464306.5900 3548172.84  2.42%   250  691s
H 2027  2053                    3465688.2950 3548172.84  2.38%   250  691s
  2052  2329 3547671.33  185 4432 3465688.29 3548172.84  2.38%   252  776s
H 2090  2329                    3467821.4400 3548172.84  2.32%   253  776s
H 2122  2329                    3468760.5700 3548172.84  2.29%   253  776s
H 2166  2329                    3472839.1100 3548172.84  2.17%   252  776s
H 2251  2329                    3472862.7550 3548172.84  2.17%   250  776s
H 2328  2968                    3474589.8400 3548172.84  2.12%   251  856s
  2967  3671 3547475.32  243 4403 3474589.84 3548172.84  2.12%   249  932s
H 3670  4452                    3474858.0500 3548172.84  2.11%   240 1023s
H 3714  4452                    3475565.2100 3548172.84  2.09%   240 1023s
H 3765  4452                    3475668.8900 3548172.84  2.09%   239 1023s
H 4158  4452                    3476298.4200 3548172.84  2.07%   225 1023s
  4451  5186 3547218.98  316 4377 3476298.42 3548172.84  2.07%   221 1092s
H 5185  5657                    3480262.0550 3548172.84  1.95%   214 1178s
H 5254  5657                    3481135.0350 3548172.84  1.93%   214 1178s
H 5400  5657                    3481316.8600 3548172.84  1.92%   214 1178s
H 5587  5657                    3481760.4400 3548172.84  1.91%   213 1178s
H 5656  6288                    3481889.5800 3548172.84  1.90%   212 1243s
  6287  6854 3546694.65  463 4305 3481889.58 3548172.84  1.90%   208 1304s
H 6853  7422                    3482123.4300 3548172.84  1.90%   207 1392s
H 6977  7422                    3482446.8200 3548172.84  1.89%   206 1392s
H 7145  7422                    3482877.2600 3548172.84  1.87%   205 1392s
H 7221  7422                    3482987.3600 3548172.84  1.87%   204 1392s
H 7421  8097                    3483086.1300 3548172.84  1.87%   203 1454s
  8097  8098 3547403.10   36 4231 3483086.13 3548172.84  1.87%   200 1512s
H 8098  7694                    3483106.3750 3548172.84  1.87%   200 1520s
H 8098  7309                    3483915.4250 3548172.84  1.84%   200 1522s
H 8098  6943                    3484694.3600 3548172.84  1.82%   200 1525s
H 8098  6596                    3484759.5700 3548172.84  1.82%   200 1525s
H 8098  6266                    3484967.4350 3548172.84  1.81%   200 1532s
H 8098  5953                    3484977.0150 3548172.84  1.81%   200 1532s
  8100  5954 3547345.27  161 3100 3484977.01 3548172.84  1.81%   200 1557s
H 8100  5656                    3486058.0250 3548172.84  1.78%   200 1570s
H 8100  5373                    3486530.4200 3548172.84  1.77%   200 1570s
H 8100  5105                    3487581.1150 3548172.84  1.74%   200 1570s
  8102  5106 3545745.90  623 3457 3487581.11 3548172.84  1.74%   200 1577s
  8103  5107 3546364.55  360 3435 3487581.11 3548172.84  1.74%   200 1581s
  8104  5108 3546110.94  443 3539 3487581.11 3548172.84  1.74%   200 1586s
  8105  5108 3547525.43  110 3690 3487581.11 3548172.84  1.74%   200 1591s
H 8105  4852                    3487781.1150 3548172.84  1.73%   200 1594s
  8107  4854 3547199.36  189 3836 3487781.11 3548172.84  1.73%   200 1598s
  8108  4854 3546255.62  335 3875 3487781.11 3548172.84  1.73%   200 1602s
  8109  4855 3546892.99  412 3949 3487781.11 3548172.84  1.73%   200 1605s
  8111  4856 3547507.37  110 4070 3487781.11 3548172.84  1.73%   200 1611s
  8112  4857 3545927.02  614 4193 3487781.11 3548172.84  1.73%   200 1616s
  8113  4858 3547541.96   11 4232 3487781.11 3548172.84  1.73%   200 1621s
  8114  4858 3547193.52  280 4292 3487781.11 3548172.84  1.73%   200 1626s
  8115  4859 3547003.45  371 4335 3487781.11 3548114.27  1.73%   199 1630s
  8117  4860 3547011.58  486 4502 3487781.11 3547995.45  1.73%   199 1636s
  8120  4862 3547268.13  281 4573 3487781.11 3547951.65  1.73%   199 1647s
  8121  4863 3546590.59   37 4258 3487781.11 3546590.59  1.69%   199 1673s
  8122  4864 3545951.57  511 4384 3487781.11 3546145.56  1.67%   199 1678s
  8123  4864 3545905.22  168 4478 3487781.11 3545905.22  1.67%   199 1682s
  8124  4865 3545701.95  459 4472 3487781.11 3545701.95  1.66%   199 1685s
H 8125  4622                    3490230.7500 3545528.58  1.58%   199 1690s
H 8125  4391                    3491049.4800 3545528.58  1.56%   199 1690s
  8128  4393 3545392.70  217 4583 3491049.48 3545392.70  1.56%   199 1695s
  8131  4395 3545264.45  166 4612 3491049.48 3545264.45  1.55%   199 1701s
  8133  4396 3545216.01  437 4528 3491049.48 3545216.01  1.55%   199 1705s
  8136  4398 3545046.59  513 4604 3491049.48 3545046.59  1.55%   199 1713s
  8138  4399 3544992.71  210 4654 3491049.48 3544992.71  1.55%   199 1717s
  8140  4401 3544968.78  682 4619 3491049.48 3544968.78  1.54%   199 1721s
  8142  4402 3544905.01   47 4712 3491049.48 3544905.01  1.54%   199 1725s
  8144  4403 3544882.47  248 4645 3491049.48 3544882.47  1.54%   199 1730s
  8147  4405 3544860.68  452 4709 3491049.48 3544860.68  1.54%   199 1741s
  8148  4406 3544683.82  428 4392 3491049.48 3544683.82  1.54%   199 1774s
H 8148  4185                    3491123.9100 3544622.03  1.53%   199 1778s
H 8148  3974                    3491354.3600 3544622.03  1.53%   199 1778s
  8150  3975 3544557.07  364 4536 3491354.36 3544557.07  1.52%   199 1781s
  8152  3977 3544470.64  445 4608 3491354.36 3544470.64  1.52%   199 1787s
  8153  3977 3544397.79  219 4526 3491354.36 3544397.79  1.52%   199 1790s
  8155  3979 3544318.64  524 4642 3491354.36 3544318.64  1.52%   199 1796s
  8157  3980 3544277.00  192 4786 3491354.36 3544277.00  1.52%   198 1800s
  8160  3982 3544234.57  322 4755 3491354.36 3544234.57  1.51%   198 1807s
  8162  3983 3544125.92  451 4786 3491354.36 3544125.92  1.51%   198 1814s
  8163  3984 3544120.28  234 4866 3491354.36 3544120.28  1.51%   198 1815s
  8165  3985 3544103.82  256 4907 3491354.36 3544103.82  1.51%   198 1829s
  8166  3986 3543983.30  257 4553 3491354.36 3543983.30  1.51%   198 1870s
  8168  3987 3543925.01  119 4768 3491354.36 3543925.01  1.51%   198 1875s
  8171  3989 3543862.26  234 4834 3491354.36 3543862.26  1.50%   198 1881s
  8173  3991 3543831.21  176 4820 3491354.36 3543831.21  1.50%   198 1885s
  8176  3993 3543788.11   36 4934 3491354.36 3543788.11  1.50%   198 1890s
  8178  3994 3543776.65  521 5046 3491354.36 3543776.65  1.50%   198 1899s
H 8178  3793                    3493083.0800 3543640.87  1.45%   198 1911s
H 8178  3602                    3493187.2750 3543640.87  1.44%   198 1911s
H 8178  3421                    3493227.2750 3543640.11  1.44%   198 1922s
  8179  3422 3543640.11  394 4660 3493227.27 3543640.11  1.44%   198 1948s
H 8179  3249                    3493448.6400 3543632.86  1.44%   198 1952s
  8181  3250 3543620.69  479 4875 3493448.64 3543620.69  1.44%   198 1955s
  8184  3252 3543573.10  170 4922 3493448.64 3543573.10  1.43%   198 1960s
  8187  3254 3543546.16  192 5002 3493448.64 3543546.16  1.43%   198 1965s
  8189  3255 3543538.82  711 5004 3493448.64 3543538.82  1.43%   198 1974s
H 8189  3091                    3493488.6400 3543469.71  1.43%   198 2014s
  8190  3092 3543469.71   85 4782 3493488.64 3543469.71  1.43%   198 2027s
  8191  3093 3543465.09  524 4900 3493488.64 3543465.09  1.43%   198 2033s
  8192  3093 3543454.23  334 4921 3493488.64 3543454.23  1.43%   198 2036s
  8194  3095 3543438.39  170 4986 3493488.64 3543438.39  1.43%   198 2041s
  8196  3096 3543424.50   55 4987 3493488.64 3543424.50  1.43%   198 2046s
  8198  3097 3543414.00  347 4998 3493488.64 3543414.00  1.43%   197 2050s
  8199  3098 3543411.23  143 5040 3493488.64 3543411.23  1.43%   197 2057s
  8200  3099 3543377.81  161 4727 3493488.64 3543377.81  1.43%   197 2101s
  8201  3099 3543376.53  480 4850 3493488.64 3543376.53  1.43%   197 2106s
  8202  3100 3543345.74  623 4676 3493488.64 3543345.74  1.43%   197 2132s
H 8202  2943                    3493750.5900 3543328.59  1.42%   197 2134s
  8204  2944 3543298.40  443 4746 3493750.59 3543298.40  1.42%   197 2137s
  8205  2945 3543266.34  110 4842 3493750.59 3543266.34  1.42%   197 2140s
  8207  2946 3543237.90  189 4854 3493750.59 3543237.90  1.42%   197 2146s
H 8207  2797                    3496351.2050 3543228.72  1.34%   197 2148s
H 8207  2655                    3496840.6900 3543228.72  1.33%   197 2148s
H 8207  2521                    3496872.9650 3543228.72  1.33%   197 2148s
H 8207  2393                    3497691.3850 3543228.72  1.30%   197 2148s
H 8208  2272                    3497796.4850 3543224.04  1.30%   197 2150s
  8212  2275 3543189.10  614 4963 3497796.48 3543189.10  1.30%   197 2157s
  8214  2276 3543179.23  280 5062 3497796.48 3543179.23  1.30%   197 2164s
H 8214  2160                    3499540.7850 3543148.69  1.25%   197 2183s
  8215  2161 3543148.69  371 4717 3499540.78 3543148.69  1.25%   197 2301s
  8216  2161 3543144.23  387 4861 3499540.78 3543144.23  1.25%   197 2318s
  8217  2162 3543137.92  486 4886 3499540.78 3543137.92  1.25%   197 2320s
  8218  2163 3543134.13   61 4964 3499540.78 3543134.13  1.25%   197 2328s
  8219  2163 3543104.16  463 4724 3499540.78 3543104.16  1.24%   197 2377s
  8220  2164 3543101.72  281 4861 3499540.78 3543101.72  1.24%   197 2388s
  8221  2165 3543092.11   37 4810 3499540.78 3543092.11  1.24%   197 2413s
  8222  2165 3543089.92  511 4842 3499540.78 3543089.92  1.24%   197 2420s
  8223  2166 3543082.68  168 4818 3499540.78 3543082.68  1.24%   197 2432s
  8226  2169 3543082.68  283 4231 3499540.78 3543082.68  1.24%   241 2435s
H 8227  2061                    3499579.7650 3543082.68  1.24%   241 2447s
  8228  2061 3543082.68  217 2959 3499579.76 3543082.68  1.24%   241 2459s
H 8228  1958                    3499655.5050 3543082.68  1.24%   241 2473s
H 8228  1860                    3499699.7650 3543082.68  1.24%   241 2473s
H 8228  1767                    3499699.7669 3543082.68  1.24%   241 2477s
H 8228  1678                    3499699.7679 3543082.68  1.24%   241 2478s
  8229  1679 3543082.68  261 3119 3499699.77 3543082.68  1.24%   241 2482s
  8230  1680 3543082.68   63 3222 3499699.77 3543082.68  1.24%   241 2492s
  8231  1680 3543082.68  166 3262 3499699.77 3543082.68  1.24%   241 2497s
  8232  1681 3543082.68  281 3369 3499699.77 3543082.68  1.24%   241 2501s
  8233  1682 3543082.68  437 3557 3499699.77 3543082.68  1.24%   241 2507s
  8234  1682 3543082.68  438 3569 3499699.77 3543082.68  1.24%   241 2512s
  8235  1683 3543082.68  248 3646 3499699.77 3543082.68  1.24%   241 2516s
  8236  1684 3543082.68  513 3665 3499699.77 3543082.68  1.24%   241 2521s
  8237  1684 3543082.68  535 3809 3499699.77 3543082.68  1.24%   241 2525s
  8239  1686 3543082.68   34 3987 3499699.77 3543082.68  1.24%   241 2533s
  8240  1686 3543082.68  682 4076 3499699.77 3543082.68  1.24%   241 2538s
  8241  1687 3543082.68  353 4203 3499699.77 3543082.68  1.24%   241 2542s
  8242  1688 3543082.68   47 4212 3499699.77 3543082.68  1.24%   241 2546s
  8243  1688 3543082.35  400 4286 3499699.77 3543082.35  1.24%   241 2550s
  8245  1690 3543082.35  241 4340 3499699.77 3543082.35  1.24%   241 2559s
  8246  1690 3543082.35  259 4331 3499699.77 3543082.35  1.24%   241 2564s
  8247  1691 3543082.35  452 4475 3499699.77 3543082.35  1.24%   241 2568s
H 8247  1606                    3499985.4550 3543082.35  1.23%   241 2573s
  8249  1607 3543082.35  530 4763 3499985.45 3543082.35  1.23%   241 2576s
  8250  1608 3543082.35  364 4802 3499985.45 3543082.35  1.23%   241 2581s
  8252  1609 3543069.55  445 4898 3499985.45 3543069.55  1.23%   241 2586s
  8254  1611 3543063.76  280 4987 3499985.45 3543063.76  1.23%   241 2596s
H 8254  1530                    3500014.3550 3542990.86  1.23%   241 2611s
H 8254  1453                    3500914.1500 3542990.86  1.20%   241 2611s
H 8254  1380                    3501036.1650 3542990.83  1.20%   241 2619s
H 8254  1311                    3501310.2600 3542990.83  1.19%   241 2620s
H 8254  1245                    3501354.5200 3542990.83  1.19%   241 2620s
  8256  1246 3542935.30  174 4828 3501354.52 3542935.30  1.19%   241 2626s
  8257  1247 3542890.49  192 4853 3501354.52 3542890.49  1.19%   241 2630s
  8259  1248 3542844.17  628 4802 3501354.52 3542844.17  1.18%   240 2636s
  8261  1249 3542811.96  549 4860 3501354.52 3542811.96  1.18%   240 2640s
  8264  1251 3542788.24   90 4802 3501354.52 3542788.24  1.18%   240 2649s
H 8264  1188                    3501740.7450 3542665.98  1.17%   240 2663s
  8265  1189 3542665.98  256 4641 3501740.74 3542665.98  1.17%   240 2685s
  8266  1190 3542598.60  257 4622 3501740.74 3542598.60  1.17%   240 2691s
  8268  1191 3542537.76  119 4670 3501740.74 3542537.76  1.17%   240 2697s
  8270  1192 3542472.30  168 4772 3501740.74 3542472.30  1.16%   240 2701s
  8272  1194 3542446.75  400 4821 3501740.74 3542446.75  1.16%   240 2705s
  8275  1196 3542432.21  225 4911 3501740.74 3542432.21  1.16%   240 2714s
H 8275  1135                    3501943.5950 3542374.41  1.15%   240 2737s
H 8275  1077                    3502358.3550 3542374.41  1.14%   240 2739s
  8276  1077 3542374.41   36 4553 3502358.35 3542374.41  1.14%   240 2746s
  8278  1079 3542358.05  521 4735 3502358.35 3542358.05  1.14%   240 2750s
  8281  1081 3542330.74  479 4849 3502358.35 3542330.74  1.14%   240 2756s
  8283  1082 3542313.80  356 4891 3502358.35 3542313.80  1.14%   240 2760s
  8284  1083 3542310.95  170 4927 3502358.35 3542310.95  1.14%   240 2766s
  8285  1083 3542288.74   33 4653 3502358.35 3542288.74  1.14%   240 2816s
  8286  1084 3542284.92   89 4759 3502358.35 3542284.92  1.14%   240 2824s
H 8286  1029                    3502364.3500 3542267.93  1.14%   240 2852s
H 8286   977                    3502667.0300 3542267.93  1.13%   240 2852s
  8288   978 3542266.05  242 4843 3502667.03 3542266.05  1.13%   240 2863s
  8289   979 3542244.54  711 4638 3502667.03 3542244.54  1.13%   240 2907s
  8290   980 3542241.97   85 4750 3502667.03 3542241.97  1.13%   240 2917s
  8291   980 3542234.26  524 4635 3502667.03 3542234.26  1.13%   240 2934s
  8292   981 3542234.26  334 4601 3502667.03 3542234.26  1.13%   240 2939s
  8293   982 3542234.26  264 4601 3502667.03 3542234.26  1.13%   239 3019s
H 8293   933                    3502955.2400 3542234.26  1.12%   268 3032s
  8294   933 3541071.14   23 4725 3502955.24 3542234.09  1.12%   269 3059s
  8295   936 3540844.08   24 4830 3502955.24 3542234.09  1.12%   270 3082s
  8298   941 3540696.75   25 4816 3502955.24 3541832.59  1.11%   271 3111s
  8304   949 3540592.77   26 4977 3502955.24 3541727.85  1.11%   274 3151s

Cutting planes:
  Gomory: 178
  Cover: 18
  Clique: 3018
  MIR: 157
  Mixing: 4
  StrongCG: 2
  Flow cover: 885
  GUB cover: 27
  Zero half: 652
  Relax-and-lift: 101

Explored 8314 nodes (2450261 simplex iterations) in 3184.40 seconds (3030.08 work units)
Thread count was 12 (of 12 available processors)

Solution count 10: 3.50296e+06 3.50267e+06 3.50236e+06 ... 3.50091e+06

Time limit reached
Best objective 3.502955240000e+06, best bound 3.541633063282e+06, gap 1.1041%

Gurobi 12.0.1 (win64) logging started Tue Mar 17 21:17:55 2026

Set parameter LogFile to value "logs\full_H_50_restricted_subset15_5it_w_max_cap200_seed42_CG.log"
Gurobi Optimizer version 12.0.1 build v12.0.1rc0 (win64 - Windows 11.0 (26100.2))

CPU model: 13th Gen Intel(R) Core(TM) i7-1355U, instruction set [SSE2|AVX|AVX2]
Thread count: 10 physical cores, 12 logical processors, using up to 12 threads

Non-default parameters:
TimeLimit  2.3786287419795990e+03
FeasibilityTol  1e-09
MIPGap  0.005

Optimize a model with 8368 rows, 131426 columns and 1079287 nonzeros
Model fingerprint: 0x63b232a6
Variable types: 0 continuous, 131426 integer (131256 binary)
Coefficient statistics:
  Matrix range     [4e-01, 1e+02]
  Objective range  [1e-02, 2e+05]
  Bounds range     [1e+00, 3e+00]
  RHS range        [1e+00, 3e+00]
Presolve removed 710 rows and 8901 columns
Presolve time: 4.03s
Presolved: 7658 rows, 122525 columns, 995768 nonzeros
Variable types: 0 continuous, 122525 integer (122520 binary)
Found heuristic solution: objective -3197947.530
Found heuristic solution: objective -2721944.810
Deterministic concurrent LP optimizer: primal simplex, dual simplex, and barrier
Showing barrier log only...

Root barrier log...

Ordering time: 0.08s

Barrier statistics:
 AA' NZ     : 1.551e+05
 Factor NZ  : 2.570e+05 (roughly 50 MB of memory)
 Factor Ops : 1.001e+07 (less than 1 second per iteration)
 Threads    : 8

                  Objective                Residual
Iter       Primal          Dual         Primal    Dual     Compl     Time
   0   6.46028495e+09  6.77801658e+06  7.26e+04 2.28e+03  4.01e+04     5s
   1   2.80508707e+09  1.70711987e+07  3.15e+04 8.97e+02  1.76e+04     5s
   2   3.85914419e+08  2.30182409e+07  4.30e+03 6.41e+02  2.57e+03     6s
   3   1.09561160e+08  2.07764717e+07  1.19e+03 3.52e+01  7.34e+02     6s
   4   4.20277871e+07  1.60472104e+07  4.33e+02 1.05e+01  2.82e+02     6s
   5   1.24665311e+07  1.27796913e+07  1.04e+02 5.78e+00  8.97e+01     6s
   6   8.08043083e+06  8.62650313e+06  5.57e+01 1.83e+00  4.12e+01     6s
   7   5.25714500e+06  6.89522034e+06  2.38e+01 1.51e+00  2.12e+01     6s
   8   4.42952368e+06  5.60988514e+06  1.36e+01 5.25e-01  1.23e+01     6s
   9   4.01524226e+06  5.12412332e+06  8.22e+00 3.84e-01  8.94e+00     6s
  10   3.83938745e+06  4.36343702e+06  5.94e+00 1.58e-01  5.08e+00     6s
  11   3.63028505e+06  4.08150208e+06  2.98e+00 9.88e-02  3.25e+00     6s
  12   3.61165124e+06  3.87983082e+06  2.60e+00 4.77e-02  2.29e+00     6s
  13   3.58165670e+06  3.76683156e+06  1.94e+00 3.11e-02  1.63e+00     6s
  14   3.56826967e+06  3.70677604e+06  1.51e+00 2.28e-02  1.23e+00     6s
  15   3.56497354e+06  3.66868550e+06  1.30e+00 1.81e-02  9.97e-01     6s
  16   3.55865275e+06  3.62625105e+06  9.38e-01 1.28e-02  6.89e-01     6s
  17   3.56007414e+06  3.60345776e+06  7.54e-01 8.95e-03  5.09e-01     6s
  18   3.56331304e+06  3.59014964e+06  4.86e-01 7.49e-03  3.22e-01     7s
  19   3.56465052e+06  3.58380811e+06  3.30e-01 5.12e-03  2.21e-01     7s
  20   3.56570773e+06  3.57918064e+06  2.46e-01 3.27e-03  1.61e-01     7s
  21   3.56715410e+06  3.57770496e+06  1.56e-01 2.80e-03  1.09e-01     7s
  22   3.56829496e+06  3.57508902e+06  1.02e-01 1.70e-03  7.03e-02     7s
  23   3.56913447e+06  3.57315884e+06  6.95e-02 8.23e-04  4.49e-02     7s
  24   3.56977830e+06  3.57275432e+06  4.72e-02 6.46e-04  3.13e-02     7s
  25   3.57040904e+06  3.57248832e+06  2.61e-02 5.20e-04  1.89e-02     7s
  26   3.57051320e+06  3.57219946e+06  2.30e-02 3.71e-04  1.61e-02     7s
  27   3.57067421e+06  3.57196347e+06  1.87e-02 2.48e-04  1.27e-02     7s
  28   3.57099311e+06  3.57172972e+06  1.02e-02 1.29e-04  7.05e-03     7s
  29   3.57118665e+06  3.57158358e+06  5.22e-03 6.08e-05  3.69e-03     7s
  30   3.57124702e+06  3.57151373e+06  3.76e-03 3.05e-05  2.58e-03     7s
  31   3.57134548e+06  3.57148257e+06  1.55e-03 1.94e-05  1.17e-03     7s
  32   3.57137309e+06  3.57145280e+06  9.69e-04 9.20e-06  7.08e-04     7s
  33   3.57138687e+06  3.57143833e+06  6.86e-04 4.23e-06  4.82e-04     7s
  34   3.57140684e+06  3.57143116e+06  2.89e-04 2.22e-06  2.13e-04     7s
  35   3.57141481e+06  3.57142647e+06  1.38e-04 9.30e-07  1.02e-04     7s
  36   3.57141953e+06  3.57142407e+06  5.41e-05 1.62e-07  3.99e-05     7s
  37   3.57142115e+06  3.57142364e+06  2.66e-05 8.27e-08  2.06e-05     8s
  38   3.57142176e+06  3.57142297e+06  1.69e-05 1.09e-11  1.16e-05     8s
  39   3.57142276e+06  3.57142288e+06  1.32e-06 1.26e-12  1.03e-06     8s
  40   3.57142287e+06  3.57142287e+06  4.86e-08 7.64e-11  2.93e-08     8s
  41   3.57142287e+06  3.57142287e+06  9.90e-11 4.73e-11  7.38e-12     8s

Barrier solved model in 41 iterations and 7.67 seconds (6.62 work units)
Optimal objective 3.57142287e+06


Root crossover log...

    1396 DPushes remaining with DInf 0.0000000e+00                 8s
       0 DPushes remaining with DInf 0.0000000e+00                 8s

   10043 PPushes remaining with PInf 0.0000000e+00                 8s
       0 PPushes remaining with PInf 0.0000000e+00                 8s

  Push phase complete: Pinf 0.0000000e+00, Dinf 9.2661296e-10      8s


Root simplex log...

Iteration    Objective       Primal Inf.    Dual Inf.      Time
   11341    3.5714229e+06   0.000000e+00   0.000000e+00      8s
Concurrent spin time: 0.90s (can be avoided by choosing Method=3)

Solved with barrier

Root relaxation: objective 3.571423e+06, 11341 iterations, 4.43 seconds (2.08 work units)
Total elapsed time = 10.36s (DegenMoves)

    Nodes    |    Current Node    |     Objective Bounds      |     Work
 Expl Unexpl |  Obj  Depth IntInf | Incumbent    BestBd   Gap | It/Node Time

     0     0 3571422.87    0 2901 -2721944.8 3571422.87   231%     -   11s
H    0     0                    2044206.4800 3571422.87  74.7%     -   11s
H    0     0                    2607808.4250 3571422.87  37.0%     -   11s
H    0     0                    2633818.4900 3571422.87  35.6%     -   11s
H    0     0                    2674997.2900 3571422.87  33.5%     -   11s
H    0     0                    2680212.3250 3571422.87  33.3%     -   11s
H    0     0                    2774067.2800 3571422.87  28.7%     -   11s
H    0     0                    2774347.2800 3571422.87  28.7%     -   11s
H    0     0                    2812229.5000 3571422.87  27.0%     -   12s
H    0     0                    2813121.7200 3571422.87  27.0%     -   12s
H    0     0                    2813188.4900 3571422.87  27.0%     -   12s
H    0     0                    2813588.4900 3571422.87  26.9%     -   12s
H    0     0                    3274520.5250 3571422.87  9.07%     -   12s
H    0     0                    3322979.2650 3571422.87  7.48%     -   15s
H    0     0                    3326325.0400 3571422.87  7.37%     -   15s
H    0     0                    3329074.2500 3571422.87  7.28%     -   16s
H    0     0                    3330941.9000 3571422.87  7.22%     -   16s
H    0     0                    3334908.5300 3571422.87  7.09%     -   16s
H    0     0                    3335314.6000 3571422.87  7.08%     -   20s
H    0     0                    3335981.4000 3571422.87  7.06%     -   21s
H    0     0                    3342853.6800 3571422.87  6.84%     -   23s
H    0     0                    3343439.9200 3571422.87  6.82%     -   23s
     0     0 3564213.76    0 3196 3343439.92 3564213.76  6.60%     -   30s
H    0     0                    3370242.7100 3564212.02  5.76%     -   31s
H    0     0                    3378099.8250 3564212.02  5.51%     -   34s
H    0     0                    3379147.2200 3564212.02  5.48%     -   34s
H    0     0                    3379786.2300 3564212.02  5.46%     -   35s
H    0     0                    3381038.6900 3564212.02  5.42%     -   35s
H    0     0                    3381140.9100 3564212.02  5.41%     -   35s
H    0     0                    3385287.3650 3564212.02  5.29%     -   38s
H    0     0                    3388358.9600 3564212.02  5.19%     -   38s
H    0     0                    3393474.2800 3564212.02  5.03%     -   41s
H    0     0                    3401938.1300 3564212.02  4.77%     -   42s
     0     0 3561798.89    0 3322 3401938.13 3561798.89  4.70%     -   44s
     0     0 3561278.04    0 3398 3401938.13 3561278.04  4.68%     -   46s
     0     0 3561097.60    0 3455 3401938.13 3561097.60  4.68%     -   48s
     0     0 3561047.40    0 3480 3401938.13 3561047.40  4.68%     -   48s
     0     0 3561044.79    0 3502 3401938.13 3561044.79  4.68%     -   49s
     0     0 3561044.28    0 3504 3401938.13 3561044.28  4.68%     -   49s
     0     0 3557954.59    0 3679 3401938.13 3557954.59  4.59%     -   56s
H    0     0                    3403418.9700 3557954.59  4.54%     -   58s
H    0     0                    3404416.8650 3557954.59  4.51%     -   59s
     0     0 3556935.60    0 3657 3404416.86 3556935.60  4.48%     -   62s
     0     0 3556432.51    0 3715 3404416.86 3556432.51  4.47%     -   65s
     0     0 3556259.43    0 3743 3404416.86 3556259.43  4.46%     -   66s
     0     0 3556051.76    0 3812 3404416.86 3556051.76  4.45%     -   68s
     0     0 3555940.44    0 3893 3404416.86 3555940.44  4.45%     -   70s
     0     0 3555930.03    0 3935 3404416.86 3555930.03  4.45%     -   70s
     0     0 3555929.16    0 3950 3404416.86 3555929.16  4.45%     -   71s
     0     0 3554336.50    0 3824 3404416.86 3554336.50  4.40%     -   77s
     0     0 3553645.31    0 3830 3404416.86 3553645.31  4.38%     -   98s
     0     0 3553273.33    0 3950 3404416.86 3553273.33  4.37%     -  101s
     0     0 3553121.30    0 4009 3404416.86 3553121.30  4.37%     -  103s
     0     0 3552901.36    0 3999 3404416.86 3552901.36  4.36%     -  105s
     0     0 3552828.82    0 4070 3404416.86 3552828.82  4.36%     -  107s
     0     0 3552811.07    0 4119 3404416.86 3552811.07  4.36%     -  108s
     0     0 3552803.03    0 4159 3404416.86 3552803.03  4.36%     -  109s
     0     0 3552800.63    0 4185 3404416.86 3552800.63  4.36%     -  109s
     0     0 3551977.30    0 4197 3404416.86 3551977.30  4.33%     -  115s
     0     0 3551815.03    0 4113 3404416.86 3551815.03  4.33%     -  121s
     0     0 3551748.13    0 4201 3404416.86 3551748.13  4.33%     -  123s
     0     0 3551600.43    0 4263 3404416.86 3551600.43  4.32%     -  126s
     0     0 3551569.19    0 4308 3404416.86 3551569.19  4.32%     -  127s
     0     0 3551567.83    0 4333 3404416.86 3551567.83  4.32%     -  128s
     0     0 3550832.88    0 4232 3404416.86 3550832.88  4.30%     -  136s
     0     0 3550707.27    0 4293 3404416.86 3550707.27  4.30%     -  146s
     0     0 3550622.34    0 4346 3404416.86 3550622.34  4.29%     -  148s
     0     0 3550503.51    0 4444 3404416.86 3550503.51  4.29%     -  151s
     0     0 3550497.35    0 4486 3404416.86 3550497.35  4.29%     -  152s
     0     0 3550064.26    0 4352 3404416.86 3550064.26  4.28%     -  157s
     0     0 3549940.74    0 4359 3404416.86 3549940.74  4.27%     -  170s
     0     0 3549890.23    0 4413 3404416.86 3549890.23  4.27%     -  172s
     0     0 3549874.53    0 4465 3404416.86 3549874.53  4.27%     -  174s
     0     0 3549873.24    0 4522 3404416.86 3549873.24  4.27%     -  174s
     0     0 3549618.88    0 4422 3404416.86 3549618.88  4.27%     -  180s
     0     0 3549582.58    0 4403 3404416.86 3549582.58  4.26%     -  205s
     0     0 3549542.76    0 4424 3404416.86 3549542.76  4.26%     -  207s
     0     0 3549530.79    0 4527 3404416.86 3549530.79  4.26%     -  208s
     0     0 3549340.05    0 4506 3404416.86 3549340.05  4.26%     -  213s
H    0     0                    3408508.1550 3549340.05  4.13%     -  224s
H    0     0                    3416407.2050 3549340.05  3.89%     -  224s
H    0     0                    3416640.9000 3549340.05  3.88%     -  224s
H    0     0                    3417360.9000 3549340.05  3.86%     -  224s
H    0     0                    3417397.8700 3549340.05  3.86%     -  225s
H    0     0                    3418894.1300 3549340.05  3.82%     -  225s
H    0     0                    3422187.9050 3549340.05  3.72%     -  227s
     0     0 3549289.16    0 4536 3422187.90 3549289.16  3.71%     -  228s
     0     0 3549269.90    0 4607 3422187.90 3549269.90  3.71%     -  230s
     0     0 3549267.01    0 4606 3422187.90 3549267.01  3.71%     -  230s
     0     0 3549119.53    0 4552 3422187.90 3549119.53  3.71%     -  235s
     0     0 3549086.08    0 4607 3422187.90 3549086.08  3.71%     -  241s
     0     0 3549066.64    0 4684 3422187.90 3549066.64  3.71%     -  242s
     0     0 3549063.48    0 4725 3422187.90 3549063.48  3.71%     -  243s
     0     0 3548976.79    0 4623 3422187.90 3548976.79  3.70%     -  247s
     0     0 3548976.79    0 4231 3422187.90 3548976.79  3.70%     -  252s
H    0     0                    3427264.2900 3548976.79  3.55%     -  277s
H    0     0                    3429214.8500 3548976.79  3.49%     -  277s
H    0     0                    3431137.7650 3548976.79  3.43%     -  277s
H    0     0                    3431249.1650 3548976.79  3.43%     -  278s
H    0     0                    3431704.1050 3548976.79  3.42%     -  278s
     0     2 3548976.79    0 4175 3431704.10 3548976.79  3.42%     -  293s
     1     4 3548319.50    1 4132 3431704.10 3548976.00  3.42%  9075  309s
     3     8 3548297.85    2 4256 3431704.10 3548319.50  3.40%  5931  313s
     7    16 3548215.65    3 4533 3431704.10 3548296.97  3.40%  3626  321s
    15    26 3548174.66    4 4576 3431704.10 3548212.69  3.40%  2869  328s
    25    46 3548173.51    5 4615 3431704.10 3548173.51  3.39%  2253  339s
H   26    46                    3439801.9000 3548173.51  3.15%  2166  339s
    45    56 3548167.12    7 4611 3439801.90 3548172.84  3.15%  1287  348s
    55    66 3548108.50    7 4569 3439801.90 3548172.84  3.15%  1069  355s
    65    76 3548165.75    8 4608 3439801.90 3548172.84  3.15%   968  362s
    75    86 3548125.82    8 4545 3439801.90 3548172.84  3.15%   849  369s
    85    96 3548125.82    9 4542 3439801.90 3548172.84  3.15%   784  383s
H   95   161                    3440376.1650 3548172.84  3.13%   716  408s
   160   349 3548074.56   16 4566 3440376.16 3548172.84  3.13%   506  453s
H  175   349                    3445265.9600 3548172.84  2.99%   472  453s
H  184   349                    3447366.3350 3548172.84  2.92%   491  453s
H  197   349                    3449290.1250 3548172.84  2.87%   489  453s
H  348  1053                    3450435.8600 3548172.84  2.83%   435  514s
H 1052  1515                    3453003.6800 3548172.84  2.76%   250  588s
H 1109  1515                    3458701.6850 3548172.84  2.59%   246  589s
  1514  2001 3547790.66  139 4505 3458701.68 3548172.84  2.59%   242  659s
H 2000  2053                    3461833.4500 3548172.84  2.49%   249  763s
H 2010  2053                    3461852.3650 3548172.84  2.49%   250  763s
H 2015  2053                    3464306.5900 3548172.84  2.42%   250  763s
H 2027  2053                    3465688.2950 3548172.84  2.38%   250  763s
  2052  2329 3547671.33  185 4432 3465688.29 3548172.84  2.38%   252  848s
H 2090  2329                    3467821.4400 3548172.84  2.32%   253  848s
H 2122  2329                    3468760.5700 3548172.84  2.29%   253  848s
H 2166  2329                    3472839.1100 3548172.84  2.17%   252  848s
H 2251  2329                    3472862.7550 3548172.84  2.17%   250  848s
H 2328  2968                    3474589.8400 3548172.84  2.12%   251  929s
  2967  3671 3547475.32  243 4403 3474589.84 3548172.84  2.12%   249 1009s
H 3670  4452                    3474858.0500 3548172.84  2.11%   240 1099s
H 3714  4452                    3475565.2100 3548172.84  2.09%   240 1099s
H 3765  4452                    3475668.8900 3548172.84  2.09%   239 1099s
H 4158  4452                    3476298.4200 3548172.84  2.07%   225 1100s
  4451  5186 3547218.98  316 4377 3476298.42 3548172.84  2.07%   221 1170s
H 5185  5657                    3480262.0550 3548172.84  1.95%   214 1256s
H 5254  5657                    3481135.0350 3548172.84  1.93%   214 1256s
H 5400  5657                    3481316.8600 3548172.84  1.92%   214 1256s
H 5587  5657                    3481760.4400 3548172.84  1.91%   213 1256s
H 5656  6288                    3481889.5800 3548172.84  1.90%   212 1324s
  6287  6854 3546694.65  463 4305 3481889.58 3548172.84  1.90%   208 1385s
H 6853  7422                    3482123.4300 3548172.84  1.90%   207 1476s
H 6977  7422                    3482446.8200 3548172.84  1.89%   206 1476s
H 7145  7422                    3482877.2600 3548172.84  1.87%   205 1476s
H 7221  7422                    3482987.3600 3548172.84  1.87%   204 1476s
H 7421  8097                    3483086.1300 3548172.84  1.87%   203 1538s
  8097  8098 3547403.10   36 4231 3483086.13 3548172.84  1.87%   200 1612s
H 8098  7694                    3483106.3750 3548172.84  1.87%   200 1620s
H 8098  7309                    3483915.4250 3548172.84  1.84%   200 1623s
H 8098  6943                    3484694.3600 3548172.84  1.82%   200 1625s
H 8098  6596                    3484759.5700 3548172.84  1.82%   200 1625s
H 8098  6266                    3484967.4350 3548172.84  1.81%   200 1631s
H 8098  5953                    3484977.0150 3548172.84  1.81%   200 1631s
  8100  5954 3547345.27  161 3100 3484977.01 3548172.84  1.81%   200 1656s
H 8100  5656                    3486058.0250 3548172.84  1.78%   200 1669s
H 8100  5373                    3486530.4200 3548172.84  1.77%   200 1670s
H 8100  5105                    3487581.1150 3548172.84  1.74%   200 1670s
  8102  5106 3545745.90  623 3457 3487581.11 3548172.84  1.74%   200 1677s
  8103  5107 3546364.55  360 3435 3487581.11 3548172.84  1.74%   200 1681s
  8104  5108 3546110.94  443 3539 3487581.11 3548172.84  1.74%   200 1685s
  8105  5108 3547525.43  110 3690 3487581.11 3548172.84  1.74%   200 1690s
H 8105  4852                    3487781.1150 3548172.84  1.73%   200 1693s
  8107  4854 3547199.36  189 3836 3487781.11 3548172.84  1.73%   200 1698s
  8108  4854 3546255.62  335 3875 3487781.11 3548172.84  1.73%   200 1701s
  8109  4855 3546892.99  412 3949 3487781.11 3548172.84  1.73%   200 1705s
  8111  4856 3547507.37  110 4070 3487781.11 3548172.84  1.73%   200 1710s
  8112  4857 3545927.02  614 4193 3487781.11 3548172.84  1.73%   200 1715s
  8113  4858 3547541.96   11 4232 3487781.11 3548172.84  1.73%   200 1720s
  8115  4859 3547003.45  371 4335 3487781.11 3548114.27  1.73%   199 1728s
  8116  4860 3546273.00  387 4444 3487781.11 3548034.19  1.73%   199 1732s
  8118  4861 3547652.08   61 4519 3487781.11 3547959.18  1.73%   199 1736s
  8120  4862 3547268.13  281 4573 3487781.11 3547951.65  1.73%   199 1744s
  8121  4863 3546590.59   37 4258 3487781.11 3546590.59  1.69%   199 1770s
  8122  4864 3545951.57  511 4384 3487781.11 3546145.56  1.67%   199 1775s
  8123  4864 3545905.22  168 4478 3487781.11 3545905.22  1.67%   199 1780s
  8125  4866 3545602.69   79 4383 3487781.11 3545602.69  1.66%   199 1786s
H 8125  4622                    3490230.7500 3545528.58  1.58%   199 1789s
H 8125  4391                    3491049.4800 3545528.58  1.56%   199 1789s
  8127  4392 3545176.53  748 4524 3491049.48 3545467.81  1.56%   199 1792s
  8128  4393 3545392.70  217 4583 3491049.48 3545392.70  1.56%   199 1795s
  8130  4394 3545286.70   63 4600 3491049.48 3545286.70  1.55%   199 1800s
  8132  4395 3545235.00  281 4469 3491049.48 3545235.00  1.55%   199 1805s
  8135  4397 3545122.20  248 4534 3491049.48 3545122.20  1.55%   199 1810s
  8137  4399 3545026.10  535 4628 3491049.48 3545026.10  1.55%   199 1815s
  8140  4401 3544968.78  682 4619 3491049.48 3544968.78  1.54%   199 1821s
  8142  4402 3544905.01   47 4712 3491049.48 3544905.01  1.54%   199 1825s
  8144  4403 3544882.47  248 4645 3491049.48 3544882.47  1.54%   199 1830s
  8147  4405 3544860.68  452 4709 3491049.48 3544860.68  1.54%   199 1840s
  8148  4406 3544683.82  428 4392 3491049.48 3544683.82  1.54%   199 1873s
H 8148  4185                    3491123.9100 3544622.03  1.53%   199 1878s
H 8148  3974                    3491354.3600 3544622.03  1.53%   199 1878s
  8150  3975 3544557.07  364 4536 3491354.36 3544557.07  1.52%   199 1882s
  8152  3977 3544470.64  445 4608 3491354.36 3544470.64  1.52%   199 1887s
  8153  3977 3544397.79  219 4526 3491354.36 3544397.79  1.52%   199 1890s
  8155  3979 3544318.64  524 4642 3491354.36 3544318.64  1.52%   199 1898s
  8156  3979 3544290.16  174 4689 3491354.36 3544290.16  1.52%   198 1901s
  8158  3981 3544258.85  373 4734 3491354.36 3544258.85  1.52%   198 1906s
  8160  3982 3544234.57  322 4755 3491354.36 3544234.57  1.51%   198 1912s
  8162  3983 3544125.92  451 4786 3491354.36 3544125.92  1.51%   198 1918s
  8163  3984 3544120.28  234 4866 3491354.36 3544120.28  1.51%   198 1920s
  8165  3985 3544103.82  256 4907 3491354.36 3544103.82  1.51%   198 1933s
  8166  3986 3543983.30  257 4553 3491354.36 3543983.30  1.51%   198 1972s
  8167  3987 3543965.59  706 4718 3491354.36 3543965.59  1.51%   198 1975s
  8169  3988 3543894.42   37 4741 3491354.36 3543894.42  1.50%   198 1980s
  8172  3990 3543844.14  400 4766 3491354.36 3543844.14  1.50%   198 1986s
  8174  3991 3543814.15  177 4860 3491354.36 3543814.15  1.50%   198 1990s
  8177  3993 3543779.09  451 4974 3491354.36 3543779.09  1.50%   198 1997s
  8178  3994 3543776.65  521 5046 3491354.36 3543776.65  1.50%   198 2003s
H 8178  3793                    3493083.0800 3543640.87  1.45%   198 2017s
H 8178  3602                    3493187.2750 3543640.87  1.44%   198 2017s
H 8178  3421                    3493227.2750 3543640.11  1.44%   198 2030s
  8179  3422 3543640.11  394 4660 3493227.27 3543640.11  1.44%   198 2056s
H 8179  3249                    3493448.6400 3543632.86  1.44%   198 2060s
  8182  3251 3543591.97  208 4789 3493448.64 3543591.97  1.44%   198 2065s
  8185  3253 3543561.90   33 4876 3493448.64 3543561.90  1.43%   198 2071s
  8188  3255 3543542.13  242 4945 3493448.64 3543542.13  1.43%   198 2075s
  8189  3255 3543538.82  711 5004 3493448.64 3543538.82  1.43%   198 2083s
H 8189  3091                    3493488.6400 3543469.71  1.43%   198 2124s
  8190  3092 3543469.71   85 4782 3493488.64 3543469.71  1.43%   198 2137s
  8191  3093 3543465.09  524 4900 3493488.64 3543465.09  1.43%   198 2142s
  8192  3093 3543454.23  334 4921 3493488.64 3543454.23  1.43%   198 2146s
  8194  3095 3543438.39  170 4986 3493488.64 3543438.39  1.43%   198 2151s
  8196  3096 3543424.50   55 4987 3493488.64 3543424.50  1.43%   198 2156s
  8198  3097 3543414.00  347 4998 3493488.64 3543414.00  1.43%   197 2160s
  8199  3098 3543411.23  143 5040 3493488.64 3543411.23  1.43%   197 2167s
  8200  3099 3543377.81  161 4727 3493488.64 3543377.81  1.43%   197 2211s
  8201  3099 3543376.53  480 4850 3493488.64 3543376.53  1.43%   197 2216s
  8202  3100 3543345.74  623 4676 3493488.64 3543345.74  1.43%   197 2243s
H 8202  2943                    3493750.5900 3543328.59  1.42%   197 2245s
  8205  2945 3543266.34  110 4842 3493750.59 3543266.34  1.42%   197 2251s
  8206  2946 3543245.47  554 4853 3493750.59 3543245.47  1.42%   197 2255s
H 8207  2797                    3496351.2050 3543228.72  1.34%   197 2261s
H 8207  2655                    3496840.6900 3543228.72  1.33%   197 2261s
H 8207  2521                    3496872.9650 3543228.72  1.33%   197 2261s
H 8207  2393                    3497691.3850 3543228.72  1.30%   197 2261s
H 8208  2272                    3497796.4850 3543224.04  1.30%   197 2263s
  8210  2273 3543209.30  104 4903 3497796.48 3543209.30  1.30%   197 2266s
  8212  2275 3543189.10  614 4963 3497796.48 3543189.10  1.30%   197 2270s
  8214  2276 3543179.23  280 5062 3497796.48 3543179.23  1.30%   197 2278s
H 8214  2160                    3499540.7850 3543148.69  1.25%   197 2298s

Cutting planes:
  Gomory: 110
  Cover: 12
  Clique: 2284
  MIR: 132
  Mixing: 2
  StrongCG: 2
  Flow cover: 570
  GUB cover: 13
  Zero half: 504
  Relax-and-lift: 52

Explored 8214 nodes (2057145 simplex iterations) in 2379.11 seconds (2104.78 work units)
Thread count was 12 (of 12 available processors)

Solution count 10: 3.49954e+06 3.4978e+06 3.49769e+06 ... 3.49323e+06

Time limit reached
Best objective 3.499540785000e+06, best bound 3.543148687741e+06, gap 1.2461%
