
Gurobi 12.0.1 (win64) logging started Sun Mar 15 23:36:03 2026

Set parameter LogFile to value "logs\full_M_80_restricted_subset15_5it_w_max_cap200_seed42_CG.log"
Gurobi Optimizer version 12.0.1 build v12.0.1rc0 (win64 - Windows 11.0 (26100.2))

CPU model: 13th Gen Intel(R) Core(TM) i7-1355U, instruction set [SSE2|AVX|AVX2]
Thread count: 10 physical cores, 12 logical processors, using up to 12 threads

Non-default parameters:
TimeLimit  2.9239603676795959e+03
FeasibilityTol  1e-09
MIPGap  0.005

Optimize a model with 13036 rows, 155438 columns and 1214757 nonzeros
Model fingerprint: 0x14e99d12
Variable types: 0 continuous, 155438 integer (155268 binary)
Coefficient statistics:
  Matrix range     [4e-01, 1e+02]
  Objective range  [1e-02, 2e+05]
  Bounds range     [1e+00, 3e+00]
  RHS range        [1e+00, 3e+00]
Presolve removed 2104 rows and 13819 columns
Presolve time: 3.87s
Presolved: 10932 rows, 141619 columns, 1101366 nonzeros
Variable types: 0 continuous, 141619 integer (141610 binary)
Found heuristic solution: objective -2853430.915
Found heuristic solution: objective -2783147.060
Deterministic concurrent LP optimizer: primal simplex, dual simplex, and barrier
Showing barrier log only...

Root barrier log...

Ordering time: 0.06s

Barrier statistics:
 AA' NZ     : 2.081e+05
 Factor NZ  : 3.563e+05 (roughly 60 MB of memory)
 Factor Ops : 1.346e+07 (less than 1 second per iteration)
 Threads    : 8

                  Objective                Residual
Iter       Primal          Dual         Primal    Dual     Compl     Time
   0   8.49034080e+09  9.52957445e+06  1.13e+05 2.80e+03  5.28e+04     6s
   1   2.79653655e+09  2.87016054e+07  3.72e+04 1.46e+03  1.79e+04     6s
   2   4.56704873e+08  3.83831997e+07  6.04e+03 7.16e+02  3.13e+03     6s
   3   2.24258436e+08  3.63079244e+07  2.93e+03 3.34e+02  1.54e+03     6s
   4   1.38293654e+08  3.10788889e+07  1.78e+03 1.33e+02  9.25e+02     6s
   5   5.77388499e+07  2.52717621e+07  7.07e+02 7.99e+01  3.83e+02     6s
   6   2.33076709e+07  1.98085332e+07  2.47e+02 4.04e+01  1.49e+02     6s
   7   1.07409063e+07  1.49545104e+07  7.79e+01 1.80e+01  5.96e+01     6s
   8   7.53755316e+06  1.11951597e+07  3.37e+01 8.32e+00  2.88e+01     6s
   9   6.58263811e+06  9.12954713e+06  1.94e+01 4.83e+00  1.68e+01     6s
  10   6.36557978e+06  8.44888125e+06  1.58e+01 3.60e+00  1.34e+01     6s
  11   6.16958904e+06  7.50537643e+06  1.25e+01 2.40e+00  9.06e+00     6s
  12   6.05441267e+06  7.09427351e+06  1.03e+01 1.65e+00  7.09e+00     6s
  13   5.86534960e+06  6.67304366e+06  6.41e+00 1.11e+00  4.88e+00     6s
  14   5.81668460e+06  6.38294768e+06  5.13e+00 9.76e-01  3.57e+00     6s
  15   5.78091714e+06  6.17266508e+06  3.89e+00 5.23e-01  2.55e+00     7s
  16   5.76333839e+06  6.00757518e+06  3.02e+00 4.00e-01  1.75e+00     7s
  17   5.75310740e+06  5.93962375e+06  2.42e+00 2.93e-01  1.37e+00     7s
  18   5.74957760e+06  5.88024429e+06  1.98e+00 2.31e-01  1.05e+00     7s
  19   5.75007642e+06  5.84481555e+06  1.54e+00 1.70e-01  7.93e-01     7s
  20   5.74942826e+06  5.83261936e+06  1.25e+00 1.47e-01  6.73e-01     7s
  21   5.74960733e+06  5.81343442e+06  8.12e-01 1.06e-01  4.87e-01     7s
  22   5.75266382e+06  5.79691080e+06  4.61e-01 7.20e-02  3.24e-01     7s
  23   5.75523331e+06  5.78813046e+06  3.20e-01 5.30e-02  2.39e-01     7s
  24   5.75765974e+06  5.78021854e+06  2.60e-01 3.46e-02  1.79e-01     7s
  25   5.76040534e+06  5.77561256e+06  1.75e-01 2.15e-02  1.21e-01     7s
  26   5.76297781e+06  5.77320497e+06  1.07e-01 1.47e-02  7.70e-02     7s
  27   5.76465897e+06  5.77129620e+06  6.95e-02 9.04e-03  5.00e-02     7s
  28   5.76609854e+06  5.77048066e+06  4.33e-02 6.42e-03  3.20e-02     7s
  29   5.76680960e+06  5.76996384e+06  2.93e-02 4.66e-03  2.23e-02     7s
  30   5.76728959e+06  5.76952219e+06  2.06e-02 3.16e-03  1.57e-02     7s
  31   5.76768827e+06  5.76929134e+06  1.39e-02 2.26e-03  1.09e-02     7s
  32   5.76805219e+06  5.76900739e+06  7.96e-03 1.30e-03  6.40e-03     7s
  33   5.76822438e+06  5.76886873e+06  5.29e-03 8.42e-04  4.29e-03     8s
  34   5.76832601e+06  5.76881943e+06  3.75e-03 6.83e-04  3.17e-03     8s
  35   5.76843970e+06  5.76873093e+06  2.03e-03 4.01e-04  1.80e-03     8s
  36   5.76850802e+06  5.76868391e+06  1.12e-03 2.51e-04  1.05e-03     8s
  37   5.76851964e+06  5.76866949e+06  9.81e-04 2.05e-04  9.01e-04     8s
  38   5.76853559e+06  5.76866196e+06  7.94e-04 1.81e-04  7.48e-04     8s
  39   5.76855068e+06  5.76863063e+06  6.18e-04 8.18e-05  5.16e-04     8s
  40   5.76858004e+06  5.76861410e+06  2.62e-04 2.99e-05  2.19e-04     8s
  41   5.76859171e+06  5.76860797e+06  1.31e-04 1.13e-05  1.07e-04     8s
  42   5.76859808e+06  5.76860672e+06  6.04e-05 7.73e-06  5.32e-05     8s
  43   5.76859984e+06  5.76860524e+06  4.09e-05 3.47e-06  3.44e-05     8s
  44   5.76860219e+06  5.76860461e+06  1.72e-05 1.72e-06  1.50e-05     8s
  45   5.76860287e+06  5.76860438e+06  1.03e-05 1.06e-06  9.19e-06     8s
  46   5.76860364e+06  5.76860402e+06  2.93e-06 8.86e-08  2.43e-06     8s
  47   5.76860394e+06  5.76860399e+06  2.88e-07 9.31e-09  2.87e-07     8s
  48   5.76860398e+06  5.76860398e+06  5.97e-09 1.20e-10  1.22e-09     8s

Barrier solved model in 48 iterations and 8.40 seconds (8.41 work units)
Optimal objective 5.76860398e+06


Root crossover log...

    2214 DPushes remaining with DInf 0.0000000e+00                 8s
       0 DPushes remaining with DInf 0.0000000e+00                 9s

   15993 PPushes remaining with PInf 1.6675957e-06                 9s
       0 PPushes remaining with PInf 0.0000000e+00                 9s

  Push phase complete: Pinf 0.0000000e+00, Dinf 7.1850097e+01      9s


Root simplex log...

Iteration    Objective       Primal Inf.    Dual Inf.      Time
   18013    5.7686040e+06   0.000000e+00   7.185010e+01      9s
   18017    5.7686040e+06   0.000000e+00   0.000000e+00      9s
Concurrent spin time: 1.70s (can be avoided by choosing Method=3)

Solved with barrier
   18017    5.7686040e+06   0.000000e+00   0.000000e+00     11s

Root relaxation: objective 5.768604e+06, 18017 iterations, 5.97 seconds (3.10 work units)

    Nodes    |    Current Node    |     Objective Bounds      |     Work
 Expl Unexpl |  Obj  Depth IntInf | Incumbent    BestBd   Gap | It/Node Time

     0     0 5768603.98    0 3112 -2783147.1 5768603.98   307%     -   12s
H    0     0                    2447652.2950 5768603.98   136%     -   12s
H    0     0                    4265820.8850 5768603.98  35.2%     -   12s
H    0     0                    4788584.0300 5768603.98  20.5%     -   12s
H    0     0                    4888533.5500 5768603.98  18.0%     -   12s
H    0     0                    4943383.3300 5768603.98  16.7%     -   12s
H    0     0                    5002230.3900 5768603.98  15.3%     -   12s
H    0     0                    5007129.0250 5768603.98  15.2%     -   12s
H    0     0                    5009601.5150 5768603.98  15.2%     -   12s
H    0     0                    5057148.8900 5768603.98  14.1%     -   12s
H    0     0                    5062352.4200 5768603.98  14.0%     -   12s
H    0     0                    5062592.4200 5768603.98  13.9%     -   12s
H    0     0                    5083818.1951 5768603.98  13.5%     -   12s
H    0     0                    5085983.0450 5768603.98  13.4%     -   13s
H    0     0                    5087103.0450 5768603.98  13.4%     -   13s
H    0     0                    5416802.2400 5768603.98  6.49%     -   14s
H    0     0                    5498393.7048 5768603.98  4.91%     -   16s
H    0     0                    5502137.1398 5768603.98  4.84%     -   16s
H    0     0                    5503056.5948 5768603.98  4.83%     -   16s
H    0     0                    5507490.2898 5768603.98  4.74%     -   17s
H    0     0                    5508027.4298 5768603.98  4.73%     -   17s
H    0     0                    5511310.8650 5768603.98  4.67%     -   17s
H    0     0                    5511755.3050 5768603.98  4.66%     -   18s
H    0     0                    5539941.5500 5768603.98  4.13%     -   19s
H    0     0                    5543578.6000 5768603.98  4.06%     -   20s
H    0     0                    5544383.5900 5768603.98  4.04%     -   20s
     0     0 5760247.27    0 3370 5544383.59 5760247.27  3.89%     -   25s
H    0     0                    5570871.8050 5760246.66  3.40%     -   27s
H    0     0                    5593398.5200 5760246.66  2.98%     -   29s
H    0     0                    5595019.7600 5760246.66  2.95%     -   29s
H    0     0                    5595869.3600 5760246.66  2.94%     -   31s
H    0     0                    5596431.6550 5760246.66  2.93%     -   33s
H    0     0                    5596557.1950 5760246.66  2.92%     -   33s
H    0     0                    5612879.1550 5760246.66  2.63%     -   35s
     0     0 5757073.00    0 3431 5612879.15 5757073.00  2.57%     -   38s
     0     0 5756337.39    0 3530 5612879.15 5756337.39  2.56%     -   39s
     0     0 5756024.90    0 3525 5612879.15 5756024.90  2.55%     -   40s
     0     0 5755940.32    0 3566 5612879.15 5755940.32  2.55%     -   40s
     0     0 5755939.54    0 3556 5612879.15 5755939.54  2.55%     -   41s
     0     0 5753177.14    0 3567 5612879.15 5753177.14  2.50%     -   44s
H    0     0                    5614734.1150 5753175.63  2.47%     -   46s
     0     0 5752122.58    0 3505 5614734.11 5752122.58  2.45%     -   49s
     0     0 5751432.15    0 3545 5614734.11 5751432.15  2.43%     -   51s
     0     0 5751307.58    0 3645 5614734.11 5751307.58  2.43%     -   53s
     0     0 5750987.15    0 3669 5614734.11 5750987.15  2.43%     -   55s
     0     0 5750931.07    0 3673 5614734.11 5750931.07  2.43%     -   55s
     0     0 5750906.77    0 3733 5614734.11 5750906.77  2.43%     -   56s
     0     0 5750903.70    0 3783 5614734.11 5750903.70  2.43%     -   56s
     0     0 5749662.44    0 3718 5614734.11 5749662.44  2.40%     -   60s
H    0     0                    5614858.8250 5749662.09  2.40%     -   62s
H    0     0                    5625127.9300 5749662.09  2.21%     -   72s
H    0     0                    5625708.6300 5749662.09  2.20%     -   72s
H    0     0                    5625790.2850 5749662.09  2.20%     -   72s
H    0     0                    5628747.2750 5749662.09  2.15%     -   74s
H    0     0                    5628769.2600 5749662.09  2.15%     -   74s
H    0     0                    5629009.2600 5749662.09  2.14%     -   78s
H    0     0                    5633720.8900 5749662.09  2.06%     -   78s
H    0     0                    5634120.8900 5749662.09  2.05%     -   80s
H    0     0                    5640776.7000 5749662.09  1.93%     -   83s
     0     0 5749059.49    0 3778 5640776.70 5749059.49  1.92%     -   86s
     0     0 5748828.74    0 3830 5640776.70 5748828.74  1.92%     -   88s
     0     0 5748742.12    0 3889 5640776.70 5748742.12  1.91%     -   89s
     0     0 5748582.65    0 3965 5640776.70 5748582.65  1.91%     -   91s
     0     0 5748558.12    0 3996 5640776.70 5748558.12  1.91%     -   92s
     0     0 5748553.52    0 4039 5640776.70 5748553.52  1.91%     -   92s
     0     0 5747761.63    0 3951 5640776.70 5747761.63  1.90%     -   95s
H    0     0                    5644434.7600 5747761.49  1.83%     -   97s
     0     0 5747610.52    0 3969 5644434.76 5747610.52  1.83%     -  100s
     0     0 5747555.66    0 4084 5644434.76 5747555.66  1.83%     -  101s
     0     0 5747547.84    0 4117 5644434.76 5747547.84  1.83%     -  101s
     0     0 5747022.78    0 4103 5644434.76 5747022.78  1.82%     -  104s
     0     0 5746880.52    0 4170 5644434.76 5746880.52  1.81%     -  111s
     0     0 5746822.06    0 4173 5644434.76 5746822.06  1.81%     -  112s
     0     0 5746814.07    0 4179 5644434.76 5746814.07  1.81%     -  113s
     0     0 5746402.87    0 4069 5644434.76 5746402.87  1.81%     -  116s
     0     0 5746302.17    0 4216 5644434.76 5746302.17  1.80%     -  123s
     0     0 5746290.95    0 4255 5644434.76 5746290.95  1.80%     -  123s
     0     0 5745903.81    0 3931 5644434.76 5745903.81  1.80%     -  127s
     0     0 5745858.94    0 4107 5644434.76 5745858.94  1.80%     -  133s
     0     0 5745848.24    0 4136 5644434.76 5745848.24  1.80%     -  134s
     0     0 5745693.74    0 4153 5644434.76 5745693.74  1.79%     -  136s
     0     0 5745671.89    0 4237 5644434.76 5745671.89  1.79%     -  143s
     0     0 5745667.32    0 4297 5644434.76 5745667.32  1.79%     -  144s
     0     0 5745539.75    0 4220 5644434.76 5745539.75  1.79%     -  146s
     0     0 5745514.64    0 4303 5644434.76 5745514.64  1.79%     -  150s
     0     0 5745510.59    0 4363 5644434.76 5745510.59  1.79%     -  151s
     0     0 5745434.39    0 4400 5644434.76 5745434.39  1.79%     -  153s
     0     0 5745433.72    0 4062 5644434.76 5745433.72  1.79%     -  155s
     0     2 5745433.71    0 4013 5644434.76 5745433.71  1.79%     -  175s
     7    16 5745404.71    3 4243 5644434.76 5745410.92  1.79%  1216  180s
    25    44 5745390.82    5 4254 5644434.76 5745390.82  1.79%   642  186s
H   30    44                    5653029.5900 5745390.82  1.63%   542  186s
    43    54 5745390.82    7 4254 5653029.59 5745390.82  1.63%   407  197s
    53    64 5745328.84    7 4227 5653029.59 5745389.97  1.63%   333  201s
    73    84 5745373.25    8 4246 5653029.59 5745389.05  1.63%   259  210s
    83    94 5745351.22    9 4251 5653029.59 5745389.05  1.63%   233  216s
    93   104 5744551.42   10 4213 5653029.59 5745389.05  1.63%   213  230s
   103   114 5745351.22   10 4251 5653029.59 5745389.05  1.63%   200  240s
   113   124 5745337.96   11 4247 5653029.59 5745389.05  1.63%   183  252s
H  119   124                    5659130.5607 5745389.05  1.52%   175  252s
   123   324 5745337.96   12 4247 5659130.56 5745389.05  1.52%   171  262s
   323   334 5745255.08   30 4247 5659130.56 5745389.05  1.52%  92.0  281s
   333   534 5745086.49   30 4219 5659130.56 5745389.05  1.52%  92.9  300s
H  533   721                    5661613.1007 5745389.05  1.48%  83.8  322s
   720   984 5745184.83   63 4230 5661613.10 5745389.05  1.48%   118  355s
   983  1349 5745131.94   82 4252 5661613.10 5745389.05  1.48%   153  402s
  1348  1866 5744964.82  116 4193 5661613.10 5745389.05  1.48%   177  455s
H 1865  1876                    5671465.8450 5745389.05  1.30%   178  543s
H 1866  1876                    5673804.6000 5745389.05  1.26%   178  543s
H 1875  2336                    5674804.6000 5745389.05  1.24%   178  597s
  2335  2604 5744318.44  194 4055 5674804.60 5745389.05  1.24%   187  659s
  2603  3333 5744356.12  211 3993 5674804.60 5745389.05  1.24%   188  721s
H 3332  4070                    5679481.5200 5745389.05  1.16%   174  801s
H 3613  4070                    5681229.3750 5745389.05  1.13%   168  801s
H 3930  4070                    5684558.4850 5745389.05  1.07%   161  801s
H 4069  4080                    5687262.7950 5745389.05  1.02%   161  862s
H 4070  4080                    5687977.5050 5745389.05  1.01%   161  862s
H 4079  5149                    5688489.3100 5745389.05  1.00%   161  923s
H 5148  6253                    5689460.4000 5745389.05  0.98%   142 1007s
H 5514  6253                    5691208.3250 5745389.05  0.95%   134 1008s
H 6073  6253                    5691879.9350 5745389.05  0.94%   125 1008s
  6252  7113 5742978.46  717 4046 5691879.93 5745389.05  0.94%   125 1059s
H 7112  7600                    5692343.8550 5745389.05  0.93%   119 1147s
H 7154  7600                    5692872.9046 5745389.05  0.92%   119 1147s
H 7366  7600                    5693036.7650 5745389.05  0.92%   119 1147s
  7599  8120 5742788.91  801 3837 5693036.76 5745389.05  0.92%   118 1188s
H 8119  8120                    5694358.0100 5745389.05  0.90%   119 1226s
  8120  8121 5744910.64   67 4062 5694358.01 5745389.05  0.90%   119 1264s
  8122  8122 5743122.23  601 3096 5694358.01 5745389.05  0.90%   119 1282s
  8123  8123 5740924.38  637 3081 5694358.01 5745389.05  0.90%   119 1294s
  8124  8124 5742981.44  637 3288 5694358.01 5745389.05  0.90%   119 1296s
  8125  8124 5741448.65  431 3296 5694358.01 5745389.05  0.90%   119 1302s
  8126  8125 5743306.79  324 3426 5694358.01 5745389.05  0.90%   119 1306s
  8127  8126 5744085.21  250 3512 5694358.01 5745389.05  0.90%   119 1311s
  8128  8126 5739707.97  420 3578 5694358.01 5745389.05  0.90%   119 1315s
  8129  8127 5742866.86  575 3708 5694358.01 5745389.05  0.90%   119 1320s
  8131  8128 5742866.86  574 3894 5694358.01 5745389.05  0.90%   119 1328s
  8132  8129 5743109.27  102 3841 5694358.01 5745389.05  0.90%   119 1331s
  8134  8130 5742937.36  411 4110 5694358.01 5745093.22  0.89%   119 1336s
  8137  8132 5743199.38  470 4311 5694358.01 5745008.59  0.89%   118 1340s
  8139  8134 5744395.23  187 4324 5694358.01 5745007.87  0.89%   118 1347s
  8140  8134 5743334.05  371 3986 5694358.01 5744388.91  0.88%   118 1368s
  8141  8135 5743055.22  690 3869 5694358.01 5743885.90  0.87%   118 1372s
  8142  8136 5743538.77   35 3897 5694358.01 5743538.77  0.86%   118 1376s
  8144  8137 5743332.07  124 4053 5694358.01 5743332.07  0.86%   118 1382s
  8145  8138 5743247.04  173 3995 5694358.01 5743247.04  0.86%   118 1385s
  8148  8140 5741693.89  325 3985 5694358.01 5743011.82  0.85%   118 1391s
  8151  8142 5742922.58  294 3982 5694358.01 5742922.58  0.85%   118 1395s
  8157  8146 5742872.72  451 4139 5694358.01 5742872.72  0.85%   118 1405s
  8158  8146 5742534.84   59 3926 5694358.01 5742534.84  0.85%   118 1433s
  8159  8147 5742208.14   42 3963 5694358.01 5742208.14  0.84%   118 1440s
  8160  8148 5742104.07  794 3981 5694358.01 5742104.07  0.84%   118 1445s
  8162  8149 5742006.51  349 4065 5694358.01 5742006.51  0.84%   118 1452s
  8163  8150 5741977.52  421 4095 5694358.01 5741977.52  0.84%   118 1457s
  8164  8150 5741924.81  192 4169 5694358.01 5741924.81  0.84%   118 1460s
  8167  8152 5741193.33   37 4196 5694358.01 5741833.61  0.83%   118 1465s
  8169  8154 5741772.61   43 4249 5694358.01 5741772.61  0.83%   118 1470s
  8173  8156 5741754.65  446 4318 5694358.01 5741754.65  0.83%   118 1482s
  8174  8157 5741647.36   71 3981 5694358.01 5741647.36  0.83%   118 1501s
  8176  8158 5739177.22  718 4200 5694358.01 5741575.87  0.83%   118 1507s
H 8177  7750                    5694903.8200 5741514.19  0.82%   118 1511s
H 8178  7362                    5695296.4700 5741504.22  0.81%   118 1514s
  8180  7363 5741475.33  139 4256 5695296.47 5741475.33  0.81%   118 1518s
  8182  7364 5740141.35  340 4349 5695296.47 5741460.06  0.81%   118 1521s
  8184  7366 5741433.45  606 4357 5695296.47 5741433.45  0.81%   118 1525s
  8186  7367 5741430.33  272 4371 5695296.47 5741430.33  0.81%   118 1532s
  8187  7368 5741309.29  312 4105 5695296.47 5741309.29  0.81%   118 1573s
  8188  7368 5741296.64  414 4254 5695296.47 5741296.64  0.81%   118 1576s
  8191  7370 5741225.38  254 4367 5695296.47 5741225.38  0.81%   118 1582s
  8192  7371 5741207.71  147 4381 5695296.47 5741207.71  0.81%   118 1585s
  8194  7372 5741180.78  162 4397 5695296.47 5741180.78  0.81%   118 1591s
  8197  7374 5740404.72  258 4402 5695296.47 5741167.55  0.81%   118 1596s
  8200  7376 5741161.18  544 4446 5695296.47 5741161.18  0.81%   118 1608s
  8201  7377 5741112.79  205 4091 5695296.47 5741112.79  0.80%   118 1665s
  8203  7378 5741100.84   69 4326 5695296.47 5741100.84  0.80%   118 1670s
  8205  7380 5741085.20  268 4399 5695296.47 5741085.20  0.80%   117 1675s
  8209  7382 5741064.43   22 4451 5695296.47 5741064.43  0.80%   117 1681s
H 8210  7012                    5696720.4650 5741061.81  0.78%   117 1689s
H 8210  6660                    5698473.8300 5741061.81  0.75%   117 1689s
H 8210  6326                    5698600.1400 5741061.81  0.75%   117 1689s
H 8211  6009                    5698613.4600 5741031.67  0.74%   117 1713s
  8212  6009 5739995.31  243 4301 5698613.46 5741031.67  0.74%   117 1730s
  8215  6011 5741013.28  611 4493 5698613.46 5741013.28  0.74%   117 1737s
  8216  6012 5741004.93  185 4495 5698613.46 5741004.93  0.74%   117 1740s
  8220  6015 5740993.27   67 4612 5698613.46 5740993.27  0.74%   117 1749s
  8221  6015 5740968.84  668 4303 5698613.46 5740968.84  0.74%   117 1772s
  8223  6017 5740924.38  637 4449 5698613.46 5740959.74  0.74%   117 1776s
  8226  6019 5740947.11  324 4563 5698613.46 5740947.11  0.74%   117 1780s
  8227  6019 5740946.47  250 4587 5698613.46 5740946.47  0.74%   117 1786s
H 8227  5716                    5698996.1650 5740931.31  0.74%   117 1807s
H 8227  5428                    5699009.4850 5740931.31  0.74%   117 1807s
H 8227  5155                    5699809.4850 5740931.31  0.72%   117 1807s
H 8227  4896                    5699899.6450 5740931.21  0.72%   117 1815s
  8228  4897 5739707.97  420 4298 5699899.64 5740931.21  0.72%   117 1909s
  8229  4898 5740929.65  575 4402 5699899.64 5740929.65  0.72%   117 1912s
  8231  4899 5740921.63  574 4456 5699899.64 5740921.63  0.72%   117 1916s
  8233  4900 5740919.77  351 4510 5699899.64 5740919.77  0.72%   117 1926s
H 8233  4653                    5700710.3050 5740906.54  0.71%   117 1939s
H 8233  4418                    5701010.4600 5740906.54  0.70%   117 1939s
H 8233  4195                    5701084.8900 5740906.54  0.70%   117 1939s
H 8233  3984                    5701370.4500 5740906.54  0.69%   117 1945s
H 8233  3783                    5702120.5600 5740906.54  0.68%   117 1966s
H 8233  3591                    5702200.5600 5740906.54  0.68%   117 1968s
  8235  3593 5740905.71  177 4433 5702200.56 5740905.71  0.68%   117 1972s
  8236  3593 5739450.14  484 4505 5702200.56 5740904.22  0.68%   117 1975s
  8238  3595 5740899.30   99 4533 5702200.56 5740899.30  0.68%   117 1980s
  8239  3595 5740898.70  187 4551 5702200.56 5740898.70  0.68%   117 1987s
H 8239  3414                    5702800.2550 5740881.94  0.67%   117 2004s
H 8239  3241                    5703000.2550 5740881.94  0.66%   117 2004s
H 8239  3077                    5703397.2650 5740881.94  0.66%   117 2004s
H 8239  2921                    5704427.7400 5740881.94  0.64%   117 2004s
H 8239  2773                    5704758.8350 5740881.94  0.63%   117 2011s
H 8239  2632                    5704943.2550 5740881.94  0.63%   117 2012s
  8241  2634 5740880.17  690 4413 5704943.25 5740880.17  0.63%   117 2016s
  8244  2636 5740877.23  124 4583 5704943.25 5740877.23  0.63%   117 2024s
  8245  2636 5740868.84  173 4301 5704943.25 5740868.84  0.63%   117 2048s
H 8245  2502                    5705150.4600 5740868.36  0.63%   117 2049s
  8246  2503 5740868.36  477 4420 5705150.46 5740868.36  0.63%   117 2055s
H 8246  2376                    5705329.8700 5740862.27  0.62%   117 2065s
H 8246  2255                    5705409.8700 5740862.26  0.62%   117 2078s
H 8246  2140                    5705726.8000 5740862.26  0.62%   117 2079s
  8247  2141 5740862.26  366 4334 5705726.80 5740862.26  0.62%   117 2080s
H 8247  2032                    5705751.1400 5740861.35  0.62%   117 2083s
H 8247  1928                    5705817.9100 5740861.35  0.61%   117 2083s
H 8247  1830                    5705979.2050 5740861.35  0.61%   117 2083s
H 8247  1736                    5706172.2800 5740861.35  0.61%   117 2083s
  8250  1738 5740859.10  120 4532 5706172.28 5740859.10  0.61%   117 2085s
  8251  1738 5740858.59  294 4587 5706172.28 5740858.59  0.61%   117 2092s
H 8251  1649                    5706236.4250 5740852.97  0.61%   117 2111s
H 8251  1564                    5707550.3198 5740852.97  0.58%   117 2133s
H 8251  1484                    5708354.2000 5740852.97  0.57%   117 2142s
H 8251  1407                    5708454.3550 5740852.97  0.57%   117 2145s
H 8251  1335                    5708895.9400 5740852.97  0.56%   117 2150s
H 8251  1266                    5709875.7600 5740852.97  0.54%   117 2150s
  8252  1267 5740852.97  629 4356 5709875.76 5740852.97  0.54%   117 2160s
  8255  1269 5740849.20  576 4530 5709875.76 5740849.20  0.54%   117 2169s
  8256  1270 5740843.72  158 4345 5709875.76 5740843.72  0.54%   117 2200s
  8257  1270 5740843.35  451 4437 5709875.76 5740843.35  0.54%   117 2221s
  8258  1271 5740617.07   59 4447 5709875.76 5740617.07  0.54%   117 2263s
  8259  1272 5740588.05   42 4478 5709875.76 5740588.05  0.54%   117 2266s
  8261  1273 5740573.00  215 4607 5709875.76 5740573.00  0.54%   117 2270s
  8264  1275 5740555.42  192 4707 5709875.76 5740555.42  0.54%   117 2276s
  8267  1277 5740541.97   37 4830 5709875.76 5740541.97  0.54%   117 2280s
  8269  1278 5740540.40   43 4896 5709875.76 5740540.40  0.54%   117 2303s
  8270  1279 5740193.70  697 4550 5709875.76 5740193.70  0.53%   117 2328s
  8271  1280 5740177.07  425 4595 5709875.76 5740177.07  0.53%   117 2331s
  8273  1281 5740165.14  446 4690 5709875.76 5740165.14  0.53%   117 2335s
  8276  1283 5739177.22  718 4770 5709875.76 5740154.95  0.53%   116 2340s
  8279  1285 5740152.82  214 4820 5709875.76 5740152.82  0.53%   116 2346s
  8280  1286 5740137.44  139 4559 5709875.76 5740137.44  0.53%   116 2366s
  8282  1287 5740133.02  340 4796 5709875.76 5740133.02  0.53%   116 2370s
  8286  1290 5740117.80  272 4861 5709875.76 5740117.80  0.53%   116 2375s
H 8287  1223                    5709938.7450 5740082.76  0.53%   116 2390s
H 8287  1159                    5710586.8650 5740082.62  0.52%   116 2398s
  8289  1161 5740080.57  458 4692 5710586.86 5740080.57  0.52%   116 2400s
  8292  1163 5740076.41  147 4891 5710586.86 5740076.41  0.52%   116 2405s
  8294  1164 5740060.95  162 4672 5710586.86 5740060.95  0.52%   116 2430s
  8298  1167 5740053.17  355 4937 5710586.86 5740053.17  0.52%   116 2435s
  8300  1168 5740034.46  544 4731 5710586.86 5740034.46  0.52%   116 2457s
  8301  1169 5740034.17  205 4841 5710586.86 5740034.17  0.52%   116 2461s
  8302  1169 5739199.03  677 4687 5710586.86 5740028.20  0.52%   116 2481s
  8303  1170 5740027.93   69 4793 5710586.86 5740027.93  0.52%   116 2485s
  8304  1171 5740026.10  611 4719 5710586.86 5740026.10  0.52%   116 2504s
  8305  1171 5740026.06  268 4801 5710586.86 5740026.06  0.52%   116 2508s
  8306  1172 5740022.75  508 4702 5710586.86 5740022.75  0.52%   116 2526s
  8310  1175 5740016.16  722 4985 5710586.86 5740016.16  0.52%   116 2531s
  8312  1176 5739995.31  243 5030 5710586.86 5740013.50  0.52%   116 2537s
  8313  1177 5740005.42  364 4731 5710586.86 5740005.42  0.52%   116 2576s
H 8313  1115                    5711757.6250 5740005.23  0.49%   116 2577s
H 8313  1056                    5712278.3450 5740005.23  0.49%   116 2577s

Cutting planes:
  Gomory: 166
  Cover: 16
  Clique: 2492
  MIR: 209
  Mixing: 5
  Flow cover: 573
  GUB cover: 16
  Zero half: 680
  Relax-and-lift: 88
  BQP: 4

Explored 8313 nodes (1647854 simplex iterations) in 2577.91 seconds (2066.65 work units)
Thread count was 12 (of 12 available processors)

Solution count 10: 5.71228e+06 5.71176e+06 5.71059e+06 ... 5.70624e+06

Optimal solution found (tolerance 5.00e-03)
Best objective 5.712278345000e+06, best bound 5.740005232435e+06, gap 0.4854%

Gurobi 12.0.1 (win64) logging started Tue Mar 17 02:58:30 2026

Set parameter LogFile to value "logs\full_M_80_restricted_subset15_5it_w_max_cap200_seed42_CG.log"
Gurobi Optimizer version 12.0.1 build v12.0.1rc0 (win64 - Windows 11.0 (26100.2))

CPU model: 13th Gen Intel(R) Core(TM) i7-1355U, instruction set [SSE2|AVX|AVX2]
Thread count: 10 physical cores, 12 logical processors, using up to 12 threads

Non-default parameters:
TimeLimit  1.7557568709850311e+03
FeasibilityTol  1e-09
MIPGap  0.005

Optimize a model with 13036 rows, 154533 columns and 1204335 nonzeros
Model fingerprint: 0xc6ce70f0
Variable types: 0 continuous, 154533 integer (154363 binary)
Coefficient statistics:
  Matrix range     [4e-01, 1e+02]
  Objective range  [1e-02, 2e+05]
  Bounds range     [1e+00, 3e+00]
  RHS range        [1e+00, 3e+00]
Presolve removed 2104 rows and 13429 columns (presolve time = 5s)...
Presolve removed 2106 rows and 13428 columns
Presolve time: 6.93s
Presolved: 10930 rows, 141105 columns, 1094206 nonzeros
Variable types: 0 continuous, 141105 integer (141096 binary)
Found heuristic solution: objective -2827253.475
Found heuristic solution: objective -2781312.685
Deterministic concurrent LP optimizer: primal simplex, dual simplex, and barrier
Showing barrier log only...

Root barrier log...

Ordering time: 0.06s

Barrier statistics:
 AA' NZ     : 2.079e+05
 Factor NZ  : 3.572e+05 (roughly 60 MB of memory)
 Factor Ops : 1.355e+07 (less than 1 second per iteration)
 Threads    : 8

                  Objective                Residual
Iter       Primal          Dual         Primal    Dual     Compl     Time
   0   8.47549274e+09  9.45290901e+06  1.13e+05 2.79e+03  5.15e+04     9s
   1   2.82345841e+09  2.82689618e+07  3.77e+04 1.54e+03  1.77e+04     9s
   2   4.74020636e+08  3.79517828e+07  6.29e+03 7.16e+02  3.14e+03     9s
   3   1.57106414e+08  3.53239673e+07  2.04e+03 2.41e+02  1.06e+03     9s
   4   6.81196514e+07  2.75427277e+07  8.49e+02 9.16e+01  4.56e+02     9s
   5   3.25484723e+07  2.18814853e+07  3.72e+02 3.86e+01  2.11e+02     9s
   6   1.28923084e+07  1.62792067e+07  1.08e+02 1.59e+01  7.61e+01     9s
   7   7.39765822e+06  1.19180717e+07  3.28e+01 7.13e+00  3.19e+01    10s
   8   6.42731579e+06  9.65061528e+06  1.84e+01 4.25e+00  1.90e+01    10s
   9   6.11705334e+06  8.33815362e+06  1.30e+01 2.80e+00  1.26e+01    10s
  10   5.95547469e+06  7.51559099e+06  1.01e+01 2.07e+00  8.94e+00    10s
  11   5.84964840e+06  7.04741616e+06  7.79e+00 1.44e+00  6.74e+00    10s
  12   5.77591718e+06  6.68166983e+06  5.81e+00 1.05e+00  4.99e+00    10s
  13   5.73218557e+06  6.51318159e+06  4.48e+00 1.01e+00  4.10e+00    10s
  14   5.71457316e+06  6.22356979e+06  3.64e+00 5.52e-01  2.85e+00    10s
  15   5.70061510e+06  6.03558196e+06  2.59e+00 3.44e-01  1.92e+00    10s
  16   5.70199020e+06  5.94731338e+06  1.84e+00 2.41e-01  1.38e+00    10s
  17   5.70746283e+06  5.88155440e+06  1.36e+00 1.68e-01  9.88e-01    10s
  18   5.71561022e+06  5.85347503e+06  1.11e+00 1.37e-01  7.90e-01    11s
  19   5.72385827e+06  5.82171510e+06  8.37e-01 9.20e-02  5.74e-01    11s
  20   5.73409957e+06  5.80621862e+06  5.59e-01 6.77e-02  4.07e-01    11s
  21   5.74128103e+06  5.78939431e+06  3.82e-01 4.02e-02  2.74e-01    11s
  22   5.74746095e+06  5.77933751e+06  2.79e-01 2.46e-02  1.89e-01    11s
  23   5.75432033e+06  5.77367665e+06  1.70e-01 1.36e-02  1.16e-01    11s
  24   5.75825526e+06  5.77139813e+06  1.13e-01 8.96e-03  7.90e-02    11s
  25   5.76158983e+06  5.77008379e+06  6.40e-02 6.15e-03  4.98e-02    11s
  26   5.76286645e+06  5.76912698e+06  4.57e-02 4.02e-03  3.72e-02    11s
  27   5.76370107e+06  5.76851023e+06  3.48e-02 2.60e-03  2.91e-02    11s
  28   5.76473991e+06  5.76807561e+06  2.28e-02 1.60e-03  2.03e-02    11s
  29   5.76606037e+06  5.76791326e+06  1.08e-02 1.22e-03  1.06e-02    11s
  30   5.76663382e+06  5.76763364e+06  5.92e-03 5.84e-04  5.73e-03    11s
  31   5.76690494e+06  5.76756888e+06  3.63e-03 4.41e-04  3.69e-03    11s
  32   5.76713269e+06  5.76749841e+06  1.75e-03 2.90e-04  1.94e-03    12s
  33   5.76720357e+06  5.76744225e+06  1.22e-03 1.66e-04  1.29e-03    12s
  34   5.76725371e+06  5.76742180e+06  8.17e-04 1.22e-04  8.97e-04    12s
  35   5.76730203e+06  5.76739600e+06  4.47e-04 6.42e-05  4.97e-04    12s
  36   5.76732003e+06  5.76738406e+06  3.14e-04 3.90e-05  3.42e-04    12s
  37   5.76734386e+06  5.76737710e+06  1.40e-04 2.42e-05  1.69e-04    12s
  38   5.76734961e+06  5.76737196e+06  1.01e-04 1.40e-05  1.16e-04    12s
  39   5.76735821e+06  5.76736908e+06  4.16e-05 8.33e-06  5.37e-05    12s
  40   5.76735986e+06  5.76736632e+06  3.04e-05 2.99e-06  3.40e-05    12s
  41   5.76736225e+06  5.76736547e+06  1.49e-05 1.29e-06  1.68e-05    12s
  42   5.76736432e+06  5.76736524e+06  2.02e-06 9.11e-07  3.99e-06    12s
  43   5.76736459e+06  5.76736488e+06  4.34e-07 2.94e-07  1.17e-06    12s
  44   5.76736464e+06  5.76736475e+06  2.32e-07 6.73e-08  4.49e-07    12s
  45   5.76736466e+06  5.76736472e+06  1.80e-07 1.79e-08  2.73e-07    12s

Barrier solved model in 45 iterations and 12.31 seconds (8.01 work units)
Optimal objective 5.76736466e+06


Root crossover log...

    2353 DPushes remaining with DInf 0.0000000e+00                12s
       0 DPushes remaining with DInf 0.0000000e+00                13s

  127800 PPushes remaining with PInf 2.7235137e-05                13s
   66806 PPushes remaining with PInf 4.6717025e-05                15s
       0 PPushes remaining with PInf 0.0000000e+00                19s

  Push phase complete: Pinf 0.0000000e+00, Dinf 3.1918745e+04     19s


Root simplex log...

Iteration    Objective       Primal Inf.    Dual Inf.      Time
  129990    5.7673647e+06   0.000000e+00   3.191875e+04     19s
  130204    5.7673647e+06   0.000000e+00   0.000000e+00     19s
Concurrent spin time: 2.32s (can be avoided by choosing Method=3)

Solved with barrier

Root relaxation: objective 5.767365e+06, 130204 iterations, 13.86 seconds (4.74 work units)

    Nodes    |    Current Node    |     Objective Bounds      |     Work
 Expl Unexpl |  Obj  Depth IntInf | Incumbent    BestBd   Gap | It/Node Time

     0     0 5767364.70    0 3174 -2781312.7 5767364.70   307%     -   24s
H    0     0                    2333242.6250 5767364.70   147%     -   24s
H    0     0                    4233115.4450 5767364.70  36.2%     -   24s
H    0     0                    4729220.3650 5767364.70  22.0%     -   24s
H    0     0                    4841702.9950 5767364.70  19.1%     -   24s
H    0     0                    4893703.7200 5767364.70  17.9%     -   24s
H    0     0                    4935076.8600 5767364.70  16.9%     -   24s
H    0     0                    4963704.4250 5767364.70  16.2%     -   24s
H    0     0                    4964843.1550 5767364.70  16.2%     -   24s
H    0     0                    5039030.7100 5767364.70  14.5%     -   24s
H    0     0                    5039707.6200 5767364.70  14.4%     -   25s
H    0     0                    5043929.5800 5767364.70  14.3%     -   25s
H    0     0                    5063939.8250 5767364.70  13.9%     -   25s
H    0     0                    5063979.8250 5767364.70  13.9%     -   25s
H    0     0                    5064379.8250 5767364.70  13.9%     -   25s
H    0     0                    5065260.0700 5767364.70  13.9%     -   25s
H    0     0                    5065900.0700 5767364.70  13.8%     -   25s
H    0     0                    5429009.8650 5767364.70  6.23%     -   26s
H    0     0                    5471423.8400 5767364.70  5.41%     -   29s
H    0     0                    5482450.5200 5767364.70  5.20%     -   29s
H    0     0                    5485103.4250 5767364.70  5.15%     -   31s
H    0     0                    5487842.0900 5767364.70  5.09%     -   31s
H    0     0                    5487922.0900 5767364.70  5.09%     -   32s
H    0     0                    5499496.3700 5767364.70  4.87%     -   33s
H    0     0                    5499586.5300 5767364.70  4.87%     -   33s
H    0     0                    5500866.5300 5767364.70  4.84%     -   34s
H    0     0                    5521812.2500 5767364.70  4.45%     -   35s
H    0     0                    5527234.4000 5767364.70  4.34%     -   36s
     0     0 5759197.87    0 3272 5527234.40 5759197.87  4.20%     -   39s
H    0     0                    5565113.2950 5759196.09  3.49%     -   41s
H    0     0                    5575957.9600 5759196.09  3.29%     -   43s
H    0     0                    5577867.2100 5759196.09  3.25%     -   43s
H    0     0                    5585055.5100 5759196.09  3.12%     -   43s
H    0     0                    5586156.5400 5759196.09  3.10%     -   44s
H    0     0                    5587356.5400 5759196.09  3.08%     -   44s
H    0     0                    5589156.0050 5759196.09  3.04%     -   46s
H    0     0                    5590220.9050 5759196.09  3.02%     -   47s
H    0     0                    5590254.5950 5759196.09  3.02%     -   47s
H    0     0                    5590958.3600 5759196.09  3.01%     -   48s
H    0     0                    5596177.0900 5759196.09  2.91%     -   49s
     0     0 5756404.44    0 3361 5596177.09 5756404.44  2.86%     -   52s
     0     0 5755442.97    0 3454 5596177.09 5755442.97  2.85%     -   53s
     0     0 5754961.25    0 3518 5596177.09 5754961.25  2.84%     -   55s
     0     0 5754847.86    0 3502 5596177.09 5754847.86  2.84%     -   56s
     0     0 5754845.07    0 3554 5596177.09 5754845.07  2.84%     -   56s
     0     0 5754844.91    0 3574 5596177.09 5754844.91  2.84%     -   57s
     0     0 5751523.48    0 3564 5596177.09 5751523.48  2.78%     -   61s
H    0     0                    5598882.2200 5751518.61  2.73%     -   63s
H    0     0                    5603416.6100 5751518.61  2.64%     -   63s
     0     0 5750538.80    0 3571 5603416.61 5750538.80  2.63%     -   66s
     0     0 5750207.67    0 3641 5603416.61 5750207.67  2.62%     -   68s
     0     0 5749822.53    0 3663 5603416.61 5749822.53  2.61%     -   70s
     0     0 5749757.46    0 3728 5603416.61 5749757.46  2.61%     -   71s
     0     0 5749749.71    0 3743 5603416.61 5749749.71  2.61%     -   71s
     0     0 5749749.57    0 3783 5603416.61 5749749.57  2.61%     -   71s
     0     0 5748257.32    0 3829 5603416.61 5748257.32  2.58%     -   76s
H    0     0                    5604023.3900 5748255.23  2.57%     -   78s
H    0     0                    5604050.9950 5748255.23  2.57%     -   84s
     0     0 5747294.61    0 3827 5604050.99 5747294.61  2.56%     -   87s
     0     0 5747056.61    0 3861 5604050.99 5747056.61  2.55%     -   90s
     0     0 5746940.65    0 3965 5604050.99 5746940.65  2.55%     -   92s
     0     0 5746856.46    0 3960 5604050.99 5746856.46  2.55%     -   94s
     0     0 5746850.07    0 4008 5604050.99 5746850.07  2.55%     -   95s
     0     0 5746194.13    0 3927 5604050.99 5746194.13  2.54%     -  100s
H    0     0                    5604816.2400 5746194.10  2.52%     -  105s
     0     0 5746056.33    0 3977 5604816.24 5746056.33  2.52%     -  107s
     0     0 5745969.24    0 4095 5604816.24 5745969.24  2.52%     -  109s
     0     0 5745954.31    0 4077 5604816.24 5745954.31  2.52%     -  110s
     0     0 5745952.24    0 4118 5604816.24 5745952.24  2.52%     -  110s
     0     0 5745587.59    0 3874 5604816.24 5745587.59  2.51%     -  115s
     0     0 5745471.14    0 4013 5604816.24 5745471.14  2.51%     -  123s
     0     0 5745452.98    0 4055 5604816.24 5745452.98  2.51%     -  124s
     0     0 5745449.94    0 4124 5604816.24 5745449.94  2.51%     -  124s
     0     0 5745089.11    0 3975 5604816.24 5745089.11  2.50%     -  129s
     0     0 5745005.65    0 3999 5604816.24 5745005.65  2.50%     -  135s
     0     0 5744997.56    0 4033 5604816.24 5744997.56  2.50%     -  136s
     0     0 5744727.17    0 3994 5604816.24 5744727.17  2.50%     -  141s
     0     0 5744681.83    0 4114 5604816.24 5744681.83  2.50%     -  157s
     0     0 5744675.99    0 4091 5604816.24 5744675.99  2.50%     -  158s
     0     0 5744473.03    0 4099 5604816.24 5744473.03  2.49%     -  161s
     0     0 5744453.40    0 4132 5604816.24 5744453.40  2.49%     -  166s
     0     0 5744451.75    0 4124 5604816.24 5744451.75  2.49%     -  167s
     0     0 5744318.36    0 4139 5604816.24 5744318.36  2.49%     -  170s
     0     0 5744300.97    0 4198 5604816.24 5744300.97  2.49%     -  178s
     0     0 5744297.50    0 4237 5604816.24 5744297.50  2.49%     -  178s
     0     0 5744216.32    0 4218 5604816.24 5744216.32  2.49%     -  180s
     0     0 5744214.01    0 3892 5604816.24 5744214.01  2.49%     -  184s
     0     2 5744214.01    0 3781 5604816.24 5744214.01  2.49%     -  207s
     3     8 5744211.64    2 3956 5604816.24 5744214.01  2.49%  1815  210s
    15    26 5744198.97    4 4067 5604816.24 5744207.62  2.49%   765  215s
    25    46 5744194.90    5 4047 5604816.24 5744198.83  2.49%   609  222s
H   26    46                    5616233.5750 5744198.83  2.28%   586  222s
H   28    46                    5625683.1100 5744198.83  2.11%   545  222s
H   32    46                    5629664.3850 5744198.83  2.03%   479  222s
    45    56 5743705.96    7 3998 5629664.38 5744198.83  2.03%   368  230s
    55    66 5744182.29    7 4038 5629664.38 5744198.83  2.03%   318  237s
    65    76 5744146.20    8 4055 5629664.38 5744198.83  2.03%   285  247s
    75    86 5743643.66    8 3963 5629664.38 5744198.83  2.03%   322  261s
    85   111 5744111.42    9 4046 5629664.38 5744198.83  2.03%   485  279s
H  110   125                    5645286.5650 5744198.83  1.75%   401  298s
H  111   125                    5650857.5200 5744198.83  1.65%   399  298s
H  117   125                    5652039.1150 5744198.83  1.63%   395  298s
   124   262 5744111.42   10 4045 5652039.11 5744198.83  1.63%   394  313s
   261   474 5743976.33   23 4086 5652039.11 5744198.83  1.63%   273  347s
   473   887 5743876.76   33 4028 5652039.11 5744198.83  1.63%   269  412s
H  886  1417                    5658206.9550 5744198.83  1.52%   290  520s
H  950  1417                    5659901.9050 5744198.83  1.49%   281  521s
H 1088  1417                    5661887.7750 5744198.83  1.45%   264  521s
H 1148  1417                    5663727.2900 5744198.83  1.42%   260  521s
H 1254  1417                    5665330.5400 5744198.83  1.39%   257  521s
  1416  2411 5743500.34  115 3838 5665330.54 5744198.83  1.39%   249  626s
H 2410  3287                    5670065.2800 5744198.83  1.31%   206  715s
H 2643  3287                    5670396.1350 5744198.83  1.30%   201  715s
H 2706  3287                    5671248.0300 5744198.83  1.29%   201  715s
H 2819  3287                    5671828.1150 5744198.83  1.28%   196  715s
H 3139  3287                    5673544.0500 5744198.83  1.25%   190  715s
  3286  3516 5742294.56  268 3812 5673544.05 5744198.83  1.25%   184  810s
  3515  4237 5742220.17  280 3827 5673544.05 5744198.83  1.25%   183  879s
H 4236  4970                    5674674.7950 5744198.83  1.23%   181  946s
H 4969  5141                    5674831.7250 5744198.83  1.22%   177 1028s
  5140  5838 5741822.22  376 3737 5674831.72 5744198.83  1.22%   178 1103s
  5837  6971 5741434.52  430 3679 5674831.72 5744198.83  1.22%   172 1168s
H 6970  7583                    5675243.9600 5744198.83  1.22%   161 1287s
H 7044  7583                    5678168.5150 5744198.83  1.16%   160 1287s
H 7096  7583                    5679313.9200 5744198.83  1.14%   159 1287s
H 7147  7583                    5680357.7000 5744198.83  1.12%   159 1287s
  7582  8655 5740943.60  626 3623 5680357.70 5744198.83  1.12%   153 1347s
H 8654  8655                    5681521.3700 5744198.83  1.10%   146 1378s
H 8654  8655                    5681713.3400 5744198.83  1.10%   146 1378s
H 8654  8655                    5681757.6050 5744198.83  1.10%   146 1379s
H 8654  8655                    5682937.0350 5744198.83  1.08%   146 1384s
  8655  8656 5740983.91  623 3892 5682937.03 5744198.83  1.08%   146 1422s
  8657  8657 5741006.09  687 3183 5682937.03 5744198.83  1.08%   146 1441s
  8658  8658 5741040.12  581 3151 5682937.03 5744198.83  1.08%   146 1452s
  8659  8659 5740884.38  605 3277 5682937.03 5744198.83  1.08%   146 1455s
  8660  8659 5740929.79  311 3390 5682937.03 5744198.83  1.08%   146 1461s
  8661  8660 5740968.19  399 3437 5682937.03 5744198.83  1.08%   146 1469s
  8662  8661 5741123.78  476 3625 5682937.03 5744198.83  1.08%   146 1473s
  8663  8661 5741438.83  423 3579 5682937.03 5744198.83  1.08%   146 1476s
  8664  8662 5740661.16  658 3678 5682937.03 5744198.83  1.08%   146 1481s
  8665  8663 5740365.22  495 3687 5682937.03 5744198.83  1.08%   146 1485s
  8666  8663 5740679.94  667 3874 5682937.03 5744198.83  1.08%   146 1490s
  8668  8665 5741205.17  507 3971 5682937.03 5743928.26  1.07%   146 1497s
  8669  8665 5741808.12  333 3929 5682937.03 5743701.61  1.07%   146 1501s
  8671  8667 5743581.72   31 4125 5682937.03 5743581.72  1.07%   146 1505s
  8674  8669 5741714.90  349 4142 5682937.03 5743575.36  1.07%   146 1513s
  8675  8669 5742455.50  174 3789 5682937.03 5742625.73  1.05%   146 1531s
  8676  8670 5741146.88  626 4053 5682937.03 5742096.13  1.04%   146 1537s
  8677  8671 5738671.25  502 4056 5682937.03 5741849.70  1.04%   146 1541s
  8678  8671 5740865.34  569 4069 5682937.03 5741619.44  1.03%   146 1546s
  8680  8673 5740833.67  308 3942 5682937.03 5741459.79  1.03%   146 1552s
  8681  8673 5741371.96  404 4021 5682937.03 5741371.96  1.03%   146 1555s
  8684  8675 5741158.36  266 4150 5682937.03 5741158.36  1.02%   146 1561s
  8687  8677 5741037.75   85 4266 5682937.03 5741037.75  1.02%   146 1565s
  8689  8679 5741032.96  254 4280 5682937.03 5741032.96  1.02%   146 1572s
  8690  8679 5740792.53   24 4021 5682937.03 5740792.53  1.02%   146 1605s
  8692  8681 5740515.23  252 3964 5682937.03 5740515.23  1.01%   146 1612s
  8694  8682 5740462.73  515 4046 5682937.03 5740462.73  1.01%   146 1615s
  8696  8683 5740396.90  531 3968 5682937.03 5740396.90  1.01%   146 1620s
  8699  8685 5740256.04  240 3997 5682937.03 5740256.04  1.01%   146 1626s
  8704  8689 5740215.56  271 4072 5682937.03 5740215.56  1.01%   145 1635s
  8705  8689 5740132.70  607 3890 5682937.03 5740132.70  1.01%   145 1654s
  8706  8690 5740120.30  602 3922 5682937.03 5740120.30  1.01%   145 1656s
  8708  8691 5740080.28   23 4139 5682937.03 5740080.28  1.01%   145 1661s
  8710  8693 5740040.30  493 4187 5682937.03 5740040.30  1.00%   145 1665s
  8714  8695 5739980.40  395 4206 5682937.03 5739980.40  1.00%   145 1671s
  8717  8697 5739573.10  657 4256 5682937.03 5739968.29  1.00%   145 1675s
  8719  8699 5739967.21  216 4245 5682937.03 5739967.21  1.00%   145 1680s
H 8719  8263                    5683962.2300 5739907.24  0.98%   145 1693s
H 8719  7848                    5684124.5450 5739907.24  0.98%   145 1693s
H 8719  7455                    5684385.6000 5739907.24  0.98%   145 1693s
H 8719  7081                    5684554.8900 5739907.24  0.97%   145 1698s
  8720  7081 5739907.24  703 3955 5684554.89 5739907.24  0.97%   145 1716s
  8722  7083 5739877.87  241 4164 5684554.89 5739877.87  0.97%   145 1720s
  8724  7084 5739836.16   85 4142 5684554.89 5739836.16  0.97%   145 1725s
  8727  7086 5739800.94  679 4244 5684554.89 5739800.94  0.97%   145 1730s
  8731  7089 5739781.04  677 4299 5684554.89 5739781.04  0.97%   145 1740s

Cutting planes:
  Gomory: 224
  Cover: 11
  Clique: 2290
  MIR: 96
  Mixing: 1
  StrongCG: 4
  Flow cover: 350
  GUB cover: 4
  Zero half: 660
  Relax-and-lift: 56
  BQP: 1

Explored 8731 nodes (1688975 simplex iterations) in 1756.17 seconds (1470.03 work units)
Thread count was 12 (of 12 available processors)

Solution count 10: 5.68455e+06 5.68439e+06 5.68412e+06 ... 5.67931e+06

Time limit reached
Best objective 5.684554890000e+06, best bound 5.739741720227e+06, gap 0.9708%

Gurobi 12.0.1 (win64) logging started Wed Mar 18 06:45:04 2026

Set parameter LogFile to value "logs\full_M_80_restricted_subset15_5it_w_max_cap200_seed42_CG.log"
Gurobi Optimizer version 12.0.1 build v12.0.1rc0 (win64 - Windows 11.0 (26100.2))

CPU model: 13th Gen Intel(R) Core(TM) i7-1355U, instruction set [SSE2|AVX|AVX2]
Thread count: 10 physical cores, 12 logical processors, using up to 12 threads

Non-default parameters:
TimeLimit  2.9042339906692505e+03
FeasibilityTol  1e-09
MIPGap  0.005

Optimize a model with 13036 rows, 154533 columns and 1204335 nonzeros
Model fingerprint: 0xc6ce70f0
Variable types: 0 continuous, 154533 integer (154363 binary)
Coefficient statistics:
  Matrix range     [4e-01, 1e+02]
  Objective range  [1e-02, 2e+05]
  Bounds range     [1e+00, 3e+00]
  RHS range        [1e+00, 3e+00]
Presolve removed 2106 rows and 13428 columns
Presolve time: 3.04s
Presolved: 10930 rows, 141105 columns, 1094206 nonzeros
Variable types: 0 continuous, 141105 integer (141096 binary)
Found heuristic solution: objective -2827253.475
Found heuristic solution: objective -2781312.685
Deterministic concurrent LP optimizer: primal simplex, dual simplex, and barrier
Showing barrier log only...

Root barrier log...

Ordering time: 0.06s

Barrier statistics:
 AA' NZ     : 2.079e+05
 Factor NZ  : 3.572e+05 (roughly 60 MB of memory)
 Factor Ops : 1.355e+07 (less than 1 second per iteration)
 Threads    : 8

                  Objective                Residual
Iter       Primal          Dual         Primal    Dual     Compl     Time
   0   8.47549274e+09  9.45290901e+06  1.13e+05 2.79e+03  5.15e+04     4s
   1   2.82345841e+09  2.82689618e+07  3.77e+04 1.54e+03  1.77e+04     4s
   2   4.74020636e+08  3.79517828e+07  6.29e+03 7.16e+02  3.14e+03     4s
   3   1.57106414e+08  3.53239673e+07  2.04e+03 2.41e+02  1.06e+03     4s
   4   6.81196514e+07  2.75427277e+07  8.49e+02 9.16e+01  4.56e+02     4s
   5   3.25484723e+07  2.18814853e+07  3.72e+02 3.86e+01  2.11e+02     4s
   6   1.28923084e+07  1.62792067e+07  1.08e+02 1.59e+01  7.61e+01     5s
   7   7.39765822e+06  1.19180717e+07  3.28e+01 7.13e+00  3.19e+01     5s
   8   6.42731579e+06  9.65061528e+06  1.84e+01 4.25e+00  1.90e+01     5s
   9   6.11705334e+06  8.33815362e+06  1.30e+01 2.80e+00  1.26e+01     5s
  10   5.95547469e+06  7.51559099e+06  1.01e+01 2.07e+00  8.94e+00     5s
  11   5.84964840e+06  7.04741616e+06  7.79e+00 1.44e+00  6.74e+00     5s
  12   5.77591718e+06  6.68166983e+06  5.81e+00 1.05e+00  4.99e+00     5s
  13   5.73218557e+06  6.51318159e+06  4.48e+00 1.01e+00  4.10e+00     5s
  14   5.71457316e+06  6.22356979e+06  3.64e+00 5.52e-01  2.85e+00     5s
  15   5.70061510e+06  6.03558196e+06  2.59e+00 3.44e-01  1.92e+00     5s
  16   5.70199020e+06  5.94731338e+06  1.84e+00 2.41e-01  1.38e+00     5s
  17   5.70746283e+06  5.88155440e+06  1.36e+00 1.68e-01  9.88e-01     5s
  18   5.71561022e+06  5.85347503e+06  1.11e+00 1.37e-01  7.90e-01     5s
  19   5.72385827e+06  5.82171510e+06  8.37e-01 9.20e-02  5.74e-01     5s
  20   5.73409957e+06  5.80621862e+06  5.59e-01 6.77e-02  4.07e-01     6s
  21   5.74128103e+06  5.78939431e+06  3.82e-01 4.02e-02  2.74e-01     6s
  22   5.74746095e+06  5.77933751e+06  2.79e-01 2.46e-02  1.89e-01     6s
  23   5.75432033e+06  5.77367665e+06  1.70e-01 1.36e-02  1.16e-01     6s
  24   5.75825526e+06  5.77139813e+06  1.13e-01 8.96e-03  7.90e-02     6s
  25   5.76158983e+06  5.77008379e+06  6.40e-02 6.15e-03  4.98e-02     6s
  26   5.76286645e+06  5.76912698e+06  4.57e-02 4.02e-03  3.72e-02     6s
  27   5.76370107e+06  5.76851023e+06  3.48e-02 2.60e-03  2.91e-02     6s
  28   5.76473991e+06  5.76807561e+06  2.28e-02 1.60e-03  2.03e-02     6s
  29   5.76606037e+06  5.76791326e+06  1.08e-02 1.22e-03  1.06e-02     6s
  30   5.76663382e+06  5.76763364e+06  5.92e-03 5.84e-04  5.73e-03     6s
  31   5.76690494e+06  5.76756888e+06  3.63e-03 4.41e-04  3.69e-03     6s
  32   5.76713269e+06  5.76749841e+06  1.75e-03 2.90e-04  1.94e-03     6s
  33   5.76720357e+06  5.76744225e+06  1.22e-03 1.66e-04  1.29e-03     6s
  34   5.76725371e+06  5.76742180e+06  8.17e-04 1.22e-04  8.97e-04     6s
  35   5.76730203e+06  5.76739600e+06  4.47e-04 6.42e-05  4.97e-04     6s
  36   5.76732003e+06  5.76738406e+06  3.14e-04 3.90e-05  3.42e-04     6s
  37   5.76734386e+06  5.76737710e+06  1.40e-04 2.42e-05  1.69e-04     6s
  38   5.76734961e+06  5.76737196e+06  1.01e-04 1.40e-05  1.16e-04     6s
  39   5.76735821e+06  5.76736908e+06  4.16e-05 8.33e-06  5.37e-05     6s
  40   5.76735986e+06  5.76736632e+06  3.04e-05 2.99e-06  3.40e-05     6s
  41   5.76736225e+06  5.76736547e+06  1.49e-05 1.29e-06  1.68e-05     7s
  42   5.76736432e+06  5.76736524e+06  2.02e-06 9.11e-07  3.99e-06     7s
  43   5.76736459e+06  5.76736488e+06  4.34e-07 2.94e-07  1.17e-06     7s
  44   5.76736464e+06  5.76736475e+06  2.32e-07 6.73e-08  4.49e-07     7s
  45   5.76736466e+06  5.76736472e+06  1.80e-07 1.79e-08  2.73e-07     7s

Barrier solved model in 45 iterations and 6.70 seconds (8.01 work units)
Optimal objective 5.76736466e+06


Root crossover log...

    2353 DPushes remaining with DInf 0.0000000e+00                 7s
       0 DPushes remaining with DInf 0.0000000e+00                 7s

  127800 PPushes remaining with PInf 2.7235137e-05                 7s
       0 PPushes remaining with PInf 0.0000000e+00                10s

  Push phase complete: Pinf 0.0000000e+00, Dinf 3.1918745e+04     10s


Root simplex log...

Iteration    Objective       Primal Inf.    Dual Inf.      Time
  129990    5.7673647e+06   0.000000e+00   3.191875e+04     10s
  130204    5.7673647e+06   0.000000e+00   0.000000e+00     11s
Concurrent spin time: 1.79s (can be avoided by choosing Method=3)

Solved with barrier

Root relaxation: objective 5.767365e+06, 130204 iterations, 9.00 seconds (4.74 work units)

    Nodes    |    Current Node    |     Objective Bounds      |     Work
 Expl Unexpl |  Obj  Depth IntInf | Incumbent    BestBd   Gap | It/Node Time

     0     0 5767364.70    0 3174 -2781312.7 5767364.70   307%     -   13s
H    0     0                    2333242.6250 5767364.70   147%     -   13s
H    0     0                    4233115.4450 5767364.70  36.2%     -   14s
H    0     0                    4729220.3650 5767364.70  22.0%     -   14s
H    0     0                    4841702.9950 5767364.70  19.1%     -   14s
H    0     0                    4893703.7200 5767364.70  17.9%     -   14s
H    0     0                    4935076.8600 5767364.70  16.9%     -   14s
H    0     0                    4963704.4250 5767364.70  16.2%     -   14s
H    0     0                    4964843.1550 5767364.70  16.2%     -   14s
H    0     0                    5039030.7100 5767364.70  14.5%     -   14s
H    0     0                    5039707.6200 5767364.70  14.4%     -   14s
H    0     0                    5043929.5800 5767364.70  14.3%     -   14s
H    0     0                    5063939.8250 5767364.70  13.9%     -   14s
H    0     0                    5063979.8250 5767364.70  13.9%     -   14s
H    0     0                    5064379.8250 5767364.70  13.9%     -   15s
H    0     0                    5065260.0700 5767364.70  13.9%     -   15s
H    0     0                    5065900.0700 5767364.70  13.8%     -   15s
H    0     0                    5429009.8650 5767364.70  6.23%     -   15s
H    0     0                    5471423.8400 5767364.70  5.41%     -   18s
H    0     0                    5482450.5200 5767364.70  5.20%     -   18s
H    0     0                    5485103.4250 5767364.70  5.15%     -   19s
H    0     0                    5487842.0900 5767364.70  5.09%     -   19s
H    0     0                    5487922.0900 5767364.70  5.09%     -   20s
H    0     0                    5499496.3700 5767364.70  4.87%     -   21s
H    0     0                    5499586.5300 5767364.70  4.87%     -   21s
H    0     0                    5500866.5300 5767364.70  4.84%     -   22s
H    0     0                    5521812.2500 5767364.70  4.45%     -   23s
H    0     0                    5527234.4000 5767364.70  4.34%     -   24s
     0     0 5759197.87    0 3272 5527234.40 5759197.87  4.20%     -   29s
H    0     0                    5565113.2950 5759196.09  3.49%     -   30s
H    0     0                    5575957.9600 5759196.09  3.29%     -   33s
H    0     0                    5577867.2100 5759196.09  3.25%     -   33s
H    0     0                    5585055.5100 5759196.09  3.12%     -   33s
H    0     0                    5586156.5400 5759196.09  3.10%     -   33s
H    0     0                    5587356.5400 5759196.09  3.08%     -   33s
H    0     0                    5589156.0050 5759196.09  3.04%     -   35s
H    0     0                    5590220.9050 5759196.09  3.02%     -   36s
H    0     0                    5590254.5950 5759196.09  3.02%     -   36s
H    0     0                    5590958.3600 5759196.09  3.01%     -   36s
H    0     0                    5596177.0900 5759196.09  2.91%     -   38s
     0     0 5756404.44    0 3361 5596177.09 5756404.44  2.86%     -   40s
     0     0 5755442.97    0 3454 5596177.09 5755442.97  2.85%     -   41s
     0     0 5754961.25    0 3518 5596177.09 5754961.25  2.84%     -   42s
     0     0 5754847.86    0 3502 5596177.09 5754847.86  2.84%     -   43s
     0     0 5754845.07    0 3554 5596177.09 5754845.07  2.84%     -   44s
     0     0 5754844.91    0 3574 5596177.09 5754844.91  2.84%     -   44s
     0     0 5751523.48    0 3564 5596177.09 5751523.48  2.78%     -   47s
H    0     0                    5598882.2200 5751518.61  2.73%     -   49s
H    0     0                    5603416.6100 5751518.61  2.64%     -   49s
     0     0 5750538.80    0 3571 5603416.61 5750538.80  2.63%     -   51s
     0     0 5750207.67    0 3641 5603416.61 5750207.67  2.62%     -   53s
     0     0 5749822.53    0 3663 5603416.61 5749822.53  2.61%     -   55s
     0     0 5749757.46    0 3728 5603416.61 5749757.46  2.61%     -   56s
     0     0 5749749.71    0 3743 5603416.61 5749749.71  2.61%     -   56s
     0     0 5749749.57    0 3783 5603416.61 5749749.57  2.61%     -   57s
     0     0 5748257.32    0 3829 5603416.61 5748257.32  2.58%     -   61s
H    0     0                    5604023.3900 5748255.23  2.57%     -   62s
H    0     0                    5604050.9950 5748255.23  2.57%     -   69s
     0     0 5747294.61    0 3827 5604050.99 5747294.61  2.56%     -   72s
     0     0 5747056.61    0 3861 5604050.99 5747056.61  2.55%     -   73s
     0     0 5746940.65    0 3965 5604050.99 5746940.65  2.55%     -   75s
     0     0 5746856.46    0 3960 5604050.99 5746856.46  2.55%     -   76s
     0     0 5746850.07    0 4008 5604050.99 5746850.07  2.55%     -   77s
     0     0 5746194.13    0 3927 5604050.99 5746194.13  2.54%     -   81s
H    0     0                    5604816.2400 5746194.10  2.52%     -   84s
     0     0 5746056.33    0 3977 5604816.24 5746056.33  2.52%     -   85s
     0     0 5745969.24    0 4095 5604816.24 5745969.24  2.52%     -   87s
     0     0 5745954.31    0 4077 5604816.24 5745954.31  2.52%     -   88s
     0     0 5745952.24    0 4118 5604816.24 5745952.24  2.52%     -   88s
     0     0 5745587.59    0 3874 5604816.24 5745587.59  2.51%     -   91s
     0     0 5745471.14    0 4013 5604816.24 5745471.14  2.51%     -   98s
     0     0 5745452.98    0 4055 5604816.24 5745452.98  2.51%     -   98s
     0     0 5745449.94    0 4124 5604816.24 5745449.94  2.51%     -   99s
     0     0 5745089.11    0 3975 5604816.24 5745089.11  2.50%     -  103s
     0     0 5745005.65    0 3999 5604816.24 5745005.65  2.50%     -  109s
     0     0 5744997.56    0 4033 5604816.24 5744997.56  2.50%     -  109s
     0     0 5744727.17    0 3994 5604816.24 5744727.17  2.50%     -  113s
     0     0 5744681.83    0 4114 5604816.24 5744681.83  2.50%     -  129s
     0     0 5744675.99    0 4091 5604816.24 5744675.99  2.50%     -  130s
     0     0 5744473.03    0 4099 5604816.24 5744473.03  2.49%     -  134s
     0     0 5744453.40    0 4132 5604816.24 5744453.40  2.49%     -  138s
     0     0 5744451.75    0 4124 5604816.24 5744451.75  2.49%     -  139s
     0     0 5744318.36    0 4139 5604816.24 5744318.36  2.49%     -  141s
     0     0 5744300.97    0 4198 5604816.24 5744300.97  2.49%     -  148s
     0     0 5744297.50    0 4237 5604816.24 5744297.50  2.49%     -  148s
     0     0 5744216.32    0 4218 5604816.24 5744216.32  2.49%     -  150s
     0     0 5744214.01    0 3892 5604816.24 5744214.01  2.49%     -  154s
     0     2 5744214.01    0 3781 5604816.24 5744214.01  2.49%     -  178s
     3     8 5744211.64    2 3956 5604816.24 5744214.01  2.49%  1815  181s
    15    26 5744198.97    4 4067 5604816.24 5744207.62  2.49%   765  186s
    25    46 5744194.90    5 4047 5604816.24 5744198.83  2.49%   609  194s
H   26    46                    5616233.5750 5744198.83  2.28%   586  194s
H   28    46                    5625683.1100 5744198.83  2.11%   545  194s
H   32    46                    5629664.3850 5744198.83  2.03%   479  194s
    45    56 5743705.96    7 3998 5629664.38 5744198.83  2.03%   368  204s
    55    66 5744182.29    7 4038 5629664.38 5744198.83  2.03%   318  212s
    65    76 5744146.20    8 4055 5629664.38 5744198.83  2.03%   285  223s
    75    86 5743643.66    8 3963 5629664.38 5744198.83  2.03%   322  237s
    85   111 5744111.42    9 4046 5629664.38 5744198.83  2.03%   485  256s
H  110   125                    5645286.5650 5744198.83  1.75%   401  277s
H  111   125                    5650857.5200 5744198.83  1.65%   399  277s
H  117   125                    5652039.1150 5744198.83  1.63%   395  277s
   124   262 5744111.42   10 4045 5652039.11 5744198.83  1.63%   394  294s
   261   474 5743976.33   23 4086 5652039.11 5744198.83  1.63%   273  329s
   473   887 5743876.76   33 4028 5652039.11 5744198.83  1.63%   269  396s
H  886  1417                    5658206.9550 5744198.83  1.52%   290  504s
H  950  1417                    5659901.9050 5744198.83  1.49%   281  504s
H 1088  1417                    5661887.7750 5744198.83  1.45%   264  504s
H 1148  1417                    5663727.2900 5744198.83  1.42%   260  504s
H 1254  1417                    5665330.5400 5744198.83  1.39%   257  504s
  1416  2411 5743500.34  115 3838 5665330.54 5744198.83  1.39%   249  610s
H 2410  3287                    5670065.2800 5744198.83  1.31%   206  702s
H 2643  3287                    5670396.1350 5744198.83  1.30%   201  702s
H 2706  3287                    5671248.0300 5744198.83  1.29%   201  702s
H 2819  3287                    5671828.1150 5744198.83  1.28%   196  702s
H 3139  3287                    5673544.0500 5744198.83  1.25%   190  702s
  3286  3516 5742294.56  268 3812 5673544.05 5744198.83  1.25%   184  798s
  3515  4237 5742220.17  280 3827 5673544.05 5744198.83  1.25%   183  866s
H 4236  4970                    5674674.7950 5744198.83  1.23%   181  933s
H 4969  5141                    5674831.7250 5744198.83  1.22%   177 1016s
  5140  5838 5741822.22  376 3737 5674831.72 5744198.83  1.22%   178 1091s
  5837  6971 5741434.52  430 3679 5674831.72 5744198.83  1.22%   172 1161s
H 6970  7583                    5675243.9600 5744198.83  1.22%   161 1316s
H 7044  7583                    5678168.5150 5744198.83  1.16%   160 1316s
H 7096  7583                    5679313.9200 5744198.83  1.14%   159 1316s
H 7147  7583                    5680357.7000 5744198.83  1.12%   159 1316s
  7582  8655 5740943.60  626 3623 5680357.70 5744198.83  1.12%   153 1389s
H 8654  8655                    5681521.3700 5744198.83  1.10%   146 1428s
H 8654  8655                    5681713.3400 5744198.83  1.10%   146 1428s
H 8654  8655                    5681757.6050 5744198.83  1.10%   146 1428s
H 8654  8655                    5682937.0350 5744198.83  1.08%   146 1434s
  8655  8656 5740983.91  623 3892 5682937.03 5744198.83  1.08%   146 1476s
  8657  8657 5741006.09  687 3183 5682937.03 5744198.83  1.08%   146 1495s
  8658  8658 5741040.12  581 3151 5682937.03 5744198.83  1.08%   146 1506s
  8659  8659 5740884.38  605 3277 5682937.03 5744198.83  1.08%   146 1510s
  8660  8659 5740929.79  311 3390 5682937.03 5744198.83  1.08%   146 1515s
  8661  8660 5740968.19  399 3437 5682937.03 5744198.83  1.08%   146 1523s
  8662  8661 5741123.78  476 3625 5682937.03 5744198.83  1.08%   146 1527s
  8663  8661 5741438.83  423 3579 5682937.03 5744198.83  1.08%   146 1531s
  8664  8662 5740661.16  658 3678 5682937.03 5744198.83  1.08%   146 1535s
  8666  8663 5740679.94  667 3874 5682937.03 5744198.83  1.08%   146 1543s
  8667  8664 5741258.40  659 3867 5682937.03 5744198.83  1.08%   146 1547s
  8668  8665 5741205.17  507 3971 5682937.03 5743928.26  1.07%   146 1551s
  8670  8666 5742159.14  203 4046 5682937.03 5743620.94  1.07%   146 1557s
  8673  8668 5741112.15  590 4131 5682937.03 5743575.39  1.07%   146 1560s
  8674  8669 5741714.90  349 4142 5682937.03 5743575.36  1.07%   146 1566s
  8675  8669 5742455.50  174 3789 5682937.03 5742625.73  1.05%   146 1583s
  8676  8670 5741146.88  626 4053 5682937.03 5742096.13  1.04%   146 1588s
  8677  8671 5738671.25  502 4056 5682937.03 5741849.70  1.04%   146 1593s
  8678  8671 5740865.34  569 4069 5682937.03 5741619.44  1.03%   146 1597s
  8679  8672 5740208.41  499 4111 5682937.03 5741514.91  1.03%   146 1600s
  8681  8673 5741371.96  404 4021 5682937.03 5741371.96  1.03%   146 1606s
  8683  8675 5741189.94  436 4044 5682937.03 5741189.94  1.03%   146 1611s
  8686  8677 5740940.74  573 4191 5682937.03 5741054.36  1.02%   146 1615s
  8689  8679 5741032.96  254 4280 5682937.03 5741032.96  1.02%   146 1624s
  8690  8679 5740792.53   24 4021 5682937.03 5740792.53  1.02%   146 1658s
  8691  8680 5740595.81  379 3926 5682937.03 5740595.81  1.01%   146 1662s
  8692  8681 5740515.23  252 3964 5682937.03 5740515.23  1.01%   146 1665s
  8695  8683 5740429.38  170 3957 5682937.03 5740429.38  1.01%   146 1672s
  8697  8684 5740321.95  349 3961 5682937.03 5740321.95  1.01%   146 1677s
  8699  8685 5740256.04  240 3997 5682937.03 5740256.04  1.01%   146 1680s
  8704  8689 5740215.56  271 4072 5682937.03 5740215.56  1.01%   145 1689s
  8705  8689 5740132.70  607 3890 5682937.03 5740132.70  1.01%   145 1708s
  8706  8690 5740120.30  602 3922 5682937.03 5740120.30  1.01%   145 1710s
  8708  8691 5740080.28   23 4139 5682937.03 5740080.28  1.01%   145 1715s
  8711  8693 5740026.31  297 4174 5682937.03 5740026.31  1.00%   145 1721s
  8714  8695 5739980.40  395 4206 5682937.03 5739980.40  1.00%   145 1725s
  8719  8699 5739967.21  216 4245 5682937.03 5739967.21  1.00%   145 1734s
H 8719  8263                    5683962.2300 5739907.24  0.98%   145 1746s
H 8719  7848                    5684124.5450 5739907.24  0.98%   145 1746s
H 8719  7455                    5684385.6000 5739907.24  0.98%   145 1746s
H 8719  7081                    5684554.8900 5739907.24  0.97%   145 1751s
  8720  7081 5739907.24  703 3955 5684554.89 5739907.24  0.97%   145 1769s
  8721  7082 5739894.72  478 4139 5684554.89 5739894.72  0.97%   145 1771s
  8723  7083 5739864.72  423 4146 5684554.89 5739864.72  0.97%   145 1775s
  8726  7085 5739808.11  653 4147 5684554.89 5739808.11  0.97%   145 1781s
  8728  7087 5739785.16  322 4236 5684554.89 5739785.16  0.97%   145 1785s
  8731  7089 5739781.04  677 4299 5684554.89 5739781.04  0.97%   145 1794s
  8732  7089 5739741.61   71 4006 5684554.89 5739741.61  0.97%   145 1849s
  8733  7090 5739732.61   76 4064 5684554.89 5739732.61  0.97%   145 1857s
  8734  7091 5739718.71  347 4258 5684554.89 5739718.71  0.97%   145 1860s
  8736  7092 5739686.57  161 4177 5684554.89 5739686.57  0.97%   145 1865s
  8739  7094 5739670.98  188 4239 5684554.89 5739670.98  0.97%   145 1870s
  8741  7095 5739669.47  375 4275 5684554.89 5739669.47  0.97%   145 1880s
  8742  7096 5739644.59  163 4030 5684554.89 5739644.59  0.97%   145 1920s
  8745  7098 5739624.49  661 4332 5684554.89 5739624.49  0.97%   145 1926s
  8747  7099 5739622.67  240 4373 5684554.89 5739622.67  0.97%   145 1934s
  8748  7100 5739607.32  264 4121 5684554.89 5739607.32  0.97%   145 1956s
  8751  7102 5739600.52   57 4279 5684554.89 5739600.52  0.97%   145 1960s
  8754  7104 5739586.21  510 4327 5684554.89 5739586.21  0.97%   145 1968s
H 8754  6747                    5685400.0350 5739558.13  0.95%   145 1981s
H 8754  6408                    5685739.7000 5739558.13  0.95%   145 1981s
H 8754  6086                    5685807.8900 5739557.69  0.95%   145 1997s
  8755  6087 5739557.69  623 4034 5685807.89 5739557.69  0.95%   145 2073s
  8756  6087 5739557.51   74 4219 5685807.89 5739557.51  0.95%   145 2080s
H 8756  5781                    5686375.6900 5739549.07  0.94%   145 2110s
H 8756  5490                    5687145.4000 5739549.07  0.92%   145 2113s
H 8756  5214                    5687483.8850 5739549.07  0.92%   145 2115s
  8760  5217 5739531.69  311 4297 5687483.88 5739531.69  0.92%   145 2120s
  8762  5218 5739528.86  476 4371 5687483.88 5739528.86  0.92%   144 2126s
H 8762  4955                    5687687.5350 5739521.02  0.91%   144 2146s
  8764  4957 5739516.86  658 4227 5687687.53 5739516.86  0.91%   144 2152s
  8766  4958 5739510.04  667 4290 5687687.53 5739510.04  0.91%   144 2155s
  8768  4959 5739506.56  507 4287 5687687.53 5739506.56  0.91%   144 2163s
  8769  4960 5739498.79  333 4022 5687687.53 5739498.79  0.91%   144 2181s
  8772  4962 5739492.00  168 4296 5687687.53 5739492.00  0.91%   144 2185s
H 8772  4712                    5687996.5400 5739491.62  0.91%   144 2192s
H 8773  4475                    5689104.7300 5739486.40  0.89%   144 2213s
  8774  4475 5739486.40  349 4102 5689104.73 5739486.40  0.89%   144 2216s
  8775  4476 5739486.01  174 4220 5689104.73 5739486.01  0.89%   144 2223s
H 8775  4251                    5690741.2200 5739478.41  0.86%   144 2238s
H 8775  4036                    5692461.2200 5739478.38  0.83%   144 2247s
  8778  4038 5739472.13  569 4255 5692461.22 5739472.13  0.83%   144 2250s
H 8780  3835                    5692707.0400 5739465.52  0.82%   144 2253s
H 8780  3641                    5693006.3351 5739465.52  0.82%   144 2260s
H 8780  3457                    5694426.5001 5739465.52  0.79%   144 2260s
H 8781  3283                    5694940.8550 5739401.43  0.78%   144 2283s
H 8781  3117                    5694971.9404 5739401.43  0.78%   144 2283s
H 8781  2959                    5695075.9950 5739401.43  0.78%   144 2283s
H 8781  2809                    5697496.2050 5739401.34  0.74%   144 2292s
  8783  2810 5739401.18  436 4170 5697496.20 5739401.18  0.74%   144 2311s
H 8783  2667                    5697881.0900 5739218.64  0.73%   144 2356s
H 8783  2531                    5698823.0950 5739218.64  0.71%   144 2356s
H 8783  2403                    5698847.4350 5739218.64  0.71%   144 2359s
H 8783  2280                    5699126.2400 5739218.64  0.70%   144 2363s
H 8783  2164                    5699412.8400 5739218.64  0.70%   144 2363s
H 8783  2054                    5700447.2300 5739218.64  0.68%   144 2365s
H 8783  1949                    5701226.5200 5739218.64  0.67%   144 2365s
  8785  1951 5739189.43  315 4239 5701226.52 5739189.43  0.67%   144 2371s
  8787  1952 5739169.34   85 4323 5701226.52 5739169.34  0.67%   144 2375s
  8790  1954 5739152.49   24 4428 5701226.52 5739152.49  0.67%   144 2380s
  8794  1957 5739146.75  515 4524 5701226.52 5739146.75  0.67%   144 2399s
H 8794  1857                    5701302.2550 5739059.48  0.66%   144 2424s
  8796  1858 5739048.39  531 4451 5701302.25 5739048.39  0.66%   144 2426s
  8798  1859 5739035.43  382 4489 5701302.25 5739035.43  0.66%   144 2430s
  8802  1862 5739028.13  248 4624 5701302.25 5739028.13  0.66%   144 2436s
  8803  1863 5739010.53  527 4320 5701302.25 5739010.53  0.66%   144 2460s
  8806  1865 5739000.44  602 4572 5701302.25 5739000.44  0.66%   144 2465s
  8809  1867 5738997.46    8 4639 5701302.25 5738997.46  0.66%   144 2471s
  8810  1867 5738986.45  493 4354 5701302.25 5738986.45  0.66%   144 2488s
  8811  1868 5738985.13  297 4449 5701302.25 5738985.13  0.66%   144 2490s
  8815  1871 5738981.08  317 4670 5701302.25 5738981.08  0.66%   144 2497s
  8816  1871 5738970.53  127 4460 5701302.25 5738970.53  0.66%   144 2522s
  8818  1873 5738968.52  368 4657 5701302.25 5738968.52  0.66%   144 2528s
  8819  1873 5738958.40  216 4438 5701302.25 5738958.40  0.66%   144 2548s
  8821  1875 5738955.98  478 4636 5701302.25 5738955.98  0.66%   144 2550s
  8824  1877 5738952.22   85 4646 5701302.25 5738952.22  0.66%   143 2555s
H 8825  1780                    5701361.4150 5738935.99  0.66%   143 2572s
H 8825  1688                    5702801.4150 5738935.92  0.63%   143 2587s
  8827  1690 5738935.92  679 4554 5702801.41 5738935.92  0.63%   143 2591s
  8828  1690 5738934.30  322 4413 5702801.41 5738934.30  0.63%   143 2626s
  8829  1691 5738933.77  451 4545 5702801.41 5738933.77  0.63%   143 2631s
  8830  1692 5738930.40   53 4388 5702801.41 5738930.40  0.63%   143 2650s
H 8830  1605                    5703547.5400 5738930.39  0.62%   143 2654s
H 8831  1521                    5705027.5400 5738924.82  0.59%   143 2671s
  8833  1523 5738924.59   76 4526 5705027.54 5738924.59  0.59%   143 2676s
  8834  1523 5738920.40  347 4429 5705027.54 5738920.40  0.59%   143 2689s
  8837  1527 5738920.40  458 3892 5705027.54 5738920.40  0.59%   208 2692s
H 8838  1451                    5705128.6902 5738920.40  0.59%   208 2705s
H 8838  1379                    5705205.0400 5738920.40  0.59%   208 2708s
H 8838  1310                    5705295.3750 5738920.40  0.59%   208 2709s
  8839  1310 5738920.40  188 3249 5705295.37 5738920.40  0.59%   208 2720s
H 8839  1244                    5705335.3750 5738920.40  0.59%   208 2734s
H 8839  1182                    5705335.3850 5738920.40  0.59%   208 2735s
H 8839  1123                    5705335.3862 5738920.40  0.59%   208 2739s
H 8839  1066                    5705476.2450 5738920.40  0.59%   208 2741s
H 8840  1014                    5705493.8350 5738920.40  0.59%   208 2750s
  8842  1015 5738920.40  163 3327 5705493.83 5738920.40  0.59%   208 2755s
  8844  1017 5738920.40  198 3555 5705493.83 5738920.40  0.59%   208 2763s
  8845  1017 5738920.40  661 3563 5705493.83 5738920.40  0.59%   208 2766s
  8846  1018 5738920.40  203 3660 5705493.83 5738920.40  0.59%   208 2772s
  8847  1019 5738920.40  240 3793 5705493.83 5738920.40  0.59%   208 2776s
  8848  1019 5738920.40  264 3732 5705493.83 5738920.40  0.59%   207 2781s
  8849  1020 5738920.40   42 3924 5705493.83 5738920.40  0.59%   207 2786s
  8851  1021 5738920.40   57 3897 5705493.83 5738920.40  0.59%   207 2794s
  8852  1022 5738920.40  641 3826 5705493.83 5738920.40  0.59%   207 2798s
  8853  1023 5738920.40  182 3832 5705493.83 5738920.40  0.59%   207 2801s
  8854  1023 5738920.39  510 3803 5705493.83 5738920.39  0.59%   207 2806s
  8855  1024 5738920.39  623 3932 5705493.83 5738920.39  0.59%   207 2810s
  8856  1025 5738920.39   74 3880 5705493.83 5738920.39  0.59%   207 2815s
  8858  1026 5738920.39  581 4051 5705493.83 5738920.39  0.59%   207 2821s
  8860  1027 5738920.39  311 4231 5705493.83 5738920.39  0.59%   207 2827s
  8862  1029 5738920.39  476 4425 5705493.83 5738920.39  0.59%   207 2832s
  8863  1029 5738920.39  423 4283 5705493.83 5738920.39  0.59%   207 2836s
  8865  1031 5738908.67  495 4374 5705493.83 5738908.67  0.59%   207 2841s
  8867  1032 5738904.57  659 4421 5705493.83 5738904.57  0.59%   207 2850s
  8868  1033 5738821.17  507 4257 5705493.83 5738821.17  0.58%   207 2879s
  8869  1033 5738642.39  333 4256 5705493.83 5738642.39  0.58%   207 2885s
  8871  1035 5738607.97   31 4438 5705493.83 5738607.97  0.58%   207 2890s
  8874  1037 5738596.38  349 4487 5705493.83 5738596.38  0.58%   207 2901s

Cutting planes:
  Gomory: 170
  Cover: 11
  Clique: 1900
  MIR: 122
  Mixing: 1
  StrongCG: 1
  Flow cover: 460
  GUB cover: 8
  Zero half: 720
  Relax-and-lift: 57

Explored 8874 nodes (2185759 simplex iterations) in 2904.50 seconds (2397.48 work units)
Thread count was 12 (of 12 available processors)

Solution count 10: 5.70549e+06 5.70548e+06 5.70534e+06 ... 5.70355e+06

Time limit reached
Best objective 5.705493835000e+06, best bound 5.738596377666e+06, gap 0.5802%
