
Gurobi 12.0.1 (win64) logging started Wed Mar 18 23:03:07 2026

Set parameter LogFile to value "logs\full_M_35_restricted_subset15_25it_w_max_cap200_seed42_CG.log"
Gurobi Optimizer version 12.0.1 build v12.0.1rc0 (win64 - Windows 11.0 (26100.2))

CPU model: 13th Gen Intel(R) Core(TM) i7-1355U, instruction set [SSE2|AVX|AVX2]
Thread count: 10 physical cores, 12 logical processors, using up to 12 threads

Non-default parameters:
TimeLimit  2.3503321912288666e+03
FeasibilityTol  1e-09
MIPGap  0.005

Optimize a model with 5998 rows, 90550 columns and 746623 nonzeros
Model fingerprint: 0x9e1aa656
Variable types: 0 continuous, 90550 integer (90380 binary)
Coefficient statistics:
  Matrix range     [4e-01, 1e+02]
  Objective range  [1e-02, 2e+05]
  Bounds range     [1e+00, 3e+00]
  RHS range        [1e+00, 3e+00]
Presolve removed 609 rows and 8441 columns
Presolve time: 2.23s
Presolved: 5389 rows, 82109 columns, 659561 nonzeros
Variable types: 0 continuous, 82109 integer (82104 binary)
Found heuristic solution: objective -3183553.690
Found heuristic solution: objective -2646218.530
Deterministic concurrent LP optimizer: primal simplex, dual simplex, and barrier
Showing barrier log only...

Root barrier log...

Ordering time: 0.02s

Barrier statistics:
 AA' NZ     : 1.009e+05
 Factor NZ  : 1.816e+05 (roughly 40 MB of memory)
 Factor Ops : 7.199e+06 (less than 1 second per iteration)
 Threads    : 8

                  Objective                Residual
Iter       Primal          Dual         Primal    Dual     Compl     Time
   0   4.90492950e+09  4.87298301e+06  6.52e+04 2.63e+03  4.97e+04     3s
   1   1.52583988e+09  1.28310435e+07  2.03e+04 1.05e+03  1.58e+04     3s
   2   2.75301951e+08  1.59249363e+07  3.67e+03 9.21e+02  3.04e+03     3s
   3   5.90349726e+07  1.49471618e+07  7.63e+02 1.24e+02  6.78e+02     3s
   4   1.96589950e+07  1.14915726e+07  2.38e+02 3.74e+01  2.38e+02     3s
   5   7.37410426e+06  8.52021151e+06  7.44e+01 1.70e+01  9.43e+01     3s
   6   2.42404004e+06  5.74142404e+06  1.26e+01 7.39e+00  3.34e+01     3s
   7   2.14046032e+06  3.59068436e+06  9.16e+00 3.16e+00  1.63e+01     3s
   8   1.81024103e+06  2.92386525e+06  4.54e+00 2.03e+00  1.01e+01     3s
   9   1.69661990e+06  2.49135576e+06  2.55e+00 1.33e+00  6.51e+00     3s
  10   1.65740721e+06  2.09180334e+06  1.60e+00 6.69e-01  3.61e+00     3s
  11   1.64094861e+06  1.90837585e+06  8.48e-01 3.62e-01  2.11e+00     3s
  12   1.64770506e+06  1.87859339e+06  6.83e-01 3.14e-01  1.79e+00     3s
  13   1.65317076e+06  1.82307698e+06  5.60e-01 2.32e-01  1.35e+00     3s
  14   1.66025800e+06  1.81089600e+06  4.71e-01 2.12e-01  1.18e+00     3s
  15   1.67145207e+06  1.78532004e+06  3.51e-01 1.63e-01  8.88e-01     3s
  16   1.68032902e+06  1.75828128e+06  2.75e-01 1.03e-01  6.28e-01     3s
  17   1.68832544e+06  1.74694184e+06  2.17e-01 6.69e-02  4.77e-01     3s
  18   1.70187457e+06  1.73682938e+06  1.26e-01 4.04e-02  2.82e-01     3s
  19   1.71118585e+06  1.73252090e+06  7.05e-02 2.61e-02  1.68e-01     3s
  20   1.71569724e+06  1.72904645e+06  4.33e-02 1.51e-02  1.05e-01     3s
  21   1.71818288e+06  1.72789497e+06  2.94e-02 1.18e-02  7.51e-02     3s
  22   1.72031867e+06  1.72661144e+06  1.80e-02 7.62e-03  4.80e-02     3s
  23   1.72166173e+06  1.72581871e+06  1.14e-02 5.23e-03  3.14e-02     3s
  24   1.72277905e+06  1.72502193e+06  6.01e-03 2.75e-03  1.69e-02     3s
  25   1.72347783e+06  1.72463782e+06  2.88e-03 1.55e-03  8.60e-03     3s
  26   1.72395270e+06  1.72429869e+06  7.40e-04 4.49e-04  2.49e-03     4s
  27   1.72410961e+06  1.72422625e+06  1.28e-04 2.34e-04  7.72e-04     4s
  28   1.72412697e+06  1.72419017e+06  6.58e-05 1.27e-04  4.17e-04     4s
  29   1.72413638e+06  1.72416609e+06  3.39e-05 5.51e-05  1.97e-04     4s
  30   1.72414255e+06  1.72415449e+06  1.27e-05 2.10e-05  7.87e-05     4s
  31   1.72414533e+06  1.72414842e+06  4.83e-06 3.46e-06  2.12e-05     4s
  32   1.72414690e+06  1.72414721e+06  5.87e-07 1.46e-07  2.21e-06     4s
  33   1.72414695e+06  1.72414716e+06  4.63e-07 3.75e-08  1.52e-06     4s
  34   1.72414714e+06  1.72414714e+06  6.90e-09 7.96e-12  1.47e-08     4s
  35   1.72414714e+06  1.72414714e+06  4.90e-10 1.46e-11  3.49e-11     4s

Barrier solved model in 35 iterations and 3.73 seconds (5.10 work units)
Optimal objective 1.72414714e+06

Concurrent spin time: 0.44s (can be avoided by choosing Method=3)

Solved with barrier

Root relaxation: objective 1.724147e+06, 11979 iterations, 1.89 seconds (1.26 work units)

    Nodes    |    Current Node    |     Objective Bounds      |     Work
 Expl Unexpl |  Obj  Depth IntInf | Incumbent    BestBd   Gap | It/Node Time

     0     0 1724147.14    0 1889 -2646218.5 1724147.14   165%     -    4s
H    0     0                    752068.99500 1724147.14   129%     -    5s
H    0     0                    1067085.4100 1724147.14  61.6%     -    5s
H    0     0                    1096352.7250 1724147.14  57.3%     -    5s
H    0     0                    1100622.3200 1724147.14  56.7%     -    5s
H    0     0                    1113900.8600 1724147.14  54.8%     -    5s
H    0     0                    1127364.8800 1724147.14  52.9%     -    5s
H    0     0                    1141727.7400 1724147.14  51.0%     -    5s
H    0     0                    1189509.1100 1724147.14  44.9%     -    5s
H    0     0                    1189589.1100 1724147.14  44.9%     -    5s
H    0     0                    1193945.4900 1724147.14  44.4%     -    5s
H    0     0                    1196313.0900 1724147.14  44.1%     -    5s
H    0     0                    1197233.0900 1724147.14  44.0%     -    5s
H    0     0                    1197332.5850 1724147.14  44.0%     -    5s
H    0     0                    1513069.6100 1724147.14  14.0%     -    6s
H    0     0                    1550767.9800 1724147.14  11.2%     -    7s
H    0     0                    1551724.4200 1724147.14  11.1%     -    7s
H    0     0                    1552703.8450 1724147.14  11.0%     -    8s
H    0     0                    1560761.9150 1724147.14  10.5%     -    9s
H    0     0                    1561041.9150 1724147.14  10.4%     -    9s
H    0     0                    1561116.3450 1724147.14  10.4%     -   12s
     0     0 1712880.82    0 2104 1561116.34 1712880.82  9.72%     -   18s
H    0     0                    1571011.0600 1712880.80  9.03%     -   19s
H    0     0                    1591715.3150 1712880.80  7.61%     -   21s
H    0     0                    1592115.3150 1712880.80  7.59%     -   22s
H    0     0                    1601415.1900 1712880.80  6.96%     -   24s
     0     0 1709972.97    0 2126 1601415.19 1709972.97  6.78%     -   26s
     0     0 1709260.79    0 2147 1601415.19 1709260.79  6.73%     -   27s
     0     0 1709096.20    0 2168 1601415.19 1709096.20  6.72%     -   28s
     0     0 1709078.62    0 2171 1601415.19 1709078.62  6.72%     -   28s
     0     0 1709078.16    0 2179 1601415.19 1709078.16  6.72%     -   28s
     0     0 1705844.83    0 2253 1601415.19 1705844.83  6.52%     -   31s
H    0     0                    1601575.1900 1705843.44  6.51%     -   32s
H    0     0                    1603891.3200 1705843.44  6.36%     -   33s
H    0     0                    1604688.6250 1704659.47  6.23%     -   35s
     0     0 1704659.47    0 2213 1604688.62 1704659.47  6.23%     -   35s
     0     0 1704418.80    0 2175 1604688.62 1704418.80  6.21%     -   36s
     0     0 1704246.71    0 2254 1604688.62 1704246.71  6.20%     -   37s
     0     0 1704219.63    0 2312 1604688.62 1704219.63  6.20%     -   37s
     0     0 1704218.14    0 2316 1604688.62 1704218.14  6.20%     -   37s
H    0     0                    1606123.4150 1704218.14  6.11%     -   38s
H    0     0                    1608290.4350 1704218.14  5.96%     -   38s
H    0     0                    1612241.8350 1704218.14  5.70%     -   38s
H    0     0                    1617923.8250 1704218.14  5.33%     -   38s
H    0     0                    1618990.1155 1703139.76  5.20%     -   40s
     0     0 1703139.76    0 2336 1618990.12 1703139.76  5.20%     -   40s
     0     0 1702308.96    0 2285 1618990.12 1702308.96  5.15%     -   46s
     0     0 1702066.64    0 2371 1618990.12 1702066.64  5.13%     -   46s
     0     0 1701832.44    0 2392 1618990.12 1701832.44  5.12%     -   48s
     0     0 1701759.72    0 2445 1618990.12 1701759.72  5.11%     -   48s
     0     0 1701703.52    0 2445 1618990.12 1701703.52  5.11%     -   49s
     0     0 1701696.17    0 2464 1618990.12 1701696.17  5.11%     -   49s
     0     0 1700874.64    0 2398 1618990.12 1700874.64  5.06%     -   52s
H    0     0                    1628129.1805 1700874.54  4.47%     -   53s
     0     0 1700775.39    0 2442 1628129.18 1700775.39  4.46%     -   55s
     0     0 1700724.97    0 2499 1628129.18 1700724.97  4.46%     -   55s
     0     0 1700713.56    0 2537 1628129.18 1700713.56  4.46%     -   56s
     0     0 1700217.72    0 2423 1628129.18 1700217.72  4.43%     -   58s
     0     0 1700104.04    0 2535 1628129.18 1700104.04  4.42%     -   64s
     0     0 1700078.78    0 2598 1628129.18 1700078.78  4.42%     -   65s
     0     0 1700073.28    0 2596 1628129.18 1700073.28  4.42%     -   65s
     0     0 1699808.68    0 2603 1628129.18 1699808.68  4.40%     -   67s
     0     0 1699709.62    0 2645 1628129.18 1699709.62  4.40%     -   69s
     0     0 1699654.60    0 2703 1628129.18 1699654.60  4.39%     -   70s
     0     0 1699651.03    0 2736 1628129.18 1699651.03  4.39%     -   70s
     0     0 1699347.75    0 2695 1628129.18 1699347.75  4.37%     -   72s
     0     0 1699310.22    0 2724 1628129.18 1699310.22  4.37%     -   74s
     0     0 1699298.74    0 2791 1628129.18 1699298.74  4.37%     -   75s
     0     0 1699100.78    0 2761 1628129.18 1699100.78  4.36%     -   76s
     0     0 1699050.67    0 2837 1628129.18 1699050.67  4.36%     -   79s
     0     0 1699043.63    0 2884 1628129.18 1699043.63  4.36%     -   79s
H    0     0                    1630791.3650 1698914.70  4.18%     -   82s
H    0     0                    1631037.6150 1698914.70  4.16%     -   82s
H    0     0                    1632670.7700 1698914.70  4.06%     -   82s
     0     0 1698914.70    0 2772 1632670.77 1698914.70  4.06%     -   82s
     0     0 1698893.47    0 2828 1632670.77 1698893.47  4.06%     -   84s
     0     0 1698890.00    0 2872 1632670.77 1698890.00  4.06%     -   84s
     0     0 1698764.14    0 2796 1632670.77 1698764.14  4.05%     -   86s
     0     0 1698764.14    0 2450 1632670.77 1698764.14  4.05%     -   88s
H    0     0                    1633975.3400 1698764.14  3.97%     -   93s
H    0     0                    1634455.3400 1698764.14  3.93%     -   93s
H    0     0                    1634590.3200 1698764.14  3.93%     -   94s
H    0     0                    1638379.5900 1698764.14  3.69%     -   94s
H    0     0                    1638514.5700 1698764.14  3.68%     -   94s
     0     2 1698764.14    0 2426 1638514.57 1698764.14  3.68%     -   96s
    15    26 1698696.48    4 2689 1638514.57 1698711.70  3.67%   781  101s
    25    47 1698694.66    5 2704 1638514.57 1698701.09  3.67%   621  105s
H   26    47                    1643584.0250 1698701.09  3.35%   597  105s
H   28    47                    1645287.0600 1698701.09  3.25%   566  105s
H   30    47                    1645398.3000 1698701.09  3.24%   543  105s
H   32    47                    1647113.6350 1698701.09  3.13%   515  105s
H   37    47                    1648125.6650 1698701.09  3.07%   450  105s
    46    57 1698633.21    6 2677 1648125.66 1698701.09  3.07%   397  111s
    56    67 1698685.80    7 2693 1648125.66 1698701.09  3.07%   371  119s
    66   151 1698646.55    7 2663 1648125.66 1698701.09  3.07%   371  130s
   150   630 1698640.97    9 2657 1648125.66 1698701.09  3.07%   289  151s
H  167   630                    1649711.0150 1698701.09  2.97%   271  151s
H  209   630                    1651188.8251 1698701.09  2.88%   250  151s
H  264   630                    1651407.8100 1698701.09  2.86%   230  151s
H  390   630                    1655795.8100 1698701.09  2.59%   211  151s
   629  1281 1698474.36   35 2537 1655795.81 1698701.09  2.59%   186  171s
H  644  1281                    1656194.9550 1698701.09  2.57%   186  171s
H 1280  1756                    1657527.4400 1698701.09  2.48%   159  197s
H 1340  1756                    1657553.1100 1698701.09  2.48%   156  197s
H 1371  1756                    1657918.1600 1698701.09  2.46%   157  197s
  1755  2224 1698304.22  106 2501 1657918.16 1698701.09  2.46%   151  215s
  2223  2531 1698191.49  160 2556 1657918.16 1698701.09  2.46%   153  236s
H 2530  3057                    1658179.7700 1698701.09  2.44%   147  261s
H 2567  3057                    1659162.0050 1698701.09  2.38%   147  261s
H 2713  3057                    1659372.4200 1698701.09  2.37%   143  261s
H 3056  3630                    1659471.1900 1698701.09  2.36%   140  281s
H 3629  3644                    1661522.1700 1698701.09  2.24%   136  304s
H 3633  3644                    1661560.2250 1698701.09  2.24%   136  304s
H 3643  4158                    1662111.7150 1698701.09  2.20%   136  331s
H 3643  4158                    1663538.5750 1698701.09  2.11%   136  331s
  4157  4814 1697886.99  270 2445 1663538.57 1698701.09  2.11%   131  350s
  4813  5227 1697710.59  369 2437 1663538.57 1698701.09  2.11%   125  367s
H 5226  5254                    1665801.5950 1698701.09  1.97%   126  402s
  5253  5685 1697606.50  390 2407 1665801.59 1698701.09  1.97%   127  419s
  5684  6084 1697523.23  424 2494 1665801.59 1698701.09  1.97%   127  436s
H 6083  6340                    1666261.5000 1698701.09  1.95%   129  455s
  6339  6754 1697190.72  475 2448 1666261.50 1698701.09  1.95%   128  473s
  6753  7196 1697179.45  502 2509 1666261.50 1698701.09  1.95%   128  492s
  7195  7621 1697064.59  542 2500 1666261.50 1698701.09  1.95%   128  511s
  7620  7975 1696993.68  560 2485 1666261.50 1698701.09  1.95%   128  535s
H 7662  7975                    1666354.0500 1698701.09  1.94%   128  535s
  7974  8005 1696932.56  596 2482 1666354.05 1698701.09  1.94%   127  563s
  8004  8617 1696926.51  599 2478 1666354.05 1698701.09  1.94%   128  584s
  8617  8618 1698162.92  163 2450 1666354.05 1698701.09  1.94%   126  608s
  8619  8619 1697273.48  550 1857 1666354.05 1698701.09  1.94%   126  618s
  8620  8620 1697702.84  354 1749 1666354.05 1698701.09  1.94%   126  627s
  8622  8621 1698193.46  160 1992 1666354.05 1698701.09  1.94%   126  631s
  8625  8623 1698235.13  186 2315 1666354.05 1698701.09  1.94%   126  635s
  8629  8626 1697502.55  463 2624 1666354.05 1698205.04  1.91%   126  640s
  8636  8631 1694994.89  739 2802 1666354.05 1697949.65  1.90%   125  650s
  8637  8631 1696681.32  109 2438 1666354.05 1696681.32  1.82%   125  658s
  8638  8632 1696447.25  530 2550 1666354.05 1696447.25  1.81%   125  660s
  8643  8635 1696035.32  317 2470 1666354.05 1696035.32  1.78%   125  665s
  8647  8638 1695787.55  556 2624 1666354.05 1695787.55  1.77%   125  670s
  8652  8641 1695772.02  275 2661 1666354.05 1695772.02  1.77%   125  675s
  8653  8642 1695376.96  621 2442 1666354.05 1695376.96  1.74%   125  687s
  8655  8643 1695174.25  323 2561 1666354.05 1695174.25  1.73%   125  690s
  8660  8647 1695008.02  236 2536 1666354.05 1695008.02  1.72%   125  695s
  8665  8650 1694930.98  346 2619 1666354.05 1694930.98  1.71%   125  700s
  8672  8655 1694853.87   24 2654 1666354.05 1694853.87  1.71%   125  707s
H 8672  8221                    1666389.4100 1694708.52  1.70%   125  717s
H 8672  7809                    1666701.1900 1694708.52  1.68%   125  717s
H 8672  7418                    1667224.6900 1694708.52  1.65%   125  721s
H 8672  7046                    1667539.7250 1694708.52  1.63%   125  721s
  8676  7048 1694619.91  720 2562 1667539.72 1694619.91  1.62%   125  725s
  8682  7052 1694538.88  670 2676 1667539.72 1694538.88  1.62%   125  730s
  8686  7055 1694529.50   28 2712 1667539.72 1694529.50  1.62%   125  735s
  8687  7056 1694426.21  576 2347 1667539.72 1694426.21  1.61%   125  751s
  8690  7058 1694385.03  426 2526 1667539.72 1694385.03  1.61%   125  755s
  8696  7062 1694340.30  666 2686 1667539.72 1694340.30  1.61%   125  760s
  8702  7066 1694317.69  514 2729 1667539.72 1694317.69  1.61%   124  768s
H 8702  6711                    1667763.7200 1694221.55  1.59%   124  784s
  8703  6711 1694221.55  332 2472 1667763.72 1694221.55  1.59%   124  786s
  8709  6715 1694190.33  265 2707 1667763.72 1694190.33  1.58%   124  790s
  8715  6719 1694165.11  110 2743 1667763.72 1694165.11  1.58%   124  796s
  8716  6720 1694141.36  227 2517 1667763.72 1694141.36  1.58%   124  813s
  8718  6721 1694129.76  504 2644 1667763.72 1694129.76  1.58%   124  815s
H 8724  6387                    1669342.3700 1694102.05  1.48%   124  822s
H 8724  6066                    1669580.2950 1694102.05  1.47%   124  822s
H 8724  5761                    1670064.2000 1694102.05  1.44%   124  822s
H 8724  5471                    1670091.3450 1694102.05  1.44%   124  822s
H 8725  5196                    1670561.4850 1694062.68  1.41%   124  831s
H 8725  4935                    1671351.5600 1694062.68  1.36%   124  835s
H 8725  4686                    1671558.4500 1694062.68  1.35%   124  836s
H 8725  4450                    1671571.5700 1694062.68  1.35%   124  838s
  8727  4451 1694062.58  221 2591 1671571.57 1694062.58  1.35%   124  845s
  8728  4452 1694054.29  337 2526 1671571.57 1694054.29  1.35%   124  882s
  8729  4453 1694054.05  463 2619 1671571.57 1694054.05  1.34%   124  886s
H 8729  4229                    1671683.2150 1694047.19  1.34%   124  899s
H 8729  4015                    1672003.2150 1694047.19  1.32%   124  899s
  8730  4015 1694047.19   45 2519 1672003.21 1694047.19  1.32%   124  900s
  8736  4019 1694025.02  739 2757 1672003.21 1694025.02  1.32%   124  905s
  8742  4023 1694018.39  324 2907 1672003.21 1694018.39  1.32%   124  910s
  8743  4024 1694004.71  317 2580 1672003.21 1694004.71  1.32%   124  920s
  8748  4027 1694000.79  317 2799 1672003.21 1694000.79  1.32%   124  926s
  8749  4028 1693987.42  367 2576 1672003.21 1693987.42  1.31%   124  948s
  8750  4029 1693987.30  781 2665 1672003.21 1693987.30  1.31%   124  953s
  8751  4029 1693984.22  153 2568 1672003.21 1693984.22  1.31%   124  962s
  8755  4032 1693970.49  323 2680 1672003.21 1693970.49  1.31%   124  966s
  8761  4036 1693955.54  674 2789 1672003.21 1693955.54  1.31%   124  970s
H 8762  3833                    1672716.3550 1693946.55  1.27%   124  979s
  8763  3833 1693946.55  748 2549 1672716.35 1693946.55  1.27%   124  982s
  8764  3834 1693946.51  609 2667 1672716.35 1693946.51  1.27%   124  986s
  8765  3835 1693941.98  346 2549 1672716.35 1693941.98  1.27%   124  993s
  8767  3836 1693939.13  559 2546 1672716.35 1693939.13  1.27%   124 1001s
  8769  3837 1693937.24  163 2538 1672716.35 1693937.24  1.27%   124 1010s
  8771  3839 1693933.87  102 2585 1672716.35 1693933.87  1.27%   124 1021s
  8779  3844 1693909.82  100 2844 1672716.35 1693909.82  1.27%   123 1025s
H 8782  3651                    1674093.7800 1693896.18  1.18%   123 1052s
H 8782  3466                    1674133.7800 1693896.18  1.18%   123 1055s
  8783  3467 1693896.18  442 2560 1674133.78 1693896.18  1.18%   123 1062s
  8785  3468 1693894.09  262 2609 1674133.78 1693894.09  1.18%   123 1084s
  8786  3469 1693893.97   28 2687 1674133.78 1693893.97  1.18%   123 1086s
  8787  3469 1693892.30  576 2550 1674133.78 1693892.30  1.18%   123 1093s
  8788  3470 1693892.17  253 2639 1674133.78 1693892.17  1.18%   123 1095s
  8789  3471 1693889.79  430 2558 1674133.78 1693889.79  1.18%   123 1100s
  8796  3475 1693876.87  666 2843 1674133.78 1693876.87  1.18%   123 1106s
  8797  3476 1693869.40  545 2565 1674133.78 1693869.40  1.18%   123 1113s
  8798  3477 1693869.40  131 2626 1674133.78 1693869.40  1.18%   123 1115s
  8799  3477 1693867.50  329 2559 1674133.78 1693867.50  1.18%   123 1122s
  8801  3479 1693865.82   82 2553 1674133.78 1693865.82  1.18%   123 1129s
  8803  3480 1693864.69  332 2628 1674133.78 1693864.69  1.18%   123 1130s
  8811  3485 1693843.99  537 2800 1674133.78 1693843.99  1.18%   123 1135s
  8816  3489 1693836.90  227 2644 1674133.78 1693836.90  1.18%   123 1146s
  8818  3490 1693834.22  504 2567 1674133.78 1693834.22  1.18%   123 1154s
  8819  3491 1693834.22  550 2645 1674133.78 1693834.22  1.18%   123 1156s
  8820  3491 1693833.37  354 2559 1674133.78 1693833.37  1.18%   123 1161s
  8822  3493 1693832.64  160 2592 1674133.78 1693832.64  1.18%   123 1180s
  8824  3494 1693832.33  592 2576 1674133.78 1693832.33  1.18%   123 1186s
  8829  3498 1693832.33  463 1861 1674133.78 1693832.33  1.18%   173 1198s
  8830  3499 1693832.33   45 1731 1674133.78 1693832.33  1.18%   173 1207s
  8832  3500 1693832.28   24 1961 1674133.78 1693832.28  1.18%   173 1211s
H 8832  3324                    1675346.3800 1693832.28  1.10%   173 1213s
H 8833  3159                    1675440.0052 1693832.28  1.10%   173 1216s
  8836  3161 1693832.28  739 2222 1675440.01 1693832.28  1.10%   173 1220s
  8838  3162 1693832.28  530 2242 1675440.01 1693832.28  1.10%   173 1225s
  8840  3164 1693832.28   62 2369 1675440.01 1693832.28  1.10%   172 1232s
  8842  3165 1693832.28  324 2430 1675440.01 1693832.28  1.10%   172 1235s
  8845  3167 1693832.28  596 2447 1675440.01 1693832.28  1.10%   172 1241s
  8847  3168 1693832.28  556 2579 1675440.01 1693832.28  1.10%   172 1245s
  8850  3170 1693819.98  781 2660 1675440.01 1693819.98  1.10%   172 1250s
  8854  3173 1693801.72   51 2743 1675440.01 1693801.72  1.10%   172 1257s
  8855  3174 1693757.61  323 2415 1675440.01 1693757.61  1.09%   172 1274s
  8856  3174 1693730.42  232 2656 1675440.01 1693730.42  1.09%   172 1276s
  8861  3178 1693693.37  674 2563 1675440.01 1693693.37  1.09%   172 1283s
  8862  3178 1693555.64  296 2497 1675440.01 1693555.64  1.08%   172 1296s
  8864  3180 1693517.29  609 2576 1675440.01 1693517.29  1.08%   172 1300s
  8870  3184 1693497.44  271 2652 1675440.01 1693497.44  1.08%   172 1306s
H 8870  3024                    1675498.0650 1693451.39  1.07%   172 1313s
  8871  3024 1693451.39  102 2557 1675498.06 1693451.39  1.07%   172 1326s
  8875  3027 1693429.97  482 2652 1675498.06 1693429.97  1.07%   172 1330s
  8878  3029 1693414.02  749 2522 1675498.06 1693414.02  1.07%   172 1351s
H 8881  2879                    1675571.6350 1693407.43  1.06%   172 1354s
H 8882  2735                    1675571.6353 1693406.69  1.06%   172 1355s
  8885  2737 1693402.26  262 2691 1675571.64 1693402.26  1.06%   172 1377s
  8888  2739 1693396.22  253 2781 1675571.64 1693396.22  1.06%   172 1380s
  8891  2741 1693379.64   81 2620 1675571.64 1693379.64  1.06%   171 1397s
  8895  2743 1693367.52  145 2816 1675571.64 1693367.52  1.06%   171 1400s
  8900  2747 1693362.05  725 2834 1675571.64 1693362.05  1.06%   171 1405s
  8901  2747 1693355.97   82 2628 1675571.64 1693355.97  1.06%   171 1413s
H 8902  2609                    1675599.9850 1693350.93  1.06%   171 1415s
  8907  2612 1693347.00  321 2816 1675599.98 1693347.00  1.06%   171 1422s
H 8907  2480                    1675664.3950 1693331.91  1.05%   171 1455s
H 8907  2355                    1676179.4300 1693331.91  1.02%   171 1459s
H 8907  2236                    1676189.2200 1693331.91  1.02%   171 1467s
H 8907  2122                    1676404.5650 1693331.91  1.01%   171 1470s
  8912  2126 1693325.31  568 2829 1676404.56 1693325.31  1.01%   171 1475s
H 8912  2019                    1676480.4650 1693312.18  1.00%   171 1489s
  8913  2019 1693312.18  288 2671 1676480.46 1693312.18  1.00%   171 1490s
  8917  2022 1693306.81  163 2821 1676480.46 1693306.81  1.00%   171 1495s
  8919  2023 1693306.36  550 2830 1676480.46 1693306.36  1.00%   171 1501s
  8920  2024 1693303.45  354 2639 1676480.46 1693303.45  1.00%   171 1510s
  8924  2027 1693297.34  592 2580 1676480.46 1693297.34  1.00%   171 1525s
  8928  2029 1693293.77  337 2791 1676480.46 1693293.77  1.00%   171 1530s
  8929  2030 1693284.53  463 2616 1676480.46 1693284.53  1.00%   171 1542s
  8932  2032 1693282.85   24 2830 1676480.46 1693282.85  1.00%   171 1547s
  8933  2033 1693277.25  368 2628 1676480.46 1693277.25  1.00%   171 1558s
  8936  2035 1693264.04  739 2827 1676480.46 1693264.04  1.00%   171 1562s
  8937  2035 1693191.50  109 2624 1676480.46 1693191.50  1.00%   171 1569s
  8938  2036 1693190.83  530 2726 1676480.46 1693190.83  1.00%   171 1570s
H 8942  1935                    1676480.4654 1693184.24  1.00%   171 1596s
  8945  1937 1693181.13  596 2756 1676480.47 1693181.13  1.00%   170 1600s
  8951  1941 1693175.80  153 2648 1676480.47 1693175.80  1.00%   170 1611s
  8953  1942 1693173.60  621 2657 1676480.47 1693173.60  1.00%   170 1620s
  8955  1943 1693171.72  323 2667 1676480.47 1693171.72  1.00%   170 1631s
  8962  1948 1693165.97  296 2844 1676480.47 1693165.97  1.00%   170 1635s
  8963  1949 1693161.01  748 2622 1676480.47 1693161.01  0.99%   170 1641s
  8965  1950 1693159.36  346 2648 1676480.47 1693159.36  0.99%   170 1652s
  8966  1951 1693159.22  414 2747 1676480.47 1693159.22  0.99%   170 1655s
  8967  1951 1693156.54  559 2595 1676480.47 1693156.54  0.99%   170 1662s
  8969  1953 1693153.78  163 2624 1676480.47 1693153.78  0.99%   170 1672s
  8973  1955 1693147.75  159 2803 1676480.47 1693147.75  0.99%   170 1675s
  8978  1959 1693140.54  749 2886 1676480.47 1693140.54  0.99%   170 1680s
  8979  1959 1693135.87  100 2659 1676480.47 1693135.87  0.99%   170 1688s
  8982  1961 1693132.00  670 2828 1676480.47 1693132.00  0.99%   170 1690s
  8985  1963 1693130.48  262 2706 1676480.47 1693130.48  0.99%   170 1703s
  8986  1964 1693130.48   28 2777 1676480.47 1693130.48  0.99%   170 1705s
  8987  1965 1693129.17  576 2692 1676480.47 1693129.17  0.99%   170 1712s
  8989  1966 1693128.15  430 2657 1676480.47 1693128.15  0.99%   170 1725s
  8991  1967 1693126.56   81 2632 1676480.47 1693126.56  0.99%   170 1739s
  8992  1968 1693126.56  658 2730 1676480.47 1693126.56  0.99%   170 1741s
  8993  1969 1693124.75  386 2644 1676480.47 1693124.75  0.99%   170 1746s
  8998  1973 1693124.75  131 1871 1676480.47 1693124.75  0.99%   216 1759s
  8999  1974 1693124.75  329 1819 1676480.47 1693124.75  0.99%   216 1768s
  9000  1975 1693124.75  725 1907 1676480.47 1693124.75  0.99%   216 1770s
  9002  1976 1693124.75  514 2063 1676480.47 1693124.75  0.99%   216 1775s
  9004  1977 1693124.75  816 2160 1676480.47 1693124.75  0.99%   216 1781s
  9006  1979 1693124.75  227 2265 1676480.47 1693124.75  0.99%   216 1786s
  9008  1980 1693124.75  252 2262 1676480.47 1693124.75  0.99%   216 1795s
  9010  1981 1693124.75  313 2280 1676480.47 1693124.75  0.99%   216 1800s
  9013  1983 1693124.75  288 2376 1676480.47 1693124.75  0.99%   216 1805s
  9016  1985 1693124.75  227 2528 1676480.47 1693124.75  0.99%   216 1810s
  9019  1987 1693124.75  550 2641 1676480.47 1693124.75  0.99%   216 1815s
  9022  1989 1693124.75  160 2785 1676480.47 1693124.75  0.99%   216 1820s
  9024  1991 1693124.75  592 2790 1676480.47 1693124.75  0.99%   215 1828s
  9025  1991 1693109.43  186 2650 1676480.47 1693109.43  0.99%   215 1839s
  9026  1992 1693075.33  368 2715 1676480.47 1693075.33  0.99%   215 1842s
  9030  1995 1693061.88   45 2724 1676480.47 1693061.88  0.99%   215 1847s
H 9030  1894                    1676776.2400 1692986.78  0.97%   215 1854s
H 9030  1799                    1677038.8350 1692986.78  0.95%   215 1854s
  9031  1799 1692986.78  389 2587 1677038.83 1692986.78  0.95%   215 1866s
  9035  1802 1692968.32  650 2683 1677038.83 1692968.32  0.95%   215 1870s
H 9037  1712                    1677257.6200 1692941.93  0.94%   215 1879s
  9038  1713 1692941.78  530 2626 1677257.62 1692941.78  0.94%   215 1888s
  9040  1714 1692940.38   62 2710 1677257.62 1692940.38  0.94%   215 1890s
  9044  1717 1692931.44  301 2777 1677257.62 1692931.44  0.93%   215 1895s
  9045  1718 1692923.49  596 2633 1677257.62 1692923.49  0.93%   215 1908s
  9046  1718 1692917.82  421 2705 1677257.62 1692917.82  0.93%   215 1910s
  9050  1721 1692912.03  781 2841 1677257.62 1692912.03  0.93%   215 1917s
  9051  1722 1692894.27  153 2630 1677257.62 1692894.27  0.93%   215 1933s
  9053  1723 1692885.25  621 2809 1677257.62 1692885.25  0.93%   215 1935s
H 9054  1637                    1677521.2800 1692884.31  0.92%   215 1941s
  9056  1638 1692875.89  232 2733 1677521.28 1692875.89  0.92%   215 1959s
  9057  1639 1692875.86  580 2817 1677521.28 1692875.86  0.92%   215 1963s
  9058  1639 1692872.83  365 2664 1677521.28 1692872.83  0.92%   215 1975s
  9059  1640 1692872.58  802 2776 1677521.28 1692872.58  0.92%   215 1980s
  9060  1641 1692871.16  236 2713 1677521.28 1692871.16  0.92%   215 2018s
H 9060  1558                    1677650.4250 1692870.96  0.91%   215 2019s
  9061  1558 1692870.96  674 2808 1677650.42 1692870.96  0.91%   215 2022s
  9062  1559 1692867.78  296 2719 1677650.42 1692867.78  0.91%   215 2041s
  9063  1560 1692867.59  748 2799 1677650.42 1692867.59  0.91%   215 2046s
  9064  1560 1692862.32  609 2672 1677650.42 1692862.32  0.91%   215 2056s
  9070  1564 1692852.30  271 2880 1677650.42 1692852.30  0.91%   214 2062s
  9071  1565 1692848.79  102 2722 1677650.42 1692848.79  0.91%   214 2071s
  9073  1566 1692846.04  159 2771 1677650.42 1692846.04  0.91%   214 2082s
  9076  1568 1692839.04  720 2887 1677650.42 1692839.04  0.91%   214 2085s
H 9079  1490                    1677695.1550 1692835.25  0.90%   214 2114s
H 9079  1414                    1678476.6700 1692835.25  0.86%   214 2123s
H 9079  1342                    1678476.6702 1692835.25  0.86%   214 2134s
  9080  1343 1692835.25  845 2790 1678476.67 1692835.25  0.86%   214 2170s
  9082  1344 1692834.57  670 2796 1678476.67 1692834.57  0.86%   214 2183s
  9083  1345 1692834.50  442 2897 1678476.67 1692834.50  0.86%   214 2185s
  9084  1346 1692833.85  516 2778 1678476.67 1692833.85  0.86%   214 2195s
  9086  1347 1692831.38   28 2729 1678476.67 1692831.38  0.86%   214 2208s
  9089  1349 1692829.85  430 2917 1678476.67 1692829.85  0.86%   214 2210s
  9091  1350 1692826.34   81 2726 1678476.67 1692826.34  0.85%   214 2218s
  9092  1351 1692826.17  658 2846 1678476.67 1692826.17  0.85%   214 2221s
  9093  1352 1692825.14  386 2709 1678476.67 1692825.14  0.85%   214 2248s
  9094  1352 1692825.11  471 2827 1678476.67 1692825.11  0.85%   214 2250s
  9095  1353 1692823.98  145 2719 1678476.67 1692823.98  0.85%   214 2257s
  9097  1354 1692822.36  545 2722 1678476.67 1692822.36  0.85%   214 2267s
  9099  1356 1692820.79  329 2686 1678476.67 1692820.79  0.85%   214 2273s
  9100  1356 1692820.76  725 2684 1678476.67 1692820.76  0.85%   214 2275s
  9101  1357 1692820.76   82 2684 1678476.67 1692820.76  0.85%   214 2300s
  9102  1361 1692788.25   28 2630 1678476.67 1692820.58  0.85%   249 2306s
  9104  1364 1692782.38   29 2793 1678476.67 1692788.21  0.85%   249 2312s
  9108  1371 1692773.28   30 2877 1678476.67 1692782.02  0.85%   250 2322s
  9116  1378 1692746.43   31 2892 1678476.67 1692773.27  0.85%   251 2332s
  9126  1400 1692737.47   32 2898 1678476.67 1692747.96  0.85%   252 2342s
  9151  1409 1692697.51   33 2919 1678476.67 1692747.69  0.85%   254 2349s
  9169  1405 1692621.10   35 2792 1678476.67 1692747.69  0.85%   255 2350s

Cutting planes:
  Gomory: 99
  Cover: 19
  Clique: 1634
  MIR: 123
  Mixing: 1
  StrongCG: 1
  Flow cover: 682
  GUB cover: 11
  Zero half: 399
  Relax-and-lift: 85

Explored 9171 nodes (2409547 simplex iterations) in 2350.60 seconds (2079.13 work units)
Thread count was 12 (of 12 available processors)

Solution count 10: 1.67848e+06 1.67848e+06 1.6777e+06 ... 1.67648e+06

Time limit reached
Best objective 1.678476670200e+06, best bound 1.692747694678e+06, gap 0.8502%
