
Gurobi 12.0.1 (win64) logging started Mon Mar 16 00:25:14 2026

Set parameter LogFile to value "logs\full_H_35_restricted_subset15_5it_w_max_cap200_seed42_CG.log"
Gurobi Optimizer version 12.0.1 build v12.0.1rc0 (win64 - Windows 11.0 (26100.2))

CPU model: 13th Gen Intel(R) Core(TM) i7-1355U, instruction set [SSE2|AVX|AVX2]
Thread count: 10 physical cores, 12 logical processors, using up to 12 threads

Non-default parameters:
TimeLimit  3.3499061751365662e+03
FeasibilityTol  1e-09
MIPGap  0.005

Optimize a model with 5998 rows, 99431 columns and 848110 nonzeros
Model fingerprint: 0x919c7321
Variable types: 0 continuous, 99431 integer (99261 binary)
Coefficient statistics:
  Matrix range     [4e-01, 1e+02]
  Objective range  [1e-02, 2e+05]
  Bounds range     [1e+00, 3e+00]
  RHS range        [1e+00, 3e+00]
Presolve removed 427 rows and 7440 columns (presolve time = 6s)...
Presolve removed 427 rows and 7440 columns
Presolve time: 5.68s
Presolved: 5571 rows, 91991 columns, 757473 nonzeros
Variable types: 0 continuous, 91991 integer (91986 binary)
Found heuristic solution: objective -3304079.575
Found heuristic solution: objective -2656308.000
Deterministic concurrent LP optimizer: primal simplex, dual simplex, and barrier
Showing barrier log only...

Root barrier log...

Ordering time: 0.04s

Barrier statistics:
 AA' NZ     : 1.105e+05
 Factor NZ  : 1.857e+05 (roughly 40 MB of memory)
 Factor Ops : 7.237e+06 (less than 1 second per iteration)
 Threads    : 8

                  Objective                Residual
Iter       Primal          Dual         Primal    Dual     Compl     Time
   0   5.68352239e+09  5.64464853e+06  7.95e+04 4.06e+03  6.72e+04     6s
   1   1.96098494e+09  1.70964762e+07  2.75e+04 2.09e+03  2.39e+04     7s
   2   4.13626149e+08  2.23537437e+07  5.77e+03 1.16e+03  5.28e+03     7s
   3   8.30322277e+07  2.13883965e+07  1.13e+03 2.97e+01  1.10e+03     7s
   4   2.50488225e+07  1.49312947e+07  3.24e+02 3.13e+00  3.39e+02     7s
   5   8.24237135e+06  1.18967554e+07  9.10e+01 1.97e+00  1.26e+02     7s
   6   2.64060206e+06  6.98315666e+06  1.56e+01 2.40e-01  3.80e+01     7s
   7   1.88203994e+06  4.95380912e+06  5.38e+00 1.33e-01  2.04e+01     7s
   8   1.75339001e+06  3.21462357e+06  2.99e+00 2.14e-02  9.55e+00     7s
   9   1.72758991e+06  2.61877266e+06  2.25e+00 2.17e-03  5.95e+00     7s
  10   1.72218218e+06  2.36882811e+06  1.17e+00 3.64e-12  4.03e+00     7s
  11   1.72947557e+06  2.14531556e+06  7.03e-01 2.93e-12  2.55e+00     7s
  12   1.73681008e+06  2.03953985e+06  5.78e-01 1.05e-12  1.88e+00     7s
  13   1.76354034e+06  1.96207837e+06  3.73e-01 2.58e-12  1.23e+00     7s
  14   1.76724662e+06  1.92314410e+06  3.48e-01 2.18e-11  9.90e-01     7s
  15   1.79335263e+06  1.89958118e+06  2.00e-01 1.82e-11  6.56e-01     7s
  16   1.81230268e+06  1.88310594e+06  1.29e-01 1.82e-12  4.35e-01     7s
  17   1.82270376e+06  1.87260746e+06  9.50e-02 7.28e-12  3.09e-01     7s
  18   1.83462738e+06  1.86602622e+06  5.80e-02 3.27e-11  1.93e-01     7s
  19   1.83996458e+06  1.86294505e+06  4.30e-02 5.82e-11  1.42e-01     7s
  20   1.84500406e+06  1.86092947e+06  2.93e-02 5.09e-11  9.80e-02     7s
  21   1.84805627e+06  1.85946335e+06  2.13e-02 5.82e-11  7.04e-02     7s
  22   1.85172360e+06  1.85810092e+06  1.21e-02 5.09e-11  3.94e-02     7s
  23   1.85406161e+06  1.85757036e+06  6.66e-03 4.03e-12  2.17e-02     7s
  24   1.85528805e+06  1.85734981e+06  3.70e-03 3.27e-11  1.26e-02     8s
  25   1.85610269e+06  1.85715937e+06  1.77e-03 2.55e-11  6.42e-03     8s
  26   1.85642321e+06  1.85701806e+06  1.02e-03 4.44e-12  3.63e-03     8s
  27   1.85659342e+06  1.85697395e+06  6.38e-04 1.82e-12  2.31e-03     8s
  28   1.85675815e+06  1.85692134e+06  2.72e-04 1.18e-12  9.91e-04     8s
  29   1.85682683e+06  1.85690462e+06  1.25e-04 2.18e-11  4.70e-04     8s
  30   1.85686227e+06  1.85689607e+06  5.09e-05 2.73e-12  2.03e-04     8s
  31   1.85688400e+06  1.85688939e+06  6.59e-06 5.46e-11  3.16e-05     8s
  32   1.85688771e+06  1.85688853e+06  2.28e-07 1.46e-11  4.44e-06     8s
  33   1.85688790e+06  1.85688794e+06  1.70e-08 1.46e-11  2.36e-07     8s
  34   1.85688792e+06  1.85688792e+06  1.25e-09 7.28e-12  1.17e-08     8s
  35   1.85688792e+06  1.85688792e+06  3.72e-09 4.47e-12  4.53e-10     8s

Barrier solved model in 35 iterations and 8.01 seconds (7.39 work units)
Optimal objective 1.85688792e+06


Root crossover log...

    1122 DPushes remaining with DInf 0.0000000e+00                 8s
       0 DPushes remaining with DInf 0.0000000e+00                 8s

    9425 PPushes remaining with PInf 3.8520939e-07                 8s
       0 PPushes remaining with PInf 0.0000000e+00                 8s

  Push phase complete: Pinf 0.0000000e+00, Dinf 7.0125012e-10      8s


Root simplex log...

Iteration    Objective       Primal Inf.    Dual Inf.      Time
   10481    1.8568879e+06   0.000000e+00   0.000000e+00      8s
Concurrent spin time: 0.62s (can be avoided by choosing Method=3)

Solved with barrier

Root relaxation: objective 1.856888e+06, 10481 iterations, 3.00 seconds (1.35 work units)

    Nodes    |    Current Node    |     Objective Bounds      |     Work
 Expl Unexpl |  Obj  Depth IntInf | Incumbent    BestBd   Gap | It/Node Time

     0     0 1856887.92    0 2200 -2656308.0 1856887.92   170%     -   10s
H    0     0                    -555115.5700 1856887.92   435%     -   10s
H    0     0                    -305256.3700 1856887.92   708%     -   10s
H    0     0                    628093.29000 1856887.92   196%     -   10s
H    0     0                    765749.85000 1856887.92   142%     -   10s
H    0     0                    890195.80500 1856887.92   109%     -   10s
H    0     0                    1076484.5700 1856887.92  72.5%     -   10s
H    0     0                    1120352.5650 1856887.92  65.7%     -   10s
H    0     0                    1133722.2350 1856887.92  63.8%     -   10s
H    0     0                    1174071.7950 1856887.92  58.2%     -   10s
H    0     0                    1189108.0000 1856887.92  56.2%     -   10s
H    0     0                    1583958.9250 1856887.92  17.2%     -   11s
H    0     0                    1588588.5850 1856887.92  16.9%     -   13s
H    0     0                    1599824.4500 1856887.92  16.1%     -   13s
H    0     0                    1604104.4500 1856887.92  15.8%     -   13s
H    0     0                    1632227.4800 1856887.92  13.8%     -   13s
H    0     0                    1632507.4800 1856887.92  13.7%     -   14s
H    0     0                    1634503.1950 1856887.92  13.6%     -   16s
H    0     0                    1637117.3650 1856887.92  13.4%     -   19s
H    0     0                    1637271.7950 1856887.92  13.4%     -   21s
H    0     0                    1637850.2800 1856887.92  13.4%     -   21s
H    0     0                    1639282.9350 1856887.92  13.3%     -   21s
H    0     0                    1639442.9350 1856887.92  13.3%     -   21s
     0     0 1847477.71    0 2359 1639442.93 1847477.71  12.7%     -   31s
H    0     0                    1659156.6250 1847477.34  11.4%     -   32s
H    0     0                    1666555.6000 1847477.34  10.9%     -   32s
H    0     0                    1694699.2102 1847477.34  9.02%     -   35s
H    0     0                    1695051.9702 1847477.34  8.99%     -   36s
H    0     0                    1696383.6152 1847477.34  8.91%     -   37s
H    0     0                    1697004.2052 1847477.34  8.87%     -   38s
H    0     0                    1697251.8402 1847477.34  8.85%     -   38s
     0     0 1845121.75    0 2431 1697251.84 1845121.75  8.71%     -   41s
     0     0 1844822.20    0 2434 1697251.84 1844822.20  8.69%     -   43s
     0     0 1844653.19    0 2464 1697251.84 1844653.19  8.68%     -   44s
     0     0 1844632.67    0 2486 1697251.84 1844632.67  8.68%     -   45s
     0     0 1844632.10    0 2461 1697251.84 1844632.10  8.68%     -   45s
     0     0 1841910.58    0 2533 1697251.84 1841910.58  8.52%     -   49s
H    0     0                    1697588.7402 1841910.17  8.50%     -   50s
H    0     0                    1702567.9000 1841049.05  8.13%     -   54s
     0     0 1841049.05    0 2572 1702567.90 1841049.05  8.13%     -   54s
H    0     0                    1703690.0500 1840700.45  8.04%     -   56s
     0     0 1840700.45    0 2639 1703690.05 1840700.45  8.04%     -   56s
     0     0 1840544.57    0 2682 1703690.05 1840544.57  8.03%     -   57s
     0     0 1840425.98    0 2756 1703690.05 1840425.98  8.03%     -   58s
     0     0 1840394.21    0 2769 1703690.05 1840394.21  8.02%     -   58s
     0     0 1840390.63    0 2782 1703690.05 1840390.63  8.02%     -   58s
     0     0 1838843.87    0 2696 1703690.05 1838843.87  7.93%     -   62s
H    0     0                    1707973.2350 1838842.72  7.66%     -   68s
H    0     0                    1708708.5250 1838842.72  7.62%     -   69s
H    0     0                    1710101.7850 1838842.72  7.53%     -   69s
H    0     0                    1712218.7000 1838842.72  7.40%     -   70s
H    0     0                    1713606.5100 1838234.08  7.27%     -   73s
H    0     0                    1715494.4200 1838234.08  7.15%     -   73s
H    0     0                    1717805.9000 1838234.08  7.01%     -   73s
H    0     0                    1719332.3600 1838234.08  6.92%     -   73s
H    0     0                    1719695.4850 1838234.08  6.89%     -   73s
H    0     0                    1720190.7750 1838234.08  6.86%     -   73s
H    0     0                    1725199.9250 1838234.08  6.55%     -   73s
     0     0 1838234.08    0 2799 1725199.92 1838234.08  6.55%     -   73s
     0     0 1838038.75    0 2841 1725199.92 1838038.75  6.54%     -   74s
     0     0 1837902.96    0 2823 1725199.92 1837902.96  6.53%     -   75s
     0     0 1837870.22    0 2814 1725199.92 1837870.22  6.53%     -   75s
     0     0 1837671.50    0 2847 1725199.92 1837671.50  6.52%     -   76s
     0     0 1837645.96    0 2864 1725199.92 1837645.96  6.52%     -   77s
     0     0 1837598.60    0 2919 1725199.92 1837598.60  6.52%     -   78s
     0     0 1837583.75    0 2967 1725199.92 1837583.75  6.51%     -   78s
     0     0 1837582.26    0 2962 1725199.92 1837582.26  6.51%     -   78s
     0     0 1836633.10    0 2932 1725199.92 1836633.10  6.46%     -   82s
H    0     0                    1726298.5650 1836632.99  6.39%     -   84s
H    0     0                    1727776.6900 1836632.99  6.30%     -   86s
     0     0 1836504.34    0 2964 1727776.69 1836504.34  6.29%     -   87s
     0     0 1836475.97    0 3018 1727776.69 1836475.97  6.29%     -   88s
     0     0 1836394.46    0 3078 1727776.69 1836394.46  6.29%     -   89s
     0     0 1836387.00    0 3130 1727776.69 1836387.00  6.29%     -   89s
     0     0 1835825.63    0 3025 1727776.69 1835825.63  6.25%     -   93s
     0     0 1835646.56    0 3044 1727776.69 1835646.56  6.24%     -  105s
     0     0 1835621.51    0 3104 1727776.69 1835621.51  6.24%     -  106s
     0     0 1835588.62    0 3149 1727776.69 1835588.62  6.24%     -  107s
     0     0 1835581.55    0 3203 1727776.69 1835581.55  6.24%     -  108s
     0     0 1835233.27    0 3081 1727776.69 1835233.27  6.22%     -  111s
     0     0 1835105.19    0 3036 1727776.69 1835105.19  6.21%     -  116s
     0     0 1835076.69    0 3089 1727776.69 1835076.69  6.21%     -  117s
     0     0 1835032.79    0 3141 1727776.69 1835032.79  6.21%     -  117s
     0     0 1835024.97    0 3173 1727776.69 1835024.97  6.21%     -  118s
     0     0 1834743.41    0 3163 1727776.69 1834743.41  6.19%     -  123s
     0     0 1834688.21    0 3190 1727776.69 1834688.21  6.19%     -  127s
     0     0 1834671.06    0 3220 1727776.69 1834671.06  6.19%     -  128s
     0     0 1834661.42    0 3291 1727776.69 1834661.42  6.19%     -  128s
     0     0 1834488.56    0 3157 1727776.69 1834488.56  6.18%     -  132s
     0     0 1834452.23    0 3220 1727776.69 1834452.23  6.17%     -  135s
     0     0 1834423.27    0 3259 1727776.69 1834423.27  6.17%     -  136s
     0     0 1834414.45    0 3301 1727776.69 1834414.45  6.17%     -  136s
H    0     0                    1742050.9000 1834414.45  5.30%     -  138s
H    0     0                    1743330.9000 1834414.45  5.22%     -  138s
H    0     0                    1747702.5150 1834414.45  4.96%     -  138s
H    0     0                    1749726.5700 1834414.45  4.84%     -  138s
H    0     0                    1752121.0500 1834291.63  4.69%     -  141s
     0     0 1834291.63    0 3204 1752121.05 1834291.63  4.69%     -  141s
H    0     0                    1752236.0950 1834291.63  4.68%     -  143s
H    0     0                    1753014.2100 1834259.05  4.63%     -  145s
H    0     0                    1755659.6450 1834259.05  4.48%     -  145s
H    0     0                    1756047.9550 1834259.05  4.45%     -  145s
H    0     0                    1760586.3450 1834259.05  4.18%     -  145s
     0     0 1834259.05    0 3295 1760586.34 1834259.05  4.18%     -  145s
H    0     0                    1760897.0250 1834239.72  4.17%     -  146s
H    0     0                    1768199.5850 1834239.72  3.73%     -  146s
H    0     0                    1768212.1699 1834239.72  3.73%     -  146s
H    0     0                    1768372.1699 1834239.72  3.72%     -  146s
H    0     0                    1768499.4900 1834239.72  3.72%     -  146s
     0     0 1834239.72    0 3345 1768499.49 1834239.72  3.72%     -  146s
     0     0 1834233.96    0 3398 1768499.49 1834233.96  3.72%     -  147s
     0     0 1834130.27    0 3340 1768499.49 1834130.27  3.71%     -  149s
     0     0 1834129.62    0 2952 1768499.49 1834129.62  3.71%     -  150s
H    0     0                    1768893.9300 1834129.62  3.69%     -  163s
     3     5 1834129.62    2   45 1768893.93 1834129.62  3.69% 29485  165s
   632   331 1833520.60    2 2870 1768893.93 1833520.60  3.65%   156  343s
   634   335 1833502.08    3 2984 1768893.93 1833520.31  3.65%   158  346s
   646   353 1833466.23    5 3270 1768893.93 1833479.96  3.65%   177  352s
   656   373 1833460.42    6 3325 1768893.93 1833466.17  3.65%   193  361s
   676   383 1833456.11    8 3312 1768893.93 1833466.17  3.65%   195  372s
   686   393 1833407.68    8 3263 1768893.93 1833466.17  3.65%   198  388s
   696   555 1833456.03    9 3304 1768893.93 1833466.17  3.65%   198  410s
   858   675 1833363.54   19 3251 1768893.93 1833466.17  3.65%   220  445s
   978  1215 1833324.46   28 3212 1768893.93 1833466.17  3.65%   247  489s
H 1518  1215                    1791726.8450 1833466.17  2.33%   294  489s
  2158  2108 1833397.59  101   35 1791726.84 1833466.17  2.33%   249  490s
  2894  3689 1833239.52   62 3222 1791726.84 1833466.17  2.33%   145  574s
  4475  4027 1833318.26  145   27 1791726.84 1833466.17  2.33%   173  575s
  5329  4883 1832363.21  183 3125 1791726.84 1833456.09  2.33%   124  622s
  6164  5396 1832021.41  254 3001 1791726.84 1833456.09  2.33%   124  665s
H 6677  5396                    1793774.7300 1833456.09  2.21%   130  666s
  7988  6430 1831896.07  273 2987 1793774.73 1833381.84  2.21%   107  707s
 10157  5977 1831606.78  335 2970 1793774.73 1833231.97  2.20%  98.1  762s
 10167  8477 1831474.04  335 2964 1793774.73 1833231.97  2.20%  98.1  876s
H12667  8477                    1793778.9300 1833231.97  2.20%   108  877s
 12667  8813 1831113.05  541 2952 1793778.93 1833231.97  2.20%   105  944s
 13003  9778 1831020.08  585 2961 1793778.93 1833231.97  2.20%   108 1001s

Cutting planes:
  Cover: 5
  Clique: 1505
  MIR: 260
  Zero half: 318
  Relax-and-lift: 13

Explored 14491 nodes (3097070 simplex iterations) in 3350.73 seconds (2818.31 work units)
Thread count was 12 (of 12 available processors)

Solution count 10: 1.79378e+06 1.79377e+06 1.79173e+06 ... 1.76059e+06

Time limit reached
Best objective 1.793778930000e+06, best bound 1.826237071066e+06, gap 1.8095%

Gurobi 12.0.1 (win64) logging started Mon Mar 16 18:10:30 2026

Set parameter LogFile to value "logs\full_H_35_restricted_subset15_5it_w_max_cap200_seed42_CG.log"
Gurobi Optimizer version 12.0.1 build v12.0.1rc0 (win64 - Windows 11.0 (26100.2))

CPU model: 13th Gen Intel(R) Core(TM) i7-1355U, instruction set [SSE2|AVX|AVX2]
Thread count: 10 physical cores, 12 logical processors, using up to 12 threads

Non-default parameters:
TimeLimit  3.3204246439933777e+03
FeasibilityTol  1e-09
MIPGap  0.005

Optimize a model with 5998 rows, 99066 columns and 843101 nonzeros
Model fingerprint: 0x1bfe3d06
Variable types: 0 continuous, 99066 integer (98896 binary)
Coefficient statistics:
  Matrix range     [4e-01, 1e+02]
  Objective range  [1e-02, 2e+05]
  Bounds range     [1e+00, 3e+00]
  RHS range        [1e+00, 3e+00]
Presolve removed 419 rows and 7316 columns
Presolve time: 4.55s
Presolved: 5579 rows, 91750 columns, 756388 nonzeros
Variable types: 0 continuous, 91750 integer (91745 binary)
Found heuristic solution: objective -3290929.780
Found heuristic solution: objective -2639777.095
Deterministic concurrent LP optimizer: primal simplex, dual simplex, and barrier
Showing barrier log only...

Root barrier log...

Ordering time: 0.02s

Barrier statistics:
 AA' NZ     : 1.114e+05
 Factor NZ  : 1.878e+05 (roughly 40 MB of memory)
 Factor Ops : 7.428e+06 (less than 1 second per iteration)
 Threads    : 8

                  Objective                Residual
Iter       Primal          Dual         Primal    Dual     Compl     Time
   0   5.67710023e+09  5.88800629e+06  7.92e+04 4.12e+03  6.67e+04     5s
   1   1.91318003e+09  1.73152697e+07  2.68e+04 2.07e+03  2.32e+04     5s
   2   5.88171109e+08  2.25263434e+07  8.21e+03 1.08e+03  7.31e+03     5s
   3   1.10418900e+08  2.17941466e+07  1.51e+03 2.91e+01  1.41e+03     5s
   4   3.52023295e+07  1.57659614e+07  4.64e+02 6.35e+00  4.58e+02     5s
   5   1.28461313e+07  1.21849884e+07  1.54e+02 1.69e+00  1.75e+02     5s
   6   2.39328011e+06  8.70601797e+06  1.30e+01 8.08e-01  4.71e+01     5s
   7   1.75858541e+06  5.12714505e+06  4.03e+00 1.26e-01  2.09e+01     5s
   8   1.69470886e+06  3.38054835e+06  2.55e+00 2.96e-02  1.05e+01     5s
   9   1.65333797e+06  2.64929985e+06  9.09e-01 2.51e-10  5.76e+00     6s
  10   1.66294812e+06  2.45251096e+06  7.07e-01 2.18e-10  4.55e+00     6s
  11   1.69648907e+06  2.16156765e+06  4.16e-01 1.70e-02  2.67e+00     6s
  12   1.72765525e+06  2.11665524e+06  2.70e-01 6.23e-02  2.19e+00     6s
  13   1.75029650e+06  2.00493101e+06  2.04e-01 8.06e-03  1.44e+00     6s
  14   1.75843104e+06  1.94478310e+06  1.76e-01 1.82e-11  1.07e+00     6s
  15   1.78566233e+06  1.90267703e+06  1.12e-01 3.64e-12  6.71e-01     6s
  16   1.80918248e+06  1.87761148e+06  7.16e-02 2.55e-11  3.95e-01     6s
  17   1.82697967e+06  1.86709670e+06  4.19e-02 1.82e-11  2.32e-01     6s
  18   1.83406923e+06  1.86452218e+06  3.13e-02 2.55e-11  1.76e-01     6s
  19   1.84108639e+06  1.86291092e+06  2.11e-02 3.27e-11  1.25e-01     6s
  20   1.84720213e+06  1.86043252e+06  1.27e-02 2.91e-11  7.59e-02     6s
  21   1.85059572e+06  1.85924116e+06  8.24e-03 1.09e-11  4.96e-02     6s
  22   1.85372605e+06  1.85828993e+06  4.30e-03 6.42e-12  2.61e-02     6s
  23   1.85534836e+06  1.85795574e+06  2.24e-03 5.19e-12  1.48e-02     6s
  24   1.85661217e+06  1.85752864e+06  6.65e-04 2.18e-11  5.16e-03     6s
  25   1.85675863e+06  1.85735111e+06  4.95e-04 3.64e-12  3.36e-03     6s
  26   1.85700176e+06  1.85727680e+06  2.14e-04 3.19e-12  1.55e-03     6s
  27   1.85709957e+06  1.85723627e+06  1.00e-04 8.42e-12  7.70e-04     6s
  28   1.85716549e+06  1.85721847e+06  2.51e-05 1.49e-11  2.92e-04     6s
  29   1.85718053e+06  1.85720566e+06  9.24e-06 7.64e-12  1.37e-04     6s
  30   1.85718840e+06  1.85719727e+06  1.18e-06 4.19e-12  4.75e-05     6s
  31   1.85718978e+06  1.85719069e+06  7.98e-09 3.64e-12  4.80e-06     6s
  32   1.85718995e+06  1.85718997e+06  2.66e-10 3.29e-12  1.20e-07     6s
  33   1.85718996e+06  1.85718996e+06  8.62e-11 3.64e-12  1.91e-09     6s

Barrier solved model in 33 iterations and 6.20 seconds (7.38 work units)
Optimal objective 1.85718996e+06


Root crossover log...

    1122 DPushes remaining with DInf 0.0000000e+00                 6s
       0 DPushes remaining with DInf 0.0000000e+00                 6s

   10022 PPushes remaining with PInf 2.9485903e-07                 6s
       0 PPushes remaining with PInf 0.0000000e+00                 6s

  Push phase complete: Pinf 0.0000000e+00, Dinf 1.0143986e+01      6s


Root simplex log...

Iteration    Objective       Primal Inf.    Dual Inf.      Time
   11082    1.8571900e+06   0.000000e+00   1.014399e+01      6s
   11085    1.8571900e+06   0.000000e+00   0.000000e+00      6s
Concurrent spin time: 0.40s (can be avoided by choosing Method=3)

Solved with barrier

Root relaxation: objective 1.857190e+06, 11085 iterations, 2.02 seconds (1.28 work units)

    Nodes    |    Current Node    |     Objective Bounds      |     Work
 Expl Unexpl |  Obj  Depth IntInf | Incumbent    BestBd   Gap | It/Node Time

     0     0 1857189.96    0 2175 -2639777.1 1857189.96   170%     -    8s
H    0     0                    -453597.7000 1857189.96   509%     -    8s
H    0     0                    -168375.5400 1857189.96  1203%     -    8s
H    0     0                    724537.17500 1857189.96   156%     -    8s
H    0     0                    906211.59000 1857189.96   105%     -    8s
H    0     0                    1035499.4000 1857189.96  79.4%     -    8s
H    0     0                    1085008.6150 1857189.96  71.2%     -    8s
H    0     0                    1117903.2600 1857189.96  66.1%     -    8s
H    0     0                    1140167.2050 1857189.96  62.9%     -    8s
H    0     0                    1146062.9050 1857189.96  62.0%     -    8s
H    0     0                    1150182.9050 1857189.96  61.5%     -    8s
H    0     0                    1162371.1900 1857189.96  59.8%     -    8s
H    0     0                    1197457.0550 1857189.96  55.1%     -    8s
H    0     0                    1206606.8750 1857189.96  53.9%     -    8s
H    0     0                    1603683.9000 1857189.96  15.8%     -    9s
H    0     0                    1633336.7250 1857189.96  13.7%     -   11s
H    0     0                    1633749.0600 1857189.96  13.7%     -   11s
H    0     0                    1635389.0600 1857189.96  13.6%     -   12s
H    0     0                    1636564.6300 1857189.96  13.5%     -   12s
H    0     0                    1639361.1400 1857189.96  13.3%     -   15s
H    0     0                    1640420.7100 1857189.96  13.2%     -   15s
H    0     0                    1648712.0950 1857189.96  12.6%     -   16s
H    0     0                    1651508.6050 1857189.96  12.5%     -   17s
H    0     0                    1651591.9950 1857189.96  12.4%     -   18s
H    0     0                    1654117.0500 1857189.96  12.3%     -   19s
H    0     0                    1657277.6900 1857154.61  12.1%     -   26s
H    0     0                    1658877.6900 1857154.61  12.0%     -   26s
     0     0 1847580.25    0 2432 1658877.69 1847580.25  11.4%     -   29s
H    0     0                    1675448.2900 1847578.25  10.3%     -   29s
H    0     0                    1682097.4150 1847578.25  9.84%     -   30s
H    0     0                    1684515.8350 1847578.25  9.68%     -   32s
H    0     0                    1692408.4400 1847578.25  9.17%     -   32s
H    0     0                    1699601.5700 1847578.25  8.71%     -   32s
H    0     0                    1699943.9900 1847578.25  8.68%     -   33s
H    0     0                    1700907.2550 1847578.25  8.62%     -   34s
H    0     0                    1701411.2150 1847578.25  8.59%     -   35s
H    0     0                    1702502.1203 1846191.69  8.44%     -   39s
H    0     0                    1702532.9403 1846191.69  8.44%     -   39s
     0     0 1846191.69    0 2468 1702532.94 1846191.69  8.44%     -   39s
     0     0 1845957.95    0 2502 1702532.94 1845957.95  8.42%     -   40s
     0     0 1845718.07    0 2538 1702532.94 1845718.07  8.41%     -   40s
     0     0 1845698.25    0 2568 1702532.94 1845698.25  8.41%     -   41s
     0     0 1845698.17    0 2577 1702532.94 1845698.17  8.41%     -   41s
     0     0 1842412.91    0 2637 1702532.94 1842412.91  8.22%     -   44s
     0     0 1841069.02    0 2672 1702532.94 1841069.02  8.14%     -   49s
     0     0 1840607.32    0 2685 1702532.94 1840607.32  8.11%     -   50s
     0     0 1840366.83    0 2715 1702532.94 1840366.83  8.10%     -   51s
     0     0 1840123.35    0 2761 1702532.94 1840123.35  8.08%     -   52s
     0     0 1840074.54    0 2777 1702532.94 1840074.54  8.08%     -   52s
     0     0 1840070.12    0 2809 1702532.94 1840070.12  8.08%     -   53s
     0     0 1838457.01    0 2781 1702532.94 1838457.01  7.98%     -   56s
     0     0 1837758.38    0 2709 1702532.94 1837758.38  7.94%     -   64s
     0     0 1837309.03    0 2787 1702532.94 1837309.03  7.92%     -   66s
     0     0 1837243.28    0 2776 1702532.94 1837243.28  7.91%     -   67s
     0     0 1837208.10    0 2837 1702532.94 1837208.10  7.91%     -   67s
     0     0 1836987.39    0 2802 1702532.94 1836987.39  7.90%     -   69s
     0     0 1836921.51    0 2899 1702532.94 1836921.51  7.89%     -   70s
     0     0 1836882.20    0 2913 1702532.94 1836882.20  7.89%     -   70s
     0     0 1836867.58    0 3024 1702532.94 1836867.58  7.89%     -   71s
     0     0 1836859.06    0 2980 1702532.94 1836859.06  7.89%     -   71s
     0     0 1835957.62    0 2920 1702532.94 1835957.62  7.84%     -   75s
     0     0 1835826.31    0 2924 1702532.94 1835826.31  7.83%     -   78s
     0     0 1835707.29    0 2983 1702532.94 1835707.29  7.82%     -   79s
     0     0 1835620.11    0 3040 1702532.94 1835620.11  7.82%     -   80s
     0     0 1835603.94    0 3097 1702532.94 1835603.94  7.82%     -   81s
     0     0 1835598.02    0 3122 1702532.94 1835598.02  7.82%     -   81s
     0     0 1835161.88    0 3077 1702532.94 1835161.88  7.79%     -   84s
     0     0 1835046.90    0 3144 1702532.94 1835046.90  7.78%     -   94s
     0     0 1834984.30    0 3147 1702532.94 1834984.30  7.78%     -   95s
     0     0 1834954.67    0 3204 1702532.94 1834954.67  7.78%     -   95s
     0     0 1834906.02    0 3270 1702532.94 1834906.02  7.78%     -   96s
     0     0 1834898.86    0 3284 1702532.94 1834898.86  7.77%     -   97s
     0     0 1834553.87    0 3140 1702532.94 1834553.87  7.75%     -   99s
     0     0 1834482.35    0 3261 1702532.94 1834482.35  7.75%     -  105s
     0     0 1834450.06    0 3306 1702532.94 1834450.06  7.75%     -  105s
     0     0 1834409.52    0 3294 1702532.94 1834409.52  7.75%     -  106s
     0     0 1834401.09    0 3338 1702532.94 1834401.09  7.75%     -  107s
     0     0 1834137.86    0 3213 1702532.94 1834137.86  7.73%     -  110s
H    0     0                    1708666.2306 1834051.38  7.34%     -  117s
H    0     0                    1727175.0306 1834051.38  6.19%     -  117s
H    0     0                    1733196.5250 1834051.38  5.82%     -  117s
H    0     0                    1733370.6450 1834051.38  5.81%     -  117s
H    0     0                    1735123.7100 1834051.38  5.70%     -  117s
H    0     0                    1735457.1500 1834051.38  5.68%     -  117s
H    0     0                    1736037.6554 1834051.38  5.65%     -  117s
     0     0 1834051.38    0 3287 1736037.66 1834051.38  5.65%     -  118s
     0     0 1834016.36    0 3251 1736037.66 1834016.36  5.64%     -  119s
     0     0 1834000.38    0 3319 1736037.66 1834000.38  5.64%     -  120s
     0     0 1833844.24    0 3303 1736037.66 1833844.24  5.63%     -  122s
     0     0 1833800.86    0 3384 1736037.66 1833800.86  5.63%     -  127s
     0     0 1833781.41    0 3426 1736037.66 1833781.41  5.63%     -  127s
     0     0 1833777.01    0 3469 1736037.66 1833777.01  5.63%     -  128s
     0     0 1833662.95    0 3404 1736037.66 1833662.95  5.62%     -  130s
     0     0 1833662.95    0 3010 1736037.66 1833662.95  5.62%     -  132s
H    0     0                    1739792.0954 1833662.94  5.40%     -  152s
   642   408 1833455.40    2 2975 1739792.10 1833455.40  5.38%   148  354s
   644   412 1833453.20    3 3140 1739792.10 1833455.40  5.38%   149  356s
   656   430 1833431.13    5 3304 1739792.10 1833435.72  5.38%   167  361s
   666   450 1833420.19    6 3328 1739792.10 1833431.13  5.38%   176  369s
   686   460 1833402.00    8 3301 1739792.10 1833431.13  5.38%   175  375s
   696   470 1833361.97    9 3243 1739792.10 1833431.13  5.38%   176  381s
   706   480 1833402.00    9 3300 1739792.10 1833431.13  5.38%   174  388s
   716   490 1833037.91   10 3242 1739792.10 1833431.13  5.38%   178  397s
   726   600 1833396.40   10 3303 1739792.10 1833431.13  5.38%   181  411s
   836   850 1833326.98   16 3223 1739792.10 1833431.13  5.38%   190  430s
  1086  1212 1833225.64   33 3135 1739792.10 1833431.13  5.38%   213  471s
H 1448  1212                    1784779.0950 1833431.13  2.73%   253  471s
  2221  2288 1832929.06   55 3087 1784779.09 1833431.13  2.73%   148  532s
  2772  2298 1832476.73  112 3043 1784779.09 1833431.13  2.73%   167  586s
  2782  2949 1832435.33  113 3054 1784779.09 1833431.13  2.73%   168  638s
H 3433  2949                    1787199.8950 1833431.13  2.59%   192  638s
  4288  4394 1831746.99  173 2914 1787199.89 1833431.13  2.59%   145  694s
  5157  4405 1833414.35   16   54 1787199.89 1833414.35  2.59%   180  695s
  5787  5396 1830925.38  290 2904 1787199.89 1833190.27  2.57%   141  748s
  6992  6141 1830417.51  443 2790 1787199.89 1833190.27  2.57%   140  797s
  7737  6762 1829924.33  564 2709 1787199.89 1833190.27  2.57%   142  825s
  8358  7374 1829500.42  599 2735 1787199.89 1833190.27  2.57%   143  848s
  8970  8071 1829234.71  675 2679 1787199.89 1833190.27  2.57%   142  889s
  9667  8743 1828956.89  770 2599 1787199.89 1833190.27  2.57%   141  914s
 10339  8753 1828816.04  826 2634 1787199.89 1833190.27  2.57%   140  961s
 10349  8763 1828636.29  826 2606 1787199.89 1833190.27  2.57%   140  997s
 10359  9428 1828759.88  827 2649 1787199.89 1833190.27  2.57%   140 1021s
H11024  9428                    1792725.8100 1833190.27  2.26%   141 1022s

Cutting planes:
  Cover: 5
  Clique: 1436
  MIR: 233
  Zero half: 378
  Relax-and-lift: 8

Explored 11624 nodes (3208515 simplex iterations) in 3321.18 seconds (2853.86 work units)
Thread count was 12 (of 12 available processors)

Solution count 10: 1.79273e+06 1.7872e+06 1.78478e+06 ... 1.72718e+06

Time limit reached
Best objective 1.792725810000e+06, best bound 1.825833927068e+06, gap 1.8468%

Gurobi 12.0.1 (win64) logging started Tue Mar 17 15:10:26 2026

Set parameter LogFile to value "logs\full_H_35_restricted_subset15_5it_w_max_cap200_seed42_CG.log"
Gurobi Optimizer version 12.0.1 build v12.0.1rc0 (win64 - Windows 11.0 (26100.2))

CPU model: 13th Gen Intel(R) Core(TM) i7-1355U, instruction set [SSE2|AVX|AVX2]
Thread count: 10 physical cores, 12 logical processors, using up to 12 threads

Non-default parameters:
TimeLimit  2.9503657429218292e+03
FeasibilityTol  1e-09
MIPGap  0.005

Optimize a model with 5998 rows, 99066 columns and 843101 nonzeros
Model fingerprint: 0x1bfe3d06
Variable types: 0 continuous, 99066 integer (98896 binary)
Coefficient statistics:
  Matrix range     [4e-01, 1e+02]
  Objective range  [1e-02, 2e+05]
  Bounds range     [1e+00, 3e+00]
  RHS range        [1e+00, 3e+00]
Presolve removed 413 rows and 7249 columns (presolve time = 5s)...
Presolve removed 419 rows and 7316 columns (presolve time = 14s)...
Presolve removed 419 rows and 7316 columns
Presolve time: 14.22s
Presolved: 5579 rows, 91750 columns, 756388 nonzeros
Variable types: 0 continuous, 91750 integer (91745 binary)
Found heuristic solution: objective -3290929.780
Found heuristic solution: objective -2639777.095
Deterministic concurrent LP optimizer: primal simplex, dual simplex, and barrier
Showing barrier log only...

Root barrier log...

Ordering time: 0.06s

Barrier statistics:
 AA' NZ     : 1.114e+05
 Factor NZ  : 1.878e+05 (roughly 40 MB of memory)
 Factor Ops : 7.428e+06 (less than 1 second per iteration)
 Threads    : 8

                  Objective                Residual
Iter       Primal          Dual         Primal    Dual     Compl     Time
   0   5.67710023e+09  5.88800629e+06  7.92e+04 4.12e+03  6.67e+04    16s
   1   1.91318003e+09  1.73152697e+07  2.68e+04 2.07e+03  2.32e+04    16s
   2   5.88171109e+08  2.25263434e+07  8.21e+03 1.08e+03  7.31e+03    16s
   3   1.10418900e+08  2.17941466e+07  1.51e+03 2.91e+01  1.41e+03    16s
   4   3.52023295e+07  1.57659614e+07  4.64e+02 6.35e+00  4.58e+02    16s
   5   1.28461313e+07  1.21849884e+07  1.54e+02 1.69e+00  1.75e+02    16s
   6   2.39328011e+06  8.70601797e+06  1.30e+01 8.08e-01  4.71e+01    16s
   7   1.75858541e+06  5.12714505e+06  4.03e+00 1.26e-01  2.09e+01    16s
   8   1.69470886e+06  3.38054835e+06  2.55e+00 2.96e-02  1.05e+01    16s
   9   1.65333797e+06  2.64929985e+06  9.09e-01 2.51e-10  5.76e+00    16s
  10   1.66294812e+06  2.45251096e+06  7.07e-01 2.18e-10  4.55e+00    17s
  11   1.69648907e+06  2.16156765e+06  4.16e-01 1.70e-02  2.67e+00    17s
  12   1.72765525e+06  2.11665524e+06  2.70e-01 6.23e-02  2.19e+00    17s
  13   1.75029650e+06  2.00493101e+06  2.04e-01 8.06e-03  1.44e+00    17s
  14   1.75843104e+06  1.94478310e+06  1.76e-01 1.82e-11  1.07e+00    17s
  15   1.78566233e+06  1.90267703e+06  1.12e-01 3.64e-12  6.71e-01    17s
  16   1.80918248e+06  1.87761148e+06  7.16e-02 2.55e-11  3.95e-01    17s
  17   1.82697967e+06  1.86709670e+06  4.19e-02 1.82e-11  2.32e-01    17s
  18   1.83406923e+06  1.86452218e+06  3.13e-02 2.55e-11  1.76e-01    17s
  19   1.84108639e+06  1.86291092e+06  2.11e-02 3.27e-11  1.25e-01    17s
  20   1.84720213e+06  1.86043252e+06  1.27e-02 2.91e-11  7.59e-02    17s
  21   1.85059572e+06  1.85924116e+06  8.24e-03 1.09e-11  4.96e-02    17s
  22   1.85372605e+06  1.85828993e+06  4.30e-03 6.42e-12  2.61e-02    17s
  23   1.85534836e+06  1.85795574e+06  2.24e-03 5.19e-12  1.48e-02    17s
  24   1.85661217e+06  1.85752864e+06  6.65e-04 2.18e-11  5.16e-03    17s
  25   1.85675863e+06  1.85735111e+06  4.95e-04 3.64e-12  3.36e-03    17s
  26   1.85700176e+06  1.85727680e+06  2.14e-04 3.19e-12  1.55e-03    17s
  27   1.85709957e+06  1.85723627e+06  1.00e-04 8.42e-12  7.70e-04    17s
  28   1.85716549e+06  1.85721847e+06  2.51e-05 1.49e-11  2.92e-04    18s
  29   1.85718053e+06  1.85720566e+06  9.24e-06 7.64e-12  1.37e-04    18s
  30   1.85718840e+06  1.85719727e+06  1.18e-06 4.19e-12  4.75e-05    18s
  31   1.85718978e+06  1.85719069e+06  7.98e-09 3.64e-12  4.80e-06    18s
  32   1.85718995e+06  1.85718997e+06  2.66e-10 3.29e-12  1.20e-07    18s
  33   1.85718996e+06  1.85718996e+06  8.62e-11 3.64e-12  1.91e-09    18s

Barrier solved model in 33 iterations and 17.80 seconds (7.38 work units)
Optimal objective 1.85718996e+06


Root crossover log...

    1122 DPushes remaining with DInf 0.0000000e+00                18s
       0 DPushes remaining with DInf 0.0000000e+00                18s

   10022 PPushes remaining with PInf 2.9485903e-07                18s
       0 PPushes remaining with PInf 0.0000000e+00                18s

  Push phase complete: Pinf 0.0000000e+00, Dinf 1.0143986e+01     18s


Root simplex log...

Iteration    Objective       Primal Inf.    Dual Inf.      Time
   11082    1.8571900e+06   0.000000e+00   1.014399e+01     18s
   11085    1.8571900e+06   0.000000e+00   0.000000e+00     18s
Concurrent spin time: 0.61s (can be avoided by choosing Method=3)

Solved with barrier

Root relaxation: objective 1.857190e+06, 11085 iterations, 4.08 seconds (1.28 work units)
Total elapsed time = 20.19s (DegenMoves)

    Nodes    |    Current Node    |     Objective Bounds      |     Work
 Expl Unexpl |  Obj  Depth IntInf | Incumbent    BestBd   Gap | It/Node Time

     0     0 1857189.96    0 2175 -2639777.1 1857189.96   170%     -   21s
H    0     0                    -453597.7000 1857189.96   509%     -   21s
H    0     0                    -168375.5400 1857189.96  1203%     -   22s
H    0     0                    724537.17500 1857189.96   156%     -   22s
H    0     0                    906211.59000 1857189.96   105%     -   22s
H    0     0                    1035499.4000 1857189.96  79.4%     -   22s
H    0     0                    1085008.6150 1857189.96  71.2%     -   22s
H    0     0                    1117903.2600 1857189.96  66.1%     -   22s
H    0     0                    1140167.2050 1857189.96  62.9%     -   22s
H    0     0                    1146062.9050 1857189.96  62.0%     -   22s
H    0     0                    1150182.9050 1857189.96  61.5%     -   22s
H    0     0                    1162371.1900 1857189.96  59.8%     -   22s
H    0     0                    1197457.0550 1857189.96  55.1%     -   22s
H    0     0                    1206606.8750 1857189.96  53.9%     -   22s
H    0     0                    1603683.9000 1857189.96  15.8%     -   23s
H    0     0                    1633336.7250 1857189.96  13.7%     -   28s
H    0     0                    1633749.0600 1857189.96  13.7%     -   28s
H    0     0                    1635389.0600 1857189.96  13.6%     -   29s
H    0     0                    1636564.6300 1857189.96  13.5%     -   29s
H    0     0                    1639361.1400 1857189.96  13.3%     -   36s
H    0     0                    1640420.7100 1857189.96  13.2%     -   36s
H    0     0                    1648712.0950 1857189.96  12.6%     -   37s
H    0     0                    1651508.6050 1857189.96  12.5%     -   39s
H    0     0                    1651591.9950 1857189.96  12.4%     -   41s
H    0     0                    1654117.0500 1857189.96  12.3%     -   42s
H    0     0                    1657277.6900 1857154.61  12.1%     -   60s
H    0     0                    1658877.6900 1857154.61  12.0%     -   60s
     0     0 1847580.25    0 2432 1658877.69 1847580.25  11.4%     -   69s
H    0     0                    1675448.2900 1847578.25  10.3%     -   71s
H    0     0                    1682097.4150 1847578.25  9.84%     -   72s
H    0     0                    1684515.8350 1847578.25  9.68%     -   75s
H    0     0                    1692408.4400 1847578.25  9.17%     -   75s
H    0     0                    1699601.5700 1847578.25  8.71%     -   77s
H    0     0                    1699943.9900 1847578.25  8.68%     -   79s
H    0     0                    1700907.2550 1847578.25  8.62%     -   80s
H    0     0                    1701411.2150 1847578.25  8.59%     -   82s
H    0     0                    1702502.1203 1846191.69  8.44%     -   90s
H    0     0                    1702532.9403 1846191.69  8.44%     -   90s
     0     0 1846191.69    0 2468 1702532.94 1846191.69  8.44%     -   90s
     0     0 1845957.95    0 2502 1702532.94 1845957.95  8.42%     -   93s
     0     0 1845718.07    0 2538 1702532.94 1845718.07  8.41%     -   95s
     0     0 1845698.25    0 2568 1702532.94 1845698.25  8.41%     -   96s
     0     0 1845698.17    0 2577 1702532.94 1845698.17  8.41%     -   97s
     0     0 1842412.91    0 2637 1702532.94 1842412.91  8.22%     -  107s
     0     0 1841069.02    0 2672 1702532.94 1841069.02  8.14%     -  118s
     0     0 1840607.32    0 2685 1702532.94 1840607.32  8.11%     -  123s
     0     0 1840366.83    0 2715 1702532.94 1840366.83  8.10%     -  125s
     0     0 1840123.35    0 2761 1702532.94 1840123.35  8.08%     -  128s
     0     0 1840074.54    0 2777 1702532.94 1840074.54  8.08%     -  129s
     0     0 1840070.12    0 2809 1702532.94 1840070.12  8.08%     -  130s
     0     0 1838457.01    0 2781 1702532.94 1838457.01  7.98%     -  141s
     0     0 1837758.38    0 2709 1702532.94 1837758.38  7.94%     -  157s
     0     0 1837309.03    0 2787 1702532.94 1837309.03  7.92%     -  164s
     0     0 1837243.28    0 2776 1702532.94 1837243.28  7.91%     -  166s
     0     0 1837208.10    0 2837 1702532.94 1837208.10  7.91%     -  168s
     0     0 1836987.39    0 2802 1702532.94 1836987.39  7.90%     -  173s
     0     0 1836921.51    0 2899 1702532.94 1836921.51  7.89%     -  175s
     0     0 1836882.20    0 2913 1702532.94 1836882.20  7.89%     -  178s
     0     0 1836867.58    0 3024 1702532.94 1836867.58  7.89%     -  180s
     0     0 1836859.06    0 2980 1702532.94 1836859.06  7.89%     -  181s
     0     0 1835957.62    0 2920 1702532.94 1835957.62  7.84%     -  194s
     0     0 1835826.31    0 2924 1702532.94 1835826.31  7.83%     -  200s
     0     0 1835707.29    0 2983 1702532.94 1835707.29  7.82%     -  202s
     0     0 1835620.11    0 3040 1702532.94 1835620.11  7.82%     -  204s
     0     0 1835603.94    0 3097 1702532.94 1835603.94  7.82%     -  206s
     0     0 1835598.02    0 3122 1702532.94 1835598.02  7.82%     -  207s
     0     0 1835161.88    0 3077 1702532.94 1835161.88  7.79%     -  215s
     0     0 1835046.90    0 3144 1702532.94 1835046.90  7.78%     -  232s
     0     0 1834984.30    0 3147 1702532.94 1834984.30  7.78%     -  234s
     0     0 1834954.67    0 3204 1702532.94 1834954.67  7.78%     -  235s
     0     0 1834906.02    0 3270 1702532.94 1834906.02  7.78%     -  237s
     0     0 1834898.86    0 3284 1702532.94 1834898.86  7.77%     -  239s
     0     0 1834553.87    0 3140 1702532.94 1834553.87  7.75%     -  248s
     0     0 1834482.35    0 3261 1702532.94 1834482.35  7.75%     -  259s
     0     0 1834450.06    0 3306 1702532.94 1834450.06  7.75%     -  260s
     0     0 1834409.52    0 3294 1702532.94 1834409.52  7.75%     -  263s
     0     0 1834401.09    0 3338 1702532.94 1834401.09  7.75%     -  265s
     0     0 1834137.86    0 3213 1702532.94 1834137.86  7.73%     -  273s
H    0     0                    1708666.2306 1834051.38  7.34%     -  285s
H    0     0                    1727175.0306 1834051.38  6.19%     -  285s
H    0     0                    1733196.5250 1834051.38  5.82%     -  285s
H    0     0                    1733370.6450 1834051.38  5.81%     -  285s
H    0     0                    1735123.7100 1834051.38  5.70%     -  285s
H    0     0                    1735457.1500 1834051.38  5.68%     -  285s
H    0     0                    1736037.6554 1834051.38  5.65%     -  285s
     0     0 1834051.38    0 3287 1736037.66 1834051.38  5.65%     -  285s
     0     0 1834016.36    0 3251 1736037.66 1834016.36  5.64%     -  289s
     0     0 1834000.38    0 3319 1736037.66 1834000.38  5.64%     -  291s
     0     0 1833844.24    0 3303 1736037.66 1833844.24  5.63%     -  300s
     0     0 1833800.86    0 3384 1736037.66 1833800.86  5.63%     -  309s
     0     0 1833781.41    0 3426 1736037.66 1833781.41  5.63%     -  312s
     0     0 1833777.01    0 3469 1736037.66 1833777.01  5.63%     -  313s
     0     0 1833662.95    0 3404 1736037.66 1833662.95  5.62%     -  322s
     0     0 1833662.95    0 3010 1736037.66 1833662.95  5.62%     -  328s
H    0     0                    1739792.0954 1833662.94  5.40%     -  386s
   642   408 1833455.40    2 2975 1739792.10 1833455.40  5.38%   148  852s
   648   420 1833435.72    4 3220 1739792.10 1833453.16  5.38%   153  859s
   656   430 1833431.13    5 3304 1739792.10 1833435.72  5.38%   167  862s
   666   450 1833420.19    6 3328 1739792.10 1833431.13  5.38%   176  873s
   686   460 1833402.00    8 3301 1739792.10 1833431.13  5.38%   175  882s
   696   470 1833361.97    9 3243 1739792.10 1833431.13  5.38%   176  891s
   706   480 1833402.00    9 3300 1739792.10 1833431.13  5.38%   174  903s
   716   490 1833037.91   10 3242 1739792.10 1833431.13  5.38%   178  914s
   726   600 1833396.40   10 3303 1739792.10 1833431.13  5.38%   181  934s
   836   850 1833326.98   16 3223 1739792.10 1833431.13  5.38%   190  960s
  1086  1212 1833225.64   33 3135 1739792.10 1833431.13  5.38%   213 1013s
H 1448  1212                    1784779.0950 1833431.13  2.73%   253 1014s
  2221  2288 1832929.06   55 3087 1784779.09 1833431.13  2.73%   148 1091s
  2772  2298 1832476.73  112 3043 1784779.09 1833431.13  2.73%   167 1179s
  2782  2949 1832435.33  113 3054 1784779.09 1833431.13  2.73%   168 1274s
  2884  2949 1832431.00   92 3019 1784779.09 1833431.13  2.73%   169 1275s
H 3433  2949                    1787199.8950 1833431.13  2.59%   192 1275s
  4288  4394 1831746.99  173 2914 1787199.89 1833431.13  2.59%   145 1374s
  5157  4405 1833414.35   16   54 1787199.89 1833414.35  2.59%   180 1376s
  5787  5396 1830925.38  290 2904 1787199.89 1833190.27  2.57%   141 1464s
  6992  6141 1830417.51  443 2790 1787199.89 1833190.27  2.57%   140 1540s
  7737  6762 1829924.33  564 2709 1787199.89 1833190.27  2.57%   142 1586s
  8358  7374 1829500.42  599 2735 1787199.89 1833190.27  2.57%   143 1622s
  8970  8071 1829234.71  675 2679 1787199.89 1833190.27  2.57%   142 1692s
  9667  8743 1828956.89  770 2599 1787199.89 1833190.27  2.57%   141 1731s
 10339  8753 1828816.04  826 2634 1787199.89 1833190.27  2.57%   140 1805s
 10349  8763 1828636.29  826 2606 1787199.89 1833190.27  2.57%   140 1853s
 10359  9428 1828759.88  827 2649 1787199.89 1833190.27  2.57%   140 1889s
H11024  9428                    1792725.8100 1833190.27  2.26%   141 1890s

Cutting planes:
  Cover: 5
  Clique: 1436
  MIR: 233
  Zero half: 378
  Relax-and-lift: 8

Explored 11210 nodes (1983585 simplex iterations) in 2951.48 seconds (1278.32 work units)
Thread count was 12 (of 12 available processors)

Solution count 10: 1.79273e+06 1.7872e+06 1.78478e+06 ... 1.72718e+06

Time limit reached
Best objective 1.792725810000e+06, best bound 1.827885183901e+06, gap 1.9612%

Gurobi 12.0.1 (win64) logging started Tue Mar 17 17:44:54 2026

Set parameter LogFile to value "logs\full_H_35_restricted_subset15_5it_w_max_cap200_seed42_CG.log"
Gurobi Optimizer version 12.0.1 build v12.0.1rc0 (win64 - Windows 11.0 (26100.2))

CPU model: 13th Gen Intel(R) Core(TM) i7-1355U, instruction set [SSE2|AVX|AVX2]
Thread count: 10 physical cores, 12 logical processors, using up to 12 threads

Non-default parameters:
TimeLimit  3.3422075877189636e+03
FeasibilityTol  1e-09
MIPGap  0.005

Optimize a model with 5998 rows, 99066 columns and 843101 nonzeros
Model fingerprint: 0x1bfe3d06
Variable types: 0 continuous, 99066 integer (98896 binary)
Coefficient statistics:
  Matrix range     [4e-01, 1e+02]
  Objective range  [1e-02, 2e+05]
  Bounds range     [1e+00, 3e+00]
  RHS range        [1e+00, 3e+00]
Presolve removed 419 rows and 7316 columns
Presolve time: 4.75s
Presolved: 5579 rows, 91750 columns, 756388 nonzeros
Variable types: 0 continuous, 91750 integer (91745 binary)
Found heuristic solution: objective -3290929.780
Found heuristic solution: objective -2639777.095
Deterministic concurrent LP optimizer: primal simplex, dual simplex, and barrier
Showing barrier log only...

Root barrier log...

Ordering time: 0.02s

Barrier statistics:
 AA' NZ     : 1.114e+05
 Factor NZ  : 1.878e+05 (roughly 40 MB of memory)
 Factor Ops : 7.428e+06 (less than 1 second per iteration)
 Threads    : 8

                  Objective                Residual
Iter       Primal          Dual         Primal    Dual     Compl     Time
   0   5.67710023e+09  5.88800629e+06  7.92e+04 4.12e+03  6.67e+04     5s
   1   1.91318003e+09  1.73152697e+07  2.68e+04 2.07e+03  2.32e+04     5s
   2   5.88171109e+08  2.25263434e+07  8.21e+03 1.08e+03  7.31e+03     5s
   3   1.10418900e+08  2.17941466e+07  1.51e+03 2.91e+01  1.41e+03     5s
   4   3.52023295e+07  1.57659614e+07  4.64e+02 6.35e+00  4.58e+02     6s
   5   1.28461313e+07  1.21849884e+07  1.54e+02 1.69e+00  1.75e+02     6s
   6   2.39328011e+06  8.70601797e+06  1.30e+01 8.08e-01  4.71e+01     6s
   7   1.75858541e+06  5.12714505e+06  4.03e+00 1.26e-01  2.09e+01     6s
   8   1.69470886e+06  3.38054835e+06  2.55e+00 2.96e-02  1.05e+01     6s
   9   1.65333797e+06  2.64929985e+06  9.09e-01 2.51e-10  5.76e+00     6s
  10   1.66294812e+06  2.45251096e+06  7.07e-01 2.18e-10  4.55e+00     6s
  11   1.69648907e+06  2.16156765e+06  4.16e-01 1.70e-02  2.67e+00     6s
  12   1.72765525e+06  2.11665524e+06  2.70e-01 6.23e-02  2.19e+00     6s
  13   1.75029650e+06  2.00493101e+06  2.04e-01 8.06e-03  1.44e+00     6s
  14   1.75843104e+06  1.94478310e+06  1.76e-01 1.82e-11  1.07e+00     6s
  15   1.78566233e+06  1.90267703e+06  1.12e-01 3.64e-12  6.71e-01     6s
  16   1.80918248e+06  1.87761148e+06  7.16e-02 2.55e-11  3.95e-01     6s
  17   1.82697967e+06  1.86709670e+06  4.19e-02 1.82e-11  2.32e-01     6s
  18   1.83406923e+06  1.86452218e+06  3.13e-02 2.55e-11  1.76e-01     6s
  19   1.84108639e+06  1.86291092e+06  2.11e-02 3.27e-11  1.25e-01     6s
  20   1.84720213e+06  1.86043252e+06  1.27e-02 2.91e-11  7.59e-02     6s
  21   1.85059572e+06  1.85924116e+06  8.24e-03 1.09e-11  4.96e-02     6s
  22   1.85372605e+06  1.85828993e+06  4.30e-03 6.42e-12  2.61e-02     6s
  23   1.85534836e+06  1.85795574e+06  2.24e-03 5.19e-12  1.48e-02     6s
  24   1.85661217e+06  1.85752864e+06  6.65e-04 2.18e-11  5.16e-03     6s
  25   1.85675863e+06  1.85735111e+06  4.95e-04 3.64e-12  3.36e-03     6s
  26   1.85700176e+06  1.85727680e+06  2.14e-04 3.19e-12  1.55e-03     6s
  27   1.85709957e+06  1.85723627e+06  1.00e-04 8.42e-12  7.70e-04     6s
  28   1.85716549e+06  1.85721847e+06  2.51e-05 1.49e-11  2.92e-04     6s
  29   1.85718053e+06  1.85720566e+06  9.24e-06 7.64e-12  1.37e-04     6s
  30   1.85718840e+06  1.85719727e+06  1.18e-06 4.19e-12  4.75e-05     6s
  31   1.85718978e+06  1.85719069e+06  7.98e-09 3.64e-12  4.80e-06     6s
  32   1.85718995e+06  1.85718997e+06  2.66e-10 3.29e-12  1.20e-07     6s
  33   1.85718996e+06  1.85718996e+06  8.62e-11 3.64e-12  1.91e-09     6s

Barrier solved model in 33 iterations and 6.34 seconds (7.38 work units)
Optimal objective 1.85718996e+06


Root crossover log...

    1122 DPushes remaining with DInf 0.0000000e+00                 6s
       0 DPushes remaining with DInf 0.0000000e+00                 6s

   10022 PPushes remaining with PInf 2.9485903e-07                 6s
       0 PPushes remaining with PInf 0.0000000e+00                 7s

  Push phase complete: Pinf 0.0000000e+00, Dinf 1.0143986e+01      7s


Root simplex log...

Iteration    Objective       Primal Inf.    Dual Inf.      Time
   11082    1.8571900e+06   0.000000e+00   1.014399e+01      7s
   11085    1.8571900e+06   0.000000e+00   0.000000e+00      7s
Concurrent spin time: 0.44s (can be avoided by choosing Method=3)

Solved with barrier

Root relaxation: objective 1.857190e+06, 11085 iterations, 2.10 seconds (1.28 work units)

    Nodes    |    Current Node    |     Objective Bounds      |     Work
 Expl Unexpl |  Obj  Depth IntInf | Incumbent    BestBd   Gap | It/Node Time

     0     0 1857189.96    0 2175 -2639777.1 1857189.96   170%     -    8s
H    0     0                    -453597.7000 1857189.96   509%     -    8s
H    0     0                    -168375.5400 1857189.96  1203%     -    8s
H    0     0                    724537.17500 1857189.96   156%     -    8s
H    0     0                    906211.59000 1857189.96   105%     -    8s
H    0     0                    1035499.4000 1857189.96  79.4%     -    8s
H    0     0                    1085008.6150 1857189.96  71.2%     -    8s
H    0     0                    1117903.2600 1857189.96  66.1%     -    8s
H    0     0                    1140167.2050 1857189.96  62.9%     -    8s
H    0     0                    1146062.9050 1857189.96  62.0%     -    8s
H    0     0                    1150182.9050 1857189.96  61.5%     -    8s
H    0     0                    1162371.1900 1857189.96  59.8%     -    8s
H    0     0                    1197457.0550 1857189.96  55.1%     -    8s
H    0     0                    1206606.8750 1857189.96  53.9%     -    8s
H    0     0                    1603683.9000 1857189.96  15.8%     -    9s
H    0     0                    1633336.7250 1857189.96  13.7%     -   11s
H    0     0                    1633749.0600 1857189.96  13.7%     -   11s
H    0     0                    1635389.0600 1857189.96  13.6%     -   11s
H    0     0                    1636564.6300 1857189.96  13.5%     -   12s
H    0     0                    1639361.1400 1857189.96  13.3%     -   14s
H    0     0                    1640420.7100 1857189.96  13.2%     -   14s
H    0     0                    1648712.0950 1857189.96  12.6%     -   14s
H    0     0                    1651508.6050 1857189.96  12.5%     -   15s
H    0     0                    1651591.9950 1857189.96  12.4%     -   17s
H    0     0                    1654117.0500 1857189.96  12.3%     -   17s
H    0     0                    1657277.6900 1857154.61  12.1%     -   25s
H    0     0                    1658877.6900 1857154.61  12.0%     -   25s
     0     0 1847580.25    0 2432 1658877.69 1847580.25  11.4%     -   28s
H    0     0                    1675448.2900 1847578.25  10.3%     -   29s
H    0     0                    1682097.4150 1847578.25  9.84%     -   29s
H    0     0                    1684515.8350 1847578.25  9.68%     -   30s
H    0     0                    1692408.4400 1847578.25  9.17%     -   30s
H    0     0                    1699601.5700 1847578.25  8.71%     -   31s
H    0     0                    1699943.9900 1847578.25  8.68%     -   32s
H    0     0                    1700907.2550 1847578.25  8.62%     -   33s
H    0     0                    1701411.2150 1847578.25  8.59%     -   34s
H    0     0                    1702502.1203 1846191.69  8.44%     -   38s
H    0     0                    1702532.9403 1846191.69  8.44%     -   38s
     0     0 1846191.69    0 2468 1702532.94 1846191.69  8.44%     -   38s
     0     0 1845957.95    0 2502 1702532.94 1845957.95  8.42%     -   38s
     0     0 1845718.07    0 2538 1702532.94 1845718.07  8.41%     -   39s
     0     0 1845698.25    0 2568 1702532.94 1845698.25  8.41%     -   39s
     0     0 1845698.17    0 2577 1702532.94 1845698.17  8.41%     -   39s
     0     0 1842412.91    0 2637 1702532.94 1842412.91  8.22%     -   42s
     0     0 1841069.02    0 2672 1702532.94 1841069.02  8.14%     -   47s
     0     0 1840607.32    0 2685 1702532.94 1840607.32  8.11%     -   49s
     0     0 1840366.83    0 2715 1702532.94 1840366.83  8.10%     -   50s
     0     0 1840123.35    0 2761 1702532.94 1840123.35  8.08%     -   50s
     0     0 1840074.54    0 2777 1702532.94 1840074.54  8.08%     -   51s
     0     0 1840070.12    0 2809 1702532.94 1840070.12  8.08%     -   51s
     0     0 1838457.01    0 2781 1702532.94 1838457.01  7.98%     -   55s
     0     0 1837758.38    0 2709 1702532.94 1837758.38  7.94%     -   64s
     0     0 1837309.03    0 2787 1702532.94 1837309.03  7.92%     -   66s
     0     0 1837243.28    0 2776 1702532.94 1837243.28  7.91%     -   67s
     0     0 1837208.10    0 2837 1702532.94 1837208.10  7.91%     -   68s
     0     0 1836987.39    0 2802 1702532.94 1836987.39  7.90%     -   69s
     0     0 1836921.51    0 2899 1702532.94 1836921.51  7.89%     -   70s
     0     0 1836882.20    0 2913 1702532.94 1836882.20  7.89%     -   71s
     0     0 1836867.58    0 3024 1702532.94 1836867.58  7.89%     -   71s
     0     0 1836859.06    0 2980 1702532.94 1836859.06  7.89%     -   72s
     0     0 1835957.62    0 2920 1702532.94 1835957.62  7.84%     -   76s
     0     0 1835826.31    0 2924 1702532.94 1835826.31  7.83%     -   79s
     0     0 1835707.29    0 2983 1702532.94 1835707.29  7.82%     -   80s
     0     0 1835620.11    0 3040 1702532.94 1835620.11  7.82%     -   81s
     0     0 1835603.94    0 3097 1702532.94 1835603.94  7.82%     -   82s
     0     0 1835598.02    0 3122 1702532.94 1835598.02  7.82%     -   82s
     0     0 1835161.88    0 3077 1702532.94 1835161.88  7.79%     -   85s
     0     0 1835046.90    0 3144 1702532.94 1835046.90  7.78%     -   95s
     0     0 1834984.30    0 3147 1702532.94 1834984.30  7.78%     -   96s
     0     0 1834954.67    0 3204 1702532.94 1834954.67  7.78%     -   97s
     0     0 1834906.02    0 3270 1702532.94 1834906.02  7.78%     -   97s
     0     0 1834898.86    0 3284 1702532.94 1834898.86  7.77%     -   98s
     0     0 1834553.87    0 3140 1702532.94 1834553.87  7.75%     -  101s
     0     0 1834482.35    0 3261 1702532.94 1834482.35  7.75%     -  107s
     0     0 1834450.06    0 3306 1702532.94 1834450.06  7.75%     -  108s
     0     0 1834409.52    0 3294 1702532.94 1834409.52  7.75%     -  108s
     0     0 1834401.09    0 3338 1702532.94 1834401.09  7.75%     -  109s
     0     0 1834137.86    0 3213 1702532.94 1834137.86  7.73%     -  112s
H    0     0                    1708666.2306 1834051.38  7.34%     -  119s
H    0     0                    1727175.0306 1834051.38  6.19%     -  119s
H    0     0                    1733196.5250 1834051.38  5.82%     -  119s
H    0     0                    1733370.6450 1834051.38  5.81%     -  119s
H    0     0                    1735123.7100 1834051.38  5.70%     -  119s
H    0     0                    1735457.1500 1834051.38  5.68%     -  119s
H    0     0                    1736037.6554 1834051.38  5.65%     -  119s
     0     0 1834051.38    0 3287 1736037.66 1834051.38  5.65%     -  119s
     0     0 1834016.36    0 3251 1736037.66 1834016.36  5.64%     -  120s
     0     0 1834000.38    0 3319 1736037.66 1834000.38  5.64%     -  121s
     0     0 1833844.24    0 3303 1736037.66 1833844.24  5.63%     -  123s
     0     0 1833800.86    0 3384 1736037.66 1833800.86  5.63%     -  128s
     0     0 1833781.41    0 3426 1736037.66 1833781.41  5.63%     -  129s
     0     0 1833777.01    0 3469 1736037.66 1833777.01  5.63%     -  129s
     0     0 1833662.95    0 3404 1736037.66 1833662.95  5.62%     -  132s
     0     0 1833662.95    0 3010 1736037.66 1833662.95  5.62%     -  134s
H    0     0                    1739792.0954 1833662.94  5.40%     -  154s
     3     5 1833662.94    2   41 1739792.10 1833662.94  5.40% 27965  156s
   642   408 1833455.40    2 2975 1739792.10 1833455.40  5.38%   148  349s
   644   412 1833453.20    3 3140 1739792.10 1833455.40  5.38%   149  350s
   656   430 1833431.13    5 3304 1739792.10 1833435.72  5.38%   167  355s
   666   450 1833420.19    6 3328 1739792.10 1833431.13  5.38%   176  362s
   686   460 1833402.00    8 3301 1739792.10 1833431.13  5.38%   175  368s
   696   470 1833361.97    9 3243 1739792.10 1833431.13  5.38%   176  374s
   706   480 1833402.00    9 3300 1739792.10 1833431.13  5.38%   174  381s
   716   490 1833037.91   10 3242 1739792.10 1833431.13  5.38%   178  388s
   726   600 1833396.40   10 3303 1739792.10 1833431.13  5.38%   181  402s
   836   850 1833326.98   16 3223 1739792.10 1833431.13  5.38%   190  421s
  1086  1212 1833225.64   33 3135 1739792.10 1833431.13  5.38%   213  460s
H 1448  1212                    1784779.0950 1833431.13  2.73%   253  460s
  2221  2288 1832929.06   55 3087 1784779.09 1833431.13  2.73%   148  520s
  2772  2298 1832476.73  112 3043 1784779.09 1833431.13  2.73%   167  574s
  2782  2949 1832435.33  113 3054 1784779.09 1833431.13  2.73%   168  626s
H 3433  2949                    1787199.8950 1833431.13  2.59%   192  626s
  4288  4394 1831746.99  173 2914 1787199.89 1833431.13  2.59%   145  683s
  5196  4426 1833261.87   21   42 1787199.89 1833398.45  2.58%   179  685s
  5787  5396 1830925.38  290 2904 1787199.89 1833190.27  2.57%   141  739s
  6992  6141 1830417.51  443 2790 1787199.89 1833190.27  2.57%   140  788s
  7737  6762 1829924.33  564 2709 1787199.89 1833190.27  2.57%   142  816s
  8358  7374 1829500.42  599 2735 1787199.89 1833190.27  2.57%   143  839s
  8970  8071 1829234.71  675 2679 1787199.89 1833190.27  2.57%   142  879s
  9667  8743 1828956.89  770 2599 1787199.89 1833190.27  2.57%   141  904s
 10339  8753 1828816.04  826 2634 1787199.89 1833190.27  2.57%   140  949s
 10349  8763 1828636.29  826 2606 1787199.89 1833190.27  2.57%   140  983s
 10359  9428 1828759.88  827 2649 1787199.89 1833190.27  2.57%   140 1007s
H11024  9428                    1792725.8100 1833190.27  2.26%   141 1007s

Cutting planes:
  Cover: 5
  Clique: 1436
  MIR: 233
  Zero half: 378
  Relax-and-lift: 8

Explored 11624 nodes (3210236 simplex iterations) in 3343.34 seconds (2892.60 work units)
Thread count was 12 (of 12 available processors)

Solution count 10: 1.79273e+06 1.7872e+06 1.78478e+06 ... 1.72718e+06

Time limit reached
Best objective 1.792725810000e+06, best bound 1.825833904682e+06, gap 1.8468%

Gurobi 12.0.1 (win64) logging started Tue Mar 17 19:04:24 2026

Set parameter LogFile to value "logs\full_H_35_restricted_subset15_5it_w_max_cap200_seed42_CG.log"
Gurobi Optimizer version 12.0.1 build v12.0.1rc0 (win64 - Windows 11.0 (26100.2))

CPU model: 13th Gen Intel(R) Core(TM) i7-1355U, instruction set [SSE2|AVX|AVX2]
Thread count: 10 physical cores, 12 logical processors, using up to 12 threads

Non-default parameters:
TimeLimit  3.3879993453025818e+03
FeasibilityTol  1e-09
MIPGap  0.005

Optimize a model with 5998 rows, 99066 columns and 843101 nonzeros
Model fingerprint: 0x1bfe3d06
Variable types: 0 continuous, 99066 integer (98896 binary)
Coefficient statistics:
  Matrix range     [4e-01, 1e+02]
  Objective range  [1e-02, 2e+05]
  Bounds range     [1e+00, 3e+00]
  RHS range        [1e+00, 3e+00]
Presolve removed 419 rows and 7316 columns
Presolve time: 3.90s
Presolved: 5579 rows, 91750 columns, 756388 nonzeros
Variable types: 0 continuous, 91750 integer (91745 binary)
Found heuristic solution: objective -3290929.780
Found heuristic solution: objective -2639777.095
Deterministic concurrent LP optimizer: primal simplex, dual simplex, and barrier
Showing barrier log only...

Root barrier log...

Ordering time: 0.03s

Barrier statistics:
 AA' NZ     : 1.114e+05
 Factor NZ  : 1.878e+05 (roughly 40 MB of memory)
 Factor Ops : 7.428e+06 (less than 1 second per iteration)
 Threads    : 8

                  Objective                Residual
Iter       Primal          Dual         Primal    Dual     Compl     Time
   0   5.67710023e+09  5.88800629e+06  7.92e+04 4.12e+03  6.67e+04     5s
   1   1.91318003e+09  1.73152697e+07  2.68e+04 2.07e+03  2.32e+04     5s
   2   5.88171109e+08  2.25263434e+07  8.21e+03 1.08e+03  7.31e+03     5s
   3   1.10418900e+08  2.17941466e+07  1.51e+03 2.91e+01  1.41e+03     5s
   4   3.52023295e+07  1.57659614e+07  4.64e+02 6.35e+00  4.58e+02     5s
   5   1.28461313e+07  1.21849884e+07  1.54e+02 1.69e+00  1.75e+02     5s
   6   2.39328011e+06  8.70601797e+06  1.30e+01 8.08e-01  4.71e+01     5s
   7   1.75858541e+06  5.12714505e+06  4.03e+00 1.26e-01  2.09e+01     5s
   8   1.69470886e+06  3.38054835e+06  2.55e+00 2.96e-02  1.05e+01     5s
   9   1.65333797e+06  2.64929985e+06  9.09e-01 2.51e-10  5.76e+00     5s
  10   1.66294812e+06  2.45251096e+06  7.07e-01 2.18e-10  4.55e+00     5s
  11   1.69648907e+06  2.16156765e+06  4.16e-01 1.70e-02  2.67e+00     5s
  12   1.72765525e+06  2.11665524e+06  2.70e-01 6.23e-02  2.19e+00     5s
  13   1.75029650e+06  2.00493101e+06  2.04e-01 8.06e-03  1.44e+00     5s
  14   1.75843104e+06  1.94478310e+06  1.76e-01 1.82e-11  1.07e+00     5s
  15   1.78566233e+06  1.90267703e+06  1.12e-01 3.64e-12  6.71e-01     5s
  16   1.80918248e+06  1.87761148e+06  7.16e-02 2.55e-11  3.95e-01     5s
  17   1.82697967e+06  1.86709670e+06  4.19e-02 1.82e-11  2.32e-01     5s
  18   1.83406923e+06  1.86452218e+06  3.13e-02 2.55e-11  1.76e-01     5s
  19   1.84108639e+06  1.86291092e+06  2.11e-02 3.27e-11  1.25e-01     5s
  20   1.84720213e+06  1.86043252e+06  1.27e-02 2.91e-11  7.59e-02     5s
  21   1.85059572e+06  1.85924116e+06  8.24e-03 1.09e-11  4.96e-02     5s
  22   1.85372605e+06  1.85828993e+06  4.30e-03 6.42e-12  2.61e-02     5s
  23   1.85534836e+06  1.85795574e+06  2.24e-03 5.19e-12  1.48e-02     5s
  24   1.85661217e+06  1.85752864e+06  6.65e-04 2.18e-11  5.16e-03     5s
  25   1.85675863e+06  1.85735111e+06  4.95e-04 3.64e-12  3.36e-03     5s
  26   1.85700176e+06  1.85727680e+06  2.14e-04 3.19e-12  1.55e-03     5s
  27   1.85709957e+06  1.85723627e+06  1.00e-04 8.42e-12  7.70e-04     5s
  28   1.85716549e+06  1.85721847e+06  2.51e-05 1.49e-11  2.92e-04     5s
  29   1.85718053e+06  1.85720566e+06  9.24e-06 7.64e-12  1.37e-04     5s
  30   1.85718840e+06  1.85719727e+06  1.18e-06 4.19e-12  4.75e-05     5s
  31   1.85718978e+06  1.85719069e+06  7.98e-09 3.64e-12  4.80e-06     5s
  32   1.85718995e+06  1.85718997e+06  2.66e-10 3.29e-12  1.20e-07     5s
  33   1.85718996e+06  1.85718996e+06  8.62e-11 3.64e-12  1.91e-09     5s

Barrier solved model in 33 iterations and 5.32 seconds (7.38 work units)
Optimal objective 1.85718996e+06


Root crossover log...

    1122 DPushes remaining with DInf 0.0000000e+00                 5s
       0 DPushes remaining with DInf 0.0000000e+00                 5s

   10022 PPushes remaining with PInf 2.9485903e-07                 5s
       0 PPushes remaining with PInf 0.0000000e+00                 6s

  Push phase complete: Pinf 0.0000000e+00, Dinf 1.0143986e+01      6s


Root simplex log...

Iteration    Objective       Primal Inf.    Dual Inf.      Time
   11082    1.8571900e+06   0.000000e+00   1.014399e+01      6s
   11085    1.8571900e+06   0.000000e+00   0.000000e+00      6s
Concurrent spin time: 0.59s (can be avoided by choosing Method=3)

Solved with barrier

Root relaxation: objective 1.857190e+06, 11085 iterations, 2.06 seconds (1.28 work units)

    Nodes    |    Current Node    |     Objective Bounds      |     Work
 Expl Unexpl |  Obj  Depth IntInf | Incumbent    BestBd   Gap | It/Node Time

     0     0 1857189.96    0 2175 -2639777.1 1857189.96   170%     -    7s
H    0     0                    -453597.7000 1857189.96   509%     -    7s
H    0     0                    -168375.5400 1857189.96  1203%     -    7s
H    0     0                    724537.17500 1857189.96   156%     -    7s
H    0     0                    906211.59000 1857189.96   105%     -    7s
H    0     0                    1035499.4000 1857189.96  79.4%     -    7s
H    0     0                    1085008.6150 1857189.96  71.2%     -    7s
H    0     0                    1117903.2600 1857189.96  66.1%     -    7s
H    0     0                    1140167.2050 1857189.96  62.9%     -    7s
H    0     0                    1146062.9050 1857189.96  62.0%     -    7s
H    0     0                    1150182.9050 1857189.96  61.5%     -    7s
H    0     0                    1162371.1900 1857189.96  59.8%     -    7s
H    0     0                    1197457.0550 1857189.96  55.1%     -    8s
H    0     0                    1206606.8750 1857189.96  53.9%     -    8s
H    0     0                    1603683.9000 1857189.96  15.8%     -    8s
H    0     0                    1633336.7250 1857189.96  13.7%     -   11s
H    0     0                    1633749.0600 1857189.96  13.7%     -   11s
H    0     0                    1635389.0600 1857189.96  13.6%     -   12s
H    0     0                    1636564.6300 1857189.96  13.5%     -   12s
H    0     0                    1639361.1400 1857189.96  13.3%     -   15s
H    0     0                    1640420.7100 1857189.96  13.2%     -   15s
H    0     0                    1648712.0950 1857189.96  12.6%     -   16s
H    0     0                    1651508.6050 1857189.96  12.5%     -   17s
H    0     0                    1651591.9950 1857189.96  12.4%     -   18s
H    0     0                    1654117.0500 1857189.96  12.3%     -   19s
H    0     0                    1657277.6900 1857154.61  12.1%     -   25s
H    0     0                    1658877.6900 1857154.61  12.0%     -   25s
     0     0 1847580.25    0 2432 1658877.69 1847580.25  11.4%     -   28s
H    0     0                    1675448.2900 1847578.25  10.3%     -   29s
H    0     0                    1682097.4150 1847578.25  9.84%     -   30s
H    0     0                    1684515.8350 1847578.25  9.68%     -   31s
H    0     0                    1692408.4400 1847578.25  9.17%     -   31s
H    0     0                    1699601.5700 1847578.25  8.71%     -   32s
H    0     0                    1699943.9900 1847578.25  8.68%     -   32s
H    0     0                    1700907.2550 1847578.25  8.62%     -   33s
H    0     0                    1701411.2150 1847578.25  8.59%     -   34s
H    0     0                    1702502.1203 1846191.69  8.44%     -   38s
H    0     0                    1702532.9403 1846191.69  8.44%     -   38s
     0     0 1846191.69    0 2468 1702532.94 1846191.69  8.44%     -   39s
     0     0 1845957.95    0 2502 1702532.94 1845957.95  8.42%     -   39s
     0     0 1845718.07    0 2538 1702532.94 1845718.07  8.41%     -   40s
     0     0 1845698.25    0 2568 1702532.94 1845698.25  8.41%     -   40s
     0     0 1845698.17    0 2577 1702532.94 1845698.17  8.41%     -   41s
     0     0 1842412.91    0 2637 1702532.94 1842412.91  8.22%     -   44s
     0     0 1841069.02    0 2672 1702532.94 1841069.02  8.14%     -   48s
     0     0 1840607.32    0 2685 1702532.94 1840607.32  8.11%     -   50s
     0     0 1840366.83    0 2715 1702532.94 1840366.83  8.10%     -   51s
     0     0 1840123.35    0 2761 1702532.94 1840123.35  8.08%     -   51s
     0     0 1840074.54    0 2777 1702532.94 1840074.54  8.08%     -   52s
     0     0 1840070.12    0 2809 1702532.94 1840070.12  8.08%     -   52s
     0     0 1838457.01    0 2781 1702532.94 1838457.01  7.98%     -   56s
     0     0 1837758.38    0 2709 1702532.94 1837758.38  7.94%     -   65s
     0     0 1837309.03    0 2787 1702532.94 1837309.03  7.92%     -   67s
     0     0 1837243.28    0 2776 1702532.94 1837243.28  7.91%     -   68s
     0     0 1837208.10    0 2837 1702532.94 1837208.10  7.91%     -   69s
     0     0 1836987.39    0 2802 1702532.94 1836987.39  7.90%     -   70s
     0     0 1836921.51    0 2899 1702532.94 1836921.51  7.89%     -   71s
     0     0 1836882.20    0 2913 1702532.94 1836882.20  7.89%     -   72s
     0     0 1836867.58    0 3024 1702532.94 1836867.58  7.89%     -   72s
     0     0 1836859.06    0 2980 1702532.94 1836859.06  7.89%     -   73s
     0     0 1835957.62    0 2920 1702532.94 1835957.62  7.84%     -   77s
     0     0 1835826.31    0 2924 1702532.94 1835826.31  7.83%     -   80s
     0     0 1835707.29    0 2983 1702532.94 1835707.29  7.82%     -   82s
     0     0 1835620.11    0 3040 1702532.94 1835620.11  7.82%     -   82s
     0     0 1835603.94    0 3097 1702532.94 1835603.94  7.82%     -   83s
     0     0 1835598.02    0 3122 1702532.94 1835598.02  7.82%     -   83s
     0     0 1835161.88    0 3077 1702532.94 1835161.88  7.79%     -   86s
     0     0 1835046.90    0 3144 1702532.94 1835046.90  7.78%     -   96s
     0     0 1834984.30    0 3147 1702532.94 1834984.30  7.78%     -   97s
     0     0 1834954.67    0 3204 1702532.94 1834954.67  7.78%     -   97s
     0     0 1834906.02    0 3270 1702532.94 1834906.02  7.78%     -   98s
     0     0 1834898.86    0 3284 1702532.94 1834898.86  7.77%     -   99s
     0     0 1834553.87    0 3140 1702532.94 1834553.87  7.75%     -  102s
     0     0 1834482.35    0 3261 1702532.94 1834482.35  7.75%     -  107s
     0     0 1834450.06    0 3306 1702532.94 1834450.06  7.75%     -  108s
     0     0 1834409.52    0 3294 1702532.94 1834409.52  7.75%     -  109s
     0     0 1834401.09    0 3338 1702532.94 1834401.09  7.75%     -  110s
     0     0 1834137.86    0 3213 1702532.94 1834137.86  7.73%     -  112s
H    0     0                    1708666.2306 1834051.38  7.34%     -  119s
H    0     0                    1727175.0306 1834051.38  6.19%     -  119s
H    0     0                    1733196.5250 1834051.38  5.82%     -  119s
H    0     0                    1733370.6450 1834051.38  5.81%     -  119s
H    0     0                    1735123.7100 1834051.38  5.70%     -  119s
H    0     0                    1735457.1500 1834051.38  5.68%     -  119s
H    0     0                    1736037.6554 1834051.38  5.65%     -  119s
     0     0 1834051.38    0 3287 1736037.66 1834051.38  5.65%     -  119s
     0     0 1834016.36    0 3251 1736037.66 1834016.36  5.64%     -  120s
     0     0 1834000.38    0 3319 1736037.66 1834000.38  5.64%     -  121s
     0     0 1833844.24    0 3303 1736037.66 1833844.24  5.63%     -  123s
     0     0 1833800.86    0 3384 1736037.66 1833800.86  5.63%     -  128s
     0     0 1833781.41    0 3426 1736037.66 1833781.41  5.63%     -  129s
     0     0 1833777.01    0 3469 1736037.66 1833777.01  5.63%     -  129s
     0     0 1833662.95    0 3404 1736037.66 1833662.95  5.62%     -  132s
     0     0 1833662.95    0 3010 1736037.66 1833662.95  5.62%     -  133s
H    0     0                    1739792.0954 1833662.94  5.40%     -  153s
   642   408 1833455.40    2 2975 1739792.10 1833455.40  5.38%   148  340s
   648   420 1833435.72    4 3220 1739792.10 1833453.16  5.38%   153  345s
   666   450 1833420.19    6 3328 1739792.10 1833431.13  5.38%   176  354s
   686   460 1833402.00    8 3301 1739792.10 1833431.13  5.38%   175  360s
   696   470 1833361.97    9 3243 1739792.10 1833431.13  5.38%   176  365s
   706   480 1833402.00    9 3300 1739792.10 1833431.13  5.38%   174  372s
   716   490 1833037.91   10 3242 1739792.10 1833431.13  5.38%   178  380s
   726   600 1833396.40   10 3303 1739792.10 1833431.13  5.38%   181  393s
   836   850 1833326.98   16 3223 1739792.10 1833431.13  5.38%   190  412s
  1086  1212 1833225.64   33 3135 1739792.10 1833431.13  5.38%   213  451s
H 1448  1212                    1784779.0950 1833431.13  2.73%   253  451s
  2221  2288 1832929.06   55 3087 1784779.09 1833431.13  2.73%   148  512s
  2772  2298 1832476.73  112 3043 1784779.09 1833431.13  2.73%   167  565s
  2782  2949 1832435.33  113 3054 1784779.09 1833431.13  2.73%   168  617s
H 3433  2949                    1787199.8950 1833431.13  2.59%   192  617s
  4288  4394 1831746.99  173 2914 1787199.89 1833431.13  2.59%   145  674s
  5157  4405 1833414.35   16   54 1787199.89 1833414.35  2.59%   180  675s
  5787  5396 1830925.38  290 2904 1787199.89 1833190.27  2.57%   141  729s
  6992  6141 1830417.51  443 2790 1787199.89 1833190.27  2.57%   140  777s
  7737  6762 1829924.33  564 2709 1787199.89 1833190.27  2.57%   142  804s
  8175  6762 1830565.03  276 2692 1787199.89 1833190.27  2.57%   142  805s
  8358  7374 1829500.42  599 2735 1787199.89 1833190.27  2.57%   143  829s
  8970  8071 1829234.71  675 2679 1787199.89 1833190.27  2.57%   142  871s
  9667  8743 1828956.89  770 2599 1787199.89 1833190.27  2.57%   141  896s
 10339  8753 1828816.04  826 2634 1787199.89 1833190.27  2.57%   140  943s
 10349  8763 1828636.29  826 2606 1787199.89 1833190.27  2.57%   140  978s
 10359  9428 1828759.88  827 2649 1787199.89 1833190.27  2.57%   140 1002s
H11024  9428                    1792725.8100 1833190.27  2.26%   141 1003s

Cutting planes:
  Cover: 5
  Clique: 1436
  MIR: 233
  Zero half: 378
  Relax-and-lift: 8

Explored 11628 nodes (3223278 simplex iterations) in 3388.78 seconds (2918.39 work units)
Thread count was 12 (of 12 available processors)

Solution count 10: 1.79273e+06 1.7872e+06 1.78478e+06 ... 1.72718e+06

Time limit reached
Best objective 1.792725810000e+06, best bound 1.825825541958e+06, gap 1.8463%
