
Gurobi 12.0.1 (win64) logging started Thu Mar 19 19:03:24 2026

Set parameter LogFile to value "logs\full_H_80_restricted_subset15_25it_w_max_cap200_seed42_CG.log"
Gurobi Optimizer version 12.0.1 build v12.0.1rc0 (win64 - Windows 11.0 (26100.2))

CPU model: 13th Gen Intel(R) Core(TM) i7-1355U, instruction set [SSE2|AVX|AVX2]
Thread count: 10 physical cores, 12 logical processors, using up to 12 threads

Non-default parameters:
TimeLimit  3.3593671107292175e+02
FeasibilityTol  1e-09
MIPGap  0.005

Optimize a model with 13036 rows, 171681 columns and 1372402 nonzeros
Model fingerprint: 0x75344ab9
Variable types: 0 continuous, 171681 integer (171511 binary)
Coefficient statistics:
  Matrix range     [4e-01, 1e+02]
  Objective range  [1e-02, 2e+05]
  Bounds range     [1e+00, 3e+00]
  RHS range        [1e+00, 3e+00]
Presolve removed 1745 rows and 15781 columns
Presolve time: 3.83s
Presolved: 11291 rows, 155900 columns, 1245869 nonzeros
Variable types: 0 continuous, 155900 integer (155895 binary)
Found heuristic solution: objective -3094060.045
Found heuristic solution: objective -2759711.635
Found heuristic solution: objective -2663416.385
Deterministic concurrent LP optimizer: primal simplex, dual simplex, and barrier
Showing barrier log only...

Root barrier log...

Ordering time: 0.05s

Barrier statistics:
 AA' NZ     : 2.337e+05
 Factor NZ  : 3.731e+05 (roughly 70 MB of memory)
 Factor Ops : 1.418e+07 (less than 1 second per iteration)
 Threads    : 8

                  Objective                Residual
Iter       Primal          Dual         Primal    Dual     Compl     Time
   0   1.02942610e+10  9.69421646e+06  1.25e+05 3.10e+03  6.42e+04     5s
   1   3.52217482e+09  3.14043428e+07  4.27e+04 2.16e+03  2.24e+04     5s
   2   5.90200555e+08  4.18520399e+07  7.12e+03 8.56e+02  3.94e+03     5s
   3   1.62085341e+08  3.79646717e+07  1.90e+03 9.68e+01  1.09e+03     5s
   4   7.33214760e+07  2.96830427e+07  8.31e+02 3.96e+01  4.86e+02     5s
   5   3.59885852e+07  2.31547188e+07  3.79e+02 1.67e+01  2.26e+02     5s
   6   2.03196947e+07  1.79023872e+07  1.87e+02 9.60e+00  1.10e+02     5s
   7   9.33278726e+06  1.33741655e+07  5.17e+01 3.43e+00  4.02e+01     5s
   8   7.73360260e+06  1.03517832e+07  3.09e+01 1.36e+00  2.18e+01     5s
   9   6.93182280e+06  8.49843912e+06  1.99e+01 6.69e-01  1.24e+01     5s
  10   6.64898189e+06  7.75333837e+06  1.56e+01 5.43e-01  8.95e+00     5s
  11   6.29470404e+06  7.17722789e+06  9.82e+00 4.39e-01  6.01e+00     5s
  12   6.20647333e+06  6.85793631e+06  8.33e+00 3.21e-01  4.69e+00     5s
  13   6.12559521e+06  6.59598238e+06  6.66e+00 2.42e-01  3.52e+00     6s
  14   6.05261067e+06  6.42491187e+06  5.10e+00 1.45e-01  2.70e+00     6s
  15   6.01314600e+06  6.29477791e+06  4.09e+00 8.17e-02  2.09e+00     6s
  16   5.97352987e+06  6.19183503e+06  3.06e+00 5.87e-02  1.58e+00     6s
  17   5.94505242e+06  6.13472615e+06  2.22e+00 9.63e-02  1.24e+00     6s
  18   5.92324142e+06  6.06686930e+06  1.43e+00 5.43e-02  8.63e-01     6s
  19   5.91775352e+06  6.02040611e+06  9.87e-01 2.23e-02  6.06e-01     6s
  20   5.91777075e+06  5.98698829e+06  7.06e-01 1.77e-02  4.22e-01     6s
  21   5.91935648e+06  5.96686112e+06  5.63e-01 9.19e-03  3.15e-01     6s
  22   5.92340024e+06  5.95845504e+06  4.04e-01 1.24e-02  2.33e-01     6s
  23   5.92777005e+06  5.95220440e+06  2.35e-01 4.55e-03  1.56e-01     6s
  24   5.93218472e+06  5.94845043e+06  1.31e-01 3.13e-03  9.96e-02     6s
  25   5.93436578e+06  5.94575426e+06  9.66e-02 1.95e-03  7.15e-02     6s
  26   5.93718997e+06  5.94385886e+06  5.24e-02 1.03e-03  4.02e-02     7s
  27   5.93825200e+06  5.94310815e+06  3.88e-02 7.07e-04  2.95e-02     7s
  28   5.93895348e+06  5.94258115e+06  2.94e-02 4.22e-04  2.22e-02     7s
  29   5.93938357e+06  5.94223243e+06  2.40e-02 2.51e-04  1.77e-02     7s
  30   5.93981555e+06  5.94192950e+06  1.86e-02 1.43e-04  1.34e-02     7s
  31   5.94037527e+06  5.94172672e+06  1.19e-02 7.48e-05  8.59e-03     7s
  32   5.94077374e+06  5.94161782e+06  7.24e-03 3.59e-05  5.30e-03     7s
  33   5.94094216e+06  5.94154588e+06  5.37e-03 1.84e-05  3.86e-03     7s
  34   5.94117977e+06  5.94150300e+06  2.76e-03 8.40e-06  2.02e-03     7s
  35   5.94125614e+06  5.94147087e+06  1.89e-03 3.01e-06  1.36e-03     7s
  36   5.94132909e+06  5.94145459e+06  1.07e-03 6.81e-08  7.86e-04     7s
  37   5.94137212e+06  5.94144723e+06  6.00e-04 4.47e-12  4.55e-04     7s
  38   5.94137912e+06  5.94144518e+06  5.28e-04 2.84e-12  4.00e-04     7s
  39   5.94140446e+06  5.94144150e+06  2.64e-04 3.41e-12  2.13e-04     7s
  40   5.94141279e+06  5.94143702e+06  1.77e-04 3.87e-12  1.41e-04     7s
  41   5.94142500e+06  5.94143402e+06  4.97e-05 3.32e-12  4.64e-05     7s
  42   5.94142931e+06  5.94143265e+06  1.37e-05 4.08e-12  1.55e-05     7s
  43   5.94143040e+06  5.94143195e+06  5.68e-06 2.73e-12  6.92e-06     7s
  44   5.94143108e+06  5.94143132e+06  9.28e-07 3.41e-12  1.07e-06     7s
  45   5.94143120e+06  5.94143125e+06  2.56e-07 2.69e-12  2.55e-07     7s
  46   5.94143124e+06  5.94143124e+06  1.84e-08 3.41e-12  1.15e-08     7s
  47   5.94143124e+06  5.94143124e+06  2.08e-09 3.62e-12  1.06e-11     7s

Barrier solved model in 47 iterations and 7.45 seconds (9.11 work units)
Optimal objective 5.94143124e+06


Root crossover log...

    2053 DPushes remaining with DInf 0.0000000e+00                 8s
       0 DPushes remaining with DInf 0.0000000e+00                 8s

   13613 PPushes remaining with PInf 3.0613481e-09                 8s
       0 PPushes remaining with PInf 0.0000000e+00                 8s

  Push phase complete: Pinf 0.0000000e+00, Dinf 4.4760314e-02      8s


Root simplex log...

Iteration    Objective       Primal Inf.    Dual Inf.      Time
   15411    5.9414312e+06   0.000000e+00   4.476031e-02      8s
   15412    5.9414312e+06   0.000000e+00   0.000000e+00      8s
Concurrent spin time: 1.54s (can be avoided by choosing Method=3)

Solved with barrier

Root relaxation: objective 5.941431e+06, 15412 iterations, 5.36 seconds (2.85 work units)
Total elapsed time = 10.31s (DegenMoves)

    Nodes    |    Current Node    |     Objective Bounds      |     Work
 Expl Unexpl |  Obj  Depth IntInf | Incumbent    BestBd   Gap | It/Node Time

     0     0 5941431.24    0 3642 -2663416.4 5941431.24   323%     -   12s
H    0     0                    2033063.2000 5941431.24   192%     -   12s
H    0     0                    3997265.8000 5941431.24  48.6%     -   12s
H    0     0                    4585285.2650 5941431.24  29.6%     -   12s
H    0     0                    4814822.8200 5941431.24  23.4%     -   12s
H    0     0                    4921276.1150 5941431.24  20.7%     -   12s
H    0     0                    4971671.9550 5941431.24  19.5%     -   12s
H    0     0                    4988478.9350 5941431.24  19.1%     -   12s
H    0     0                    4989038.9350 5941431.24  19.1%     -   12s
H    0     0                    5088085.4950 5941431.24  16.8%     -   12s
H    0     0                    5114756.7050 5941431.24  16.2%     -   12s
H    0     0                    5162729.1553 5941431.24  15.1%     -   12s
H    0     0                    5162826.9350 5941431.24  15.1%     -   12s
H    0     0                    5163509.3300 5941431.24  15.1%     -   13s
H    0     0                    5164064.1400 5941431.24  15.1%     -   13s
H    0     0                    5164161.9200 5941431.24  15.1%     -   13s
H    0     0                    5164978.5700 5941431.24  15.0%     -   13s
H    0     0                    5165076.3500 5941431.24  15.0%     -   13s
H    0     0                    5559466.8950 5941431.24  6.87%     -   14s
H    0     0                    5652982.1900 5941431.24  5.10%     -   16s
H    0     0                    5654952.5400 5941431.24  5.07%     -   16s
H    0     0                    5658460.9300 5941431.24  5.00%     -   17s
H    0     0                    5662325.0500 5941431.24  4.93%     -   18s
H    0     0                    5663020.8950 5941431.24  4.92%     -   18s
H    0     0                    5704541.6150 5941431.24  4.15%     -   19s
H    0     0                    5707221.5050 5941431.24  4.10%     -   20s
H    0     0                    5707473.9300 5941431.24  4.10%     -   23s
     0     0 5933214.23    0 3784 5707473.93 5933214.23  3.96%     -   28s
H    0     0                    5734208.1150 5933212.25  3.47%     -   30s
H    0     0                    5750899.1350 5933212.25  3.17%     -   33s
H    0     0                    5754862.6550 5933212.25  3.10%     -   33s
H    0     0                    5755302.6550 5933212.25  3.09%     -   33s
H    0     0                    5759005.1050 5933212.25  3.02%     -   34s
H    0     0                    5759045.1050 5933212.25  3.02%     -   34s
H    0     0                    5759138.6150 5933212.25  3.02%     -   36s
H    0     0                    5760044.1600 5933212.25  3.01%     -   36s
H    0     0                    5761684.8000 5933212.25  2.98%     -   37s
H    0     0                    5762970.7250 5933212.25  2.95%     -   39s
H    0     0                    5763146.3850 5933212.25  2.95%     -   39s
H    0     0                    5768542.2200 5933212.25  2.85%     -   41s
     0     0 5930325.97    0 3854 5768542.22 5930325.97  2.80%     -   44s
     0     0 5929743.53    0 3894 5768542.22 5929743.53  2.79%     -   46s
     0     0 5929485.21    0 3948 5768542.22 5929485.21  2.79%     -   47s
     0     0 5929408.43    0 4003 5768542.22 5929408.43  2.79%     -   49s
     0     0 5929402.32    0 4004 5768542.22 5929402.32  2.79%     -   49s
     0     0 5929401.47    0 4023 5768542.22 5929401.47  2.79%     -   49s
     0     0 5926894.72    0 3999 5768542.22 5926894.72  2.75%     -   54s
H    0     0                    5771565.7850 5926893.99  2.69%     -   56s
H    0     0                    5772329.0550 5926893.99  2.68%     -   58s
     0     0 5925846.77    0 3961 5772329.05 5925846.77  2.66%     -   61s
     0     0 5925496.72    0 4039 5772329.05 5925496.72  2.65%     -   63s
     0     0 5925337.57    0 4079 5772329.05 5925337.57  2.65%     -   64s
     0     0 5925151.86    0 4195 5772329.05 5925151.86  2.65%     -   66s
     0     0 5925098.97    0 4222 5772329.05 5925098.97  2.65%     -   67s
     0     0 5925082.63    0 4269 5772329.05 5925082.63  2.65%     -   68s
     0     0 5925079.81    0 4288 5772329.05 5925079.81  2.65%     -   68s
     0     0 5923892.08    0 4377 5772329.05 5923892.08  2.63%     -   72s
     0     0 5923167.50    0 4385 5772329.05 5923167.50  2.61%     -   77s
     0     0 5922936.27    0 4451 5772329.05 5922936.27  2.61%     -   79s
     0     0 5922762.05    0 4506 5772329.05 5922762.05  2.61%     -   81s
     0     0 5922722.89    0 4522 5772329.05 5922722.89  2.61%     -   82s
     0     0 5922691.39    0 4589 5772329.05 5922691.39  2.60%     -   83s
     0     0 5922682.44    0 4650 5772329.05 5922682.44  2.60%     -   83s
     0     0 5922681.51    0 4652 5772329.05 5922681.51  2.60%     -   84s
     0     0 5921994.60    0 4475 5772329.05 5921994.60  2.59%     -   88s
     0     0 5921894.14    0 4577 5772329.05 5921894.14  2.59%     -   93s
     0     0 5921831.71    0 4576 5772329.05 5921831.71  2.59%     -   95s
     0     0 5921821.04    0 4653 5772329.05 5921821.04  2.59%     -   96s
     0     0 5921816.70    0 4662 5772329.05 5921816.70  2.59%     -   97s
     0     0 5921125.79    0 4700 5772329.05 5921125.79  2.58%     -  100s
     0     0 5920988.46    0 4728 5772329.05 5920988.46  2.58%     -  123s
     0     0 5920967.11    0 4775 5772329.05 5920967.11  2.58%     -  123s
     0     0 5920963.16    0 4841 5772329.05 5920963.16  2.57%     -  124s
     0     0 5920585.01    0 4743 5772329.05 5920585.01  2.57%     -  128s
     0     0 5920536.64    0 4836 5772329.05 5920536.64  2.57%     -  136s
     0     0 5920527.72    0 4849 5772329.05 5920527.72  2.57%     -  136s
     0     0 5920187.90    0 4849 5772329.05 5920187.90  2.56%     -  140s
     0     0 5920158.03    0 4883 5772329.05 5920158.03  2.56%     -  148s
     0     0 5920151.87    0 4927 5772329.05 5920151.87  2.56%     -  149s
     0     0 5920023.67    0 4913 5772329.05 5920023.67  2.56%     -  152s
     0     0 5920005.96    0 4970 5772329.05 5920005.96  2.56%     -  162s
     0     0 5920003.44    0 5004 5772329.05 5920003.44  2.56%     -  162s
     0     0 5919903.83    0 4949 5772329.05 5919903.83  2.56%     -  165s
     0     0 5919903.83    0 4549 5772329.05 5919903.83  2.56%     -  168s
     0     2 5919903.74    0 4471 5772329.05 5919903.74  2.56%     -  186s
     6     8 5919848.59    2 4668 5772329.05 5919894.15  2.56%  1772  190s
    15    26 5919860.33    4 4911 5772329.05 5919872.76  2.56%  1342  199s
    25    46 5919860.18    5 4912 5772329.05 5919862.77  2.56%  1048  212s
H   28    46                    5786062.9100 5919862.77  2.31%   991  212s
H   30    46                    5795164.7300 5919862.77  2.15%   927  212s
H   32    46                    5805509.6000 5919862.77  1.97%   872  212s
    45    56 5919852.68    6 4911 5805509.60 5919862.77  1.97%   646  240s
    55    66 5919852.68    7 4908 5805509.60 5919862.77  1.97%   539  277s
    65    76 5919823.35    7 4876 5805509.60 5919862.77  1.97%   492  336s
H   69    76                    5811120.9697 5919862.77  1.87%   465  336s

Cutting planes:
  Cover: 8
  Clique: 2599
  MIR: 193
  Zero half: 603
  Relax-and-lift: 12

Explored 75 nodes (150058 simplex iterations) in 336.42 seconds (345.17 work units)
Thread count was 12 (of 12 available processors)

Solution count 10: 5.81112e+06 5.80551e+06 5.79516e+06 ... 5.76168e+06

Time limit reached
Best objective 5.811120969716e+06, best bound 5.919862774241e+06, gap 1.8713%
