
Gurobi 12.0.1 (win64) logging started Tue Mar 17 11:03:14 2026

Set parameter LogFile to value "logs\full_H_35_restricted_subset15_10it_w_max_cap200_seed42_CG.log"
Gurobi Optimizer version 12.0.1 build v12.0.1rc0 (win64 - Windows 11.0 (26100.2))

CPU model: 13th Gen Intel(R) Core(TM) i7-1355U, instruction set [SSE2|AVX|AVX2]
Thread count: 10 physical cores, 12 logical processors, using up to 12 threads

Non-default parameters:
TimeLimit  2.9964755139350891e+03
FeasibilityTol  1e-09
MIPGap  0.005

Optimize a model with 5998 rows, 100268 columns and 852667 nonzeros
Model fingerprint: 0x65bc3933
Variable types: 0 continuous, 100268 integer (100098 binary)
Coefficient statistics:
  Matrix range     [4e-01, 1e+02]
  Objective range  [1e-02, 2e+05]
  Bounds range     [1e+00, 3e+00]
  RHS range        [1e+00, 3e+00]
Presolve removed 418 rows and 7332 columns
Presolve time: 4.96s
Presolved: 5580 rows, 92936 columns, 765721 nonzeros
Variable types: 0 continuous, 92936 integer (92931 binary)
Found heuristic solution: objective -3279807.440
Found heuristic solution: objective -2627110.135
Deterministic concurrent LP optimizer: primal simplex, dual simplex, and barrier
Showing barrier log only...

Root barrier log...

Ordering time: 0.04s

Barrier statistics:
 AA' NZ     : 1.114e+05
 Factor NZ  : 1.880e+05 (roughly 40 MB of memory)
 Factor Ops : 7.442e+06 (less than 1 second per iteration)
 Threads    : 8

                  Objective                Residual
Iter       Primal          Dual         Primal    Dual     Compl     Time
   0   5.77144779e+09  5.89104558e+06  7.98e+04 4.12e+03  6.67e+04     6s
   1   1.94431275e+09  1.73176888e+07  2.70e+04 2.06e+03  2.31e+04     6s
   2   6.05523052e+08  2.24929128e+07  8.38e+03 1.11e+03  7.39e+03     6s
   3   1.11674531e+08  2.18012516e+07  1.51e+03 3.81e+01  1.40e+03     6s
   4   3.30936882e+07  1.56974722e+07  4.31e+02 6.18e+00  4.27e+02     6s
   5   1.21780072e+07  1.20813006e+07  1.44e+02 1.86e+00  1.65e+02     6s
   6   2.29448029e+06  8.13679111e+06  1.16e+01 7.85e-01  4.22e+01     6s
   7   1.74104661e+06  4.96939765e+06  3.69e+00 2.56e-01  1.96e+01     6s
   8   1.68885304e+06  3.24257522e+06  2.10e+00 1.29e-01  9.35e+00     6s
   9   1.65965321e+06  2.52794530e+06  6.22e-01 4.28e-02  4.86e+00     6s
  10   1.67566254e+06  2.24033339e+06  4.91e-01 2.51e-02  3.19e+00     6s
  11   1.71214441e+06  2.04223216e+06  2.99e-01 7.36e-03  1.87e+00     6s
  12   1.73350800e+06  1.98384137e+06  2.15e-01 5.69e-03  1.41e+00     6s
  13   1.74803491e+06  1.95832126e+06  1.83e-01 4.91e-03  1.18e+00     6s
  14   1.77153848e+06  1.92095042e+06  1.31e-01 3.39e-03  8.42e-01     6s
  15   1.79557456e+06  1.89864351e+06  8.59e-02 2.25e-03  5.79e-01     6s
  16   1.80165797e+06  1.87872053e+06  7.66e-02 2.06e-03  4.38e-01     6s
  17   1.80520139e+06  1.87407719e+06  7.08e-02 1.65e-03  3.93e-01     6s
  18   1.81263355e+06  1.86693750e+06  6.00e-02 9.56e-04  3.11e-01     6s
  19   1.82258214e+06  1.86329016e+06  4.66e-02 4.81e-04  2.34e-01     6s
  20   1.83754348e+06  1.86135914e+06  2.59e-02 2.84e-04  1.36e-01     7s
  21   1.84328334e+06  1.85997179e+06  1.80e-02 1.42e-04  9.55e-02     7s
  22   1.84766079e+06  1.85891825e+06  1.22e-02 3.49e-05  6.44e-02     7s
  23   1.85018392e+06  1.85841851e+06  8.85e-03 1.54e-11  4.71e-02     7s
  24   1.85223507e+06  1.85796073e+06  6.18e-03 2.18e-11  3.28e-02     7s
  25   1.85503477e+06  1.85771829e+06  2.72e-03 1.26e-11  1.53e-02     7s
  26   1.85589871e+06  1.85751974e+06  1.60e-03 1.46e-11  9.21e-03     7s
  27   1.85636728e+06  1.85739580e+06  1.00e-03 3.64e-11  5.84e-03     7s
  28   1.85682527e+06  1.85731550e+06  4.42e-04 2.18e-11  2.77e-03     7s
  29   1.85698686e+06  1.85725016e+06  2.47e-04 1.82e-11  1.49e-03     7s
  30   1.85707256e+06  1.85723271e+06  1.48e-04 1.31e-11  9.06e-04     7s
  31   1.85714442e+06  1.85722004e+06  6.40e-05 7.05e-12  4.25e-04     7s
  32   1.85717834e+06  1.85720928e+06  2.53e-05 1.82e-11  1.74e-04     7s
  33   1.85720032e+06  1.85720218e+06  1.06e-06 7.28e-12  1.02e-05     7s
  34   1.85720149e+06  1.85720163e+06  6.26e-08 1.24e-11  7.70e-07     7s
  35   1.85720159e+06  1.85720160e+06  5.02e-09 1.00e-11  2.63e-08     7s
  36   1.85720160e+06  1.85720160e+06  5.55e-10 8.80e-12  1.37e-09     7s

Barrier solved model in 36 iterations and 6.95 seconds (7.53 work units)
Optimal objective 1.85720160e+06


Root crossover log...

    1138 DPushes remaining with DInf 0.0000000e+00                 7s
       0 DPushes remaining with DInf 0.0000000e+00                 7s

   11237 PPushes remaining with PInf 5.0731868e-07                 7s
       0 PPushes remaining with PInf 0.0000000e+00                 7s

  Push phase complete: Pinf 0.0000000e+00, Dinf 3.9438526e+00      7s


Root simplex log...

Iteration    Objective       Primal Inf.    Dual Inf.      Time
   12322    1.8572016e+06   0.000000e+00   3.943853e+00      7s
   12324    1.8572016e+06   0.000000e+00   0.000000e+00      7s
Concurrent spin time: 0.44s (can be avoided by choosing Method=3)

Solved with barrier

Root relaxation: objective 1.857202e+06, 12324 iterations, 2.38 seconds (1.36 work units)

    Nodes    |    Current Node    |     Objective Bounds      |     Work
 Expl Unexpl |  Obj  Depth IntInf | Incumbent    BestBd   Gap | It/Node Time

     0     0 1857201.60    0 2205 -2627110.1 1857201.60   171%     -    9s
H    0     0                    -551350.5350 1857201.60   437%     -    9s
H    0     0                    -320792.9500 1857201.60   679%     -    9s
H    0     0                    682896.93000 1857201.60   172%     -    9s
H    0     0                    763591.12500 1857201.60   143%     -    9s
H    0     0                    973333.93000 1857201.60  90.8%     -    9s
H    0     0                    1058490.4250 1857201.60  75.5%     -    9s
H    0     0                    1105416.0650 1857201.60  68.0%     -    9s
H    0     0                    1112873.9800 1857201.60  66.9%     -    9s
H    0     0                    1117973.4800 1857201.60  66.1%     -    9s
H    0     0                    1129869.1800 1857201.60  64.4%     -    9s
H    0     0                    1163022.5650 1857201.60  59.7%     -    9s
H    0     0                    1172118.2650 1857201.60  58.4%     -    9s
H    0     0                    1213720.4850 1857201.60  53.0%     -    9s
H    0     0                    1213954.1550 1857201.60  53.0%     -   10s
H    0     0                    1214506.0850 1857201.60  52.9%     -   10s
H    0     0                    1214828.5400 1857201.60  52.9%     -   10s
H    0     0                    1214848.0350 1857201.60  52.9%     -   10s
H    0     0                    1612595.1550 1857201.60  15.2%     -   10s
H    0     0                    1632535.4600 1857201.60  13.8%     -   13s
H    0     0                    1632615.4600 1857201.60  13.8%     -   13s
H    0     0                    1634615.4600 1857201.60  13.6%     -   13s
H    0     0                    1636490.3100 1857201.60  13.5%     -   13s
H    0     0                    1641643.4200 1857201.60  13.1%     -   16s
H    0     0                    1646860.4350 1857201.60  12.8%     -   16s
H    0     0                    1647089.5600 1857201.60  12.8%     -   18s
H    0     0                    1649155.6750 1857201.60  12.6%     -   18s
H    0     0                    1649875.4050 1857201.60  12.6%     -   19s
H    0     0                    1649984.5300 1857201.60  12.6%     -   21s
H    0     0                    1650355.4050 1857201.60  12.5%     -   21s
H    0     0                    1651515.3600 1857129.13  12.5%     -   30s
H    0     0                    1653888.7200 1857129.13  12.3%     -   30s
H    0     0                    1655088.7200 1857129.13  12.2%     -   30s
H    0     0                    1661054.4750 1857129.13  11.8%     -   30s
H    0     0                    1661835.8800 1857129.13  11.8%     -   30s
     0     0 1847296.93    0 2399 1661835.88 1847296.93  11.2%     -   32s
H    0     0                    1670340.3900 1847295.43  10.6%     -   33s
H    0     0                    1675477.2750 1847295.43  10.3%     -   34s
H    0     0                    1690239.7700 1847295.43  9.29%     -   37s
H    0     0                    1690439.7700 1847295.43  9.28%     -   37s
H    0     0                    1690699.6904 1847295.43  9.26%     -   38s
H    0     0                    1690740.9154 1847295.43  9.26%     -   38s
H    0     0                    1691485.9650 1847295.43  9.21%     -   40s
H    0     0                    1691744.9850 1847295.43  9.19%     -   41s
H    0     0                    1691956.9300 1844911.09  9.04%     -   45s
H    0     0                    1692109.6900 1844911.09  9.03%     -   45s
H    0     0                    1692116.9300 1844911.09  9.03%     -   45s
H    0     0                    1692276.9300 1844911.09  9.02%     -   45s
H    0     0                    1692763.7300 1844911.09  8.99%     -   45s
     0     0 1844911.09    0 2459 1692763.73 1844911.09  8.99%     -   46s
     0     0 1844472.91    0 2495 1692763.73 1844472.91  8.96%     -   47s
     0     0 1844310.52    0 2552 1692763.73 1844310.52  8.95%     -   48s
     0     0 1844286.22    0 2595 1692763.73 1844286.22  8.95%     -   49s
     0     0 1844285.51    0 2602 1692763.73 1844285.51  8.95%     -   49s
     0     0 1841425.67    0 2514 1692763.73 1841425.67  8.78%     -   53s
H    0     0                    1698833.1150 1841425.46  8.39%     -   54s
H    0     0                    1709043.5450 1841425.46  7.75%     -   55s
H    0     0                    1709289.5500 1840407.70  7.67%     -   58s
     0     0 1840407.70    0 2581 1709289.55 1840407.70  7.67%     -   58s
     0     0 1839963.20    0 2621 1709289.55 1839963.20  7.64%     -   59s
     0     0 1839812.24    0 2612 1709289.55 1839812.24  7.64%     -   60s
     0     0 1839659.20    0 2711 1709289.55 1839659.20  7.63%     -   61s
     0     0 1839577.17    0 2768 1709289.55 1839577.17  7.62%     -   62s
     0     0 1839563.56    0 2765 1709289.55 1839563.56  7.62%     -   63s
     0     0 1839562.41    0 2768 1709289.55 1839562.41  7.62%     -   63s
H    0     0                    1717296.8600 1839562.41  7.12%     -   64s
H    0     0                    1717464.4400 1839562.41  7.11%     -   64s
H    0     0                    1718110.5050 1839562.41  7.07%     -   64s
H    0     0                    1718621.5900 1838341.20  6.97%     -   66s
H    0     0                    1718664.0250 1838341.20  6.96%     -   66s
     0     0 1838341.20    0 2750 1718664.02 1838341.20  6.96%     -   66s
H    0     0                    1718904.0251 1837784.14  6.92%     -   81s
H    0     0                    1719184.0251 1837784.14  6.90%     -   81s
     0     0 1837784.14    0 2797 1719184.03 1837784.14  6.90%     -   81s
     0     0 1837583.03    0 2789 1719184.03 1837583.03  6.89%     -   83s
     0     0 1837462.87    0 2820 1719184.03 1837462.87  6.88%     -   85s
     0     0 1837376.12    0 2856 1719184.03 1837376.12  6.87%     -   86s
     0     0 1837226.44    0 2859 1719184.03 1837226.44  6.87%     -   88s
     0     0 1837202.27    0 2862 1719184.03 1837202.27  6.86%     -   88s
     0     0 1837195.98    0 2873 1719184.03 1837195.98  6.86%     -   89s
     0     0 1836706.75    0 2842 1719184.03 1836706.75  6.84%     -   93s
H    0     0                    1720642.9401 1836706.59  6.75%     -   97s
     0     0 1836563.41    0 2876 1720642.94 1836563.41  6.74%     -  101s
     0     0 1836473.97    0 2945 1720642.94 1836473.97  6.73%     -  103s
     0     0 1836434.06    0 3001 1720642.94 1836434.06  6.73%     -  104s
     0     0 1836417.12    0 3004 1720642.94 1836417.12  6.73%     -  106s
     0     0 1836415.87    0 3010 1720642.94 1836415.87  6.73%     -  106s
     0     0 1836031.40    0 2978 1720642.94 1836031.40  6.71%     -  111s
     0     0 1835987.94    0 2963 1720642.94 1835987.94  6.70%     -  115s
     0     0 1835943.10    0 3028 1720642.94 1835943.10  6.70%     -  117s
     0     0 1835933.69    0 3084 1720642.94 1835933.69  6.70%     -  117s
     0     0 1835603.30    0 3033 1720642.94 1835603.30  6.68%     -  120s
     0     0 1835515.14    0 3040 1720642.94 1835515.14  6.68%     -  123s
     0     0 1835482.02    0 3120 1720642.94 1835482.02  6.67%     -  125s
     0     0 1835449.03    0 3151 1720642.94 1835449.03  6.67%     -  125s
     0     0 1835441.48    0 3184 1720642.94 1835441.48  6.67%     -  126s
     0     0 1835070.31    0 3047 1720642.94 1835070.31  6.65%     -  130s
     0     0 1835015.70    0 3091 1720642.94 1835015.70  6.65%     -  134s
     0     0 1834977.29    0 3103 1720642.94 1834977.29  6.64%     -  135s
     0     0 1834970.09    0 3151 1720642.94 1834970.09  6.64%     -  135s
H    0     0                    1728593.2750 1834586.01  6.13%     -  139s
H    0     0                    1730308.1450 1834586.01  6.03%     -  139s
H    0     0                    1742567.0200 1834586.01  5.28%     -  139s
H    0     0                    1743118.1800 1834586.01  5.25%     -  139s
     0     0 1834586.01    0 3149 1743118.18 1834586.01  5.25%     -  139s
H    0     0                    1744478.5350 1834548.17  5.16%     -  143s
H    0     0                    1745257.6100 1834548.17  5.12%     -  143s
H    0     0                    1745298.8350 1834548.17  5.11%     -  143s
     0     0 1834548.17    0 3174 1745298.83 1834548.17  5.11%     -  143s
     0     0 1834526.61    0 3172 1745298.83 1834526.61  5.11%     -  144s
     0     0 1834521.04    0 3197 1745298.83 1834521.04  5.11%     -  145s
H    0     0                    1752487.8650 1834255.18  4.67%     -  147s
H    0     0                    1753376.1050 1834255.18  4.61%     -  147s
H    0     0                    1753439.4850 1834255.18  4.61%     -  147s
H    0     0                    1753748.2700 1834255.18  4.59%     -  147s
H    0     0                    1755628.7450 1834255.18  4.48%     -  147s
H    0     0                    1756028.7450 1834255.18  4.45%     -  147s
H    0     0                    1756204.2750 1834255.18  4.44%     -  147s
H    0     0                    1756214.3500 1834255.18  4.44%     -  147s
H    0     0                    1756336.3250 1834255.18  4.44%     -  147s
H    0     0                    1757016.7950 1834255.18  4.40%     -  147s
     0     0 1834255.18    0 3196 1757016.79 1834255.18  4.40%     -  147s
H    0     0                    1769446.1850 1834224.87  3.66%     -  178s
H    0     0                    1769949.5000 1834224.87  3.63%     -  178s
H    0     0                    1770216.7700 1834224.87  3.62%     -  178s
H    0     0                    1770359.9650 1834224.87  3.61%     -  178s
H    0     0                    1771190.3450 1834224.87  3.56%     -  178s
     0     0 1834224.87    0 3204 1771190.34 1834224.87  3.56%     -  178s
H    0     0                    1772837.8650 1834214.42  3.46%     -  179s
     0     0 1834214.42    0 3225 1772837.86 1834214.42  3.46%     -  179s
     0     0 1834071.00    0 3170 1772837.86 1834071.00  3.45%     -  182s
     0     0 1834070.92    0 2853 1772837.86 1834070.92  3.45%     -  185s
H    0     0                    1772854.4950 1834070.92  3.45%     -  186s
H    0     0                    1772887.3650 1834070.92  3.45%     -  203s
   113   101 1834070.92   11   50 1772887.37 1834070.92  3.45%   853  205s
   790   455 1834070.92    2 2775 1772887.37 1834070.92  3.45%   136  370s
   796   467 1834070.92    4 3026 1772887.37 1834070.92  3.45%   141  375s
   814   497 1834070.92    6 3126 1772887.37 1834070.92  3.45%   163  383s
   834   507 1834070.92    8 3156 1772887.37 1834070.92  3.45%   163  394s
   844   517 1834016.07    8 3112 1772887.37 1834070.92  3.45%   165  406s
   854   527 1834070.92    9 3161 1772887.37 1834070.92  3.45%   166  413s
   864   537 1834060.38    9 3126 1772887.37 1834070.92  3.45%   167  426s
   874   547 1834070.92   10 3147 1772887.37 1834070.92  3.45%   168  445s
   884   570 1834060.38   10 3132 1772887.37 1834070.92  3.45%   169  470s
   907   866 1834070.92   11 3145 1772887.37 1834070.92  3.45%   172  497s
  1203  1454 1833724.10   31 3050 1772887.37 1834070.92  3.45%   200  545s
H 1791  1454                    1791419.8950 1834070.92  2.38%   228  545s
  2576  2446 1833218.45   82 2993 1791419.89 1834057.13  2.38%   151  638s
  3089  2456 1832497.19  124 2920 1791419.89 1834057.13  2.38%   176  729s
  3099  3622 1832400.80  124 2900 1791419.89 1834057.13  2.38%   177  812s
H 4265  3622                    1794151.5450 1834057.13  2.22%   184  812s
  5698  5170 1830856.81  272 2860 1794151.54 1834045.33  2.22%   135  893s
  6517  5857 1830211.60  358 2802 1794151.54 1834045.33  2.22%   146  939s
H 7204  5857                    1794541.7550 1834045.33  2.20%   154  940s
  8505  6685 1829795.51  417 2785 1794541.75 1833973.89  2.20%   130 1007s
  9896  6513 1828559.89  581 2695 1794541.75 1833822.93  2.19%   130 1090s
  9907  9013 1828556.44  582 2690 1794541.75 1833822.93  2.19%   130 1228s
H12407  9013                    1795402.0700 1833822.93  2.14%   132 1229s
 12407  9433 1827363.66  816 2625 1795402.07 1833822.93  2.14%   130 1340s

Cutting planes:
  Cover: 8
  Clique: 1403
  MIR: 212
  Zero half: 353
  Relax-and-lift: 7

Explored 13234 nodes (2842932 simplex iterations) in 2997.21 seconds (2443.71 work units)
Thread count was 12 (of 12 available processors)

Solution count 10: 1.7954e+06 1.79454e+06 1.79415e+06 ... 1.77022e+06

Time limit reached
Best objective 1.795402070000e+06, best bound 1.827017295475e+06, gap 1.7609%
