
Gurobi 12.0.1 (win64) logging started Fri Mar 14 09:52:28 2025

Set parameter LogFile to value "logs\full_L_50_subset15_restricted_seed42_SEQ2.log"
Gurobi Optimizer version 12.0.1 build v12.0.1rc0 (win64 - Windows 11.0 (22631.2))

CPU model: 13th Gen Intel(R) Core(TM) i7-1355U, instruction set [SSE2|AVX|AVX2]
Thread count: 10 physical cores, 12 logical processors, using up to 12 threads

Non-default parameters:
TimeLimit  3.5422117533683777e+03
MIPGap  0.001

Optimize a model with 1055702 rows, 152839 columns and 1818394 nonzeros
Model fingerprint: 0x7b77d480
Variable types: 0 continuous, 152839 integer (152669 binary)
Coefficient statistics:
  Matrix range     [4e-01, 3e+01]
  Objective range  [1e-02, 2e+05]
  Bounds range     [1e+00, 3e+00]
  RHS range        [1e+00, 1e+01]
Found heuristic solution: objective -3601476.850
Presolve removed 721448 rows and 56360 columns (presolve time = 5s)...
Presolve removed 789762 rows and 58421 columns (presolve time = 10s)...
Presolve removed 823841 rows and 61647 columns (presolve time = 15s)...
Presolve removed 832051 rows and 62074 columns (presolve time = 20s)...
Presolve removed 834543 rows and 62964 columns (presolve time = 25s)...
Presolve removed 836841 rows and 63145 columns (presolve time = 30s)...
Presolve removed 837455 rows and 67894 columns (presolve time = 35s)...
Presolve removed 855319 rows and 71521 columns
Presolve time: 39.19s
Presolved: 200383 rows, 81318 columns, 855957 nonzeros
Variable types: 0 continuous, 81318 integer (81315 binary)
Performing another presolve...
Presolve removed 14643 rows and 975 columns (presolve time = 5s)...
Presolve removed 15791 rows and 1213 columns (presolve time = 10s)...
Presolve removed 15996 rows and 1401 columns
Presolve time: 13.75s

Deterministic concurrent LP optimizer: primal simplex, dual simplex, and barrier
Showing barrier log only...

Root barrier log...

Ordering time: 2.31s

Barrier statistics:
 Dense cols : 52
 AA' NZ     : 3.774e+06
 Factor NZ  : 1.103e+07 (roughly 160 MB of memory)
 Factor Ops : 1.381e+09 (less than 1 second per iteration)
 Threads    : 8

                  Objective                Residual
Iter       Primal          Dual         Primal    Dual     Compl     Time
   0   8.39670009e+08  4.45242525e+08  1.01e+03 1.38e+04  3.61e+05    63s
   1   5.74332406e+08  6.46502099e+08  7.17e+02 2.64e+04  2.48e+05    63s
   2   3.26983088e+08  8.67965749e+08  4.40e+02 1.58e+04  1.53e+05    63s
   3   1.26821257e+08  1.19975071e+09  1.92e+02 3.24e+03  6.04e+04    63s
   4   4.05050754e+07  1.12768813e+09  6.61e+01 4.66e-10  2.14e+04    64s
   5   2.36824985e+07  9.03156022e+08  4.07e+01 5.24e-10  1.26e+04    64s
   6   1.76837702e+07  7.13070160e+08  3.13e+01 4.07e-10  8.79e+03    64s
   7   1.07954889e+07  4.43523907e+08  2.04e+01 2.47e-10  4.73e+03    64s
   8   5.12267624e+06  2.25060866e+08  1.24e+01 2.04e-10  2.06e+03    65s
   9  -1.20679619e+06  1.23388890e+08  2.51e+00 1.46e-10  7.12e+02    65s
  10  -1.55996498e+06  7.10196980e+07  1.49e+00 8.00e-11  3.86e+02    65s
  11  -1.42858318e+06  4.82046055e+07  9.08e-01 5.82e-11  2.51e+02    65s
  12  -9.95091240e+05  3.94899705e+07  5.60e-01 4.73e-11  1.97e+02    66s
  13  -4.03323971e+04  2.46093168e+07  2.45e-01 3.33e-11  1.16e+02    66s
  14   7.27744486e+05  2.06153665e+07  1.54e-01 2.46e-11  9.28e+01    66s
  15   9.60341868e+05  1.85986946e+07  1.40e-01 2.18e-11  8.22e+01    67s
  16   1.05095034e+06  1.55318844e+07  1.33e-01 1.78e-11  6.76e+01    67s
  17   1.41001734e+06  1.32344937e+07  1.16e-01 1.83e-11  5.52e+01    67s
  18   1.63953519e+06  1.14452238e+07  1.04e-01 1.17e-11  4.58e+01    68s
  19   1.97576321e+06  1.01471060e+07  8.77e-02 1.07e-11  3.81e+01    68s
  20   2.27045665e+06  8.61661746e+06  7.34e-02 2.80e-11  2.96e+01    68s
  21   2.42544423e+06  7.71997049e+06  6.56e-02 2.18e-11  2.47e+01    68s
  22   2.53105469e+06  7.26956041e+06  5.77e-02 1.84e-11  2.21e+01    69s
  23   2.61651932e+06  6.71543199e+06  5.32e-02 2.36e-11  1.91e+01    69s
  24   2.68372530e+06  6.28546238e+06  4.94e-02 2.19e-11  1.68e+01    69s
  25   2.77594864e+06  6.00471268e+06  4.40e-02 1.95e-11  1.51e+01    70s
  26   2.86700275e+06  5.60891320e+06  3.91e-02 1.19e-11  1.28e+01    70s
  27   2.91599678e+06  5.25047335e+06  3.64e-02 1.29e-11  1.09e+01    70s
  28   3.03668929e+06  4.95694506e+06  2.90e-02 1.43e-11  8.96e+00    71s
  29   3.11763651e+06  4.85266808e+06  2.10e-02 1.36e-11  8.08e+00    71s
  30   3.19645882e+06  4.70818389e+06  1.64e-02 1.22e-11  7.03e+00    71s
  31   3.24669805e+06  4.52357264e+06  1.41e-02 1.13e-11  5.94e+00    72s
  32   3.33423394e+06  4.35820874e+06  8.16e-03 1.39e-11  4.76e+00    72s
  33   3.38655611e+06  4.33291304e+06  5.24e-03 1.01e-11  4.39e+00    72s
  34   3.46287055e+06  4.23058580e+06  3.96e-03 1.06e-11  3.56e+00    73s

Barrier performed 34 iterations in 72.57 seconds (20.42 work units)
Barrier solve interrupted - model solved by another algorithm

Concurrent spin time: 1.12s

Solved with dual simplex

Root relaxation: objective 3.776711e+06, 54784 iterations, 17.55 seconds (4.18 work units)
Total elapsed time = 72.98s (DegenMoves)
Total elapsed time = 78.75s (DegenMoves)
Total elapsed time = 83.97s (DegenMoves)
Total elapsed time = 88.11s (DegenMoves)
Total elapsed time = 91.36s (DegenMoves)

    Nodes    |    Current Node    |     Objective Bounds      |     Work
 Expl Unexpl |  Obj  Depth IntInf | Incumbent    BestBd   Gap | It/Node Time

     0     0 3776710.94    0 14187 -3601476.9 3776710.94   205%     -   93s
H    0     0                    -496474.4600 3776710.94   861%     -   93s
H    0     0                    -491710.3100 3776710.94   868%     -   97s
H    0     0                    -411059.6200 3776710.94  1019%     -   97s
H    0     0                    -404819.6200 3776710.94  1033%     -   97s
H    0     0                    -398907.0550 3776710.94  1047%     -   97s
H    0     0                    -385419.1000 3776710.94  1080%     -   97s
H    0     0                    -382299.1000 3776710.94  1088%     -   98s
H    0     0                    -380362.5550 3776710.94  1093%     -   98s
H    0     0                    -378557.8600 3776710.94  1098%     -   98s
H    0     0                    -375713.7100 3776710.94  1105%     -  100s
H    0     0                    -368234.6300 3776710.94  1126%     -  100s
H    0     0                    -360655.3800 3776710.94  1147%     -  100s
H    0     0                    -339308.5048 3776710.94  1213%     -  104s
H    0     0                    -338493.7100 3776710.94  1216%     -  104s
H    0     0                    -337433.3000 3776710.94  1219%     -  104s
H    0     0                    -336793.3000 3776710.94  1221%     -  104s
H    0     0                    -336673.3000 3776710.94  1222%     -  104s
H    0     0                    -336273.3000 3776710.94  1223%     -  104s
H    0     0                    -336073.3000 3776710.94  1224%     -  104s
H    0     0                    -335833.2999 3776710.94  1225%     -  105s
H    0     0                    -335833.2996 3776710.94  1225%     -  105s
H    0     0                    -335833.2996 3776710.94  1225%     -  105s
H    0     0                    -335833.2970 3776710.94  1225%     -  105s
H    0     0                    -334977.3531 3776710.94  1227%     -  107s
H    0     0                    -334977.3531 3776710.94  1227%     -  107s
H    0     0                    1300774.0569 3776710.94   190%     -  107s
H    0     0                    1472534.0569 3776710.94   156%     -  107s
H    0     0                    1490679.2900 3776710.94   153%     -  109s
H    0     0                    1491490.4500 3776710.94   153%     -  110s
H    0     0                    1708527.1600 3776710.94   121%     -  110s
H    0     0                    1721274.3750 3776710.94   119%     -  110s
H    0     0                    1889105.8600 3776710.94   100%     -  110s
H    0     0                    1910233.8900 3776710.94  97.7%     -  110s
H    0     0                    1911339.3750 3776710.94  97.6%     -  110s
H    0     0                    1920434.3300 3776710.94  96.7%     -  110s
H    0     0                    1923514.3300 3776710.94  96.3%     -  110s
H    0     0                    1928218.6200 3776710.94  95.9%     -  111s
H    0     0                    1932027.8400 3776710.94  95.5%     -  111s
H    0     0                    1935961.7600 3776710.94  95.1%     -  113s
H    0     0                    1937678.6000 3776710.94  94.9%     -  114s
H    0     0                    1947160.2200 3776710.94  94.0%     -  114s
H    0     0                    1954065.7050 3776710.94  93.3%     -  114s
H    0     0                    1955065.7050 3776710.94  93.2%     -  114s
H    0     0                    1958508.8650 3776710.94  92.8%     -  114s
H    0     0                    1959725.8800 3776710.94  92.7%     -  114s
H    0     0                    1959805.8800 3776710.94  92.7%     -  114s
H    0     0                    2196485.3200 3776710.94  71.9%     -  115s
     0     0 3695628.35    0 14401 2196485.32 3695628.35  68.3%     -  136s
H    0     0                    2204725.3200 3695621.65  67.6%     -  137s
H    0     0                    2214300.0008 3695621.65  66.9%     -  138s
H    0     0                    2225079.4458 3695621.65  66.1%     -  139s
H    0     0                    2241390.8458 3695621.65  64.9%     -  139s
H    0     0                    2266655.3058 3695621.65  63.0%     -  139s
H    0     0                    2267775.3058 3695621.65  63.0%     -  139s
H    0     0                    2281989.7158 3695621.65  61.9%     -  139s
H    0     0                    2282715.0508 3695621.65  61.9%     -  139s
H    0     0                    2282859.0958 3695621.65  61.9%     -  139s
H    0     0                    2288568.1658 3695621.65  61.5%     -  140s
H    0     0                    2288933.8858 3695621.65  61.5%     -  140s
H    0     0                    2291733.8858 3695621.65  61.3%     -  141s
H    0     0                    2300270.0158 3695621.65  60.7%     -  142s
H    0     0                    2308045.2058 3695621.65  60.1%     -  142s
H    0     0                    2310205.2058 3695621.65  60.0%     -  142s
H    0     0                    2312645.2058 3695621.65  59.8%     -  142s
H    0     0                    2312725.2058 3695621.65  59.8%     -  142s
H    0     0                    2313285.2058 3695621.65  59.8%     -  142s
H    0     0                    2314085.2058 3695621.65  59.7%     -  142s
H    0     0                    2314565.2058 3695621.65  59.7%     -  142s
H    0     0                    2327617.0908 3695621.65  58.8%     -  142s
H    0     0                    2332649.6708 3695621.65  58.4%     -  143s
H    0     0                    2362689.2271 3695621.65  56.4%     -  143s
H    0     0                    2363249.2271 3695621.65  56.4%     -  143s
H    0     0                    2365045.0758 3695621.65  56.3%     -  144s
H    0     0                    2365152.5908 3695621.65  56.3%     -  144s
H    0     0                    2365508.4408 3695621.65  56.2%     -  144s
H    0     0                    2366795.7908 3695621.65  56.1%     -  144s
H    0     0                    2367499.5608 3695621.65  56.1%     -  144s
H    0     0                    2368139.5608 3695621.65  56.1%     -  144s
H    0     0                    2368213.9908 3695621.65  56.1%     -  144s
H    0     0                    2368403.6158 3695621.65  56.0%     -  144s
H    0     0                    2369203.6158 3695621.65  56.0%     -  145s
H    0     0                    2369363.6171 3695621.65  56.0%     -  145s
H    0     0                    2370163.6171 3695621.65  55.9%     -  145s
H    0     0                    2370377.5758 3695621.65  55.9%     -  146s
H    0     0                    2371535.3358 3695621.65  55.8%     -  146s
H    0     0                    2371815.2458 3695621.65  55.8%     -  146s
H    0     0                    2374771.7908 3695621.65  55.6%     -  146s
H    0     0                    2455936.2158 3695621.65  50.5%     -  146s
     0     0 3689269.39    0 14577 2455936.22 3689269.39  50.2%     -  153s
     0     0 3688285.04    0 14553 2455936.22 3688285.04  50.2%     -  157s
     0     0 3688214.08    0 14560 2455936.22 3688214.08  50.2%     -  161s
     0     0 3688212.43    0 14564 2455936.22 3688212.43  50.2%     -  164s
     0     0 3526114.20    0 13776 2455936.22 3526114.20  43.6%     -  224s
H    0     0                    2466896.2158 3526032.54  42.9%     -  224s
H    0     0                    2474210.6908 3526032.54  42.5%     -  226s
H    0     0                    2478410.6908 3526032.54  42.3%     -  227s
H    0     0                    2481068.7250 3526032.54  42.1%     -  230s
H    0     0                    2484132.7800 3526032.54  41.9%     -  230s
H    0     0                    2501088.8650 3526032.54  41.0%     -  230s
H    0     0                    2511916.8160 3526032.54  40.4%     -  231s
H    0     0                    2545987.3900 3526032.54  38.5%     -  232s
H    0     0                    2546147.3900 3526032.54  38.5%     -  232s
H    0     0                    2546147.3903 3526032.54  38.5%     -  232s
H    0     0                    2546147.3906 3526032.54  38.5%     -  232s
H    0     0                    2556547.3906 3526032.54  37.9%     -  232s
     0     0 3509497.32    0 13722 2556547.39 3509497.32  37.3%     -  258s
     0     0 3506580.67    0 13855 2556547.39 3506580.67  37.2%     -  267s
     0     0 3506236.30    0 13815 2556547.39 3506236.30  37.1%     -  269s
     0     0 3506189.35    0 13837 2556547.39 3506189.35  37.1%     -  270s
     0     0 3506187.85    0 13844 2556547.39 3506187.85  37.1%     -  271s
     0     0 3423900.76    0 13532 2556547.39 3423900.76  33.9%     -  337s
H    0     0                    2557003.0850 3423500.88  33.9%     -  341s
H    0     0                    2630669.7950 3423500.88  30.1%     -  341s
H    0     0                    2642692.1100 3423500.88  29.5%     -  341s
H    0     0                    2673607.1050 3423500.88  28.0%     -  341s
H    0     0                    2676262.9300 3423500.88  27.9%     -  341s
H    0     0                    2677058.9600 3423500.88  27.9%     -  341s
H    0     0                    2701948.7600 3423500.88  26.7%     -  341s
H    0     0                    2705074.4050 3423500.88  26.6%     -  342s
H    0     0                    2708511.8450 3423500.88  26.4%     -  343s
H    0     0                    2709423.5209 3423500.88  26.4%     -  343s
H    0     0                    2709744.2459 3423500.88  26.3%     -  343s
H    0     0                    2710279.4650 3423500.88  26.3%     -  343s
H    0     0                    2710314.8750 3423500.88  26.3%     -  343s
H    0     0                    2710635.6000 3423500.88  26.3%     -  344s
H    0     0                    2724075.6000 3423500.88  25.7%     -  344s
     0     0 3379389.87    0 13210 2724075.60 3379389.87  24.1%     -  391s
     0     0 3375261.59    0 13516 2724075.60 3375261.59  23.9%     -  413s
     0     0 3374239.44    0 13568 2724075.60 3374239.44  23.9%     -  428s
     0     0 3373594.07    0 13577 2724075.60 3373594.07  23.8%     -  435s
     0     0 3373466.86    0 13615 2724075.60 3373466.86  23.8%     -  439s
     0     0 3373450.60    0 13592 2724075.60 3373450.60  23.8%     -  440s
     0     0 3324727.93    0 13470 2724075.60 3324727.93  22.0%     -  536s
H    0     0                    2725235.6000 3324727.61  22.0%     -  538s
H    0     0                    2725435.6000 3324727.61  22.0%     -  539s
H    0     0                    2733399.8005 3324727.61  21.6%     -  541s
H    0     0                    2733961.8505 3324727.61  21.6%     -  541s
H    0     0                    2737872.0205 3324727.61  21.4%     -  542s
H    0     0                    2738280.5865 3324727.61  21.4%     -  543s
H    0     0                    2738520.5865 3324727.61  21.4%     -  543s
H    0     0                    2741240.5855 3324727.61  21.3%     -  543s
H    0     0                    2746784.6405 3324727.61  21.0%     -  543s
H    0     0                    2749826.6055 3324727.61  20.9%     -  544s
H    0     0                    2750784.5311 3324727.61  20.9%     -  544s
H    0     0                    2750784.5315 3324727.61  20.9%     -  545s
H    0     0                    2751840.0105 3324727.61  20.8%     -  545s
H    0     0                    2752016.7355 3324727.61  20.8%     -  545s
H    0     0                    2754976.7355 3324727.61  20.7%     -  545s
     0     0 3318559.07    0 13515 2754976.74 3318559.07  20.5%     -  582s
     0     0 3317388.55    0 13524 2754976.74 3317388.55  20.4%     -  603s
     0     0 3317316.81    0 13694 2754976.74 3317316.81  20.4%     -  612s
     0     0 3278316.06    0 13282 2754976.74 3278316.06  19.0%     -  715s
H    0     0                    2775772.6450 3278303.88  18.1%     -  720s
H    0     0                    2780498.5950 3278303.88  17.9%     -  720s
H    0     0                    2792310.5739 3278303.88  17.4%     -  720s
H    0     0                    2792997.0589 3278303.88  17.4%     -  720s
H    0     0                    2793237.0550 3278303.88  17.4%     -  721s
H    0     0                    2793432.3750 3278303.88  17.4%     -  722s
H    0     0                    2794056.8250 3278303.88  17.3%     -  722s
H    0     0                    2794148.7000 3278303.88  17.3%     -  723s
H    0     0                    2798228.7000 3278303.88  17.2%     -  724s
     0     0 3274037.02    0 13517 2798228.70 3274037.02  17.0%     -  757s
     0     0 3273478.62    0 13496 2798228.70 3273478.62  17.0%     -  772s
     0     0 3273251.34    0 13626 2798228.70 3273251.34  17.0%     -  781s
     0     0 3273194.13    0 13668 2798228.70 3273194.13  17.0%     -  786s
     0     0 3249319.12    0 12793 2798228.70 3249319.12  16.1%     -  851s
H    0     0                    2799973.7000 3249315.12  16.0%     -  858s
H    0     0                    2803182.2750 3249315.12  15.9%     -  858s
H    0     0                    2803233.2950 3249315.12  15.9%     -  862s
H    0     0                    2803332.7050 3249315.12  15.9%     -  862s
H    0     0                    2820209.0550 3249315.12  15.2%     -  869s
H    0     0                    2821765.8850 3249315.12  15.2%     -  869s
H    0     0                    2825954.6800 3249315.12  15.0%     -  877s
H    0     0                    2830884.2150 3249315.12  14.8%     -  878s
H    0     0                    2831516.4800 3249315.12  14.8%     -  878s
H    0     0                    2837762.5950 3249315.12  14.5%     -  878s
H    0     0                    2839855.0450 3249315.12  14.4%     -  878s
H    0     0                    2842055.0450 3249315.12  14.3%     -  879s
H    0     0                    2844455.0450 3249315.12  14.2%     -  879s
H    0     0                    2854428.5200 3249315.12  13.8%     -  884s
     0     0 3246282.71    0 13130 2854428.52 3246282.71  13.7%     -  918s
     0     0 3245636.40    0 13272 2854428.52 3245636.40  13.7%     -  936s
     0     0 3245482.03    0 13406 2854428.52 3245482.03  13.7%     -  945s
     0     0 3245402.90    0 13487 2854428.52 3245402.90  13.7%     -  950s
     0     0 3230760.96    0 13471 2854428.52 3230760.96  13.2%     - 1017s
H    0     0                    2854534.5300 3230710.10  13.2%     - 1021s
H    0     0                    2854755.6150 3230710.10  13.2%     - 1021s
H    0     0                    2855480.7750 3230710.10  13.1%     - 1021s
H    0     0                    2859762.0200 3230710.10  13.0%     - 1024s
H    0     0                    2859959.9200 3230710.10  13.0%     - 1026s
H    0     0                    2862113.1500 3230710.10  12.9%     - 1026s
H    0     0                    2862481.5050 3230710.10  12.9%     - 1026s
H    0     0                    2862507.3150 3230710.10  12.9%     - 1027s
H    0     0                    2862997.7500 3230710.10  12.8%     - 1027s
H    0     0                    2863562.7163 3230710.10  12.8%     - 1028s
H    0     0                    2866282.7163 3230710.10  12.7%     - 1028s
     0     0 3228332.98    0 13575 2866282.72 3228332.98  12.6%     - 1072s
     0     0 3227797.30    0 13672 2866282.72 3227797.30  12.6%     - 1089s
     0     0 3227551.68    0 13776 2866282.72 3227551.68  12.6%     - 1101s
     0     0 3227440.66    0 13715 2866282.72 3227440.66  12.6%     - 1107s
     0     0 3216019.71    0 13346 2866282.72 3216019.71  12.2%     - 1181s
     0     0 3214658.43    0 13367 2866282.72 3214658.43  12.2%     - 1213s
     0     0 3214214.96    0 13508 2866282.72 3214214.96  12.1%     - 1233s
     0     0 3214111.51    0 13533 2866282.72 3214111.51  12.1%     - 1243s
     0     0 3207817.83    0 13190 2866282.72 3207817.83  11.9%     - 1328s
H    0     0                    2867947.8910 3207817.83  11.9%     - 1337s
H    0     0                    2869549.5060 3207817.83  11.8%     - 1337s
H    0     0                    2870051.2810 3207817.83  11.8%     - 1337s
H    0     0                    2870531.2810 3207817.83  11.7%     - 1337s
H    0     0                    2872531.2810 3207817.83  11.7%     - 1337s
H    0     0                    2874451.2810 3207817.83  11.6%     - 1337s
H    0     0                    2876531.2800 3207817.83  11.5%     - 1337s
H    0     0                    2882983.7050 3207817.83  11.3%     - 1338s
     0     0 3206840.10    0 13280 2882983.70 3206840.10  11.2%     - 1362s
     0     0 3206517.43    0 13337 2882983.70 3206517.43  11.2%     - 1389s
     0     0 3206450.05    0 13475 2882983.70 3206450.05  11.2%     - 1398s
     0     0 3201477.55    0 13402 2882983.70 3201477.55  11.0%     - 1487s
H    0     0                    2884368.9100 3201477.55  11.0%     - 1492s
H    0     0                    2890640.6654 3201477.55  10.8%     - 1495s
H    0     0                    2890640.6658 3201477.55  10.8%     - 1496s
H    0     0                    2890746.9150 3201477.55  10.7%     - 1498s
H    0     0                    2891214.6350 3201477.55  10.7%     - 1499s
H    0     0                    2891300.9459 3201477.55  10.7%     - 1503s
H    0     0                    2893100.9459 3201477.55  10.7%     - 1503s
     0     0 3200548.23    0 13411 2893100.95 3200548.23  10.6%     - 1537s
     0     0 3200255.82    0 13440 2893100.95 3200255.82  10.6%     - 1558s
     0     0 3200177.41    0 13494 2893100.95 3200177.41  10.6%     - 1573s
     0     0 3197301.11    0 13520 2893100.95 3197301.11  10.5%     - 1635s
     0     0 3196628.25    0 13661 2893100.95 3196628.25  10.5%     - 1664s
     0     0 3196270.67    0 13592 2893100.95 3196270.67  10.5%     - 1692s
     0     0 3196181.83    0 13704 2893100.95 3196181.83  10.5%     - 1701s
     0     0 3193096.20    0 13541 2893100.95 3193096.20  10.4%     - 1765s
     0     0 3192538.65    0 13665 2893100.95 3192538.65  10.4%     - 1815s
     0     0 3192273.53    0 13696 2893100.95 3192273.53  10.3%     - 1838s
     0     0 3192231.38    0 13759 2893100.95 3192231.38  10.3%     - 1847s
     0     0 3191063.89    0 13630 2893100.95 3191063.89  10.3%     - 1913s
H    0     0                    2894193.2761 3191063.89  10.3%     - 1919s
H    0     0                    2894298.7750 3191063.89  10.3%     - 1921s
H    0     0                    2895842.8300 3191063.89  10.2%     - 1921s
     0     0 3190603.33    0 13671 2895842.83 3190603.33  10.2%     - 1945s
     0     0 3190405.14    0 13791 2895842.83 3190405.14  10.2%     - 1961s
     0     0 3190355.84    0 13903 2895842.83 3190355.84  10.2%     - 1973s
     0     0 3188792.49    0 13701 2895842.83 3188792.49  10.1%     - 2021s
H    0     0                    2901839.4200 3188791.60  9.89%     - 2149s
H    0     0                    2903578.0650 3188791.60  9.82%     - 2149s
H    0     0                    2904385.2650 3188791.60  9.79%     - 2164s
H    0     0                    2905473.1367 3188791.60  9.75%     - 2179s
H    0     0                    2905933.4150 3188791.60  9.73%     - 2195s
H    0     0                    2908486.9450 3188791.60  9.64%     - 2237s
H    0     0                    2908561.9400 3188791.60  9.63%     - 2241s
H    0     0                    2909417.8854 3188791.60  9.60%     - 2242s
H    0     0                    2913589.6200 3188791.60  9.45%     - 2246s
H    0     0                    2914321.9550 3188791.60  9.42%     - 2252s
H    0     0                    2915235.0609 3188791.60  9.38%     - 2256s
H    0     0                    2916087.3959 3188791.60  9.35%     - 2258s
H    0     0                    2917092.2008 3188791.60  9.31%     - 2266s
H    0     0                    2917138.7150 3188791.60  9.31%     - 2266s
H    0     0                    2917378.7150 3188791.60  9.30%     - 2268s
H    0     0                    2917538.7150 3188791.60  9.30%     - 2272s
H    0     0                    2917679.7700 3188791.60  9.29%     - 2273s
     0     0 3188339.30    0 13801 2917679.77 3188339.30  9.28%     - 2305s
     0     0 3188194.12    0 13709 2917679.77 3188194.12  9.27%     - 2331s
     0     0 3186768.63    0 13834 2917679.77 3186768.63  9.22%     - 2395s
H    0     0                    2917749.3500 3186768.63  9.22%     - 2399s
H    0     0                    2917949.3507 3186768.63  9.21%     - 2401s
     0     0 3186362.96    0 13900 2917949.35 3186362.96  9.20%     - 2419s
     0     0 3186196.33    0 14010 2917949.35 3186196.33  9.19%     - 2427s
     0     0 3185271.85    0 13860 2917949.35 3185271.85  9.16%     - 2453s
H    0     0                    2917949.3543 3185271.70  9.16%     - 2455s
     0     0 3184869.73    0 13849 2917949.35 3184869.73  9.15%     - 2468s
     0     0 3184727.84    0 13923 2917949.35 3184727.84  9.14%     - 2475s
     0     0 3183605.42    0 13997 2917949.35 3183605.42  9.10%     - 2493s
     0     0 3183593.69    0 12656 2917949.35 3183593.69  9.10%     - 2505s
H    0     0                    2918281.5650 3183593.69  9.09%     - 2550s
H    0     0                    2918355.9950 3183593.65  9.09%     - 2852s
H    0     0                    2918355.9957 3183593.65  9.09%     - 2853s
H    0     2                    2918414.9411 3183593.65  9.09%     - 2937s
     0     2 3183593.65    0 12558 2918414.94 3183593.65  9.09%     - 2937s
     1     4 3183090.97    1 12617 2918414.94 3183583.29  9.09% 11981 2998s
     3     8 3179882.59    2 12471 2918414.94 3183046.22  9.07% 15787 3020s
     7    16 3179500.00    3 12452 2918414.94 3179817.19  8.96% 11977 3065s
    15    26 3179332.70    4 12526 2918414.94 3179477.29  8.95% 10124 3105s
    25    30 3154806.92    5 13099 2918414.94 3179327.52  8.94%  9403 3266s
    29    41 3152517.32    6 13426 2918414.94 3179327.52  8.94% 10441 3343s
H   30    41                    2918563.8005 3179327.52  8.93% 10093 3343s
    40    66 3151835.57    7 13521 2918563.80 3179327.52  8.93% 10641 3416s
H   65    85                    2918591.8258 3179327.52  8.93%  9190 3479s
H   67    85                    2919345.3150 3179327.52  8.91%  9099 3479s
H   79    85                    2920112.8000 3179327.52  8.88%  9078 3479s
H   82    85                    2920576.4973 3179327.52  8.86%  8869 3479s
H   84   109                    2920776.4973 3179327.52  8.85%  8804 3539s
   108   111 3149172.45   19 13203 2920776.50 3179327.52  8.85%  7506 3542s

Cutting planes:
  Gomory: 31
  Cover: 1455
  Implied bound: 686
  Dual implied bound: 8
  Clique: 689
  MIR: 5816
  StrongCG: 2049
  GUB cover: 308
  Zero half: 1729
  Mod-K: 17
  RLT: 766
  Relax-and-lift: 1410
  BQP: 628
  PSD: 2

Explored 110 nodes (1505074 simplex iterations) in 3542.77 seconds (1082.67 work units)
Thread count was 12 (of 12 available processors)

Solution count 10: 2.92078e+06 2.92058e+06 2.92011e+06 ... 2.91828e+06

Time limit reached
Best objective 2.920776499938e+06, best bound 3.179327522986e+06, gap 8.8521%
