
Gurobi 12.0.1 (win64) logging started Thu Mar 19 00:21:51 2026

Set parameter LogFile to value "logs\full_M_50_restricted_subset15_25it_w_max_cap200_seed42_CG.log"
Gurobi Optimizer version 12.0.1 build v12.0.1rc0 (win64 - Windows 11.0 (26100.2))

CPU model: 13th Gen Intel(R) Core(TM) i7-1355U, instruction set [SSE2|AVX|AVX2]
Thread count: 10 physical cores, 12 logical processors, using up to 12 threads

Non-default parameters:
TimeLimit  1.4355068011283875e+03
FeasibilityTol  1e-09
MIPGap  0.005

Optimize a model with 8368 rows, 121780 columns and 979256 nonzeros
Model fingerprint: 0xee6e960b
Variable types: 0 continuous, 121780 integer (121610 binary)
Coefficient statistics:
  Matrix range     [4e-01, 1e+02]
  Objective range  [1e-02, 2e+05]
  Bounds range     [1e+00, 3e+00]
  RHS range        [1e+00, 3e+00]
Presolve removed 806 rows and 9131 columns
Presolve time: 2.41s
Presolved: 7562 rows, 112649 columns, 891983 nonzeros
Variable types: 0 continuous, 112649 integer (112643 binary)
Found heuristic solution: objective -3076810.705
Found heuristic solution: objective -2667013.965
Deterministic concurrent LP optimizer: primal simplex, dual simplex, and barrier
Showing barrier log only...

Root barrier log...

Ordering time: 0.03s

Barrier statistics:
 AA' NZ     : 1.433e+05
 Factor NZ  : 2.511e+05 (roughly 50 MB of memory)
 Factor Ops : 9.763e+06 (less than 1 second per iteration)
 Threads    : 8

                  Objective                Residual
Iter       Primal          Dual         Primal    Dual     Compl     Time
   0   7.02176425e+09  6.83859176e+06  8.32e+04 2.43e+03  5.30e+04     3s
   1   2.31121847e+09  1.90454515e+07  2.75e+04 1.27e+03  1.79e+04     3s
   2   3.63269007e+08  2.46578903e+07  4.34e+03 7.91e+02  2.98e+03     3s
   3   1.10952413e+08  2.24377911e+07  1.30e+03 9.34e+01  9.13e+02     4s
   4   3.69092502e+07  1.73903871e+07  4.10e+02 2.82e+01  3.10e+02     4s
   5   1.43542171e+07  1.34885044e+07  1.39e+02 1.20e+01  1.21e+02     4s
   6   6.11030892e+06  9.23886053e+06  3.97e+01 4.72e+00  4.34e+01     4s
   7   4.57910224e+06  6.45454293e+06  2.04e+01 2.76e+00  2.05e+01     4s
   8   3.88533812e+06  5.17226353e+06  1.10e+01 1.43e+00  1.14e+01     4s
   9   3.58608315e+06  4.50005378e+06  6.46e+00 8.23e-01  7.07e+00     4s
  10   3.47048738e+06  4.21701327e+06  4.43e+00 6.32e-01  5.27e+00     4s
  11   3.41009224e+06  3.90303802e+06  3.19e+00 4.21e-01  3.53e+00     4s
  12   3.37165843e+06  3.74418201e+06  2.26e+00 3.03e-01  2.57e+00     4s
  13   3.36590683e+06  3.65329568e+06  1.90e+00 2.33e-01  2.04e+00     4s
  14   3.36647447e+06  3.56282761e+06  1.50e+00 1.68e-01  1.47e+00     4s
  15   3.36475258e+06  3.52015648e+06  9.89e-01 1.32e-01  1.08e+00     4s
  16   3.36766400e+06  3.47316719e+06  7.40e-01 8.96e-02  7.55e-01     4s
  17   3.37342863e+06  3.44443736e+06  4.66e-01 6.03e-02  4.94e-01     4s
  18   3.37714396e+06  3.43216323e+06  3.65e-01 4.51e-02  3.84e-01     4s
  19   3.38147371e+06  3.42585906e+06  3.04e-01 3.61e-02  3.13e-01     4s
  20   3.38777628e+06  3.41575559e+06  2.09e-01 1.99e-02  2.04e-01     4s
  21   3.39452820e+06  3.41094433e+06  1.22e-01 1.13e-02  1.19e-01     4s
  22   3.39835454e+06  3.40837174e+06  7.51e-02 6.42e-03  7.30e-02     4s
  23   3.40111908e+06  3.40715665e+06  4.32e-02 3.82e-03  4.32e-02     4s
  24   3.40284026e+06  3.40669572e+06  2.53e-02 2.70e-03  2.67e-02     4s
  25   3.40368951e+06  3.40618860e+06  1.66e-02 1.62e-03  1.74e-02     4s
  26   3.40431972e+06  3.40589043e+06  1.03e-02 9.74e-04  1.09e-02     4s
  27   3.40471070e+06  3.40570160e+06  6.48e-03 5.61e-04  6.85e-03     4s
  28   3.40495996e+06  3.40558934e+06  4.07e-03 3.14e-04  4.33e-03     4s
  29   3.40517285e+06  3.40551180e+06  2.20e-03 1.50e-04  2.34e-03     4s
  30   3.40531924e+06  3.40546583e+06  9.40e-04 5.40e-05  1.00e-03     5s
  31   3.40536435e+06  3.40545190e+06  5.76e-04 2.66e-05  6.06e-04     5s
  32   3.40541420e+06  3.40544343e+06  1.61e-04 1.13e-05  1.90e-04     5s
  33   3.40542990e+06  3.40543829e+06  4.21e-05 2.65e-06  5.29e-05     5s
  34   3.40543569e+06  3.40543663e+06  4.63e-06 2.11e-07  5.92e-06     5s
  35   3.40543639e+06  3.40543645e+06  3.54e-07 4.63e-09  4.10e-07     5s
  36   3.40543645e+06  3.40543645e+06  6.18e-09 2.73e-12  8.15e-09     5s

Barrier solved model in 36 iterations and 4.69 seconds (5.81 work units)
Optimal objective 3.40543645e+06


Root crossover log...

       0 PPushes remaining with PInf 0.0000000e+00                 6s

  Push phase complete: Pinf 0.0000000e+00, Dinf 1.4444175e+03      6s


Root simplex log...

Iteration    Objective       Primal Inf.    Dual Inf.      Time
   26656    3.4054364e+06   0.000000e+00   1.444418e+03      6s
   26692    3.4054364e+06   0.000000e+00   0.000000e+00      6s
Concurrent spin time: 0.62s (can be avoided by choosing Method=3)

Solved with barrier

Root relaxation: objective 3.405436e+06, 26692 iterations, 3.45 seconds (2.06 work units)

    Nodes    |    Current Node    |     Objective Bounds      |     Work
 Expl Unexpl |  Obj  Depth IntInf | Incumbent    BestBd   Gap | It/Node Time

     0     0 3405436.45    0 2578 -2667014.0 3405436.45   228%     -    7s
H    0     0                    695358.01500 3405436.45   390%     -    7s
H    0     0                    740037.24000 3405436.45   360%     -    8s
H    0     0                    1866598.9650 3405436.45  82.4%     -    8s
H    0     0                    1960959.4050 3405436.45  73.7%     -    8s
H    0     0                    2322417.6400 3405436.45  46.6%     -    8s
H    0     0                    2493400.4900 3405436.45  36.6%     -    8s
H    0     0                    2572365.2450 3405436.45  32.4%     -    8s
H    0     0                    2598815.9350 3405436.45  31.0%     -    8s
H    0     0                    2610711.6850 3405436.45  30.4%     -    8s
H    0     0                    2620025.4550 3405436.45  30.0%     -    8s
H    0     0                    2690544.2650 3405436.45  26.6%     -    8s
H    0     0                    2709058.2050 3405436.45  25.7%     -    8s
H    0     0                    2709459.2150 3405436.45  25.7%     -    8s
H    0     0                    2709819.2150 3405436.45  25.7%     -    8s
H    0     0                    2710059.2150 3405436.45  25.7%     -    8s
H    0     0                    3103117.7550 3405436.45  9.74%     -    9s
H    0     0                    3140884.0650 3405436.45  8.42%     -   10s
H    0     0                    3144228.5900 3405436.45  8.31%     -   10s
H    0     0                    3145628.5900 3405436.45  8.26%     -   11s
H    0     0                    3147758.4200 3405436.45  8.19%     -   11s
H    0     0                    3161523.0400 3405436.45  7.72%     -   12s
H    0     0                    3164517.7000 3405436.45  7.61%     -   13s
H    0     0                    3170623.5550 3405436.45  7.41%     -   14s
H    0     0                    3170875.7250 3405436.45  7.40%     -   14s
     0     0 3396950.35    0 2772 3170875.72 3396950.35  7.13%     -   19s
H    0     0                    3210132.4150 3396950.05  5.82%     -   20s
H    0     0                    3228209.6850 3396950.05  5.23%     -   21s
H    0     0                    3230073.0700 3396950.05  5.17%     -   21s
H    0     0                    3230113.0700 3396950.05  5.17%     -   21s
H    0     0                    3230485.2000 3396950.05  5.15%     -   21s
H    0     0                    3236002.1400 3396950.05  4.97%     -   23s
H    0     0                    3236762.1400 3396950.05  4.95%     -   23s
H    0     0                    3237307.3150 3396950.05  4.93%     -   24s
H    0     0                    3237627.3150 3396950.05  4.92%     -   24s
H    0     0                    3237724.3700 3396950.05  4.92%     -   24s
H    0     0                    3249271.3600 3396950.05  4.54%     -   25s
     0     0 3393739.97    0 2750 3249271.36 3393739.97  4.45%     -   26s
     0     0 3393120.74    0 2882 3249271.36 3393120.74  4.43%     -   28s
     0     0 3392780.03    0 2974 3249271.36 3392780.03  4.42%     -   28s
     0     0 3392769.87    0 2982 3249271.36 3392769.87  4.42%     -   29s
     0     0 3392768.41    0 2995 3249271.36 3392768.41  4.42%     -   29s
     0     0 3392768.40    0 2997 3249271.36 3392768.40  4.42%     -   29s
     0     0 3389049.46    0 2935 3249271.36 3389049.46  4.30%     -   31s
H    0     0                    3249580.3300 3389039.83  4.29%     -   32s
H    0     0                    3250838.7800 3389039.83  4.25%     -   33s
     0     0 3387850.75    0 2990 3250838.78 3387850.75  4.21%     -   35s
     0     0 3387530.39    0 2959 3250838.78 3387530.39  4.20%     -   37s
     0     0 3387330.54    0 3031 3250838.78 3387330.54  4.20%     -   38s
     0     0 3387222.42    0 3079 3250838.78 3387222.42  4.20%     -   38s
     0     0 3387214.51    0 3120 3250838.78 3387214.51  4.20%     -   39s
     0     0 3387213.01    0 3097 3250838.78 3387213.01  4.20%     -   39s
     0     0 3385713.38    0 3057 3250838.78 3385713.38  4.15%     -   42s
H    0     0                    3250918.2603 3385702.07  4.15%     -   47s
H    0     0                    3263590.8903 3385702.07  3.74%     -   47s
H    0     0                    3263990.8903 3385702.07  3.73%     -   47s
H    0     0                    3264810.1200 3385702.07  3.70%     -   48s
H    0     0                    3270662.3150 3385702.07  3.52%     -   48s
H    0     0                    3270982.3150 3385702.07  3.51%     -   48s
H    0     0                    3272499.2150 3385702.07  3.46%     -   51s
H    0     0                    3274654.8450 3385702.07  3.39%     -   53s
H    0     0                    3274751.7550 3385702.07  3.39%     -   54s
H    0     0                    3275338.1300 3385702.07  3.37%     -   56s
H    0     0                    3276403.7300 3385702.07  3.34%     -   58s
     0     0 3384892.11    0 3084 3276403.73 3384892.11  3.31%     -   60s
     0     0 3384655.94    0 3114 3276403.73 3384655.94  3.30%     -   62s
     0     0 3384577.10    0 3182 3276403.73 3384577.10  3.30%     -   63s
     0     0 3384513.55    0 3186 3276403.73 3384513.55  3.30%     -   64s
     0     0 3384502.48    0 3257 3276403.73 3384502.48  3.30%     -   64s
     0     0 3384501.09    0 3285 3276403.73 3384501.09  3.30%     -   64s
     0     0 3383541.80    0 3293 3276403.73 3383541.80  3.27%     -   68s
H    0     0                    3278156.3250 3383540.61  3.21%     -   69s
     0     0 3383359.79    0 3276 3278156.32 3383359.79  3.21%     -   70s
     0     0 3383297.54    0 3336 3278156.32 3383297.54  3.21%     -   71s
     0     0 3383278.72    0 3353 3278156.32 3383278.72  3.21%     -   72s
     0     0 3383275.45    0 3397 3278156.32 3383275.45  3.21%     -   72s
     0     0 3382677.35    0 3370 3278156.32 3382677.35  3.19%     -   75s
     0     0 3382528.82    0 3388 3278156.32 3382528.82  3.18%     -   80s
     0     0 3382481.80    0 3472 3278156.32 3382481.80  3.18%     -   81s
     0     0 3382467.40    0 3529 3278156.32 3382467.40  3.18%     -   81s
     0     0 3382466.67    0 3551 3278156.32 3382466.67  3.18%     -   81s
     0     0 3382082.84    0 3478 3278156.32 3382082.84  3.17%     -   84s
     0     0 3381982.73    0 3499 3278156.32 3381982.73  3.17%     -   89s
     0     0 3381966.52    0 3512 3278156.32 3381966.52  3.17%     -   89s
     0     0 3381965.49    0 3521 3278156.32 3381965.49  3.17%     -   90s
     0     0 3381642.84    0 3369 3278156.32 3381642.84  3.16%     -   92s
     0     0 3381588.85    0 3476 3278156.32 3381588.85  3.16%     -   99s
     0     0 3381578.25    0 3551 3278156.32 3381578.25  3.15%     -  100s
     0     0 3381364.43    0 3563 3278156.32 3381364.43  3.15%     -  102s
     0     0 3381318.62    0 3661 3278156.32 3381318.62  3.15%     -  108s
     0     0 3381313.26    0 3668 3278156.32 3381313.26  3.15%     -  109s
     0     0 3381144.32    0 3551 3278156.32 3381144.32  3.14%     -  111s
     0     0 3381113.45    0 3568 3278156.32 3381113.45  3.14%     -  114s
     0     0 3381105.57    0 3634 3278156.32 3381105.57  3.14%     -  115s
     0     0 3380998.95    0 3574 3278156.32 3380998.95  3.14%     -  117s
     0     0 3380998.77    0 3310 3278156.32 3380998.77  3.14%     -  119s
H    0     0                    3278239.9000 3380998.77  3.13%     -  134s
H    0     0                    3287981.7400 3380998.77  2.83%     -  134s
H    0     0                    3294394.5950 3380998.77  2.63%     -  134s
H    0     0                    3297491.0650 3380998.77  2.53%     -  135s
H    0     0                    3297831.5550 3380998.77  2.52%     -  135s
H    0     0                    3297894.7350 3380998.77  2.52%     -  135s
H    0     0                    3299748.0550 3380998.77  2.46%     -  136s
     0     2 3380998.77    0 3276 3299748.05 3380998.77  2.46%     -  146s
     1     4 3380971.11    1 3243 3299748.05 3380998.77  2.46%  5150  150s
     7    16 3380900.91    3 3560 3299748.05 3380911.97  2.46%  1932  156s
    15    26 3380863.44    4 3588 3299748.05 3380900.89  2.46%  1451  162s
    25    46 3380860.90    5 3610 3299748.05 3380863.44  2.46%  1295  171s
H   26    46                    3309382.1850 3380863.44  2.16%  1245  171s
H   28    46                    3310060.6200 3380863.44  2.14%  1161  171s
H   30    46                    3314423.2150 3380863.44  2.00%  1087  171s
    45    56 3380841.03    6 3567 3314423.21 3380863.44  2.00%   769  182s
    55    66 3380860.90    7 3608 3314423.21 3380863.44  2.00%   645  187s
    65    76 3380796.03    7 3569 3314423.21 3380863.44  2.00%   571  192s
    75    86 3380842.09    8 3611 3314423.21 3380863.44  2.00%   524  198s
    85    96 3380833.55    9 3578 3314423.21 3380863.44  2.00%   498  203s
    95   106 3380668.99    9 3581 3314423.21 3380863.44  2.00%   480  215s
   105   116 3380760.38   10 3502 3314423.21 3380863.44  2.00%   459  231s
   115   126 3380760.38   11 3502 3314423.21 3380863.44  2.00%   466  245s
H  125   158                    3316936.7800 3380863.44  1.93%   448  269s
H  126   158                    3317339.6000 3380863.44  1.91%   445  269s
H  129   158                    3317695.4400 3380863.44  1.90%   444  269s
   157   331 3380760.38   13 3500 3317695.44 3380863.44  1.90%   435  301s
   330   648 3380672.16   23 3501 3317695.44 3380863.44  1.90%   412  344s
   647   986 3380609.39   37 3473 3317695.44 3380863.44  1.90%   354  399s
   785   986 3380592.08   49 3434 3317695.44 3380863.44  1.90%   361  400s
   985  1442 3380443.67   58 3413 3317695.44 3380863.44  1.90%   366  465s
H 1441  2160                    3318241.2700 3380863.44  1.89%   349  532s
H 1589  2160                    3321083.0800 3380863.44  1.80%   331  532s
H 2159  2170                    3327352.9800 3380863.44  1.61%   281  584s
H 2164  2170                    3328018.1400 3380863.44  1.59%   280  584s
H 2169  2519                    3328460.7300 3380863.44  1.57%   280  638s
H 2194  2519                    3328598.4000 3380863.44  1.57%   278  638s
H 2220  2519                    3331473.4300 3380863.44  1.48%   277  638s
H 2270  2519                    3333439.8950 3380863.44  1.42%   275  638s
  2518  2949 3379916.61  155 3352 3333439.89 3380863.44  1.42%   265  684s
  2948  3059 3379145.27  169 3314 3333439.89 3380863.44  1.42%   259  738s
  3058  3404 3378974.90  179 3341 3333439.89 3380863.44  1.42%   258  790s
  3403  4232 3378890.57  206 3333 3333439.89 3380863.44  1.42%   247  837s
H 4093  4232                    3334047.4800 3380863.44  1.40%   220  837s
H 4231  4464                    3336589.1350 3380863.44  1.33%   220  898s
  4463  5060 3378470.10  362 3374 3336589.13 3380863.44  1.33%   213  938s
  5059  5718 3378358.81  375 3378 3336589.13 3380863.44  1.33%   203  976s
  5717  5966 3378157.83  396 3328 3336589.13 3380863.44  1.33%   194 1016s
H 5936  5966                    3336811.2150 3380863.44  1.32%   193 1016s
  5965  6440 3378133.15  403 3317 3336811.21 3380863.44  1.32%   193 1050s
H 6439  6467                    3337833.9500 3380863.44  1.29%   191 1106s
H 6446  6467                    3338637.5650 3380863.44  1.26%   191 1106s
  6466  6928 3377831.98  463 3349 3338637.56 3380863.44  1.26%   191 1140s
  6927  7189 3377633.93  528 3327 3338637.56 3380863.44  1.26%   189 1185s
  7188  7464 3377486.94  550 3336 3338637.56 3380863.44  1.26%   188 1217s
  7463  7959 3376359.26  572 3395 3338637.56 3380863.44  1.26%   191 1250s
  7958  8554 3376690.42  618 3323 3338637.56 3380863.44  1.26%   188 1284s
  8554  8555 3380586.59   23 3310 3338637.56 3380863.44  1.26%   183 1335s
  8556  8556 3377122.94  459 2620 3338637.56 3380863.44  1.26%   183 1351s
  8557  8557 3380469.32   44 2512 3338637.56 3380863.44  1.26%   183 1364s
H 8557  8129                    3338683.4100 3380863.44  1.26%   183 1366s
  8559  8130 3378268.54  339 2860 3338683.41 3380863.44  1.26%   183 1374s
  8560  8131 3380368.56   71 2880 3338683.41 3380863.44  1.26%   183 1379s
  8561  8132 3377632.88  522 2939 3338683.41 3380863.44  1.26%   183 1382s
H 8561  7725                    3338724.7200 3380863.44  1.26%   183 1385s
  8564  7727 3378368.21  358 3040 3338724.72 3380863.44  1.26%   183 1390s
  8566  7728 3376435.55  656 3092 3338724.72 3380863.44  1.26%   183 1396s
  8567  7729 3376573.35  634 3146 3338724.72 3380777.31  1.26%   182 1400s
  8569  7730 3378223.56  169 3363 3338724.72 3380566.40  1.25%   182 1405s
H 8570  7344                    3339146.5950 3380553.38  1.24%   182 1407s
H 8570  6977                    3339186.5950 3380553.38  1.24%   182 1407s
H 8572  6628                    3339227.9300 3380552.51  1.24%   182 1408s
  8573  6629 3378640.30  318 3476 3339227.93 3380552.51  1.24%   182 1415s

Cutting planes:
  Gomory: 19
  Cover: 3
  Clique: 1412
  MIR: 146
  Flow cover: 6
  Zero half: 400
  Relax-and-lift: 2

Explored 8573 nodes (1770715 simplex iterations) in 1435.89 seconds (1314.81 work units)
Thread count was 12 (of 12 available processors)

Solution count 10: 3.33923e+06 3.33919e+06 3.33915e+06 ... 3.33405e+06

Time limit reached
Best objective 3.339227930000e+06, best bound 3.379055284907e+06, gap 1.1927%
