
Gurobi 12.0.1 (win64) logging started Thu Mar 19 17:52:03 2026

Set parameter LogFile to value "logs\full_H_65_restricted_subset15_25it_w_max_cap200_seed42_CG.log"
Gurobi Optimizer version 12.0.1 build v12.0.1rc0 (win64 - Windows 11.0 (26100.2))

CPU model: 13th Gen Intel(R) Core(TM) i7-1355U, instruction set [SSE2|AVX|AVX2]
Thread count: 10 physical cores, 12 logical processors, using up to 12 threads

Non-default parameters:
TimeLimit  6.0440557765960693e+02
FeasibilityTol  1e-09
MIPGap  0.005

Optimize a model with 10668 rows, 152223 columns and 1227382 nonzeros
Model fingerprint: 0x975fd279
Variable types: 0 continuous, 152223 integer (152053 binary)
Coefficient statistics:
  Matrix range     [4e-01, 1e+02]
  Objective range  [1e-02, 2e+05]
  Bounds range     [1e+00, 3e+00]
  RHS range        [1e+00, 3e+00]
Presolve removed 1186 rows and 12986 columns
Presolve time: 3.38s
Presolved: 9482 rows, 139237 columns, 1116652 nonzeros
Variable types: 0 continuous, 139237 integer (139230 binary)
Found heuristic solution: objective -3059946.555
Found heuristic solution: objective -2784253.990
Deterministic concurrent LP optimizer: primal simplex, dual simplex, and barrier
Showing barrier log only...

Root barrier log...

Ordering time: 0.04s

Barrier statistics:
 AA' NZ     : 1.950e+05
 Factor NZ  : 3.188e+05 (roughly 60 MB of memory)
 Factor Ops : 1.240e+07 (less than 1 second per iteration)
 Threads    : 8

                  Objective                Residual
Iter       Primal          Dual         Primal    Dual     Compl     Time
   0   8.13942552e+09  8.38464032e+06  9.18e+04 2.54e+03  4.78e+04     4s
   1   2.82346073e+09  2.39321574e+07  3.19e+04 1.23e+03  1.70e+04     4s
   2   6.01417926e+08  3.26504682e+07  6.74e+03 5.46e+02  3.76e+03     5s
   3   2.04028225e+08  3.06807610e+07  2.26e+03 1.56e+02  1.29e+03     5s
   4   1.02220375e+08  2.51478126e+07  1.11e+03 7.37e+01  6.37e+02     5s
   5   4.80724751e+07  1.98276609e+07  4.98e+02 2.45e+01  2.92e+02     5s
   6   1.90057134e+07  1.65423146e+07  1.68e+02 1.52e+01  1.17e+02     5s
   7   7.49457673e+06  1.17413355e+07  3.71e+01 4.80e+00  3.83e+01     5s
   8   6.27583676e+06  8.89374346e+06  2.25e+01 2.35e+00  2.10e+01     5s
   9   5.30912579e+06  7.53855693e+06  1.03e+01 1.68e+00  1.26e+01     5s
  10   5.13866444e+06  6.56454113e+06  7.84e+00 9.22e-01  8.30e+00     5s
  11   5.03422562e+06  6.11720374e+06  6.08e+00 6.89e-01  6.23e+00     5s
  12   4.95139376e+06  5.70030700e+06  4.60e+00 4.72e-01  4.38e+00     5s
  13   4.89519271e+06  5.35074213e+06  3.24e+00 3.00e-01  2.77e+00     5s
  14   4.86785215e+06  5.20375077e+06  2.28e+00 2.12e-01  1.99e+00     5s
  15   4.86079137e+06  5.08216357e+06  1.77e+00 1.58e-01  1.40e+00     5s
  16   4.85635560e+06  5.02369141e+06  1.25e+00 1.10e-01  1.03e+00     5s
  17   4.85479743e+06  4.98462317e+06  8.31e-01 8.85e-02  7.60e-01     5s
  18   4.85681178e+06  4.94695708e+06  6.59e-01 5.54e-02  5.67e-01     5s
  19   4.86261079e+06  4.92454079e+06  3.94e-01 3.54e-02  3.79e-01     6s
  20   4.87001566e+06  4.91273039e+06  2.40e-01 2.81e-02  2.48e-01     6s
  21   4.87222838e+06  4.91090633e+06  2.09e-01 2.72e-02  2.22e-01     6s
  22   4.87887252e+06  4.90088223e+06  1.26e-01 1.15e-02  1.29e-01     6s
  23   4.88289615e+06  4.89660009e+06  8.56e-02 6.32e-03  8.30e-02     6s
  24   4.88506099e+06  4.89520769e+06  6.51e-02 4.26e-03  6.21e-02     6s
  25   4.88677892e+06  4.89428337e+06  4.90e-02 2.80e-03  4.63e-02     6s
  26   4.88871757e+06  4.89375584e+06  3.18e-02 1.96e-03  3.06e-02     6s
  27   4.89002351e+06  4.89344586e+06  2.05e-02 1.45e-03  2.03e-02     6s
  28   4.89052085e+06  4.89318273e+06  1.62e-02 1.03e-03  1.59e-02     6s
  29   4.89125782e+06  4.89302726e+06  9.94e-03 7.76e-04  1.02e-02     6s
  30   4.89180348e+06  4.89283500e+06  5.55e-03 4.58e-04  5.88e-03     6s
  31   4.89217285e+06  4.89272028e+06  2.62e-03 2.72e-04  2.99e-03     6s
  32   4.89237861e+06  4.89263506e+06  1.10e-03 1.38e-04  1.35e-03     6s
  33   4.89247873e+06  4.89258902e+06  4.11e-04 6.78e-05  5.55e-04     6s
  34   4.89250709e+06  4.89256045e+06  2.27e-04 2.36e-05  2.80e-04     7s
  35   4.89252433e+06  4.89255131e+06  1.17e-04 1.01e-05  1.42e-04     7s
  36   4.89253351e+06  4.89254860e+06  6.05e-05 6.28e-06  7.75e-05     7s
  37   4.89253899e+06  4.89254642e+06  2.81e-05 3.28e-06  3.75e-05     7s
  38   4.89254280e+06  4.89254513e+06  6.35e-06 1.44e-06  1.08e-05     7s
  39   4.89254366e+06  4.89254415e+06  1.85e-06 1.27e-07  2.47e-06     7s
  40   4.89254397e+06  4.89254404e+06  3.09e-07 1.69e-09  3.62e-07     7s
  41   4.89254402e+06  4.89254404e+06  1.15e-07 5.80e-10  1.09e-07     7s
  42   4.89254404e+06  4.89254404e+06  2.40e-09 3.64e-12  2.14e-09     7s

Barrier solved model in 42 iterations and 6.92 seconds (8.01 work units)
Optimal objective 4.89254404e+06


Root crossover log...

    1675 DPushes remaining with DInf 0.0000000e+00                 7s
       0 DPushes remaining with DInf 0.0000000e+00                 7s

   16990 PPushes remaining with PInf 6.0822004e-06                 7s
       0 PPushes remaining with PInf 0.0000000e+00                 8s

  Push phase complete: Pinf 0.0000000e+00, Dinf 1.4493558e+02      8s


Root simplex log...

Iteration    Objective       Primal Inf.    Dual Inf.      Time
   18565    4.8925440e+06   0.000000e+00   1.449356e+02      8s
   18586    4.8925440e+06   0.000000e+00   0.000000e+00      8s
Concurrent spin time: 1.19s (can be avoided by choosing Method=3)

Solved with barrier

Root relaxation: objective 4.892544e+06, 18586 iterations, 5.03 seconds (2.79 work units)
Total elapsed time = 10.06s (DegenMoves)

    Nodes    |    Current Node    |     Objective Bounds      |     Work
 Expl Unexpl |  Obj  Depth IntInf | Incumbent    BestBd   Gap | It/Node Time

     0     0 4892544.04    0 3299 -2784254.0 4892544.04   276%     -   10s
H    0     0                    3279477.1450 4892544.04  49.2%     -   10s
H    0     0                    3656830.7400 4892544.04  33.8%     -   10s
H    0     0                    3898965.5150 4892544.04  25.5%     -   10s
H    0     0                    3966973.6650 4892544.04  23.3%     -   10s
H    0     0                    4005937.9700 4892544.04  22.1%     -   11s
H    0     0                    4016984.6100 4892544.04  21.8%     -   11s
H    0     0                    4022730.2250 4892544.04  21.6%     -   11s
H    0     0                    4065018.8000 4892544.04  20.4%     -   11s
H    0     0                    4079401.0750 4892544.04  19.9%     -   11s
H    0     0                    4091595.8350 4892544.04  19.6%     -   11s
H    0     0                    4092405.9200 4892544.04  19.6%     -   11s
H    0     0                    4092811.1100 4892544.04  19.5%     -   11s
H    0     0                    4515522.3500 4892544.04  8.35%     -   12s
H    0     0                    4577438.5700 4892544.04  6.88%     -   15s
H    0     0                    4578886.3400 4892544.04  6.85%     -   15s
H    0     0                    4580201.6450 4892544.04  6.82%     -   15s
H    0     0                    4582286.3350 4892544.04  6.77%     -   16s
H    0     0                    4590002.4050 4892544.04  6.59%     -   16s
H    0     0                    4598624.8450 4892544.04  6.39%     -   19s
H    0     0                    4599344.8450 4892544.04  6.37%     -   20s
     0     0 4885705.18    0 3586 4599344.84 4885705.18  6.23%     -   24s
H    0     0                    4631328.6600 4885705.13  5.49%     -   26s
H    0     0                    4672736.2650 4885705.13  4.56%     -   29s
H    0     0                    4673219.1800 4885705.13  4.55%     -   29s
H    0     0                    4673901.2000 4885705.13  4.53%     -   29s
H    0     0                    4674585.9950 4885705.13  4.52%     -   32s
H    0     0                    4675329.3850 4885705.13  4.50%     -   32s
H    0     0                    4675659.3800 4885705.13  4.49%     -   33s
H    0     0                    4676066.7150 4885705.13  4.48%     -   33s
H    0     0                    4676448.6700 4885705.13  4.47%     -   33s
H    0     0                    4694448.5650 4885705.13  4.07%     -   37s
     0     0 4882676.75    0 3631 4694448.56 4882676.75  4.01%     -   39s
     0     0 4881943.59    0 3684 4694448.56 4881943.59  3.99%     -   41s
     0     0 4881738.80    0 3739 4694448.56 4881738.80  3.99%     -   42s
     0     0 4881683.30    0 3767 4694448.56 4881683.30  3.99%     -   42s
     0     0 4881682.57    0 3782 4694448.56 4881682.57  3.99%     -   42s
     0     0 4879024.96    0 3823 4694448.56 4879024.96  3.93%     -   46s
H    0     0                    4698252.4350 4879024.93  3.85%     -   47s
     0     0 4877913.26    0 3881 4698252.43 4877913.26  3.82%     -   50s
     0     0 4877546.97    0 4007 4698252.43 4877546.97  3.82%     -   53s
     0     0 4877396.73    0 3956 4698252.43 4877396.73  3.81%     -   54s
     0     0 4877238.18    0 4050 4698252.43 4877238.18  3.81%     -   56s
     0     0 4877147.36    0 4122 4698252.43 4877147.36  3.81%     -   57s
     0     0 4877093.34    0 4109 4698252.43 4877093.34  3.81%     -   58s
     0     0 4877085.99    0 4176 4698252.43 4877085.99  3.81%     -   58s
     0     0 4877085.29    0 4186 4698252.43 4877085.29  3.81%     -   58s
     0     0 4875519.56    0 4111 4698252.43 4875519.56  3.77%     -   63s
H    0     0                    4698326.8650 4875519.51  3.77%     -   64s
     0     0 4874874.15    0 4164 4698326.86 4874874.15  3.76%     -   69s
     0     0 4874636.10    0 4229 4698326.86 4874636.10  3.75%     -   71s
     0     0 4874575.97    0 4252 4698326.86 4874575.97  3.75%     -   72s
     0     0 4874326.94    0 4321 4698326.86 4874326.94  3.75%     -   74s
     0     0 4874289.94    0 4365 4698326.86 4874289.94  3.75%     -   75s
     0     0 4874272.00    0 4416 4698326.86 4874272.00  3.74%     -   76s
     0     0 4874269.26    0 4430 4698326.86 4874269.26  3.74%     -   76s
     0     0 4873630.96    0 4370 4698326.86 4873630.96  3.73%     -   80s
     0     0 4873472.83    0 4378 4698326.86 4873472.83  3.73%     -   85s
     0     0 4873409.45    0 4438 4698326.86 4873409.45  3.73%     -   86s
     0     0 4873382.90    0 4470 4698326.86 4873382.90  3.73%     -   87s
     0     0 4873377.01    0 4500 4698326.86 4873377.01  3.73%     -   87s
     0     0 4872969.87    0 4437 4698326.86 4872969.87  3.72%     -   91s
H    0     0                    4707347.9500 4872969.87  3.52%     -  109s
H    0     0                    4711567.5350 4872969.87  3.43%     -  111s
     0     0 4872870.43    0 4468 4711567.53 4872870.43  3.42%     -  115s
     0     0 4872836.55    0 4544 4711567.53 4872836.55  3.42%     -  116s
     0     0 4872830.34    0 4564 4711567.53 4872830.34  3.42%     -  117s
     0     0 4872501.46    0 4482 4711567.53 4872501.46  3.42%     -  120s
H    0     0                    4726907.5900 4872501.46  3.08%     -  127s
     0     0 4872454.59    0 4551 4726907.59 4872454.59  3.08%     -  128s
     0     0 4872443.36    0 4594 4726907.59 4872443.36  3.08%     -  129s
     0     0 4872253.82    0 4526 4726907.59 4872253.82  3.07%     -  132s
     0     0 4872214.28    0 4610 4726907.59 4872214.28  3.07%     -  140s
     0     0 4872207.07    0 4662 4726907.59 4872207.07  3.07%     -  141s
     0     0 4872047.28    0 4652 4726907.59 4872047.28  3.07%     -  144s
     0     0 4872013.21    0 4707 4726907.59 4872013.21  3.07%     -  152s
     0     0 4872003.65    0 4779 4726907.59 4872003.65  3.07%     -  152s
     0     0 4871928.13    0 4754 4726907.59 4871928.13  3.07%     -  154s
     0     0 4871927.56    0 4337 4726907.59 4871927.56  3.07%     -  157s
     0     2 4871927.55    0 4283 4726907.59 4871927.55  3.07%     -  172s
     1     4 4871273.07    1 4343 4726907.59 4871927.55  3.07% 10800  177s
     3     8 4871258.12    2 4499 4726907.59 4871927.55  3.07%  3912  180s
     7    16 4871181.97    3 4762 4726907.59 4871922.08  3.07%  2425  192s
    15    26 4871133.98    4 4784 4726907.59 4871913.98  3.07%  2488  208s
    25    45 4871133.06    5 4817 4726907.59 4871913.07  3.07%  2436  220s
H   26    45                    4754337.5000 4871913.07  2.47%  2342  220s
H   30    45                    4760802.2250 4871911.99  2.33%  2066  220s
    44    55 4871123.25    6 4800 4760802.22 4871911.99  2.33%  1545  234s
    54    64 4871085.02    7 4770 4760802.22 4871911.91  2.33%  1283  249s
    63    74 4871111.21    7 4804 4760802.22 4871911.91  2.33%  1133  264s
    73    84 4871098.77    8 4788 4760802.22 4871911.91  2.33%  1080  275s
    83    94 4871077.76    8 4748 4760802.22 4871911.91  2.33%   986  286s
    93   104 4871098.70    9 4788 4760802.22 4871911.91  2.33%   892  299s
   103   114 4871056.26    9 4757 4760802.22 4871911.91  2.33%   840  313s
   113   125 4871098.70   10 4788 4760802.22 4871911.91  2.33%   784  327s
H  115   125                    4771577.7000 4871911.91  2.10%   771  327s
H  118   125                    4774889.3750 4871911.91  2.03%   767  327s
H  124   171                    4775641.1800 4871911.91  2.02%   736  334s
   170   212 4871098.70   12 4788 4775641.18 4871911.91  2.02%   576  340s
   211   237 4871090.26   14 4739 4775641.18 4871911.91  2.02%   512  346s
   236   259 4871078.17   14 4793 4775641.18 4871911.91  2.02%   500  354s
   258   281 4871062.83   15 4724 4775641.18 4871911.91  2.02%   495  361s
   280   311 4871063.68   19 4704 4775641.18 4871911.91  2.02%   495  368s
   310   345 4871056.60   25 4694 4775641.18 4871911.91  2.02%   477  375s
   344   386 4871048.40   27 4704 4775641.18 4871911.91  2.02%   459  384s
   385   430 4871003.88   31 4713 4775641.18 4871911.91  2.02%   446  391s
   429   475 4870995.10   38 4704 4775641.18 4871911.91  2.02%   423  397s
   474   485 4870994.27   45 4702 4775641.18 4871911.91  2.02%   402  408s
   484   504 4870899.67   45 4692 4775641.18 4871911.91  2.02%   401  416s
H  488   504                    4777600.7300 4871911.91  1.97%   398  416s
   503   561 4870994.27   46 4701 4777600.73 4871911.91  1.97%   392  425s
   560   607 4870950.20   54 4671 4777600.73 4871911.91  1.97%   374  432s
   606   639 4870950.20   55 4672 4777600.73 4871911.91  1.97%   364  439s
   638   669 4870943.12   60 4647 4777600.73 4871911.91  1.97%   358  447s
   668   718 4870887.66   62 4637 4777600.73 4871911.91  1.97%   361  456s
   717   761 4870884.11   71 4631 4777600.73 4871911.91  1.97%   356  466s
   760   808 4870884.11   72 4630 4777600.73 4871911.91  1.97%   357  477s
   807   828 4870880.49   76 4616 4777600.73 4871911.91  1.97%   359  487s
   827   897 4870880.49   78 4617 4777600.73 4871911.91  1.97%   358  500s
   896   957 4870876.23   83 4629 4777600.73 4871911.91  1.97%   350  511s
   956  1003 4870862.75   85 4647 4777600.73 4871911.91  1.97%   345  522s
  1002  1068 4870861.79   86 4655 4777600.73 4871911.91  1.97%   346  535s
  1067  1134 4870849.00   88 4671 4777600.73 4871911.91  1.97%   344  547s
  1133  1208 4870828.97   92 4650 4777600.73 4871911.91  1.97%   341  558s
  1207  1286 4870794.10  100 4636 4777600.73 4871911.91  1.97%   334  571s
  1285  1368 4870776.27  107 4630 4777600.73 4871911.91  1.97%   329  583s
  1367  1378 4870737.69  111 4631 4777600.73 4871911.91  1.97%   324  599s
H 1368  1378                    4786170.7500 4871911.91  1.79%   324  599s
H 1369  1378                    4792291.2050 4871911.91  1.66%   324  599s
  1377  1399 4870764.12  112 4607 4792291.20 4871911.91  1.66%   323  604s

Cutting planes:
  Cover: 2
  Clique: 2793
  MIR: 286
  Zero half: 633
  Relax-and-lift: 20

Explored 1398 nodes (564211 simplex iterations) in 604.74 seconds (659.51 work units)
Thread count was 12 (of 12 available processors)

Solution count 10: 4.79229e+06 4.78617e+06 4.7776e+06 ... 4.71157e+06

Time limit reached
Best objective 4.792291205000e+06, best bound 4.871911908483e+06, gap 1.6614%
