
Gurobi 12.0.1 (win64) logging started Tue Mar 17 13:31:13 2026

Set parameter LogFile to value "logs\full_H_35_restricted_subset15_20it_w_max_cap200_seed42_CG.log"
Gurobi Optimizer version 12.0.1 build v12.0.1rc0 (win64 - Windows 11.0 (26100.2))

CPU model: 13th Gen Intel(R) Core(TM) i7-1355U, instruction set [SSE2|AVX|AVX2]
Thread count: 10 physical cores, 12 logical processors, using up to 12 threads

Non-default parameters:
TimeLimit  1.4320030856132507e+03
FeasibilityTol  1e-09
MIPGap  0.005

Optimize a model with 5998 rows, 100678 columns and 855889 nonzeros
Model fingerprint: 0xdb2cde96
Variable types: 0 continuous, 100678 integer (100508 binary)
Coefficient statistics:
  Matrix range     [4e-01, 1e+02]
  Objective range  [1e-02, 2e+05]
  Bounds range     [1e+00, 3e+00]
  RHS range        [1e+00, 3e+00]
Presolve removed 418 rows and 7347 columns (presolve time = 7s)...
Presolve removed 418 rows and 7347 columns
Presolve time: 7.29s
Presolved: 5580 rows, 93331 columns, 768747 nonzeros
Variable types: 0 continuous, 93331 integer (93326 binary)
Found heuristic solution: objective -3280046.135
Found heuristic solution: objective -2625317.415
Deterministic concurrent LP optimizer: primal simplex, dual simplex, and barrier
Showing barrier log only...

Root barrier log...

Ordering time: 0.02s

Barrier statistics:
 AA' NZ     : 1.115e+05
 Factor NZ  : 1.880e+05 (roughly 40 MB of memory)
 Factor Ops : 7.448e+06 (less than 1 second per iteration)
 Threads    : 8

                  Objective                Residual
Iter       Primal          Dual         Primal    Dual     Compl     Time
   0   5.80097209e+09  5.89413785e+06  7.98e+04 4.12e+03  6.66e+04     8s
   1   1.95441035e+09  1.73551048e+07  2.70e+04 2.08e+03  2.31e+04     8s
   2   6.10470956e+08  2.25023684e+07  8.41e+03 1.10e+03  7.40e+03     8s
   3   1.12410947e+08  2.17988460e+07  1.52e+03 3.40e+01  1.41e+03     8s
   4   3.31191033e+07  1.57072855e+07  4.29e+02 5.74e+00  4.26e+02     8s
   5   1.19612138e+07  1.20962319e+07  1.40e+02 1.63e+00  1.62e+02     8s
   6   2.20755716e+06  8.09574557e+06  1.04e+01 4.92e-01  4.11e+01     8s
   7   1.72062797e+06  4.88663422e+06  3.39e+00 1.37e-01  1.90e+01     8s
   8   1.67860165e+06  3.16945437e+06  1.94e+00 1.13e-01  8.88e+00     8s
   9   1.66425365e+06  2.49341004e+06  8.27e-01 1.58e-02  4.74e+00     8s
  10   1.67411295e+06  2.19323045e+06  6.54e-01 9.77e-03  3.02e+00     8s
  11   1.72152713e+06  2.03598861e+06  3.70e-01 3.76e-02  1.81e+00     8s
  12   1.73498174e+06  1.99856600e+06  3.17e-01 2.06e-02  1.52e+00     9s
  13   1.73990522e+06  1.95629319e+06  2.95e-01 7.71e-03  1.26e+00     9s
  14   1.74547564e+06  1.93280098e+06  2.79e-01 7.09e-03  1.10e+00     9s
  15   1.76780473e+06  1.90927836e+06  2.04e-01 4.99e-03  8.31e-01     9s
  16   1.79924279e+06  1.89631585e+06  1.19e-01 3.21e-03  5.60e-01     9s
  17   1.81225680e+06  1.87551811e+06  8.72e-02 1.31e-03  3.69e-01     9s
  18   1.82588231e+06  1.86608047e+06  5.85e-02 5.49e-04  2.36e-01     9s
  19   1.83347394e+06  1.86423531e+06  4.36e-02 3.81e-04  1.80e-01     9s
  20   1.83945303e+06  1.86164042e+06  3.19e-02 1.71e-04  1.30e-01     9s
  21   1.84633624e+06  1.86022195e+06  1.90e-02 3.27e-11  8.10e-02     9s
  22   1.85059379e+06  1.85910702e+06  1.13e-02 1.82e-11  4.95e-02     9s
  23   1.85309438e+06  1.85824706e+06  6.86e-03 3.27e-11  3.00e-02     9s
  24   1.85399298e+06  1.85784056e+06  5.31e-03 7.28e-12  2.25e-02     9s
  25   1.85518079e+06  1.85765405e+06  3.31e-03 6.71e-12  1.44e-02     9s
  26   1.85623476e+06  1.85748789e+06  1.57e-03 1.09e-11  7.24e-03     9s
  27   1.85676418e+06  1.85736051e+06  6.94e-04 3.64e-11  3.42e-03     9s
  28   1.85698985e+06  1.85727334e+06  3.26e-04 1.82e-11  1.63e-03     9s
  29   1.85709895e+06  1.85724835e+06  1.55e-04 1.46e-11  8.50e-04     9s
  30   1.85714615e+06  1.85722258e+06  8.18e-05 2.55e-11  4.36e-04     9s
  31   1.85719262e+06  1.85720489e+06  1.21e-05 4.09e-12  6.95e-05     9s
  32   1.85720026e+06  1.85720175e+06  1.66e-06 1.82e-11  8.49e-06     9s
  33   1.85720149e+06  1.85720160e+06  1.29e-07 1.09e-11  6.45e-07     9s
  34   1.85720157e+06  1.85720160e+06  2.50e-08 7.28e-12  1.34e-07     9s
  35   1.85720159e+06  1.85720160e+06  6.57e-07 7.28e-12  6.94e-08     9s

Barrier solved model in 35 iterations and 9.30 seconds (7.57 work units)
Optimal objective 1.85720159e+06


Root crossover log...

    1137 DPushes remaining with DInf 0.0000000e+00                 9s
       0 DPushes remaining with DInf 0.0000000e+00                 9s

   57431 PPushes remaining with PInf 5.8612109e-05                 9s
   33224 PPushes remaining with PInf 5.3403378e-06                10s
       0 PPushes remaining with PInf 0.0000000e+00                11s

  Push phase complete: Pinf 0.0000000e+00, Dinf 2.0884138e+04     11s


Root simplex log...

Iteration    Objective       Primal Inf.    Dual Inf.      Time
   58524    1.8572016e+06   0.000000e+00   2.088414e+04     11s
   58602    1.8572016e+06   0.000000e+00   0.000000e+00     11s
Concurrent spin time: 0.73s (can be avoided by choosing Method=3)

Solved with barrier

Root relaxation: objective 1.857202e+06, 58602 iterations, 4.22 seconds (2.36 work units)

    Nodes    |    Current Node    |     Objective Bounds      |     Work
 Expl Unexpl |  Obj  Depth IntInf | Incumbent    BestBd   Gap | It/Node Time

     0     0 1857201.60    0 2165 -2625317.4 1857201.60   171%     -   13s
H    0     0                    -555514.9450 1857201.60   434%     -   13s
H    0     0                    -422158.9100 1857201.60   540%     -   13s
H    0     0                    561644.30000 1857201.60   231%     -   13s
H    0     0                    713063.75000 1857201.60   160%     -   13s
H    0     0                    909758.04500 1857201.60   104%     -   13s
H    0     0                    1069789.1700 1857201.60  73.6%     -   13s
H    0     0                    1097369.3500 1857201.60  69.2%     -   13s
H    0     0                    1109931.5200 1857201.60  67.3%     -   13s
H    0     0                    1111074.0400 1857201.60  67.2%     -   13s
H    0     0                    1112074.0400 1857201.60  67.0%     -   13s
H    0     0                    1122314.1250 1857201.60  65.5%     -   13s
H    0     0                    1167317.8850 1857201.60  59.1%     -   13s
H    0     0                    1169376.9550 1857201.60  58.8%     -   14s
H    0     0                    1169696.9550 1857201.60  58.8%     -   14s
H    0     0                    1601859.6350 1857201.60  15.9%     -   14s
H    0     0                    1614232.0200 1857201.60  15.1%     -   16s
H    0     0                    1637095.5100 1857201.60  13.4%     -   20s
H    0     0                    1637535.5100 1857201.60  13.4%     -   20s
H    0     0                    1638495.5100 1857201.60  13.3%     -   22s
H    0     0                    1642051.5900 1857201.60  13.1%     -   22s
H    0     0                    1650330.7100 1857201.60  12.5%     -   27s
H    0     0                    1650640.4300 1857201.60  12.5%     -   29s
H    0     0                    1651309.4400 1857201.60  12.5%     -   29s
H    0     0                    1652205.3300 1857201.60  12.4%     -   43s
H    0     0                    1653503.8150 1857201.60  12.3%     -   43s
     0     0 1847726.41    0 2307 1653503.81 1847726.41  11.7%     -   46s
H    0     0                    1673288.5500 1847724.60  10.4%     -   48s
H    0     0                    1677765.6900 1847724.60  10.1%     -   48s
H    0     0                    1689384.0550 1847724.60  9.37%     -   51s
H    0     0                    1690133.1100 1847724.60  9.32%     -   51s
H    0     0                    1690613.1100 1847724.60  9.29%     -   51s
H    0     0                    1690809.4400 1847724.60  9.28%     -   53s
H    0     0                    1692875.9500 1847724.60  9.15%     -   53s
H    0     0                    1697712.3000 1847724.60  8.84%     -   56s
H    0     0                    1698896.5950 1845716.02  8.64%     -   58s
H    0     0                    1699459.4850 1845716.02  8.61%     -   58s
H    0     0                    1699475.6850 1845716.02  8.61%     -   58s
H    0     0                    1700435.6850 1845716.02  8.54%     -   58s
     0     0 1845716.02    0 2427 1700435.68 1845716.02  8.54%     -   58s
     0     0 1845231.88    0 2488 1700435.68 1845231.88  8.52%     -   60s
     0     0 1845117.10    0 2497 1700435.68 1845117.10  8.51%     -   61s
     0     0 1845114.72    0 2506 1700435.68 1845114.72  8.51%     -   61s
     0     0 1845114.58    0 2515 1700435.68 1845114.58  8.51%     -   61s
     0     0 1842331.08    0 2503 1700435.68 1842331.08  8.34%     -   66s
H    0     0                    1709136.6800 1842331.08  7.79%     -   67s
     0     0 1841196.06    0 2530 1709136.68 1841196.06  7.73%     -   74s
     0     0 1840851.08    0 2626 1709136.68 1840851.08  7.71%     -   75s
     0     0 1840719.45    0 2679 1709136.68 1840719.45  7.70%     -   77s
     0     0 1840624.07    0 2706 1709136.68 1840624.07  7.69%     -   78s
     0     0 1840588.57    0 2745 1709136.68 1840588.57  7.69%     -   79s
     0     0 1840584.32    0 2766 1709136.68 1840584.32  7.69%     -   80s
     0     0 1838197.85    0 2711 1709136.68 1838197.85  7.55%     -   87s
H    0     0                    1709176.6800 1838197.68  7.55%     -   88s
H    0     0                    1710235.8450 1838197.68  7.48%     -   94s
H    0     0                    1711241.5350 1838197.68  7.42%     -   94s
H    0     0                    1719070.6650 1838197.68  6.93%     -   94s
H    0     0                    1719087.0650 1838197.68  6.93%     -   95s
H    0     0                    1721501.5350 1838197.68  6.78%     -   95s
H    0     0                    1721517.9350 1838197.68  6.78%     -   95s
H    0     0                    1723075.3300 1838197.68  6.68%     -   95s
H    0     0                    1723463.9350 1838197.68  6.66%     -   95s
H    0     0                    1723823.4150 1838197.68  6.63%     -   96s
H    0     0                    1723891.0800 1838197.68  6.63%     -   97s
H    0     0                    1729690.5550 1838197.68  6.27%     -   98s
     0     0 1837517.28    0 2723 1729690.55 1837517.28  6.23%     -  101s
     0     0 1837005.51    0 2814 1729690.55 1837005.51  6.20%     -  103s
     0     0 1836764.29    0 2832 1729690.55 1836764.29  6.19%     -  105s
     0     0 1836691.27    0 2907 1729690.55 1836691.27  6.19%     -  106s
     0     0 1836570.28    0 2922 1729690.55 1836570.28  6.18%     -  108s
     0     0 1836545.67    0 2959 1729690.55 1836545.67  6.18%     -  110s
     0     0 1836525.61    0 2990 1729690.55 1836525.61  6.18%     -  112s
     0     0 1836507.37    0 3028 1729690.55 1836507.37  6.18%     -  112s
     0     0 1836505.16    0 3046 1729690.55 1836505.16  6.18%     -  113s
     0     0 1835959.79    0 2902 1729690.55 1835959.79  6.14%     -  120s
H    0     0                    1733251.3250 1835958.41  5.93%     -  122s
     0     0 1835774.60    0 2894 1733251.32 1835774.60  5.92%     -  131s
     0     0 1835730.88    0 3002 1733251.32 1835730.88  5.91%     -  133s
     0     0 1835688.32    0 3079 1733251.32 1835688.32  5.91%     -  134s
     0     0 1835678.23    0 3091 1733251.32 1835678.23  5.91%     -  135s
H    0     0                    1737166.5350 1835380.35  5.65%     -  139s
H    0     0                    1739234.1850 1835380.35  5.53%     -  139s
H    0     0                    1739634.1850 1835380.35  5.50%     -  139s
     0     0 1835380.35    0 2957 1739634.18 1835380.35  5.50%     -  139s
H    0     0                    1744163.8650 1835379.61  5.23%     -  141s
     0     0 1835295.67    0 2954 1744163.86 1835295.67  5.22%     -  152s
     0     0 1835253.66    0 3021 1744163.86 1835253.66  5.22%     -  153s
     0     0 1835173.89    0 3116 1744163.86 1835173.89  5.22%     -  154s
     0     0 1835166.75    0 3115 1744163.86 1835166.75  5.22%     -  155s
     0     0 1834906.15    0 3106 1744163.86 1834906.15  5.20%     -  157s
H    0     0                    1745453.5600 1834906.08  5.12%     -  161s
     0     0 1834850.48    0 3088 1745453.56 1834850.48  5.12%     -  164s
     0     0 1834818.04    0 3164 1745453.56 1834818.04  5.12%     -  165s
     0     0 1834809.53    0 3199 1745453.56 1834809.53  5.12%     -  166s
     0     0 1834542.23    0 3167 1745453.56 1834542.23  5.10%     -  169s
H    0     0                    1747400.1600 1834479.24  4.98%     -  175s
H    0     0                    1747796.3450 1834479.24  4.96%     -  175s
H    0     0                    1751223.6400 1834479.24  4.75%     -  175s
H    0     0                    1752583.6400 1834479.24  4.67%     -  175s
H    0     0                    1752903.7400 1834479.24  4.65%     -  175s
H    0     0                    1756767.4300 1834479.24  4.42%     -  175s
     0     0 1834479.24    0 3172 1756767.43 1834479.24  4.42%     -  175s
     0     0 1834454.67    0 3251 1756767.43 1834454.67  4.42%     -  176s
     0     0 1834451.37    0 3300 1756767.43 1834451.37  4.42%     -  177s
     0     0 1834237.41    0 3232 1756767.43 1834237.41  4.41%     -  179s
     0     0 1834191.86    0 3256 1756767.43 1834191.86  4.41%     -  185s
     0     0 1834179.22    0 3336 1756767.43 1834179.22  4.41%     -  186s
     0     0 1834047.01    0 3270 1756767.43 1834047.01  4.40%     -  191s
     0     0 1834020.07    0 3312 1756767.43 1834020.07  4.40%     -  195s
     0     0 1833998.20    0 3388 1756767.43 1833998.20  4.40%     -  195s
     0     0 1833994.67    0 3389 1756767.43 1833994.67  4.40%     -  196s
H    0     0                    1757584.0600 1833994.67  4.35%     -  197s
     0     0 1833885.44    0 3355 1757584.06 1833885.44  4.34%     -  199s
     0     0 1833885.44    0 2972 1757584.06 1833885.44  4.34%     -  202s
H    0     0                    1757863.4550 1833885.44  4.32%     -  228s
     3     5 1833885.44    2   50 1757863.46 1833885.44  4.32% 44589  233s
  1145   689 1833756.67    2 2813 1757863.46 1833756.67  4.32%   128  541s
  1151   701 1833701.52    4 3216 1757863.46 1833746.14  4.32%   133  545s
  1169   731 1833687.13    6 3297 1757863.46 1833692.45  4.31%   147  554s
  1189   741 1833661.90    7 3249 1757863.46 1833692.45  4.31%   146  567s
  1199   751 1833678.20    8 3291 1757863.46 1833692.45  4.31%   147  582s
  1209   761 1833432.91    8 3224 1757863.46 1833692.45  4.31%   149  605s
  1219   771 1833678.20    9 3293 1757863.46 1833692.45  4.31%   149  643s
  1229  1171 1833432.91    9 3224 1757863.46 1833692.45  4.31%   151  677s
  1629  1271 1833490.94   36 3185 1757863.46 1833692.45  4.31%   180  738s
H 1729  1271                    1787120.4700 1833692.45  2.61%   174  738s
  2639  3026 1833543.48   43 3241 1787120.47 1833684.06  2.61%   123  920s
  4817  3545 1833670.00   16   48 1787120.47 1833670.00  2.60%   162  925s
  4938  4096 1833276.38  109 3094 1787120.47 1833658.79  2.60%   135 1165s
  5490  4980 1833110.48  133 3096 1787120.47 1833658.79  2.60%   143 1281s
H 6374  4980                    1789765.2350 1833658.79  2.45%   151 1282s
  7787  5443 1832760.86  226 3001 1789765.23 1833621.09  2.45%   128 1360s
  8551  6243 1832616.49  295 2991 1789765.23 1833621.09  2.45%   136 1432s

Cutting planes:
  Cover: 5
  Clique: 1399
  MIR: 246
  Zero half: 392
  Relax-and-lift: 3

Explored 9351 nodes (1401807 simplex iterations) in 1434.22 seconds (765.71 work units)
Thread count was 12 (of 12 available processors)

Solution count 10: 1.78977e+06 1.78712e+06 1.75786e+06 ... 1.7474e+06

Time limit reached
Best objective 1.789765235000e+06, best bound 1.833621086887e+06, gap 2.4504%
