
Gurobi 12.0.1 (win64) logging started Sun Mar 15 21:31:01 2026

Set parameter LogFile to value "logs\full_M_50_restricted_subset15_5it_w_max_cap200_seed42_CG.log"
Gurobi Optimizer version 12.0.1 build v12.0.1rc0 (win64 - Windows 11.0 (26100.2))

CPU model: 13th Gen Intel(R) Core(TM) i7-1355U, instruction set [SSE2|AVX|AVX2]
Thread count: 10 physical cores, 12 logical processors, using up to 12 threads

Non-default parameters:
TimeLimit  2.5870655455589294e+03
FeasibilityTol  1e-09
MIPGap  0.005

Optimize a model with 8368 rows, 119240 columns and 963032 nonzeros
Model fingerprint: 0xce4a7d00
Variable types: 0 continuous, 119240 integer (119070 binary)
Coefficient statistics:
  Matrix range     [4e-01, 1e+02]
  Objective range  [1e-02, 2e+05]
  Bounds range     [1e+00, 3e+00]
  RHS range        [1e+00, 3e+00]
Presolve removed 813 rows and 9533 columns (presolve time = 5s)...
Presolve removed 813 rows and 9533 columns
Presolve time: 6.12s
Presolved: 7555 rows, 109707 columns, 871927 nonzeros
Variable types: 0 continuous, 109707 integer (109701 binary)
Found heuristic solution: objective -3054583.835
Found heuristic solution: objective -2679772.995
Deterministic concurrent LP optimizer: primal simplex, dual simplex, and barrier
Showing barrier log only...

Root barrier log...

Ordering time: 0.08s

Barrier statistics:
 AA' NZ     : 1.427e+05
 Factor NZ  : 2.505e+05 (roughly 50 MB of memory)
 Factor Ops : 9.776e+06 (less than 1 second per iteration)
 Threads    : 8

                  Objective                Residual
Iter       Primal          Dual         Primal    Dual     Compl     Time
   0   6.88446389e+09  6.90504015e+06  7.79e+04 2.55e+03  5.56e+04     8s
   1   2.27833195e+09  1.95084995e+07  2.58e+04 1.27e+03  1.89e+04     8s
   2   3.24753979e+08  2.52078057e+07  3.66e+03 8.77e+02  2.90e+03     8s
   3   1.14391678e+08  2.34243578e+07  1.26e+03 1.06e+02  1.02e+03     8s
   4   4.26391417e+07  1.85085654e+07  4.48e+02 3.09e+01  3.83e+02     8s
   5   2.93175382e+07  1.45465847e+07  2.96e+02 1.20e+01  2.41e+02     8s
   6   8.49909701e+06  1.12788282e+07  6.05e+01 7.34e+00  7.28e+01     8s
   7   4.98931866e+06  7.46384024e+06  2.24e+01 1.22e+00  2.92e+01     8s
   8   3.92870088e+06  6.22757470e+06  1.04e+01 2.37e+00  1.78e+01     9s
   9   3.47281977e+06  4.89701947e+06  4.85e+00 9.27e-01  9.35e+00     9s
  10   3.41372586e+06  4.69739077e+06  3.84e+00 8.69e-01  8.02e+00     9s
  11   3.32915018e+06  4.20255191e+06  2.28e+00 5.85e-01  5.15e+00     9s
  12   3.32708726e+06  4.10866113e+06  2.24e+00 5.27e-01  4.70e+00     9s
  13   3.29952810e+06  3.86291459e+06  1.40e+00 1.23e-01  3.24e+00     9s
  14   3.30046324e+06  3.70394022e+06  9.55e-01 2.62e-01  2.28e+00     9s
  15   3.31795353e+06  3.57355271e+06  7.54e-01 1.46e-01  1.51e+00     9s
  16   3.33110687e+06  3.52009311e+06  5.44e-01 9.11e-02  1.11e+00     9s
  17   3.34533823e+06  3.47732875e+06  3.95e-01 5.84e-02  7.79e-01     9s
  18   3.35609097e+06  3.45464574e+06  2.80e-01 4.20e-02  5.74e-01     9s
  19   3.37110979e+06  3.43571845e+06  1.50e-01 2.31e-02  3.59e-01     9s
  20   3.37768571e+06  3.43098254e+06  1.14e-01 1.91e-02  2.92e-01     9s
  21   3.38403880e+06  3.42302539e+06  7.96e-02 1.21e-02  2.11e-01     9s
  22   3.39142644e+06  3.41415870e+06  4.94e-02 4.65e-03  1.25e-01    10s
  23   3.39640331e+06  3.41042291e+06  3.03e-02 3.54e-03  7.68e-02    10s
  24   3.39912607e+06  3.40831540e+06  2.09e-02 6.96e-04  5.08e-02    10s
  25   3.40144512e+06  3.40758014e+06  1.35e-02 4.16e-04  3.37e-02    10s
  26   3.40309266e+06  3.40685192e+06  8.28e-03 1.88e-04  2.06e-02    10s
  27   3.40430771e+06  3.40652732e+06  4.57e-03 1.17e-04  1.20e-02    10s
  28   3.40501201e+06  3.40624330e+06  2.51e-03 5.65e-05  6.66e-03    10s
  29   3.40540573e+06  3.40612866e+06  1.39e-03 3.41e-05  3.87e-03    10s
  30   3.40562918e+06  3.40601677e+06  7.66e-04 1.34e-05  2.09e-03    10s
  31   3.40575928e+06  3.40598355e+06  4.17e-04 7.66e-06  1.19e-03    10s
  32   3.40584895e+06  3.40595084e+06  1.79e-04 3.17e-06  5.38e-04    10s
  33   3.40587662e+06  3.40593705e+06  1.08e-04 1.35e-06  3.20e-04    10s
  34   3.40590630e+06  3.40592917e+06  3.07e-05 5.59e-07  1.16e-04    10s
  35   3.40591623e+06  3.40592369e+06  8.11e-06 8.26e-08  3.71e-05    10s
  36   3.40591829e+06  3.40592103e+06  3.83e-06 1.07e-08  1.40e-05    10s
  37   3.40591992e+06  3.40592060e+06  3.43e-07 2.27e-12  3.21e-06    10s
  38   3.40592011e+06  3.40592018e+06  6.86e-08 5.93e-12  3.26e-07    10s
  39   3.40592016e+06  3.40592017e+06  7.42e-09 3.64e-12  4.14e-08    11s
  40   3.40592016e+06  3.40592016e+06  1.73e-09 3.64e-12  7.37e-10    11s

Barrier solved model in 40 iterations and 10.57 seconds (5.80 work units)
Optimal objective 3.40592016e+06


Root crossover log...

    1520 DPushes remaining with DInf 0.0000000e+00                11s
       0 DPushes remaining with DInf 0.0000000e+00                11s

   11966 PPushes remaining with PInf 6.0140024e-07                11s
       0 PPushes remaining with PInf 0.0000000e+00                11s

  Push phase complete: Pinf 0.0000000e+00, Dinf 8.1440149e-10     11s


Root simplex log...

Iteration    Objective       Primal Inf.    Dual Inf.      Time
   13404    3.4059202e+06   0.000000e+00   0.000000e+00     11s
Concurrent spin time: 1.23s (can be avoided by choosing Method=3)

Solved with barrier

Root relaxation: objective 3.405920e+06, 13404 iterations, 5.44 seconds (1.78 work units)

    Nodes    |    Current Node    |     Objective Bounds      |     Work
 Expl Unexpl |  Obj  Depth IntInf | Incumbent    BestBd   Gap | It/Node Time

     0     0 3405920.16    0 2514 -2679773.0 3405920.16   227%     -   14s
H    0     0                    695711.15000 3405920.16   390%     -   14s
H    0     0                    706609.90000 3405920.16   382%     -   15s
H    0     0                    2195480.9050 3405920.16  55.1%     -   15s
H    0     0                    2560530.2500 3405920.16  33.0%     -   15s
H    0     0                    2570135.3450 3405920.16  32.5%     -   15s
H    0     0                    2629301.1900 3405920.16  29.5%     -   15s
H    0     0                    2648059.3050 3405920.16  28.6%     -   15s
H    0     0                    2655817.2750 3405920.16  28.2%     -   15s
H    0     0                    2700845.0400 3405920.16  26.1%     -   15s
H    0     0                    2701965.0400 3405920.16  26.1%     -   15s
H    0     0                    2725482.0800 3405920.16  25.0%     -   15s
H    0     0                    2728362.0800 3405920.16  24.8%     -   16s
H    0     0                    3111243.0150 3405920.16  9.47%     -   17s
H    0     0                    3153650.3800 3405920.16  8.00%     -   20s
H    0     0                    3159341.5200 3405920.16  7.80%     -   20s
H    0     0                    3160061.5200 3405920.16  7.78%     -   21s
H    0     0                    3160312.6600 3405920.16  7.77%     -   22s
H    0     0                    3167738.1750 3405920.16  7.52%     -   24s
H    0     0                    3168054.6850 3405920.16  7.51%     -   26s
     0     0 3395744.39    0 2787 3168054.68 3395744.39  7.19%     -   37s
H    0     0                    3197431.7250 3395742.92  6.20%     -   40s
H    0     0                    3213658.7700 3395742.92  5.67%     -   43s
H    0     0                    3214969.5900 3395742.92  5.62%     -   43s
H    0     0                    3215225.1600 3395742.92  5.61%     -   43s
H    0     0                    3218349.6050 3395742.92  5.51%     -   44s
H    0     0                    3231479.1300 3395742.92  5.08%     -   46s
H    0     0                    3231703.7550 3395742.92  5.08%     -   47s
H    0     0                    3232702.4900 3395742.92  5.04%     -   47s
H    0     0                    3233036.3500 3395742.92  5.03%     -   48s
H    0     0                    3233716.3500 3395742.92  5.01%     -   50s
     0     0 3393489.27    0 2856 3233716.35 3393489.27  4.94%     -   54s
     0     0 3392933.06    0 2925 3233716.35 3392933.06  4.92%     -   56s
     0     0 3392816.43    0 2973 3233716.35 3392816.43  4.92%     -   58s
     0     0 3392812.66    0 3021 3233716.35 3392812.66  4.92%     -   59s
     0     0 3392812.63    0 3025 3233716.35 3392812.63  4.92%     -   59s
     0     0 3390338.16    0 2916 3233716.35 3390338.16  4.84%     -   64s
H    0     0                    3243517.5400 3390337.83  4.53%     -   65s
H    0     0                    3247933.2850 3390337.83  4.38%     -   65s
H    0     0                    3248648.0250 3390337.83  4.36%     -   66s
     0     0 3389025.30    0 3047 3248648.02 3389025.30  4.32%     -   69s
     0     0 3388589.38    0 3027 3248648.02 3388589.38  4.31%     -   71s
     0     0 3388475.82    0 3120 3248648.02 3388475.82  4.30%     -   73s
     0     0 3388290.80    0 3210 3248648.02 3388290.80  4.30%     -   74s
     0     0 3388242.71    0 3262 3248648.02 3388242.71  4.30%     -   75s
     0     0 3388234.70    0 3257 3248648.02 3388234.70  4.30%     -   75s
     0     0 3388234.23    0 3280 3248648.02 3388234.23  4.30%     -   75s
     0     0 3386284.36    0 3177 3248648.02 3386284.36  4.24%     -   79s
H    0     0                    3249339.7000 3386284.36  4.21%     -   79s
H    0     0                    3253465.9500 3386284.36  4.08%     -   83s
H    0     0                    3254677.6550 3386284.36  4.04%     -   84s
H    0     0                    3256024.3450 3386284.36  4.00%     -   84s
H    0     0                    3256224.0150 3386284.36  3.99%     -   84s
H    0     0                    3256295.7500 3386284.36  3.99%     -   84s
H    0     0                    3262671.0700 3386284.36  3.79%     -   86s
     0     0 3385434.92    0 3208 3262671.07 3385434.92  3.76%     -   88s
     0     0 3385186.73    0 3218 3262671.07 3385186.73  3.76%     -   91s
     0     0 3385079.98    0 3303 3262671.07 3385079.98  3.75%     -   92s
     0     0 3385028.08    0 3354 3262671.07 3385028.08  3.75%     -   93s
     0     0 3385008.23    0 3372 3262671.07 3385008.23  3.75%     -   94s
     0     0 3385005.97    0 3389 3262671.07 3385005.97  3.75%     -   94s
     0     0 3384012.12    0 3240 3262671.07 3384012.12  3.72%     -   98s
H    0     0                    3265863.8450 3384011.91  3.62%     -  101s
     0     0 3383818.76    0 3217 3265863.84 3383818.76  3.61%     -  103s
     0     0 3383737.20    0 3319 3265863.84 3383737.20  3.61%     -  104s
     0     0 3383726.38    0 3357 3265863.84 3383726.38  3.61%     -  105s
     0     0 3383234.15    0 3355 3265863.84 3383234.15  3.59%     -  109s
     0     0 3383103.45    0 3328 3265863.84 3383103.45  3.59%     -  114s
     0     0 3383018.67    0 3474 3265863.84 3383018.67  3.59%     -  115s
     0     0 3383003.80    0 3518 3265863.84 3383003.80  3.59%     -  115s
     0     0 3382998.82    0 3509 3265863.84 3382998.82  3.59%     -  116s
     0     0 3382534.92    0 3471 3265863.84 3382534.92  3.57%     -  118s
     0     0 3382413.16    0 3487 3265863.84 3382413.16  3.57%     -  122s
     0     0 3382366.35    0 3577 3265863.84 3382366.35  3.57%     -  123s
     0     0 3382358.42    0 3593 3265863.84 3382358.42  3.57%     -  124s
     0     0 3382065.24    0 3481 3265863.84 3382065.24  3.56%     -  126s
     0     0 3381966.14    0 3572 3265863.84 3381966.14  3.56%     -  144s
     0     0 3381950.64    0 3620 3265863.84 3381950.64  3.55%     -  145s
     0     0 3381947.19    0 3683 3265863.84 3381947.19  3.55%     -  145s
     0     0 3381635.00    0 3625 3265863.84 3381635.00  3.54%     -  147s
H    0     0                    3265930.1250 3381632.32  3.54%     -  154s
H    0     0                    3274672.5450 3381632.32  3.27%     -  154s
H    0     0                    3278712.0000 3381632.32  3.14%     -  154s
H    0     0                    3278769.8150 3381632.32  3.14%     -  154s
H    0     0                    3278807.6550 3381632.32  3.14%     -  154s
H    0     0                    3279060.1150 3381632.32  3.13%     -  154s
H    0     0                    3279380.7600 3381632.32  3.12%     -  154s
H    0     0                    3279580.8650 3381632.32  3.11%     -  156s
     0     0 3381541.26    0 3687 3279580.86 3381541.26  3.11%     -  157s
     0     0 3381523.56    0 3749 3279580.86 3381523.56  3.11%     -  157s
     0     0 3381521.66    0 3743 3279580.86 3381521.66  3.11%     -  157s
     0     0 3381287.53    0 3584 3279580.86 3381287.53  3.10%     -  159s
     0     0 3381247.60    0 3599 3279580.86 3381247.60  3.10%     -  163s
     0     0 3381240.58    0 3645 3279580.86 3381240.58  3.10%     -  164s
     0     0 3381128.00    0 3572 3279580.86 3381128.00  3.10%     -  165s
     0     0 3381123.65    0 3316 3279580.86 3381123.65  3.10%     -  168s
H    0     0                    3283267.4750 3381123.65  2.98%     -  182s
H    0     0                    3284613.1050 3381123.65  2.94%     -  182s
H    0     0                    3288696.1900 3381123.65  2.81%     -  182s
H    0     0                    3289095.5300 3381123.65  2.80%     -  182s
H    0     0                    3289329.8750 3381123.65  2.79%     -  182s
H    0     0                    3289550.8700 3381123.65  2.78%     -  182s
H    0     0                    3290403.3200 3381123.65  2.76%     -  183s
     0     2 3381123.65    0 3288 3290403.32 3381123.65  2.76%     -  196s
     3     8 3380961.08    2 3498 3290403.32 3381042.05  2.75%  1816  202s
     7    16 3380893.58    3 3588 3290403.32 3380955.94  2.75%  1498  207s
    15    26 3380863.23    4 3607 3290403.32 3380893.54  2.75%  1208  213s
    25    46 3380858.74    5 3622 3290403.32 3380861.49  2.75%  1061  218s
H   40    46                    3294230.8300 3380861.49  2.63%   695  218s
    45    56 3380700.25    6 3576 3294230.83 3380861.49  2.63%   633  227s
    55    66 3380857.60    7 3620 3294230.83 3380861.49  2.63%   537  232s
    65    76 3380857.55    8 3625 3294230.83 3380861.49  2.63%   471  236s
    75    86 3380826.44    8 3595 3294230.83 3380861.49  2.63%   436  240s
    85    96 3380857.55    9 3626 3294230.83 3380861.49  2.63%   407  249s
    95   106 3380840.24    9 3595 3294230.83 3380861.49  2.63%   380  267s
H  105   182                    3303622.7150 3380861.49  2.34%   349  291s
   181   415 3380819.27   19 3575 3303622.71 3380861.49  2.34%   240  323s
H  414   659                    3310456.3800 3380861.49  2.13%   251  364s
H  479   659                    3311145.5550 3380861.49  2.11%   259  364s
   658  1035 3380615.85   43 3513 3311145.55 3380861.49  2.11%   259  406s
  1034  1531 3380507.57   71 3474 3311145.55 3380861.49  2.11%   246  453s
H 1530  1835                    3312511.9650 3380861.49  2.06%   229  501s
H 1594  1835                    3315218.4750 3380861.49  1.98%   228  501s
H 1748  1835                    3315409.9700 3380861.49  1.97%   228  501s
  1834  2161 3380254.61  132 3406 3315409.97 3380861.49  1.97%   227  539s
H 2160  2384                    3316180.9250 3380861.49  1.95%   230  586s
H 2216  2384                    3319253.1100 3380861.49  1.86%   232  586s
H 2383  2562                    3319258.5700 3380861.49  1.86%   235  629s
H 2481  2562                    3320281.5200 3380861.49  1.82%   233  629s
H 2561  3028                    3320286.9800 3380861.49  1.82%   231  671s
H 3027  3335                    3321858.2550 3380861.49  1.78%   223  722s
H 3046  3335                    3323086.1500 3380861.49  1.74%   224  722s
  3334  3782 3378704.26  216 3291 3323086.15 3380861.49  1.74%   221  760s
  3781  4023 3378267.56  251 3231 3323086.15 3380861.49  1.74%   216  802s
H 3808  4023                    3325460.0750 3380861.49  1.67%   215  802s
H 4022  4431                    3326117.4550 3380861.49  1.65%   209  838s
H 4430  4643                    3327192.3750 3380861.49  1.61%   207  896s
H 4520  4643                    3329018.6000 3380861.49  1.56%   206  896s
  4642  5015 3377720.90  331 3214 3329018.60 3380861.49  1.56%   209  931s
H 5014  5025                    3329123.1200 3380861.49  1.55%   206  977s
H 5016  5025                    3329587.1800 3380861.49  1.54%   206  977s
  5024  5422 3377440.02  351 3146 3329587.18 3380861.49  1.54%   206 1013s
  5421  5961 3377516.07  386 3198 3329587.18 3380861.49  1.54%   206 1049s
  5960  6111 3377379.14  450 3202 3329587.18 3380861.49  1.54%   199 1125s
H 6003  6111                    3330606.0400 3380861.49  1.51%   198 1125s
H 6073  6111                    3331950.4850 3380861.49  1.47%   198 1125s
  6110  6502 3377240.49  469 3233 3331950.48 3380861.49  1.47%   199 1158s
  6501  6876 3376919.81  487 3183 3331950.48 3380861.49  1.47%   197 1192s
  6875  7036 3376631.28  504 3164 3331950.48 3380861.49  1.47%   195 1236s
  7035  7046 3376264.96  518 3180 3331950.48 3380861.49  1.47%   196 1297s
  7045  7297 3375802.53  518 3143 3331950.48 3380861.49  1.47%   196 1336s
H 7219  7297                    3331998.7900 3380861.49  1.47%   195 1336s
  7296  7696 3376018.26  535 3120 3331998.79 3380861.49  1.47%   196 1369s
  7695  8192 3375799.82  570 3116 3331998.79 3380861.49  1.47%   195 1406s
  8192  8193 3376244.66  598 3316 3331998.79 3380861.49  1.47%   192 1461s
  8194  8194 3375316.21  641 2646 3331998.79 3380861.49  1.47%   192 1477s
  8195  8195 3380436.41   60 2508 3331998.79 3380861.49  1.47%   192 1488s
  8196  8196 3377648.82  227 2650 3331998.79 3380861.49  1.47%   192 1495s
  8197  8196 3376288.74  411 2751 3331998.79 3380861.49  1.47%   192 1501s
  8198  8197 3376468.00  619 3031 3331998.79 3380861.49  1.47%   192 1506s
  8200  8198 3378590.45  197 3056 3331998.79 3380861.49  1.47%   192 1514s
  8201  8199 3375406.00  639 3264 3331998.79 3380861.49  1.47%   192 1517s
  8202  8200 3376343.77  578 3171 3331998.79 3380861.49  1.47%   192 1522s
  8204  8201 3378671.40  200 3323 3331998.79 3380861.49  1.47%   192 1528s
  8205  8202 3376081.79  446 3438 3331998.79 3380569.64  1.46%   192 1533s
  8206  8202 3380210.54  110 3473 3331998.79 3380416.76  1.45%   192 1537s
  8207  8203 3375410.91  583 3525 3331998.79 3380366.85  1.45%   192 1540s
  8211  8206 3378108.12  275 3630 3331998.79 3380338.50  1.45%   192 1552s
  8212  8206 3376454.17  496 3380 3331998.79 3378963.43  1.41%   192 1568s
  8213  8207 3378674.47  108 3521 3331998.79 3378674.47  1.40%   192 1571s
  8215  8208 3378263.19  181 3506 3331998.79 3378263.19  1.39%   192 1577s
  8217  8210 3375963.97  451 3504 3331998.79 3378120.13  1.38%   192 1581s
  8219  8211 3377890.18  142 3495 3331998.79 3377890.18  1.38%   192 1589s
H 8219  7800                    3332363.4352 3377858.32  1.37%   192 1592s
  8222  7802 3377764.73  209 3535 3332363.44 3377764.73  1.36%   192 1596s
  8225  7804 3377198.20  472 3588 3332363.44 3377733.25  1.36%   191 1603s
H 8225  7413                    3332449.7452 3377290.87  1.35%   191 1615s
  8226  7414 3377290.73   18 3335 3332449.75 3377290.73  1.35%   191 1638s
  8227  7414 3376510.80  568 3535 3332449.75 3377163.51  1.34%   191 1642s
  8229  7416 3375429.75  629 3451 3332449.75 3376997.97  1.34%   191 1647s
  8231  7417 3376954.33  452 3492 3332449.75 3376954.33  1.34%   191 1651s
  8233  7418 3376882.19   53 3560 3332449.75 3376882.19  1.33%   191 1655s
  8238  7422 3376492.10  375 3656 3332449.75 3376797.07  1.33%   191 1660s
  8240  7423 3376795.12  485 3661 3332449.75 3376795.12  1.33%   191 1666s
  8241  7424 3376633.88  240 3420 3332449.75 3376633.88  1.33%   191 1688s
H 8241  7052                    3332557.5350 3376604.18  1.32%   191 1690s
H 8241  6698                    3332560.2150 3376604.18  1.32%   191 1690s
H 8241  6363                    3333229.8600 3376604.18  1.30%   191 1690s
  8245  6365 3375805.19  546 3660 3333229.86 3376527.31  1.30%   191 1695s
  8248  6367 3376433.18   48 3662 3333229.86 3376433.18  1.30%   191 1700s
  8252  6370 3376397.27  105 3751 3333229.86 3376397.27  1.30%   191 1705s
  8258  6374 3376367.18  107 3749 3333229.86 3376367.18  1.29%   191 1712s
  8259  6375 3376296.58    9 3526 3333229.86 3376296.58  1.29%   191 1746s
H 8259  6055                    3333562.7750 3376283.82  1.28%   191 1750s
H 8259  5751                    3333639.4150 3376283.82  1.28%   191 1751s
H 8259  5462                    3333989.1253 3376283.82  1.27%   191 1751s
  8262  5464 3376250.70  301 3642 3333989.13 3376250.70  1.27%   191 1755s
  8265  5466 3376166.12   24 3644 3333989.13 3376166.12  1.27%   191 1761s
  8266  5466 3376105.25  393 3667 3333989.13 3376105.25  1.26%   191 1765s
  8269  5468 3376067.61  331 3746 3333989.13 3376067.61  1.26%   190 1770s
  8272  5470 3376057.62  208 3822 3333989.13 3376057.62  1.26%   190 1775s
H 8272  5195                    3334080.1353 3376004.27  1.26%   190 1793s
H 8272  4934                    3334160.1353 3376004.27  1.26%   190 1793s
  8273  4935 3376004.27   62 3602 3334160.14 3376004.27  1.26%   190 1822s
  8274  4936 3375999.90  352 3676 3334160.14 3375999.90  1.25%   190 1827s
  8276  4937 3375981.63  401 3751 3334160.14 3375981.63  1.25%   190 1831s
  8279  4939 3375875.90  409 3807 3334160.14 3375875.90  1.25%   190 1837s
  8281  4940 3375864.06  267 3841 3334160.14 3375864.06  1.25%   190 1840s
  8284  4942 3375849.38  185 3891 3334160.14 3375849.38  1.25%   190 1849s
  8285  4943 3375780.49  325 3531 3334160.14 3375780.49  1.25%   190 1895s
  8289  4946 3375749.57  420 3753 3334160.14 3375749.57  1.25%   190 1901s
  8293  4948 3374908.69  691 3817 3334160.14 3375730.35  1.25%   190 1905s
  8294  4949 3375316.21  641 3823 3334160.14 3375729.12  1.25%   190 1910s
  8295  4950 3375699.03   60 3588 3334160.14 3375699.03  1.25%   190 1932s
  8296  4950 3375697.91  227 3734 3334160.14 3375697.91  1.25%   190 1939s
  8297  4951 3375661.28  411 3612 3334160.14 3375661.28  1.24%   190 2052s
H 8297  4702                    3334944.2400 3375650.38  1.22%   190 2059s
  8299  4703 3375644.21  282 3700 3334944.24 3375644.21  1.22%   190 2060s
  8303  4706 3375621.40  104 3879 3334944.24 3375621.40  1.22%   190 2065s
  8307  4709 3375410.91  583 3929 3334944.24 3375601.76  1.22%   190 2074s
  8308  4709 3375590.59  146 3716 3334944.24 3375590.59  1.22%   190 2095s
  8309  4710 3375589.47   37 3809 3334944.24 3375589.47  1.22%   190 2101s
  8310  4711 3375584.21  454 3751 3334944.24 3375584.21  1.22%   190 2120s
H 8310  4473                    3335000.7500 3375581.94  1.22%   190 2123s
H 8310  4248                    3335600.7500 3375581.94  1.20%   190 2123s
  8313  4250 3375575.72  108 3882 3335600.75 3375575.72  1.20%   189 2125s
  8315  4251 3375568.69  181 3906 3335600.75 3375568.69  1.20%   189 2133s
H 8315  4036                    3335646.9505 3375548.93  1.20%   189 2144s
  8316  4037 3375548.87  262 3693 3335646.95 3375548.87  1.20%   189 2162s
  8318  4038 3375540.21   54 3903 3335646.95 3375540.21  1.20%   189 2170s
  8319  4039 3375518.18  142 3680 3335646.95 3375518.18  1.20%   189 2195s
  8321  4040 3375507.90  229 3833 3335646.95 3375507.90  1.19%   189 2200s
  8325  4043 3375494.86  472 3885 3335646.95 3375494.86  1.19%   189 2206s
  8326  4043 3375493.87   18 3907 3335646.95 3375493.87  1.19%   189 2212s
  8327  4044 3375488.69  568 3738 3335646.95 3375488.69  1.19%   189 2248s
  8328  4045 3375487.98  319 3823 3335646.95 3375487.98  1.19%   189 2254s
H 8328  3841                    3336583.7604 3375485.11  1.17%   189 2263s
H 8328  3646                    3336983.7604 3375485.04  1.15%   189 2273s
H 8328  3462                    3337423.7604 3375485.04  1.14%   189 2274s
  8329  3462 3375429.75  629 3760 3337423.76 3375485.04  1.14%   189 2275s
  8330  3463 3375485.00  201 3869 3337423.76 3375485.00  1.14%   189 2281s
  8331  3464 3375476.80  452 3770 3337423.76 3375476.80  1.14%   189 2301s
  8334  3466 3375471.11   11 3948 3337423.76 3375471.11  1.14%   189 2307s
  8335  3466 3375465.76   43 3705 3337423.76 3375465.76  1.14%   189 2325s
  8339  3469 3375454.75  501 4010 3337423.76 3375454.75  1.14%   189 2330s
  8342  3471 3375440.82  275 3810 3337423.76 3375440.82  1.14%   189 2353s
  8343  3472 3375438.50  425 3914 3337423.76 3375438.50  1.14%   189 2355s
  8347  3474 3375429.08  455 4056 3337423.76 3375429.08  1.14%   189 2360s
H 8348  3298                    3338194.0700 3375421.09  1.12%   189 2372s
  8349  3299 3375421.02  590 3831 3338194.07 3375421.02  1.12%   189 2378s
  8350  3299 3375420.20  376 3960 3338194.07 3375420.20  1.12%   189 2383s
  8351  3300 3375417.58  276 3785 3338194.07 3375417.58  1.12%   189 2399s
H 8351  3133                    3339385.3100 3375417.46  1.08%   189 2401s
  8353  3134 3375388.59   79 3723 3339385.31 3375388.59  1.08%   189 2426s
  8354  3135 3375387.96  446 3830 3339385.31 3375387.96  1.08%   189 2432s
  8355  3136 3375384.25  439 3741 3339385.31 3375384.25  1.08%   188 2450s
H 8355  2976                    3339520.9250 3375383.18  1.07%   188 2453s
  8356  2976 3375383.18  577 3842 3339520.92 3375383.18  1.07%   188 2457s
H 8356  2825                    3339546.7350 3375378.51  1.07%   188 2465s
  8357  2826 3375378.36  145 3745 3339546.73 3375378.36  1.07%   188 2476s
  8358  2827 3375378.36  107 3821 3339546.73 3375378.36  1.07%   188 2481s
  8359  2827 3375374.70    9 3788 3339546.73 3375374.70  1.07%   188 2493s
  8362  2831 3375374.70  301 3316 3339546.73 3375374.70  1.07%   248 2495s
  8364  2832 3375374.70  343 2612 3339546.73 3375374.70  1.07%   248 2517s
H 8364  2690                    3339986.7350 3375374.70  1.06%   248 2527s
  8365  2691 3375374.70   24 2525 3339986.73 3375374.70  1.06%   248 2537s
H 8365  2556                    3340188.0450 3375374.70  1.05%   248 2539s
  8366  2557 3375374.70  393 2751 3340188.04 3375374.70  1.05%   248 2540s
  8367  2557 3375374.70   90 2888 3340188.04 3375374.70  1.05%   248 2545s
  8368  2558 3375374.70  600 2882 3340188.04 3375374.70  1.05%   248 2552s
  8369  2559 3375374.70  331 2932 3340188.04 3375374.70  1.05%   247 2555s
  8371  2560 3375374.70  578 3067 3340188.04 3375374.70  1.05%   247 2563s
  8372  2561 3375374.70  208 2966 3340188.04 3375374.70  1.05%   247 2565s
  8374  2562 3375374.70  352 3199 3340188.04 3375374.70  1.05%   247 2570s
  8376  2563 3375374.70  401 3315 3340188.04 3375374.70  1.05%   247 2576s
  8377  2564 3375374.70  372 3344 3340188.04 3375374.70  1.05%   247 2580s

Cutting planes:
  Gomory: 74
  Cover: 12
  Clique: 1393
  MIR: 101
  Mixing: 6
  Flow cover: 269
  GUB cover: 11
  Zero half: 317
  Relax-and-lift: 46

Explored 8378 nodes (2244120 simplex iterations) in 2587.40 seconds (2200.10 work units)
Thread count was 12 (of 12 available processors)

Solution count 10: 3.34019e+06 3.33999e+06 3.33955e+06 ... 3.33565e+06

Time limit reached
Best objective 3.340188045000e+06, best bound 3.375374697846e+06, gap 1.0534%

Gurobi 12.0.1 (win64) logging started Tue Mar 17 00:10:24 2026

Set parameter LogFile to value "logs\full_M_50_restricted_subset15_5it_w_max_cap200_seed42_CG.log"
Gurobi Optimizer version 12.0.1 build v12.0.1rc0 (win64 - Windows 11.0 (26100.2))

CPU model: 13th Gen Intel(R) Core(TM) i7-1355U, instruction set [SSE2|AVX|AVX2]
Thread count: 10 physical cores, 12 logical processors, using up to 12 threads

Non-default parameters:
TimeLimit  3.1827131774425507e+03
FeasibilityTol  1e-09
MIPGap  0.005

Optimize a model with 8368 rows, 118799 columns and 957160 nonzeros
Model fingerprint: 0x3ea12185
Variable types: 0 continuous, 118799 integer (118629 binary)
Coefficient statistics:
  Matrix range     [4e-01, 1e+02]
  Objective range  [1e-02, 2e+05]
  Bounds range     [1e+00, 3e+00]
  RHS range        [1e+00, 3e+00]
Presolve removed 806 rows and 9149 columns
Presolve time: 2.02s
Presolved: 7562 rows, 109650 columns, 870460 nonzeros
Variable types: 0 continuous, 109650 integer (109644 binary)
Found heuristic solution: objective -3076970.705
Found heuristic solution: objective -2660803.245
Deterministic concurrent LP optimizer: primal simplex, dual simplex, and barrier
Showing barrier log only...

Root barrier log...

Ordering time: 0.04s

Barrier statistics:
 AA' NZ     : 1.433e+05
 Factor NZ  : 2.520e+05 (roughly 50 MB of memory)
 Factor Ops : 9.903e+06 (less than 1 second per iteration)
 Threads    : 8

                  Objective                Residual
Iter       Primal          Dual         Primal    Dual     Compl     Time
   0   6.79156411e+09  6.84642488e+06  7.65e+04 2.44e+03  5.35e+04     3s
   1   2.23664941e+09  1.91311155e+07  2.52e+04 1.27e+03  1.81e+04     3s
   2   3.51999569e+08  2.48065033e+07  3.91e+03 7.84e+02  3.02e+03     3s
   3   1.07568556e+08  2.25527369e+07  1.17e+03 9.09e+01  9.25e+02     3s
   4   3.59171967e+07  1.74723337e+07  3.66e+02 2.73e+01  3.15e+02     3s
   5   1.39633671e+07  1.30795537e+07  1.22e+02 1.11e+01  1.19e+02     3s
   6   5.92075283e+06  9.49920114e+06  3.26e+01 5.15e+00  4.56e+01     3s
   7   4.01043207e+06  6.57675257e+06  1.14e+01 2.13e+00  2.01e+01     3s
   8   3.59597538e+06  5.17198485e+06  6.36e+00 8.74e-01  1.12e+01     3s
   9   3.43345660e+06  4.55274210e+06  4.07e+00 6.93e-01  7.41e+00     3s
  10   3.35248227e+06  4.13555088e+06  2.57e+00 4.55e-01  4.92e+00     3s
  11   3.31709063e+06  3.86177888e+06  1.54e+00 3.14e-01  3.25e+00     3s
  12   3.31138029e+06  3.75301003e+06  1.23e+00 2.93e-01  2.61e+00     3s
  13   3.31597938e+06  3.58523271e+06  1.05e+00 1.08e-01  1.73e+00     3s
  14   3.32661602e+06  3.52257220e+06  7.23e-01 8.27e-02  1.23e+00     3s
  15   3.33896207e+06  3.48160111e+06  5.27e-01 4.02e-02  8.96e-01     4s
  16   3.35023636e+06  3.45129881e+06  4.07e-01 2.84e-02  6.50e-01     4s
  17   3.36368158e+06  3.43570352e+06  2.68e-01 2.09e-02  4.52e-01     4s
  18   3.37496219e+06  3.42392269e+06  1.78e-01 1.32e-02  3.05e-01     4s
  19   3.38272915e+06  3.41357920e+06  1.28e-01 6.01e-03  2.00e-01     4s
  20   3.39354651e+06  3.41025598e+06  6.50e-02 4.06e-03  1.06e-01     4s
  21   3.39678454e+06  3.40899000e+06  4.59e-02 3.87e-03  7.65e-02     4s
  22   3.39902991e+06  3.40776197e+06  3.30e-02 2.76e-03  5.48e-02     4s
  23   3.40083019e+06  3.40689620e+06  2.32e-02 1.70e-03  3.82e-02     4s
  24   3.40273779e+06  3.40639948e+06  1.31e-02 7.42e-04  2.26e-02     4s
  25   3.40386252e+06  3.40588302e+06  7.34e-03 3.38e-04  1.25e-02     4s
  26   3.40444984e+06  3.40576495e+06  4.47e-03 2.56e-04  8.01e-03     4s
  27   3.40472624e+06  3.40560782e+06  3.14e-03 1.36e-04  5.43e-03     4s
  28   3.40503965e+06  3.40551005e+06  1.67e-03 5.75e-05  2.90e-03     4s
  29   3.40526406e+06  3.40545942e+06  6.46e-04 4.00e-05  1.18e-03     4s
  30   3.40535044e+06  3.40543055e+06  2.60e-04 8.71e-06  4.82e-04     4s
  31   3.40538536e+06  3.40541862e+06  1.09e-04 2.77e-06  2.00e-04     4s
  32   3.40539735e+06  3.40541376e+06  5.82e-05 6.32e-07  1.01e-04     4s
  33   3.40540842e+06  3.40541247e+06  1.27e-05 1.34e-07  2.41e-05     4s
  34   3.40541089e+06  3.40541193e+06  3.19e-06 1.82e-08  6.15e-06     4s
  35   3.40541168e+06  3.40541183e+06  1.88e-07 7.39e-09  7.80e-07     4s
  36   3.40541174e+06  3.40541175e+06  2.84e-08 2.39e-12  7.36e-08     4s
  37   3.40541175e+06  3.40541175e+06  3.48e-09 1.09e-11  4.72e-10     4s

Barrier solved model in 37 iterations and 4.23 seconds (5.67 work units)
Optimal objective 3.40541175e+06

Concurrent spin time: 0.80s (can be avoided by choosing Method=3)

Solved with barrier

Root simplex log...

Iteration    Objective       Primal Inf.    Dual Inf.      Time
   12837    3.4054118e+06   0.000000e+00   0.000000e+00      5s

Root relaxation: objective 3.405412e+06, 12837 iterations, 2.97 seconds (1.70 work units)

    Nodes    |    Current Node    |     Objective Bounds      |     Work
 Expl Unexpl |  Obj  Depth IntInf | Incumbent    BestBd   Gap | It/Node Time

     0     0 3405411.75    0 2604 -2660803.2 3405411.75   228%     -    6s
H    0     0                    622656.36000 3405411.75   447%     -    6s
H    0     0                    644649.39500 3405411.75   428%     -    6s
H    0     0                    2138671.5950 3405411.75  59.2%     -    6s
H    0     0                    2510442.6750 3405411.75  35.6%     -    6s
H    0     0                    2570680.2800 3405411.75  32.5%     -    6s
H    0     0                    2621705.2750 3405411.75  29.9%     -    6s
H    0     0                    2657261.1200 3405411.75  28.2%     -    6s
H    0     0                    2675558.5700 3405411.75  27.3%     -    6s
H    0     0                    2681163.2500 3405411.75  27.0%     -    6s
H    0     0                    2706619.7300 3405411.75  25.8%     -    6s
H    0     0                    2706899.7300 3405411.75  25.8%     -    6s
H    0     0                    2715744.9000 3405411.75  25.4%     -    6s
H    0     0                    2715784.9000 3405411.75  25.4%     -    7s
H    0     0                    2716143.8900 3405411.75  25.4%     -    7s
H    0     0                    2716183.8900 3405411.75  25.4%     -    7s
H    0     0                    2718083.3850 3405411.75  25.3%     -    7s
H    0     0                    3107376.8750 3405411.75  9.59%     -    8s
H    0     0                    3146933.9750 3405411.75  8.21%     -    9s
H    0     0                    3147853.9750 3405411.75  8.18%     -    9s
H    0     0                    3151798.4050 3405411.75  8.05%     -    9s
H    0     0                    3152118.4050 3405411.75  8.04%     -   10s
H    0     0                    3159442.1750 3405411.75  7.79%     -   10s
H    0     0                    3167268.6450 3405411.75  7.52%     -   10s
H    0     0                    3168028.6450 3405411.75  7.49%     -   11s
H    0     0                    3169765.3550 3405411.75  7.43%     -   13s
H    0     0                    3172342.1150 3405411.75  7.35%     -   13s
     0     0 3396153.01    0 2750 3172342.11 3396153.01  7.06%     -   17s
H    0     0                    3202675.6350 3396153.01  6.04%     -   18s
H    0     0                    3207981.5600 3396153.01  5.87%     -   19s
H    0     0                    3216895.7550 3396153.01  5.57%     -   19s
H    0     0                    3217695.7550 3396153.01  5.55%     -   19s
H    0     0                    3218190.0000 3396153.01  5.53%     -   19s
H    0     0                    3222661.4900 3396153.01  5.38%     -   20s
H    0     0                    3226417.0250 3396153.01  5.26%     -   21s
H    0     0                    3226633.5550 3396153.01  5.25%     -   21s
H    0     0                    3227047.8550 3396153.01  5.24%     -   21s
H    0     0                    3227354.0750 3396153.01  5.23%     -   21s
H    0     0                    3227716.0100 3396153.01  5.22%     -   22s
H    0     0                    3229110.4550 3396153.01  5.17%     -   22s
     0     0 3393071.35    0 2788 3229110.45 3393071.35  5.08%     -   25s
     0     0 3392400.42    0 2884 3229110.45 3392400.42  5.06%     -   26s
     0     0 3392082.83    0 2943 3229110.45 3392082.83  5.05%     -   27s
     0     0 3392081.23    0 2962 3229110.45 3392081.23  5.05%     -   27s
     0     0 3392081.12    0 2967 3229110.45 3392081.12  5.05%     -   27s
     0     0 3389379.96    0 2928 3229110.45 3389379.96  4.96%     -   30s
H    0     0                    3234623.4200 3389379.60  4.78%     -   31s
H    0     0                    3235567.4100 3389379.60  4.75%     -   32s
     0     0 3388058.80    0 2921 3235567.41 3388058.80  4.71%     -   34s
     0     0 3387763.31    0 2953 3235567.41 3387763.31  4.70%     -   35s
     0     0 3387492.09    0 3086 3235567.41 3387492.09  4.70%     -   36s
     0     0 3387414.94    0 3085 3235567.41 3387414.94  4.69%     -   37s
     0     0 3387404.42    0 3101 3235567.41 3387404.42  4.69%     -   38s
     0     0 3387400.21    0 3108 3235567.41 3387400.21  4.69%     -   38s
     0     0 3385869.17    0 3142 3235567.41 3385869.17  4.65%     -   41s
H    0     0                    3240640.8800 3385869.03  4.48%     -   46s
H    0     0                    3242493.3750 3385869.03  4.42%     -   47s
H    0     0                    3252042.2300 3385869.03  4.12%     -   49s
H    0     0                    3254028.0950 3385869.03  4.05%     -   49s
H    0     0                    3254070.5600 3385869.03  4.05%     -   49s
H    0     0                    3255080.8600 3385869.03  4.02%     -   49s
H    0     0                    3267490.3400 3385869.03  3.62%     -   50s
     0     0 3385112.72    0 3183 3267490.34 3385112.72  3.60%     -   52s
     0     0 3384866.71    0 3260 3267490.34 3384866.71  3.59%     -   53s
     0     0 3384725.82    0 3289 3267490.34 3384725.82  3.59%     -   54s
     0     0 3384678.32    0 3335 3267490.34 3384678.32  3.59%     -   54s
     0     0 3384668.50    0 3364 3267490.34 3384668.50  3.59%     -   55s
     0     0 3384667.10    0 3381 3267490.34 3384667.10  3.59%     -   55s
     0     0 3383761.10    0 3281 3267490.34 3383761.10  3.56%     -   59s
H    0     0                    3267690.3400 3383760.64  3.55%     -   60s
     0     0 3383526.72    0 3274 3267690.34 3383526.72  3.54%     -   63s
     0     0 3383481.40    0 3329 3267690.34 3383481.40  3.54%     -   64s
     0     0 3383468.18    0 3371 3267690.34 3383468.18  3.54%     -   64s
     0     0 3383466.27    0 3371 3267690.34 3383466.27  3.54%     -   64s
     0     0 3382985.10    0 3333 3267690.34 3382985.10  3.53%     -   68s
     0     0 3382877.65    0 3410 3267690.34 3382877.65  3.53%     -   74s
     0     0 3382839.22    0 3423 3267690.34 3382839.22  3.52%     -   75s
     0     0 3382831.96    0 3478 3267690.34 3382831.96  3.52%     -   75s
     0     0 3382519.95    0 3421 3267690.34 3382519.95  3.51%     -   78s
     0     0 3382420.68    0 3499 3267690.34 3382420.68  3.51%     -   86s
     0     0 3382403.37    0 3542 3267690.34 3382403.37  3.51%     -   87s
     0     0 3382400.07    0 3562 3267690.34 3382400.07  3.51%     -   87s
     0     0 3382167.64    0 3442 3267690.34 3382167.64  3.50%     -   89s
     0     0 3382103.58    0 3538 3267690.34 3382103.58  3.50%     -  108s
     0     0 3382092.33    0 3534 3267690.34 3382092.33  3.50%     -  109s
     0     0 3381891.56    0 3472 3267690.34 3381891.56  3.49%     -  110s
H    0     0                    3274998.1250 3381891.20  3.26%     -  115s
H    0     0                    3278302.0250 3381891.20  3.16%     -  115s
H    0     0                    3280729.9250 3381891.20  3.08%     -  115s
H    0     0                    3283297.4700 3381891.20  3.00%     -  115s
H    0     0                    3283522.1800 3381891.20  3.00%     -  115s
H    0     0                    3283621.1950 3381891.20  2.99%     -  116s
     0     0 3381848.75    0 3508 3283621.19 3381848.75  2.99%     -  117s
     0     0 3381841.73    0 3529 3283621.19 3381841.73  2.99%     -  117s
     0     0 3381709.81    0 3560 3283621.19 3381709.81  2.99%     -  119s
     0     0 3381684.60    0 3664 3283621.19 3381684.60  2.99%     -  122s
     0     0 3381680.64    0 3683 3283621.19 3381680.64  2.99%     -  122s
     0     0 3381537.27    0 3681 3283621.19 3381537.27  2.98%     -  124s
H    0     0                    3288634.5150 3381537.22  2.82%     -  130s
H    0     0                    3290297.7000 3381537.22  2.77%     -  130s
     0     0 3381505.14    0 3671 3290297.70 3381505.14  2.77%     -  132s
     0     0 3381502.74    0 3695 3290297.70 3381502.74  2.77%     -  132s
     0     0 3381388.71    0 3546 3290297.70 3381388.71  2.77%     -  134s
     0     0 3381388.42    0 3273 3290297.70 3381388.42  2.77%     -  136s
H    0     0                    3290333.4750 3381388.42  2.77%     -  140s
     0     2 3381388.38    0 3240 3290333.47 3381388.38  2.77%     -  159s
     1     4 3381388.38    1 3240 3290333.47 3381388.38  2.77%  4237  161s
     7    16 3381345.87    3 3489 3290333.47 3381374.23  2.77%  1539  169s
    15    26 3381303.45    4 3527 3290333.47 3381344.42  2.77%  1275  175s
    25    46 3381303.41    5 3523 3290333.47 3381303.41  2.76%  1153  181s
H   45    56                    3296958.9950 3381303.41  2.56%   771  188s
H   52    56                    3298356.7000 3381303.41  2.51%   702  188s
    55    79 3381208.12    7 3489 3298356.70 3381303.41  2.51%   698  195s
    78   113 3381245.93    8 3483 3298356.70 3381303.41  2.51%   602  205s
   112   139 3381101.57   11 3410 3298356.70 3381303.41  2.51%   554  218s
   138   149 3381033.07   14 3491 3298356.70 3381303.41  2.51%   549  232s
   148   159 3380911.75   14 3433 3298356.70 3381303.41  2.51%   539  250s
   158   173 3380886.55   15 3444 3298356.70 3381303.41  2.51%   527  264s
H  165   173                    3306506.7750 3381303.41  2.26%   514  264s
   172   252 3380955.61   15 3494 3306506.77 3381303.41  2.26%   532  277s
H  251   356                    3306583.7250 3381303.41  2.26%   484  293s
H  289   356                    3307895.4450 3381303.41  2.22%   454  293s
H  310   356                    3310137.2100 3381303.41  2.15%   443  293s
H  321   356                    3311672.8050 3381303.41  2.10%   431  293s
   355   458 3380751.03   29 3423 3311672.80 3381303.41  2.10%   414  304s
H  457   487                    3311749.7550 3381303.41  2.10%   376  318s
H  459   487                    3317762.7750 3381303.41  1.92%   379  318s
H  466   487                    3318041.6600 3381303.41  1.91%   380  318s
H  470   487                    3318357.9800 3381303.41  1.90%   379  318s
H  480   487                    3318441.5500 3381303.41  1.89%   374  318s
   486   577 3380321.45   39 3337 3318441.55 3381303.41  1.89%   375  327s
   576   626 3380172.99   44 3318 3318441.55 3381303.41  1.89%   352  335s
   625   693 3379948.68   46 3324 3318441.55 3381303.41  1.89%   357  344s
   692   758 3379711.91   47 3283 3318441.55 3381303.41  1.89%   349  352s
   757   813 3379753.82   49 3289 3318441.55 3381303.41  1.89%   345  361s
   812   829 3379620.01   59 3249 3318441.55 3381303.41  1.89%   346  373s
H  813   829                    3320314.2850 3381303.41  1.84%   345  373s
H  814   829                    3323127.6300 3381303.41  1.75%   346  373s
   828   887 3379730.82   60 3292 3323127.63 3381303.41  1.75%   347  382s
   886   942 3379719.85   62 3279 3323127.63 3381303.41  1.75%   345  390s
   941   997 3379679.26   68 3214 3323127.63 3381303.41  1.75%   344  400s
   996  1066 3379674.03   70 3226 3323127.63 3381303.41  1.75%   343  408s
  1065  1140 3379590.46   77 3184 3323127.63 3381303.41  1.75%   336  417s
  1139  1204 3379562.06   80 3174 3323127.63 3381303.41  1.75%   331  427s
  1203  1264 3379562.06   81 3174 3323127.63 3381303.41  1.75%   329  435s
  1263  1274 3378840.91   90 3158 3323127.63 3381303.41  1.75%   327  446s
  1273  1284 3379540.58   90 3190 3323127.63 3381303.41  1.75%   326  456s
H 1278  1284                    3328253.6600 3381303.41  1.59%   327  456s
H 1283  1305                    3329015.7050 3381303.41  1.57%   327  469s
H 1284  1305                    3331224.7350 3381303.41  1.50%   327  469s
H 1286  1305                    3332602.3900 3381303.41  1.46%   327  469s
H 1304  1408                    3332608.4050 3381303.41  1.46%   326  480s
  1407  1499 3379320.58  107 3263 3332608.40 3381303.41  1.46%   319  491s
  1498  1572 3379458.87  108 3272 3332608.40 3381303.41  1.46%   316  502s
  1571  1703 3379446.40  110 3243 3332608.40 3381303.41  1.46%   317  515s
  1702  1845 3379417.88  123 3237 3332608.40 3381303.41  1.46%   310  527s
  1844  1986 3379392.46  128 3257 3332608.40 3381303.41  1.46%   302  540s
H 1985  2049                    3333476.5750 3381303.41  1.43%   294  593s
H 2006  2049                    3334073.7750 3381303.41  1.42%   292  593s
H 2048  2143                    3334316.0750 3381303.41  1.41%   290  607s
  2142  2153 3379320.26  140 3267 3334316.07 3381303.41  1.41%   292  624s
  2152  2163 3379115.15  140 3273 3334316.07 3381303.41  1.41%   292  640s
  2162  2206 3379318.16  141 3273 3334316.07 3381303.41  1.41%   293  657s
  2205  2349 3379282.77  151 3279 3334316.07 3381303.41  1.41%   291  672s
  2348  2573 3379165.34  166 3291 3334316.07 3381303.41  1.41%   288  687s
H 2572  2628                    3335549.6550 3381303.41  1.37%   276  710s
H 2607  2628                    3336326.7700 3381303.41  1.35%   274  710s
  2627  2821 3379024.72  188 3238 3336326.77 3381303.41  1.35%   275  726s
  2820  3079 3378980.71  200 3239 3336326.77 3381303.41  1.35%   269  742s
  3078  3284 3378898.75  213 3252 3336326.77 3381303.41  1.35%   257  760s
  3283  3522 3378833.60  229 3215 3336326.77 3381303.41  1.35%   253  778s
  3521  3702 3378736.81  257 3158 3336326.77 3381303.41  1.35%   248  796s
  3701  3985 3378574.33  272 3148 3336326.77 3381303.41  1.35%   247  814s
  3984  4241 3378524.95  321 3147 3336326.77 3381303.41  1.35%   240  832s
  4240  4251 3378447.88  335 3230 3336326.77 3381303.41  1.35%   236  856s
H 4243  4251                    3337491.8450 3381303.41  1.31%   236  856s
H 4249  4251                    3337645.6150 3381303.41  1.31%   236  856s
H 4250  4466                    3338168.4400 3381303.41  1.29%   236  877s
H 4275  4466                    3338398.2150 3381303.41  1.29%   235  877s
  4465  4746 3378422.63  356 3197 3338398.21 3381303.41  1.29%   234  898s
H 4745  4886                    3338904.5300 3381303.41  1.27%   230  935s
H 4775  4886                    3339280.2600 3381303.41  1.26%   230  935s
  4885  5227 3378084.10  399 3143 3339280.26 3381303.41  1.26%   229  958s
  5226  5401 3378037.90  422 3138 3339280.26 3381303.41  1.26%   224  984s
  5400  5686 3377993.20  437 3141 3339280.26 3381303.41  1.26%   221 1010s
  5685  6073 3377827.55  465 3137 3339280.26 3381303.41  1.26%   217 1035s
  6072  6457 3377636.48  507 3141 3339280.26 3381303.41  1.26%   213 1061s
  6456  6855 3377418.59  555 3146 3339280.26 3381303.41  1.26%   209 1087s
H 6854  6865                    3339859.8250 3381303.41  1.24%   206 1130s
  6864  7084 3377086.57  630 3157 3339859.82 3381303.41  1.24%   206 1160s
  7083  7256 3376962.26  655 3127 3339859.82 3381303.41  1.24%   208 1195s
  7255  7493 3376858.15  687 3105 3339859.82 3381303.41  1.24%   208 1229s
  7492  7848 3376681.45  721 3099 3339859.82 3381303.41  1.24%   208 1259s
  7749  7848 3376949.83  677 3076 3339859.82 3381303.41  1.24%   206 1260s
H 7847  7957                    3339896.3350 3381303.41  1.24%   206 1318s
H 7857  7957                    3341341.0600 3381303.41  1.20%   207 1318s
  7956  8357 3376495.10  758 3094 3341341.06 3381303.41  1.20%   206 1351s
  8357  8358 3379273.83  164 3273 3341341.06 3381303.41  1.20%   204 1397s
  8359  8359 3380357.67   15 2636 3341341.06 3381303.41  1.20%   204 1411s
H 8359  7941                    3341501.6700 3381303.41  1.19%   204 1428s
H 8359  7543                    3341671.5000 3381303.41  1.19%   204 1429s
H 8359  7166                    3341701.6700 3381303.41  1.19%   204 1429s
  8360  7167 3378995.24  332 2483 3341701.67 3381303.41  1.19%   204 1431s
  8361  7168 3380260.31   65 2705 3341701.67 3381303.41  1.19%   204 1437s
  8362  7168 3377725.92  580 2889 3341701.67 3381303.41  1.19%   204 1442s
  8363  7169 3378380.52  272 2849 3341701.67 3381303.41  1.19%   204 1447s
  8364  7170 3377972.87  509 2945 3341701.67 3381303.41  1.19%   204 1451s
  8365  7170 3376223.74  683 3081 3341701.67 3381303.41  1.19%   204 1457s
  8366  7171 3377983.02  442 3152 3341701.67 3381303.41  1.19%   204 1461s
  8368  7172 3378871.22  305 3108 3341701.67 3381303.41  1.19%   204 1467s
  8369  7173 3379033.31  261 3207 3341701.67 3381258.67  1.18%   204 1470s
  8371  7174 3377658.85  403 3406 3341701.67 3380881.03  1.17%   204 1475s
H 8373  6817                    3341733.6450 3380770.70  1.17%   204 1479s
  8374  6817 3379179.16  199 3635 3341733.64 3380770.70  1.17%   204 1480s
H 8375  6477                    3342135.3800 3380769.09  1.16%   204 1486s
H 8375  6153                    3342503.9050 3380769.09  1.14%   204 1486s
H 8376  5846                    3342982.8350 3379779.57  1.10%   204 1502s
  8378  5847 3379531.83  164 3494 3342982.83 3379531.83  1.09%   203 1507s
  8379  5848 3378471.83  413 3457 3342982.83 3379274.54  1.09%   203 1512s
  8380  5848 3378042.75  461 3492 3342982.83 3379146.92  1.08%   203 1516s
  8381  5849 3377757.42  577 3565 3342982.83 3379030.23  1.08%   203 1520s
  8383  5850 3378939.59   91 3590 3342982.83 3378939.59  1.08%   203 1525s
  8386  5852 3378462.05  330 3589 3342982.83 3378842.32  1.07%   203 1531s
  8389  5854 3378247.72  477 3664 3342982.83 3378792.62  1.07%   203 1535s
  8392  5856 3378790.84   91 3682 3342982.83 3378790.84  1.07%   203 1542s
  8393  5857 3378247.86  501 3433 3342982.83 3378248.99  1.05%   203 1571s
  8394  5858 3377764.75  340 3594 3342982.83 3378073.30  1.05%   203 1575s
  8397  5860 3377878.13   13 3509 3342982.83 3377878.13  1.04%   203 1582s
  8398  5860 3376593.58  738 3511 3342982.83 3377853.75  1.04%   203 1585s
  8400  5862 3377779.22  189 3603 3342982.83 3377779.22  1.04%   203 1591s
  8402  5863 3377733.72  328 3642 3342982.83 3377740.55  1.04%   203 1595s
  8405  5865 3377624.91  157 3781 3342982.83 3377624.91  1.04%   203 1601s
  8410  5868 3377605.51  475 3821 3342982.83 3377605.51  1.04%   203 1608s
H 8410  5573                    3343976.3400 3377276.51  1.00%   203 1625s
H 8410  5294                    3344503.3900 3377276.51  0.98%   203 1627s
H 8410  5028                    3344807.4750 3377276.51  0.97%   203 1628s
  8412  5030 3377235.75  442 3661 3344807.47 3377235.75  0.97%   203 1632s
  8414  5031 3376637.70  623 3731 3344807.47 3377159.57  0.97%   203 1635s
  8417  5033 3377095.57  100 3762 3344807.47 3377095.57  0.97%   203 1642s
  8419  5034 3377070.39  503 3834 3344807.47 3377070.39  0.96%   202 1646s
  8421  5036 3377023.39  309 3897 3344807.47 3377023.39  0.96%   202 1651s
  8424  5038 3374553.00  720 3917 3344807.47 3376998.87  0.96%   202 1656s
  8426  5039 3376989.95   81 3904 3344807.47 3376989.95  0.96%   202 1660s
  8428  5040 3376984.88   77 3933 3344807.47 3376984.88  0.96%   202 1668s
  8429  5041 3376937.35  394 3623 3344807.47 3376937.35  0.96%   202 1704s
  8430  5042 3376933.34   26 3751 3344807.47 3376933.34  0.96%   202 1708s
  8431  5042 3376926.25   92 3804 3344807.47 3376926.25  0.96%   202 1710s
  8436  5046 3376831.37  569 3889 3344807.47 3376831.37  0.96%   202 1715s
  8440  5048 3376823.24   67 3977 3344807.47 3376823.24  0.96%   202 1722s
H 8440  4794                    3344959.2950 3376783.06  0.95%   202 1750s
  8442  4796 3376776.40  156 3708 3344959.29 3376776.40  0.95%   202 1755s
  8445  4798 3376727.54  237 3749 3344959.29 3376727.54  0.95%   202 1761s
  8447  4799 3376707.40  496 3804 3344959.29 3376707.40  0.95%   202 1765s
  8452  4802 3376700.32  356 3855 3344959.29 3376700.32  0.95%   202 1772s
  8453  4803 3376669.95   40 3723 3344959.29 3376669.95  0.95%   202 1811s
  8454  4804 3376666.22  335 3797 3344959.29 3376666.22  0.95%   202 1815s
  8457  4806 3376632.21  164 4024 3344959.29 3376632.21  0.95%   202 1821s
  8459  4807 3376615.49   15 4002 3344959.29 3376615.49  0.95%   202 1825s
  8462  4809 3376612.60  580 3987 3344959.29 3376612.60  0.95%   201 1834s
H 8462  4567                    3344995.8050 3376595.11  0.94%   201 1857s
  8464  4568 3376593.61  509 3824 3344995.80 3376593.61  0.94%   201 1860s
  8469  4572 3376569.74  261 4023 3344995.80 3376569.74  0.94%   201 1865s
  8471  4573 3376568.10  403 4005 3344995.80 3376568.10  0.94%   201 1870s
  8472  4574 3376543.09  156 3728 3344995.80 3376543.09  0.94%   201 2080s
  8473  4574 3376539.12  476 3819 3344995.80 3376539.12  0.94%   201 2088s
  8474  4575 3376533.18  199 3885 3344995.80 3376533.18  0.94%   201 2090s
  8477  4577 3376524.66  269 4003 3344995.80 3376524.66  0.94%   201 2095s
  8480  4579 3376523.20  461 4042 3344995.80 3376523.20  0.94%   201 2106s
H 8480  4348                    3345098.0400 3376514.87  0.94%   201 2160s
H 8480  4129                    3345130.1850 3376514.87  0.94%   201 2161s
H 8480  3920                    3345352.9600 3376514.87  0.93%   201 2161s
  8482  3921 3376045.17  582 3983 3345352.96 3376513.88  0.93%   201 2165s
  8485  3923 3376504.37  278 4091 3345352.96 3376504.37  0.93%   201 2171s
  8487  3925 3376503.17  390 4114 3345352.96 3376503.17  0.93%   201 2180s
  8488  3925 3376491.78  225 3852 3345352.96 3376491.78  0.93%   201 2223s
  8489  3926 3376491.78  477 3939 3345352.96 3376491.78  0.93%   201 2233s
H 8489  3728                    3345381.9650 3376483.40  0.93%   201 2286s
  8490  3729 3376483.40  218 3760 3345381.96 3376483.40  0.93%   201 2290s
  8493  3731 3376478.18  501 4001 3345381.96 3376478.18  0.93%   201 2296s
  8495  3732 3376464.89  224 4028 3345381.96 3376464.89  0.93%   201 2301s
  8497  3733 3376460.45   13 4065 3345381.96 3376460.45  0.93%   201 2305s
  8499  3735 3376459.82  642 4084 3345381.96 3376459.82  0.93%   201 2317s
  8500  3735 3376443.54  189 3850 3345381.96 3376443.54  0.93%   201 2360s
  8502  3737 3376438.14  328 4005 3345381.96 3376438.14  0.93%   201 2366s
  8504  3738 3376436.07  212 4069 3345381.96 3376436.07  0.93%   200 2371s
  8505  3739 3376435.79  157 4101 3345381.96 3376435.79  0.93%   200 2379s
H 8505  3549                    3345724.7400 3376429.42  0.92%   200 2414s
  8506  3549 3376429.42   91 3927 3345724.74 3376429.42  0.92%   200 2418s
  8507  3550 3376429.24  697 4002 3345724.74 3376429.24  0.92%   200 2421s
  8508  3551 3376413.02  565 3855 3345724.74 3376413.02  0.92%   200 2437s
  8511  3553 3376402.31  368 4053 3345724.74 3376402.31  0.92%   200 2440s
  8515  3555 3376394.34  166 3892 3345724.74 3376394.34  0.92%   200 2459s
  8516  3556 3376394.08  567 4012 3345724.74 3376394.08  0.92%   200 2462s
  8517  3557 3376389.09  100 3858 3345724.74 3376389.09  0.92%   200 2477s
  8521  3559 3376380.55  309 4058 3345724.74 3376380.55  0.92%   200 2480s
  8523  3561 3376374.68  540 3872 3345724.74 3376374.68  0.92%   200 2499s
  8524  3561 3374553.00  720 3962 3345724.74 3376373.94  0.92%   200 2500s
  8529  3565 3376364.18  394 3943 3345724.74 3376364.18  0.92%   200 2517s
  8530  3565 3376364.18   26 4028 3345724.74 3376364.18  0.92%   200 2520s
  8531  3566 3376357.95   92 3866 3345724.74 3376357.95  0.92%   200 2548s
  8532  3567 3376355.79   41 3947 3345724.74 3376355.79  0.92%   200 2550s
  8537  3570 3376341.63  381 3926 3345724.74 3376341.63  0.92%   200 2569s
  8538  3571 3376341.38  554 4026 3345724.74 3376341.38  0.92%   200 2573s
  8539  3571 3376338.73  309 3896 3345724.74 3376338.73  0.92%   200 2586s
  8544  3575 3376333.05  565 4158 3345724.74 3376333.05  0.91%   200 2592s
  8545  3575 3376320.61  237 3979 3345724.74 3376320.61  0.91%   200 2613s
  8547  3577 3376313.95  496 4153 3345724.74 3376313.95  0.91%   199 2615s
  8552  3580 3376303.91  356 3869 3345724.74 3376303.91  0.91%   199 2630s
  8558  3584 3376297.52  398 4168 3345724.74 3376297.52  0.91%   199 2636s
  8559  3585 3376293.77   15 3877 3345724.74 3376293.77  0.91%   199 2652s
  8560  3585 3376293.68  332 4003 3345724.74 3376293.68  0.91%   199 2655s
  8561  3586 3376289.07   65 3858 3345724.74 3376289.07  0.91%   199 2673s
  8562  3587 3376288.91  580 3978 3345724.74 3376288.91  0.91%   199 2676s
  8563  3587 3376285.39  272 3859 3345724.74 3376285.39  0.91%   199 2691s
  8567  3590 3376280.51  130 4169 3345724.74 3376280.51  0.91%   199 2695s
  8569  3591 3376269.44  261 3915 3345724.74 3376269.44  0.91%   199 2763s
  8570  3592 3376269.43   48 4005 3345724.74 3376269.43  0.91%   199 2766s
  8571  3593 3376264.03  403 3867 3345724.74 3376264.03  0.91%   199 2777s
  8574  3595 3376257.39  199 4128 3345724.74 3376257.39  0.91%   199 2780s
  8577  3597 3376255.72  269 4212 3345724.74 3376255.72  0.91%   199 2785s
  8578  3597 3376252.39  164 3995 3345724.74 3376252.39  0.91%   199 2804s
  8579  3598 3376252.39  413 4084 3345724.74 3376252.39  0.91%   199 2807s
  8580  3599 3376251.45  461 3956 3345724.74 3376251.45  0.91%   199 2825s
  8582  3600 3376045.17  582 3936 3345724.74 3376249.02  0.91%   199 2845s
  8584  3601 3376245.93  424 3917 3345724.74 3376245.93  0.91%   199 2855s
H 8588  3425                    3345724.8550 3376245.93  0.91%   268 2867s
  8589  3425 3376245.93  477 2655 3345724.85 3376245.93  0.91%   268 2872s
H 8589  3254                    3345913.9600 3376245.93  0.91%   268 2884s
H 8589  3091                    3346239.4200 3376245.93  0.90%   268 2884s
  8590  3092 3376245.93  218 2529 3346239.42 3376245.93  0.90%   268 2886s
  8591  3093 3376245.93  164 2694 3346239.42 3376245.93  0.90%   268 2890s
  8593  3094 3376245.93  501 2793 3346239.42 3376245.93  0.90%   268 2899s
  8594  3095 3376245.93  340 2857 3346239.42 3376245.93  0.90%   268 2903s
H 8594  2940                    3346299.6950 3376245.93  0.89%   268 2906s
  8596  2941 3376245.93  201 3011 3346299.69 3376245.93  0.89%   268 2910s
  8598  2942 3376245.93  738 3080 3346299.69 3376245.93  0.89%   268 2918s
  8599  2943 3376245.93  642 3153 3346299.69 3376245.93  0.89%   268 2922s
  8600  2944 3376245.93  189 3208 3346299.69 3376245.93  0.89%   268 2925s
H 8600  2797                    3346871.6000 3376245.93  0.88%   268 2930s
  8603  2799 3376245.93  379 3335 3346871.60 3376245.93  0.88%   267 2937s
  8604  2799 3376245.93  212 3434 3346871.60 3376245.93  0.88%   267 2940s
  8606  2801 3376245.93   91 3528 3346871.60 3376245.93  0.88%   267 2950s
  8607  2801 3376245.92  697 3595 3346871.60 3376245.92  0.88%   267 2955s
  8609  2803 3376245.92  361 3687 3346871.60 3376245.92  0.88%   267 2960s
  8611  2804 3376245.92  368 3783 3346871.60 3376245.92  0.88%   267 2967s
  8612  2805 3376245.92  442 3823 3346871.60 3376245.92  0.88%   267 2970s
  8614  2806 3376197.30  623 3908 3346871.60 3376197.30  0.88%   267 2975s
  8618  2809 3376182.01   81 4074 3346871.60 3376182.01  0.88%   267 2980s
  8619  2809 3376181.98  503 4074 3346871.60 3376181.98  0.88%   267 2986s
H 8619  2668                    3347217.2950 3376049.85  0.86%   267 3006s
  8621  2670 3376003.34  309 3807 3347217.29 3376003.34  0.86%   267 3015s
  8624  2672 3374553.00  720 3996 3347217.29 3375963.96  0.86%   267 3021s
  8626  2673 3375963.01   81 4004 3347217.29 3375963.01  0.86%   267 3027s
  8627  2674 3375883.41  117 3813 3347217.29 3375883.41  0.86%   267 3069s
  8628  2674 3375873.87   77 3882 3347217.29 3375873.87  0.86%   267 3071s
  8632  2677 3375819.81   41 4052 3347217.29 3375819.81  0.85%   267 3075s
  8635  2679 3375818.28  484 4031 3347217.29 3375818.28  0.85%   266 3081s
  8636  2680 3375795.71  569 3917 3347217.29 3375795.71  0.85%   266 3102s
  8638  2681 3375788.43  554 4064 3347217.29 3375788.43  0.85%   266 3105s
  8641  2683 3375783.65  188 4092 3347217.29 3375783.65  0.85%   266 3112s
  8642  2684 3375769.70  156 3955 3347217.29 3375769.70  0.85%   266 3144s
  8643  2684 3375767.91  423 4074 3347217.29 3375767.91  0.85%   266 3147s
  8645  2686 3375766.06  237 4146 3347217.29 3375766.06  0.85%   266 3154s

Cutting planes:
  Gomory: 140
  Cover: 12
  Clique: 1750
  MIR: 138
  Mixing: 2
  Flow cover: 525
  GUB cover: 7
  Zero half: 428
  Relax-and-lift: 64

Explored 8645 nodes (2561532 simplex iterations) in 3183.01 seconds (2654.60 work units)
Thread count was 12 (of 12 available processors)

Solution count 10: 3.34722e+06 3.34687e+06 3.3463e+06 ... 3.34513e+06

Time limit reached
Best objective 3.347217295000e+06, best bound 3.375759150583e+06, gap 0.8527%

Gurobi 12.0.1 (win64) logging started Wed Mar 18 04:29:33 2026

Set parameter LogFile to value "logs\full_M_50_restricted_subset15_5it_w_max_cap200_seed42_CG.log"
Gurobi Optimizer version 12.0.1 build v12.0.1rc0 (win64 - Windows 11.0 (26100.2))

CPU model: 13th Gen Intel(R) Core(TM) i7-1355U, instruction set [SSE2|AVX|AVX2]
Thread count: 10 physical cores, 12 logical processors, using up to 12 threads

Non-default parameters:
TimeLimit  3.1516502273082733e+03
FeasibilityTol  1e-09
MIPGap  0.005

Optimize a model with 8368 rows, 118799 columns and 957160 nonzeros
Model fingerprint: 0x3ea12185
Variable types: 0 continuous, 118799 integer (118629 binary)
Coefficient statistics:
  Matrix range     [4e-01, 1e+02]
  Objective range  [1e-02, 2e+05]
  Bounds range     [1e+00, 3e+00]
  RHS range        [1e+00, 3e+00]
Presolve removed 806 rows and 9149 columns
Presolve time: 2.23s
Presolved: 7562 rows, 109650 columns, 870460 nonzeros
Variable types: 0 continuous, 109650 integer (109644 binary)
Found heuristic solution: objective -3076970.705
Found heuristic solution: objective -2660803.245
Deterministic concurrent LP optimizer: primal simplex, dual simplex, and barrier
Showing barrier log only...

Root barrier log...

Ordering time: 0.02s

Barrier statistics:
 AA' NZ     : 1.433e+05
 Factor NZ  : 2.520e+05 (roughly 50 MB of memory)
 Factor Ops : 9.903e+06 (less than 1 second per iteration)
 Threads    : 8

                  Objective                Residual
Iter       Primal          Dual         Primal    Dual     Compl     Time
   0   6.79156411e+09  6.84642488e+06  7.65e+04 2.44e+03  5.35e+04     3s
   1   2.23664941e+09  1.91311155e+07  2.52e+04 1.27e+03  1.81e+04     3s
   2   3.51999569e+08  2.48065033e+07  3.91e+03 7.84e+02  3.02e+03     3s
   3   1.07568556e+08  2.25527369e+07  1.17e+03 9.09e+01  9.25e+02     3s
   4   3.59171967e+07  1.74723337e+07  3.66e+02 2.73e+01  3.15e+02     3s
   5   1.39633671e+07  1.30795537e+07  1.22e+02 1.11e+01  1.19e+02     3s
   6   5.92075283e+06  9.49920114e+06  3.26e+01 5.15e+00  4.56e+01     3s
   7   4.01043207e+06  6.57675257e+06  1.14e+01 2.13e+00  2.01e+01     3s
   8   3.59597538e+06  5.17198485e+06  6.36e+00 8.74e-01  1.12e+01     3s
   9   3.43345660e+06  4.55274210e+06  4.07e+00 6.93e-01  7.41e+00     3s
  10   3.35248227e+06  4.13555088e+06  2.57e+00 4.55e-01  4.92e+00     4s
  11   3.31709063e+06  3.86177888e+06  1.54e+00 3.14e-01  3.25e+00     4s
  12   3.31138029e+06  3.75301003e+06  1.23e+00 2.93e-01  2.61e+00     4s
  13   3.31597938e+06  3.58523271e+06  1.05e+00 1.08e-01  1.73e+00     4s
  14   3.32661602e+06  3.52257220e+06  7.23e-01 8.27e-02  1.23e+00     4s
  15   3.33896207e+06  3.48160111e+06  5.27e-01 4.02e-02  8.96e-01     4s
  16   3.35023636e+06  3.45129881e+06  4.07e-01 2.84e-02  6.50e-01     4s
  17   3.36368158e+06  3.43570352e+06  2.68e-01 2.09e-02  4.52e-01     4s
  18   3.37496219e+06  3.42392269e+06  1.78e-01 1.32e-02  3.05e-01     4s
  19   3.38272915e+06  3.41357920e+06  1.28e-01 6.01e-03  2.00e-01     4s
  20   3.39354651e+06  3.41025598e+06  6.50e-02 4.06e-03  1.06e-01     4s
  21   3.39678454e+06  3.40899000e+06  4.59e-02 3.87e-03  7.65e-02     4s
  22   3.39902991e+06  3.40776197e+06  3.30e-02 2.76e-03  5.48e-02     4s
  23   3.40083019e+06  3.40689620e+06  2.32e-02 1.70e-03  3.82e-02     4s
  24   3.40273779e+06  3.40639948e+06  1.31e-02 7.42e-04  2.26e-02     4s
  25   3.40386252e+06  3.40588302e+06  7.34e-03 3.38e-04  1.25e-02     4s
  26   3.40444984e+06  3.40576495e+06  4.47e-03 2.56e-04  8.01e-03     4s
  27   3.40472624e+06  3.40560782e+06  3.14e-03 1.36e-04  5.43e-03     4s
  28   3.40503965e+06  3.40551005e+06  1.67e-03 5.75e-05  2.90e-03     4s
  29   3.40526406e+06  3.40545942e+06  6.46e-04 4.00e-05  1.18e-03     4s
  30   3.40535044e+06  3.40543055e+06  2.60e-04 8.71e-06  4.82e-04     4s
  31   3.40538536e+06  3.40541862e+06  1.09e-04 2.77e-06  2.00e-04     4s
  32   3.40539735e+06  3.40541376e+06  5.82e-05 6.32e-07  1.01e-04     4s
  33   3.40540842e+06  3.40541247e+06  1.27e-05 1.34e-07  2.41e-05     4s
  34   3.40541089e+06  3.40541193e+06  3.19e-06 1.82e-08  6.15e-06     4s
  35   3.40541168e+06  3.40541183e+06  1.88e-07 7.39e-09  7.80e-07     4s
  36   3.40541174e+06  3.40541175e+06  2.84e-08 2.39e-12  7.36e-08     4s
  37   3.40541175e+06  3.40541175e+06  3.48e-09 1.09e-11  4.72e-10     5s

Barrier solved model in 37 iterations and 4.52 seconds (5.67 work units)
Optimal objective 3.40541175e+06


Root simplex log...

Iteration    Objective       Primal Inf.    Dual Inf.      Time
   12837    3.4054118e+06   0.000000e+00   0.000000e+00      5s
Concurrent spin time: 0.74s (can be avoided by choosing Method=3)

Solved with barrier

Root relaxation: objective 3.405412e+06, 12837 iterations, 3.05 seconds (1.70 work units)

    Nodes    |    Current Node    |     Objective Bounds      |     Work
 Expl Unexpl |  Obj  Depth IntInf | Incumbent    BestBd   Gap | It/Node Time

     0     0 3405411.75    0 2604 -2660803.2 3405411.75   228%     -    6s
H    0     0                    622656.36000 3405411.75   447%     -    6s
H    0     0                    644649.39500 3405411.75   428%     -    7s
H    0     0                    2138671.5950 3405411.75  59.2%     -    7s
H    0     0                    2510442.6750 3405411.75  35.6%     -    7s
H    0     0                    2570680.2800 3405411.75  32.5%     -    7s
H    0     0                    2621705.2750 3405411.75  29.9%     -    7s
H    0     0                    2657261.1200 3405411.75  28.2%     -    7s
H    0     0                    2675558.5700 3405411.75  27.3%     -    7s
H    0     0                    2681163.2500 3405411.75  27.0%     -    7s
H    0     0                    2706619.7300 3405411.75  25.8%     -    7s
H    0     0                    2706899.7300 3405411.75  25.8%     -    7s
H    0     0                    2715744.9000 3405411.75  25.4%     -    7s
H    0     0                    2715784.9000 3405411.75  25.4%     -    7s
H    0     0                    2716143.8900 3405411.75  25.4%     -    7s
H    0     0                    2716183.8900 3405411.75  25.4%     -    7s
H    0     0                    2718083.3850 3405411.75  25.3%     -    8s
H    0     0                    3107376.8750 3405411.75  9.59%     -    8s
H    0     0                    3146933.9750 3405411.75  8.21%     -   10s
H    0     0                    3147853.9750 3405411.75  8.18%     -   10s
H    0     0                    3151798.4050 3405411.75  8.05%     -   10s
H    0     0                    3152118.4050 3405411.75  8.04%     -   10s
H    0     0                    3159442.1750 3405411.75  7.79%     -   10s
H    0     0                    3167268.6450 3405411.75  7.52%     -   11s
H    0     0                    3168028.6450 3405411.75  7.49%     -   11s
H    0     0                    3169765.3550 3405411.75  7.43%     -   13s
H    0     0                    3172342.1150 3405411.75  7.35%     -   13s
     0     0 3396153.01    0 2750 3172342.11 3396153.01  7.06%     -   18s
H    0     0                    3202675.6350 3396153.01  6.04%     -   19s
H    0     0                    3207981.5600 3396153.01  5.87%     -   20s
H    0     0                    3216895.7550 3396153.01  5.57%     -   20s
H    0     0                    3217695.7550 3396153.01  5.55%     -   20s
H    0     0                    3218190.0000 3396153.01  5.53%     -   20s
H    0     0                    3222661.4900 3396153.01  5.38%     -   21s
H    0     0                    3226417.0250 3396153.01  5.26%     -   21s
H    0     0                    3226633.5550 3396153.01  5.25%     -   21s
H    0     0                    3227047.8550 3396153.01  5.24%     -   22s
H    0     0                    3227354.0750 3396153.01  5.23%     -   22s
H    0     0                    3227716.0100 3396153.01  5.22%     -   23s
H    0     0                    3229110.4550 3396153.01  5.17%     -   23s
     0     0 3393071.35    0 2788 3229110.45 3393071.35  5.08%     -   26s
     0     0 3392400.42    0 2884 3229110.45 3392400.42  5.06%     -   27s
     0     0 3392082.83    0 2943 3229110.45 3392082.83  5.05%     -   28s
     0     0 3392081.23    0 2962 3229110.45 3392081.23  5.05%     -   28s
     0     0 3392081.12    0 2967 3229110.45 3392081.12  5.05%     -   28s
     0     0 3389379.96    0 2928 3229110.45 3389379.96  4.96%     -   31s
H    0     0                    3234623.4200 3389379.60  4.78%     -   32s
H    0     0                    3235567.4100 3389379.60  4.75%     -   33s
     0     0 3388058.80    0 2921 3235567.41 3388058.80  4.71%     -   35s
     0     0 3387763.31    0 2953 3235567.41 3387763.31  4.70%     -   37s
     0     0 3387492.09    0 3086 3235567.41 3387492.09  4.70%     -   38s
     0     0 3387414.94    0 3085 3235567.41 3387414.94  4.69%     -   39s
     0     0 3387404.42    0 3101 3235567.41 3387404.42  4.69%     -   39s
     0     0 3387400.21    0 3108 3235567.41 3387400.21  4.69%     -   39s
     0     0 3385869.17    0 3142 3235567.41 3385869.17  4.65%     -   43s
H    0     0                    3240640.8800 3385869.03  4.48%     -   48s
H    0     0                    3242493.3750 3385869.03  4.42%     -   48s
H    0     0                    3252042.2300 3385869.03  4.12%     -   50s
H    0     0                    3254028.0950 3385869.03  4.05%     -   50s
H    0     0                    3254070.5600 3385869.03  4.05%     -   50s
H    0     0                    3255080.8600 3385869.03  4.02%     -   50s
H    0     0                    3267490.3400 3385869.03  3.62%     -   51s
     0     0 3385112.72    0 3183 3267490.34 3385112.72  3.60%     -   53s
     0     0 3384866.71    0 3260 3267490.34 3384866.71  3.59%     -   54s
     0     0 3384725.82    0 3289 3267490.34 3384725.82  3.59%     -   55s
     0     0 3384678.32    0 3335 3267490.34 3384678.32  3.59%     -   56s
     0     0 3384668.50    0 3364 3267490.34 3384668.50  3.59%     -   56s
     0     0 3384667.10    0 3381 3267490.34 3384667.10  3.59%     -   56s
     0     0 3383761.10    0 3281 3267490.34 3383761.10  3.56%     -   60s
H    0     0                    3267690.3400 3383760.64  3.55%     -   62s
     0     0 3383526.72    0 3274 3267690.34 3383526.72  3.54%     -   64s
     0     0 3383481.40    0 3329 3267690.34 3383481.40  3.54%     -   64s
     0     0 3383468.18    0 3371 3267690.34 3383468.18  3.54%     -   65s
     0     0 3383466.27    0 3371 3267690.34 3383466.27  3.54%     -   65s
     0     0 3382985.10    0 3333 3267690.34 3382985.10  3.53%     -   68s
     0     0 3382877.65    0 3410 3267690.34 3382877.65  3.53%     -   74s
     0     0 3382839.22    0 3423 3267690.34 3382839.22  3.52%     -   75s
     0     0 3382831.96    0 3478 3267690.34 3382831.96  3.52%     -   75s
     0     0 3382519.95    0 3421 3267690.34 3382519.95  3.51%     -   78s
     0     0 3382420.68    0 3499 3267690.34 3382420.68  3.51%     -   84s
     0     0 3382403.37    0 3542 3267690.34 3382403.37  3.51%     -   85s
     0     0 3382400.07    0 3562 3267690.34 3382400.07  3.51%     -   86s
     0     0 3382167.64    0 3442 3267690.34 3382167.64  3.50%     -   88s
     0     0 3382103.58    0 3538 3267690.34 3382103.58  3.50%     -  105s
     0     0 3382092.33    0 3534 3267690.34 3382092.33  3.50%     -  106s
     0     0 3381891.56    0 3472 3267690.34 3381891.56  3.49%     -  108s
H    0     0                    3274998.1250 3381891.20  3.26%     -  112s
H    0     0                    3278302.0250 3381891.20  3.16%     -  112s
H    0     0                    3280729.9250 3381891.20  3.08%     -  112s
H    0     0                    3283297.4700 3381891.20  3.00%     -  112s
H    0     0                    3283522.1800 3381891.20  3.00%     -  112s
H    0     0                    3283621.1950 3381891.20  2.99%     -  113s
     0     0 3381848.75    0 3508 3283621.19 3381848.75  2.99%     -  113s
     0     0 3381841.73    0 3529 3283621.19 3381841.73  2.99%     -  114s
     0     0 3381709.81    0 3560 3283621.19 3381709.81  2.99%     -  116s
     0     0 3381684.60    0 3664 3283621.19 3381684.60  2.99%     -  119s
     0     0 3381680.64    0 3683 3283621.19 3381680.64  2.99%     -  119s
     0     0 3381537.27    0 3681 3283621.19 3381537.27  2.98%     -  121s
H    0     0                    3288634.5150 3381537.22  2.82%     -  127s
H    0     0                    3290297.7000 3381537.22  2.77%     -  127s
     0     0 3381505.14    0 3671 3290297.70 3381505.14  2.77%     -  129s
     0     0 3381502.74    0 3695 3290297.70 3381502.74  2.77%     -  129s
     0     0 3381388.71    0 3546 3290297.70 3381388.71  2.77%     -  130s
     0     0 3381388.42    0 3273 3290297.70 3381388.42  2.77%     -  133s
H    0     0                    3290333.4750 3381388.42  2.77%     -  137s
     0     2 3381388.38    0 3240 3290333.47 3381388.38  2.77%     -  154s
     1     4 3381388.38    1 3240 3290333.47 3381388.38  2.77%  4237  157s
     3     8 3381374.91    2 3425 3290333.47 3381387.68  2.77%  2091  160s
     7    16 3381345.87    3 3489 3290333.47 3381374.23  2.77%  1539  165s
    15    26 3381303.45    4 3527 3290333.47 3381344.42  2.77%  1275  170s
    25    46 3381303.41    5 3523 3290333.47 3381303.41  2.76%  1153  176s
H   45    56                    3296958.9950 3381303.41  2.56%   771  181s
H   52    56                    3298356.7000 3381303.41  2.51%   702  181s
    55    79 3381208.12    7 3489 3298356.70 3381303.41  2.51%   698  187s
    78   113 3381245.93    8 3483 3298356.70 3381303.41  2.51%   602  197s
   112   139 3381101.57   11 3410 3298356.70 3381303.41  2.51%   554  209s
   138   149 3381033.07   14 3491 3298356.70 3381303.41  2.51%   549  222s
   148   159 3380911.75   14 3433 3298356.70 3381303.41  2.51%   539  239s
   158   173 3380886.55   15 3444 3298356.70 3381303.41  2.51%   527  252s
H  165   173                    3306506.7750 3381303.41  2.26%   514  252s
   172   252 3380955.61   15 3494 3306506.77 3381303.41  2.26%   532  265s
H  251   356                    3306583.7250 3381303.41  2.26%   484  280s
H  289   356                    3307895.4450 3381303.41  2.22%   454  280s
H  310   356                    3310137.2100 3381303.41  2.15%   443  280s
H  321   356                    3311672.8050 3381303.41  2.10%   431  280s
   355   458 3380751.03   29 3423 3311672.80 3381303.41  2.10%   414  291s
H  457   487                    3311749.7550 3381303.41  2.10%   376  306s
H  459   487                    3317762.7750 3381303.41  1.92%   379  306s
H  466   487                    3318041.6600 3381303.41  1.91%   380  306s
H  470   487                    3318357.9800 3381303.41  1.90%   379  307s
H  480   487                    3318441.5500 3381303.41  1.89%   374  307s
   486   577 3380321.45   39 3337 3318441.55 3381303.41  1.89%   375  316s
   576   626 3380172.99   44 3318 3318441.55 3381303.41  1.89%   352  325s
   625   693 3379948.68   46 3324 3318441.55 3381303.41  1.89%   357  333s
   692   758 3379711.91   47 3283 3318441.55 3381303.41  1.89%   349  341s
   757   813 3379753.82   49 3289 3318441.55 3381303.41  1.89%   345  351s
   812   829 3379620.01   59 3249 3318441.55 3381303.41  1.89%   346  365s
H  813   829                    3320314.2850 3381303.41  1.84%   345  365s
H  814   829                    3323127.6300 3381303.41  1.75%   346  365s
   828   887 3379730.82   60 3292 3323127.63 3381303.41  1.75%   347  373s
   886   942 3379719.85   62 3279 3323127.63 3381303.41  1.75%   345  382s
   941   997 3379679.26   68 3214 3323127.63 3381303.41  1.75%   344  392s
   996  1066 3379674.03   70 3226 3323127.63 3381303.41  1.75%   343  401s
  1065  1140 3379590.46   77 3184 3323127.63 3381303.41  1.75%   336  411s
  1139  1204 3379562.06   80 3174 3323127.63 3381303.41  1.75%   331  421s
  1203  1264 3379562.06   81 3174 3323127.63 3381303.41  1.75%   329  429s
  1263  1274 3378840.91   90 3158 3323127.63 3381303.41  1.75%   327  441s
  1273  1284 3379540.58   90 3190 3323127.63 3381303.41  1.75%   326  453s
H 1278  1284                    3328253.6600 3381303.41  1.59%   327  453s
H 1283  1305                    3329015.7050 3381303.41  1.57%   327  466s
H 1284  1305                    3331224.7350 3381303.41  1.50%   327  466s
H 1286  1305                    3332602.3900 3381303.41  1.46%   327  466s
H 1304  1408                    3332608.4050 3381303.41  1.46%   326  478s
  1407  1499 3379320.58  107 3263 3332608.40 3381303.41  1.46%   319  490s
  1498  1572 3379458.87  108 3272 3332608.40 3381303.41  1.46%   316  501s
  1571  1703 3379446.40  110 3243 3332608.40 3381303.41  1.46%   317  515s
  1702  1845 3379417.88  123 3237 3332608.40 3381303.41  1.46%   310  528s
  1844  1986 3379392.46  128 3257 3332608.40 3381303.41  1.46%   302  542s
H 1985  2049                    3333476.5750 3381303.41  1.43%   294  598s
H 2006  2049                    3334073.7750 3381303.41  1.42%   292  598s
H 2048  2143                    3334316.0750 3381303.41  1.41%   290  611s
  2142  2153 3379320.26  140 3267 3334316.07 3381303.41  1.41%   292  629s
  2152  2163 3379115.15  140 3273 3334316.07 3381303.41  1.41%   292  645s
  2162  2206 3379318.16  141 3273 3334316.07 3381303.41  1.41%   293  663s
  2205  2349 3379282.77  151 3279 3334316.07 3381303.41  1.41%   291  679s
  2348  2573 3379165.34  166 3291 3334316.07 3381303.41  1.41%   288  695s
H 2572  2628                    3335549.6550 3381303.41  1.37%   276  720s
H 2607  2628                    3336326.7700 3381303.41  1.35%   274  720s
  2627  2821 3379024.72  188 3238 3336326.77 3381303.41  1.35%   275  736s
  2820  3079 3378980.71  200 3239 3336326.77 3381303.41  1.35%   269  754s
  3078  3284 3378898.75  213 3252 3336326.77 3381303.41  1.35%   257  773s
  3283  3522 3378833.60  229 3215 3336326.77 3381303.41  1.35%   253  792s
  3521  3702 3378736.81  257 3158 3336326.77 3381303.41  1.35%   248  811s
  3701  3985 3378574.33  272 3148 3336326.77 3381303.41  1.35%   247  830s
  3984  4241 3378524.95  321 3147 3336326.77 3381303.41  1.35%   240  849s
  4240  4251 3378447.88  335 3230 3336326.77 3381303.41  1.35%   236  874s
H 4243  4251                    3337491.8450 3381303.41  1.31%   236  874s
H 4249  4251                    3337645.6150 3381303.41  1.31%   236  874s
H 4250  4466                    3338168.4400 3381303.41  1.29%   236  897s
H 4275  4466                    3338398.2150 3381303.41  1.29%   235  897s
  4465  4746 3378422.63  356 3197 3338398.21 3381303.41  1.29%   234  919s
H 4745  4886                    3338904.5300 3381303.41  1.27%   230  961s
H 4775  4886                    3339280.2600 3381303.41  1.26%   230  961s
  4885  5227 3378084.10  399 3143 3339280.26 3381303.41  1.26%   229  984s
  5226  5401 3378037.90  422 3138 3339280.26 3381303.41  1.26%   224 1012s
  5400  5686 3377993.20  437 3141 3339280.26 3381303.41  1.26%   221 1040s
  5685  6073 3377827.55  465 3137 3339280.26 3381303.41  1.26%   217 1067s
  6072  6457 3377636.48  507 3141 3339280.26 3381303.41  1.26%   213 1095s
  6456  6855 3377418.59  555 3146 3339280.26 3381303.41  1.26%   209 1123s
H 6854  6865                    3339859.8250 3381303.41  1.24%   206 1169s
  6864  7084 3377086.57  630 3157 3339859.82 3381303.41  1.24%   206 1200s
  7083  7256 3376962.26  655 3127 3339859.82 3381303.41  1.24%   208 1239s
  7255  7493 3376858.15  687 3105 3339859.82 3381303.41  1.24%   208 1277s
  7492  7848 3376681.45  721 3099 3339859.82 3381303.41  1.24%   208 1310s
H 7847  7957                    3339896.3350 3381303.41  1.24%   206 1372s
H 7857  7957                    3341341.0600 3381303.41  1.20%   207 1372s
  7956  8357 3376495.10  758 3094 3341341.06 3381303.41  1.20%   206 1406s
  8357  8358 3379273.83  164 3273 3341341.06 3381303.41  1.20%   204 1454s
  8359  8359 3380357.67   15 2636 3341341.06 3381303.41  1.20%   204 1467s
H 8359  7941                    3341501.6700 3381303.41  1.19%   204 1484s
H 8359  7543                    3341671.5000 3381303.41  1.19%   204 1484s
H 8359  7166                    3341701.6700 3381303.41  1.19%   204 1484s
  8360  7167 3378995.24  332 2483 3341701.67 3381303.41  1.19%   204 1486s
  8361  7168 3380260.31   65 2705 3341701.67 3381303.41  1.19%   204 1492s
  8362  7168 3377725.92  580 2889 3341701.67 3381303.41  1.19%   204 1497s
  8363  7169 3378380.52  272 2849 3341701.67 3381303.41  1.19%   204 1501s
  8364  7170 3377972.87  509 2945 3341701.67 3381303.41  1.19%   204 1505s
  8365  7170 3376223.74  683 3081 3341701.67 3381303.41  1.19%   204 1511s
  8366  7171 3377983.02  442 3152 3341701.67 3381303.41  1.19%   204 1515s
  8368  7172 3378871.22  305 3108 3341701.67 3381303.41  1.19%   204 1521s
  8370  7174 3380438.59   48 3309 3341701.67 3381081.33  1.18%   204 1526s
  8372  7175 3378585.39  156 3500 3341701.67 3380794.35  1.17%   204 1531s
H 8373  6817                    3341733.6450 3380770.70  1.17%   204 1534s
  8374  6817 3379179.16  199 3635 3341733.64 3380770.70  1.17%   204 1535s
H 8375  6477                    3342135.3800 3380769.09  1.16%   204 1541s
H 8375  6153                    3342503.9050 3380769.09  1.14%   204 1541s
H 8376  5846                    3342982.8350 3379779.57  1.10%   204 1558s
  8377  5846 3379293.18  269 3490 3342982.83 3379779.57  1.10%   204 1560s
  8379  5848 3378471.83  413 3457 3342982.83 3379274.54  1.09%   203 1569s
  8380  5848 3378042.75  461 3492 3342982.83 3379146.92  1.08%   203 1574s
  8381  5849 3377757.42  577 3565 3342982.83 3379030.23  1.08%   203 1578s
  8382  5850 3376045.17  582 3568 3342982.83 3378972.28  1.08%   203 1581s
  8384  5851 3378358.76  424 3594 3342982.83 3378911.53  1.07%   203 1586s
  8387  5853 3377677.76  390 3648 3342982.83 3378825.79  1.07%   203 1592s
  8390  5855 3378791.50  218 3679 3342982.83 3378791.50  1.07%   203 1595s
  8392  5856 3378790.84   91 3682 3342982.83 3378790.84  1.07%   203 1602s
  8393  5857 3378247.86  501 3433 3342982.83 3378248.99  1.05%   203 1633s
  8394  5858 3377764.75  340 3594 3342982.83 3378073.30  1.05%   203 1638s
  8395  5858 3377980.65  224 3516 3342982.83 3377980.65  1.05%   203 1641s
  8397  5860 3377878.13   13 3509 3342982.83 3377878.13  1.04%   203 1647s
  8398  5860 3376593.58  738 3511 3342982.83 3377853.75  1.04%   203 1650s
  8400  5862 3377779.22  189 3603 3342982.83 3377779.22  1.04%   203 1656s
  8402  5863 3377733.72  328 3642 3342982.83 3377740.55  1.04%   203 1661s
  8405  5865 3377624.91  157 3781 3342982.83 3377624.91  1.04%   203 1667s
  8409  5868 3377605.78  361 3810 3342982.83 3377605.78  1.04%   203 1670s
  8410  5868 3377605.51  475 3821 3342982.83 3377605.51  1.04%   203 1675s
H 8410  5573                    3343976.3400 3377276.51  1.00%   203 1696s
H 8410  5294                    3344503.3900 3377276.51  0.98%   203 1698s
H 8410  5028                    3344807.4750 3377276.51  0.97%   203 1699s
  8411  5029 3377276.51  368 3524 3344807.47 3377276.51  0.97%   203 1701s
  8413  5030 3377181.06  434 3667 3344807.47 3377181.06  0.97%   203 1706s
  8416  5032 3376540.63  567 3748 3344807.47 3377111.35  0.97%   203 1711s
  8418  5034 3377089.31   81 3777 3344807.47 3377089.31  0.97%   203 1715s
  8420  5035 3377030.98  109 3921 3344807.47 3377030.98  0.96%   202 1722s
  8422  5036 3377011.74  156 3893 3344807.47 3377011.74  0.96%   202 1725s
  8425  5038 3376076.25  566 3912 3344807.47 3376995.34  0.96%   202 1732s
  8427  5040 3376985.11  117 3909 3344807.47 3376985.11  0.96%   202 1735s
  8428  5040 3376984.88   77 3933 3344807.47 3376984.88  0.96%   202 1743s
  8429  5041 3376937.35  394 3623 3344807.47 3376937.35  0.96%   202 1780s
  8430  5042 3376933.34   26 3751 3344807.47 3376933.34  0.96%   202 1785s
  8434  5044 3376497.62  542 3863 3344807.47 3376855.79  0.96%   202 1790s
  8439  5048 3376823.55  309 3964 3344807.47 3376823.55  0.96%   202 1795s
  8440  5048 3376823.24   67 3977 3344807.47 3376823.24  0.96%   202 1801s
H 8440  4794                    3344959.2950 3376783.06  0.95%   202 1830s
  8442  4796 3376776.40  156 3708 3344959.29 3376776.40  0.95%   202 1835s
  8445  4798 3376727.54  237 3749 3344959.29 3376727.54  0.95%   202 1841s
  8447  4799 3376707.40  496 3804 3344959.29 3376707.40  0.95%   202 1845s
  8452  4802 3376700.32  356 3855 3344959.29 3376700.32  0.95%   202 1854s
  8453  4803 3376669.95   40 3723 3344959.29 3376669.95  0.95%   202 1896s
  8454  4804 3376666.22  335 3797 3344959.29 3376666.22  0.95%   202 1901s
  8456  4805 3376642.68  289 3969 3344959.29 3376642.68  0.95%   202 1906s
  8458  4806 3376620.01  398 3945 3344959.29 3376620.01  0.95%   202 1911s
  8462  4809 3376612.60  580 3987 3344959.29 3376612.60  0.95%   201 1921s
H 8462  4567                    3344995.8050 3376595.11  0.94%   201 1948s
  8463  4568 3376595.11  272 3708 3344995.80 3376595.11  0.94%   201 1950s
  8467  4570 3376582.50  130 3975 3344995.80 3376582.50  0.94%   201 1955s
  8471  4573 3376568.10  403 4005 3344995.80 3376568.10  0.94%   201 1962s
  8472  4574 3376543.09  156 3728 3344995.80 3376543.09  0.94%   201 2089s
  8473  4574 3376539.12  476 3819 3344995.80 3376539.12  0.94%   201 2092s
  8477  4577 3376524.66  269 4003 3344995.80 3376524.66  0.94%   201 2095s
  8480  4579 3376523.20  461 4042 3344995.80 3376523.20  0.94%   201 2101s
H 8480  4348                    3345098.0400 3376514.87  0.94%   201 2133s
H 8480  4129                    3345130.1850 3376514.87  0.94%   201 2134s
H 8480  3920                    3345352.9600 3376514.87  0.93%   201 2134s
  8481  3921 3376514.87  577 3873 3345352.96 3376514.87  0.93%   201 2136s
  8485  3923 3376504.37  278 4091 3345352.96 3376504.37  0.93%   201 2140s
  8487  3925 3376503.17  390 4114 3345352.96 3376503.17  0.93%   201 2145s
  8488  3925 3376491.78  225 3852 3345352.96 3376491.78  0.93%   201 2170s
  8489  3926 3376491.78  477 3939 3345352.96 3376491.78  0.93%   201 2175s
H 8489  3728                    3345381.9650 3376483.40  0.93%   201 2206s
  8491  3729 3376482.54  164 3854 3345381.96 3376482.54  0.93%   201 2211s
  8495  3732 3376464.89  224 4028 3345381.96 3376464.89  0.93%   201 2216s
  8499  3735 3376459.82  642 4084 3345381.96 3376459.82  0.93%   201 2224s
  8500  3735 3376443.54  189 3850 3345381.96 3376443.54  0.93%   201 2249s
  8501  3736 3376440.69  371 3966 3345381.96 3376440.69  0.93%   201 2251s
  8504  3738 3376436.07  212 4069 3345381.96 3376436.07  0.93%   200 2255s
  8505  3739 3376435.79  157 4101 3345381.96 3376435.79  0.93%   200 2260s
H 8505  3549                    3345724.7400 3376429.42  0.92%   200 2297s
  8506  3549 3376429.42   91 3927 3345724.74 3376429.42  0.92%   200 2302s
  8507  3550 3376429.24  697 4002 3345724.74 3376429.24  0.92%   200 2306s
  8508  3551 3376413.02  565 3855 3345724.74 3376413.02  0.92%   200 2328s
  8510  3552 3376410.30  475 4010 3345724.74 3376410.30  0.92%   200 2330s
  8514  3555 3376399.71  623 4141 3345724.74 3376399.71  0.92%   200 2335s
  8515  3555 3376394.34  166 3892 3345724.74 3376394.34  0.92%   200 2355s
  8517  3557 3376389.09  100 3858 3345724.74 3376389.09  0.92%   200 2376s
  8521  3559 3376380.55  309 4058 3345724.74 3376380.55  0.92%   200 2380s
  8523  3561 3376374.68  540 3872 3345724.74 3376374.68  0.92%   200 2401s
  8528  3564 3376371.03   77 4099 3345724.74 3376371.03  0.92%   200 2407s
  8529  3565 3376364.18  394 3943 3345724.74 3376364.18  0.92%   200 2424s
  8530  3565 3376364.18   26 4028 3345724.74 3376364.18  0.92%   200 2426s
  8531  3566 3376357.95   92 3866 3345724.74 3376357.95  0.92%   200 2458s
  8533  3567 3376351.58   43 4037 3345724.74 3376351.58  0.92%   200 2460s
  8536  3569 3376349.71  569 4107 3345724.74 3376349.71  0.92%   200 2465s
  8537  3570 3376341.63  381 3926 3345724.74 3376341.63  0.92%   200 2483s
  8538  3571 3376341.38  554 4026 3345724.74 3376341.38  0.92%   200 2487s
  8539  3571 3376338.73  309 3896 3345724.74 3376338.73  0.92%   200 2504s
  8540  3572 3376337.16   67 3973 3345724.74 3376337.16  0.91%   200 2506s
  8544  3575 3376333.05  565 4158 3345724.74 3376333.05  0.91%   200 2511s
  8545  3575 3376320.61  237 3979 3345724.74 3376320.61  0.91%   200 2535s
  8550  3579 3376310.52  453 4206 3345724.74 3376310.52  0.91%   199 2540s
  8552  3580 3376303.91  356 3869 3345724.74 3376303.91  0.91%   199 2557s
  8555  3582 3376299.25  229 4077 3345724.74 3376299.25  0.91%   199 2560s
  8558  3584 3376297.52  398 4168 3345724.74 3376297.52  0.91%   199 2565s
  8559  3585 3376293.77   15 3877 3345724.74 3376293.77  0.91%   199 2583s
  8560  3585 3376293.68  332 4003 3345724.74 3376293.68  0.91%   199 2586s
  8561  3586 3376289.07   65 3858 3345724.74 3376289.07  0.91%   199 2606s
  8562  3587 3376288.91  580 3978 3345724.74 3376288.91  0.91%   199 2610s
  8563  3587 3376285.39  272 3859 3345724.74 3376285.39  0.91%   199 2627s
  8565  3589 3376223.74  683 4046 3345724.74 3376282.44  0.91%   199 2630s
  8568  3591 3376280.23  305 4170 3345724.74 3376280.23  0.91%   199 2635s
  8569  3591 3376269.44  261 3915 3345724.74 3376269.44  0.91%   199 2706s
  8571  3593 3376264.03  403 3867 3345724.74 3376264.03  0.91%   199 2721s
  8575  3595 3376256.70   54 4185 3345724.74 3376256.70  0.91%   199 2725s
  8578  3597 3376252.39  164 3995 3345724.74 3376252.39  0.91%   199 2748s
  8579  3598 3376252.39  413 4084 3345724.74 3376252.39  0.91%   199 2751s
  8580  3599 3376251.45  461 3956 3345724.74 3376251.45  0.91%   199 2771s
  8582  3600 3376045.17  582 3936 3345724.74 3376249.02  0.91%   199 2791s
  8583  3601 3376249.02   91 4060 3345724.74 3376249.02  0.91%   199 2795s
  8584  3601 3376245.93  424 3917 3345724.74 3376245.93  0.91%   199 2803s
  8587  3605 3376245.93  390 3273 3345724.74 3376245.93  0.91%   268 2806s
H 8588  3425                    3345724.8550 3376245.93  0.91%   268 2816s
  8589  3425 3376245.93  477 2655 3345724.85 3376245.93  0.91%   268 2821s
H 8589  3254                    3345913.9600 3376245.93  0.91%   268 2837s
H 8589  3091                    3346239.4200 3376245.93  0.90%   268 2837s
  8590  3092 3376245.93  218 2529 3346239.42 3376245.93  0.90%   268 2840s
  8591  3093 3376245.93  164 2694 3346239.42 3376245.93  0.90%   268 2845s
  8592  3093 3376245.93   91 2719 3346239.42 3376245.93  0.90%   268 2850s
  8594  3095 3376245.93  340 2857 3346239.42 3376245.93  0.90%   268 2859s
H 8594  2940                    3346299.6950 3376245.93  0.89%   268 2862s
  8596  2941 3376245.93  201 3011 3346299.69 3376245.93  0.89%   268 2867s
  8597  2942 3376245.93   13 3137 3346299.69 3376245.93  0.89%   268 2872s
  8598  2942 3376245.93  738 3080 3346299.69 3376245.93  0.89%   268 2877s
  8599  2943 3376245.93  642 3153 3346299.69 3376245.93  0.89%   268 2881s
  8600  2944 3376245.93  189 3208 3346299.69 3376245.93  0.89%   268 2885s
H 8600  2797                    3346871.6000 3376245.93  0.88%   268 2890s
  8602  2798 3376245.93  328 3285 3346871.60 3376245.93  0.88%   267 2895s
  8604  2799 3376245.93  212 3434 3346871.60 3376245.93  0.88%   267 2901s
  8605  2800 3376245.93  157 3509 3346871.60 3376245.93  0.88%   267 2905s
  8606  2801 3376245.93   91 3528 3346871.60 3376245.93  0.88%   267 2911s
  8607  2801 3376245.92  697 3595 3346871.60 3376245.92  0.88%   267 2916s
  8609  2803 3376245.92  361 3687 3346871.60 3376245.92  0.88%   267 2922s
  8610  2803 3376245.92  475 3705 3346871.60 3376245.92  0.88%   267 2925s
  8611  2804 3376245.92  368 3783 3346871.60 3376245.92  0.88%   267 2930s
  8613  2805 3376229.41  434 3898 3346871.60 3376229.41  0.88%   267 2937s
  8614  2806 3376197.30  623 3908 3346871.60 3376197.30  0.88%   267 2940s
  8617  2808 3376182.50  100 4065 3346871.60 3376182.50  0.88%   267 2945s
  8619  2809 3376181.98  503 4074 3346871.60 3376181.98  0.88%   267 2953s
H 8619  2668                    3347217.2950 3376049.85  0.86%   267 2975s
  8621  2670 3376003.34  309 3807 3347217.29 3376003.34  0.86%   267 2985s
  8623  2671 3375970.17  540 3946 3347217.29 3375970.17  0.86%   267 2990s
  8626  2673 3375963.01   81 4004 3347217.29 3375963.01  0.86%   267 2998s
  8627  2674 3375883.41  117 3813 3347217.29 3375883.41  0.86%   267 3042s
  8629  2675 3375862.10  394 3989 3347217.29 3375862.10  0.86%   267 3045s
  8634  2678 3375818.39  542 4030 3347217.29 3375818.39  0.85%   267 3050s
  8635  2679 3375818.28  484 4031 3347217.29 3375818.28  0.85%   266 3055s
  8636  2680 3375795.71  569 3917 3347217.29 3375795.71  0.85%   266 3079s
  8637  2680 3375791.19  381 4012 3347217.29 3375791.19  0.85%   266 3081s
  8641  2683 3375783.65  188 4092 3347217.29 3375783.65  0.85%   266 3089s
  8642  2684 3375769.70  156 3955 3347217.29 3375769.70  0.85%   266 3123s
  8643  2684 3375767.91  423 4074 3347217.29 3375767.91  0.85%   266 3126s
  8645  2686 3375766.06  237 4146 3347217.29 3375766.06  0.85%   266 3133s

Cutting planes:
  Gomory: 140
  Cover: 12
  Clique: 1750
  MIR: 138
  Mixing: 2
  Flow cover: 525
  GUB cover: 7
  Zero half: 428
  Relax-and-lift: 64

Explored 8645 nodes (2561532 simplex iterations) in 3152.02 seconds (2646.78 work units)
Thread count was 12 (of 12 available processors)

Solution count 10: 3.34722e+06 3.34687e+06 3.3463e+06 ... 3.34513e+06

Time limit reached
Best objective 3.347217295000e+06, best bound 3.375759150583e+06, gap 0.8527%
