
Gurobi 12.0.1 (win64) logging started Fri Mar  7 22:52:31 2025

Set parameter LogFile to value "logs\reduced_L_50_restricted_5it_w_max_seed42_CG.log"
Gurobi Optimizer version 12.0.1 build v12.0.1rc0 (win64 - Windows 11.0 (22631.2))

CPU model: 13th Gen Intel(R) Core(TM) i7-1355U, instruction set [SSE2|AVX|AVX2]
Thread count: 10 physical cores, 12 logical processors, using up to 12 threads

Non-default parameters:
TimeLimit  3.3073793504238129e+03
FeasibilityTol  1e-09
MIPGap  0.005

Optimize a model with 2816 rows, 57490 columns and 419352 nonzeros
Model fingerprint: 0x969ef802
Variable types: 0 continuous, 57490 integer (57440 binary)
Coefficient statistics:
  Matrix range     [4e-01, 1e+02]
  Objective range  [1e-02, 2e+05]
  Bounds range     [1e+00, 3e+00]
  RHS range        [1e+00, 3e+00]
Found heuristic solution: objective 853873.31000
Presolve removed 222 rows and 835 columns (presolve time = 7s)...
Presolve removed 222 rows and 835 columns
Presolve time: 7.34s
Presolved: 2594 rows, 56655 columns, 407682 nonzeros
Found heuristic solution: objective 819255.83000
Variable types: 0 continuous, 56655 integer (56654 binary)
Found heuristic solution: objective 873699.41000
Deterministic concurrent LP optimizer: primal and dual simplex
Showing primal log only...


Root simplex log...

Iteration    Objective       Primal Inf.    Dual Inf.      Time
       1   -1.2355307e+06   0.000000e+00   1.495600e+08      8s
   31007    1.4681451e+06   0.000000e+00   0.000000e+00      9s
Concurrent spin time: 0.07s

Solved with primal simplex

Root relaxation: objective 1.468145e+06, 31007 iterations, 2.01 seconds (1.27 work units)

    Nodes    |    Current Node    |     Objective Bounds      |     Work
 Expl Unexpl |  Obj  Depth IntInf | Incumbent    BestBd   Gap | It/Node Time

     0     0 1468145.05    0 1042 873699.410 1468145.05  68.0%     -   10s
H    0     0                    961431.60500 1468145.05  52.7%     -   11s
H    0     0                    1132119.1750 1468145.05  29.7%     -   11s
H    0     0                    1135539.6450 1468145.05  29.3%     -   11s
H    0     0                    1149339.8800 1468145.05  27.7%     -   11s
H    0     0                    1162062.3900 1468145.05  26.3%     -   11s
H    0     0                    1163712.2150 1468145.05  26.2%     -   11s
H    0     0                    1163890.7050 1468145.05  26.1%     -   11s
H    0     0                    1163991.6300 1468145.05  26.1%     -   11s
H    0     0                    1164215.6850 1468145.05  26.1%     -   11s
H    0     0                    1167483.2450 1468145.05  25.8%     -   11s
H    0     0                    1169461.7300 1468145.05  25.5%     -   11s
H    0     0                    1170021.7300 1468145.05  25.5%     -   11s
H    0     0                    1172040.2150 1468145.05  25.3%     -   11s
H    0     0                    1174268.5550 1468145.05  25.0%     -   11s
H    0     0                    1174693.3750 1468145.05  25.0%     -   12s
H    0     0                    1178717.4300 1468145.05  24.6%     -   12s
H    0     0                    1330090.9750 1468145.05  10.4%     -   12s
H    0     0                    1342809.5700 1468145.05  9.33%     -   15s
H    0     0                    1344089.5200 1468145.05  9.23%     -   15s
H    0     0                    1345059.4400 1468145.05  9.15%     -   15s
H    0     0                    1345332.6700 1468145.05  9.13%     -   16s
H    0     0                    1348548.1500 1468139.47  8.87%     -   19s
H    0     0                    1350108.1000 1468139.47  8.74%     -   19s
H    0     0                    1350268.1000 1468139.47  8.73%     -   19s
H    0     0                    1351308.1000 1468139.47  8.65%     -   19s
H    0     0                    1354761.7750 1465959.45  8.21%     -   19s
     0     0 1465959.45    0 1130 1354761.77 1465959.45  8.21%     -   19s
H    0     0                    1362975.6559 1465952.07  7.56%     -   21s
H    0     0                    1363495.6559 1465952.07  7.51%     -   21s
H    0     0                    1363575.6559 1465952.07  7.51%     -   21s
H    0     0                    1365291.2159 1465952.07  7.37%     -   22s
H    0     0                    1365291.2163 1465952.07  7.37%     -   22s
H    0     0                    1365524.9609 1465952.07  7.35%     -   22s
H    0     0                    1366452.3959 1465952.07  7.28%     -   22s
     0     0 1465044.50    0 1135 1366452.40 1465044.50  7.22%     -   23s
     0     0 1464791.81    0 1155 1366452.40 1464791.81  7.20%     -   23s
     0     0 1464604.50    0 1189 1366452.40 1464604.50  7.18%     -   23s
     0     0 1464595.22    0 1193 1366452.40 1464595.22  7.18%     -   24s
     0     0 1464594.90    0 1193 1366452.40 1464594.90  7.18%     -   24s
     0     0 1463643.11    0 1201 1366452.40 1463643.11  7.11%     -   25s
     0     0 1463090.92    0 1217 1366452.40 1463090.92  7.07%     -   26s
     0     0 1462902.18    0 1240 1366452.40 1462902.18  7.06%     -   26s
     0     0 1462811.67    0 1267 1366452.40 1462811.67  7.05%     -   26s
     0     0 1462794.94    0 1270 1366452.40 1462794.94  7.05%     -   26s
     0     0 1462789.22    0 1279 1366452.40 1462789.22  7.05%     -   26s
     0     0 1462788.25    0 1284 1366452.40 1462788.25  7.05%     -   27s
H    0     0                    1372527.7350 1462788.25  6.58%     -   27s
H    0     0                    1372647.7350 1462788.25  6.57%     -   27s
H    0     0                    1373871.6500 1462788.25  6.47%     -   27s
H    0     0                    1374239.1750 1462788.25  6.44%     -   27s
     0     0 1461894.35    0 1297 1374239.17 1461894.35  6.38%     -   27s
     0     0 1461584.96    0 1271 1374239.17 1461584.96  6.36%     -   28s
     0     0 1461480.58    0 1291 1374239.17 1461480.58  6.35%     -   28s
     0     0 1461416.36    0 1360 1374239.17 1461416.36  6.34%     -   29s
     0     0 1461410.20    0 1360 1374239.17 1461410.20  6.34%     -   29s
     0     0 1461406.83    0 1377 1374239.17 1461406.83  6.34%     -   29s
     0     0 1461406.56    0 1381 1374239.17 1461406.56  6.34%     -   29s
     0     0 1460967.61    0 1373 1374239.17 1460967.61  6.31%     -   30s
     0     0 1460881.65    0 1415 1374239.17 1460881.65  6.30%     -   31s
     0     0 1460869.25    0 1429 1374239.17 1460869.25  6.30%     -   31s
     0     0 1460863.45    0 1433 1374239.17 1460863.45  6.30%     -   31s
     0     0 1460863.45    0 1436 1374239.17 1460863.45  6.30%     -   31s
     0     0 1460590.41    0 1343 1374239.17 1460590.41  6.28%     -   32s
     0     0 1460517.80    0 1322 1374239.17 1460517.80  6.28%     -   33s
     0     0 1460484.72    0 1356 1374239.17 1460484.72  6.28%     -   33s
     0     0 1460476.63    0 1379 1374239.17 1460476.63  6.28%     -   33s
     0     0 1460476.19    0 1381 1374239.17 1460476.19  6.28%     -   34s
     0     0 1460300.00    0 1342 1374239.17 1460300.00  6.26%     -   34s
     0     0 1460255.83    0 1341 1374239.17 1460255.83  6.26%     -   36s
     0     0 1460249.58    0 1356 1374239.17 1460249.58  6.26%     -   36s
     0     0 1460248.01    0 1365 1374239.17 1460248.01  6.26%     -   36s
     0     0 1460059.29    0 1365 1374239.17 1460059.29  6.24%     -   36s
H    0     0                    1380428.9050 1460058.87  5.77%     -   38s
     0     0 1460025.26    0 1384 1380428.90 1460025.26  5.77%     -   39s
     0     0 1460017.79    0 1396 1380428.90 1460017.79  5.77%     -   39s
     0     0 1460017.67    0 1405 1380428.90 1460017.67  5.77%     -   39s
     0     0 1459901.99    0 1419 1380428.90 1459901.99  5.76%     -   40s
     0     0 1459891.10    0 1433 1380428.90 1459891.10  5.76%     -   42s
     0     0 1459890.57    0 1448 1380428.90 1459890.57  5.76%     -   42s
     0     0 1459827.23    0 1443 1380428.90 1459827.23  5.75%     -   43s
H    0     0                    1404401.1500 1459816.28  3.95%     -   48s
H    0     0                    1405273.2950 1459816.28  3.88%     -   48s
H    0     0                    1406783.1350 1459816.28  3.77%     -   48s
H    0     0                    1409809.9700 1459816.28  3.55%     -   48s
H    0     0                    1409816.5800 1459816.28  3.55%     -   48s
     0     0 1459816.28    0 1426 1409816.58 1459816.28  3.55%     -   48s
     0     0 1459811.98    0 1456 1409816.58 1459811.98  3.55%     -   48s
H    0     0                    1409837.5050 1459811.98  3.54%     -   49s
     0     0 1459762.43    0 1387 1409837.50 1459762.43  3.54%     -   49s
     0     0 1459752.33    0 1431 1409837.50 1459752.33  3.54%     -   50s
     0     0 1459751.84    0 1433 1409837.50 1459751.84  3.54%     -   51s
     0     0 1459700.31    0 1411 1409837.50 1459700.31  3.54%     -   51s
     0     0 1459689.97    0 1426 1409837.50 1459689.97  3.54%     -   60s
     0     0 1459687.24    0 1425 1409837.50 1459687.24  3.54%     -   60s
     0     0 1459611.67    0 1436 1409837.50 1459611.67  3.53%     -   61s
     0     0 1459603.45    0 1461 1409837.50 1459603.45  3.53%     -   62s
     0     0 1459601.46    0 1471 1409837.50 1459601.46  3.53%     -   62s
     0     0 1459560.20    0 1456 1409837.50 1459560.20  3.53%     -   63s
     0     0 1459558.34    0 1257 1409837.50 1459558.34  3.53%     -   64s
     0     2 1459558.34    0 1249 1409837.50 1459558.34  3.53%     -   68s
    15    26 1455635.34    4 1375 1409837.50 1459550.23  3.53%   550   70s
    65    76 1454711.68    8 1357 1409837.50 1459097.26  3.49%   278   75s
H   68    76                    1410341.6900 1459097.26  3.46%   274   75s
H   70    76                    1410462.1800 1459097.26  3.45%   270   75s
H  135   147                    1411159.4000 1459097.26  3.40%   189   77s
H  136   147                    1412717.6350 1459097.26  3.28%   189   77s
   267   289 1453103.38   24 1316 1412717.63 1459097.26  3.28%   163   80s
H  544   568                    1412739.9500 1459097.26  3.28%   143   84s
   567   599 1450810.76   46 1267 1412739.95 1459097.26  3.28%   144   85s
   836   885 1447324.39   67 1250 1412739.95 1459097.26  3.28%   159   90s
  1025  1036 1445581.16   82 1191 1412739.95 1459097.26  3.28%   151   97s
H 1033  1036                    1412862.9800 1459097.26  3.27%   151   97s
  1117  1172 1444937.36   90 1167 1412862.98 1459097.26  3.27%   145  100s
  1495  1629 1440459.01  112 1029 1412862.98 1459097.26  3.27%   140  105s
H 2094  2106                    1416665.7650 1459097.26  3.00%   113  110s
H 2096  2106                    1417294.3800 1459097.26  2.95%   113  110s
H 2098  2106                    1417422.6755 1459097.26  2.94%   113  110s
H 2101  2106                    1417422.6760 1459097.26  2.94%   113  110s
H 2573  2819                    1417622.6760 1459097.26  2.93%  95.9  114s
  2818  3112 1436658.96  201  767 1417622.68 1459097.26  2.93%  89.1  116s
H 3726  3815                    1418058.0000 1459097.26  2.89%  69.6  120s
H 3753  3815                    1420140.7700 1459097.26  2.74%  69.2  120s
  4107  4428 1434894.36  331  703 1420140.77 1459097.26  2.74%  64.5  128s
H 4766  4897                    1420176.2200 1459097.26  2.74%  57.1  130s
H 4767  4897                    1420909.5800 1459097.26  2.69%  57.1  130s
H 4790  4897                    1421040.9200 1459097.26  2.68%  56.8  130s
  5647  6058 1434487.44  437  657 1421040.92 1459097.26  2.68%  49.3  136s
H 6057  6266                    1423040.9200 1459097.26  2.53%  46.7  138s
  6265  6726 1434379.98  474  662 1423040.92 1459097.26  2.53%  45.3  141s
  7218  7617 1434052.91  571  642 1423040.92 1459097.26  2.53%  40.5  146s
H 7294  7617                    1423343.5750 1459097.26  2.51%  40.2  146s
  8205  8206 1434220.13  529 1257 1423343.57 1459097.26  2.51%  36.2  173s
H 8206  7796                    1423372.6950 1459097.26  2.51%  36.2  179s
H 8206  7406                    1423372.6954 1459097.26  2.51%  36.2  179s
H 8206  7036                    1423439.4650 1459097.26  2.51%  36.2  180s
H 8206  6684                    1423439.4654 1459097.26  2.51%  36.2  180s
  8208  6685 1455960.72   30 1011 1423439.47 1459097.26  2.51%  36.2  187s
  8219  6692 1432517.22  663 1391 1423439.47 1459097.08  2.51%  36.1  190s
  8221  6694 1454286.19   12 1218 1423439.47 1457911.19  2.42%  36.1  196s
  8233  6702 1436194.29  695 1241 1423439.47 1457262.47  2.38%  36.1  200s
  8234  6702 1439339.36  208 1163 1423439.47 1456780.38  2.34%  36.1  210s
  8245  6710 1436673.92  210 1195 1423439.47 1456314.76  2.31%  36.0  221s
H 8245  6374                    1423597.2400 1456307.47  2.30%  36.0  221s
H 8248  6056                    1424258.8104 1456255.80  2.25%  36.0  222s
H 8253  5756                    1424314.4800 1456198.11  2.24%  36.0  224s
H 8253  5467                    1424514.4800 1456198.11  2.22%  36.0  224s
  8255  5468 1435596.28  234 1138 1424514.48 1456153.48  2.22%  36.0  229s
H 8255  5194                    1424780.3550 1456147.50  2.20%  36.0  230s
H 8259  4936                    1425443.7200 1456097.28  2.15%  35.9  233s
H 8260  4689                    1426022.5550 1456060.43  2.11%  35.9  502s
H 8260  4454                    1426022.5553 1456060.43  2.11%  35.9  502s
  8265  4457 1432272.64  698 1310 1426022.56 1456028.53  2.10%  35.9  505s
H 8265  4233                    1426288.4300 1456027.34  2.09%  35.9  505s
H 8266  4021                    1426688.4300 1455981.88  2.05%  35.9  512s
  8270  4023 1437556.16  718 1281 1426688.43 1455954.85  2.05%  35.9  515s
H 8272  3823                    1426688.4304 1455928.55  2.05%  35.9  552s
  8273  3823 1452120.89   33 1196 1426688.43 1455928.55  2.05%  35.9  556s
H 8273  3631                    1428613.7700 1455926.38  1.91%  35.9  561s
H 8273  3448                    1428773.7700 1455926.38  1.90%  35.9  561s
H 8273  3274                    1429508.3900 1455926.38  1.85%  35.9  561s
H 8273  3109                    1429551.0250 1455926.38  1.85%  35.9  561s
  8275  3111 1448702.77   57 1196 1429551.02 1455921.39  1.84%  35.9  582s
H 8275  2955                    1429678.5150 1455919.42  1.84%  35.9  585s
  8280  2959 1435252.15  294 1257 1429678.51 1455916.25  1.84%  52.1  601s
  8282  2960 1438879.97  578 1012 1429678.51 1455916.25  1.84%  52.1  608s
  8283  2961 1434759.94  369  993 1429678.51 1455916.25  1.84%  52.1  614s
  8285  2962 1432560.16  665 1188 1429678.51 1455916.25  1.84%  52.1  615s
  8301  2973 1433227.22  510 1366 1429678.51 1455916.25  1.84%  52.0  622s
H 8301  2824                    1430139.2550 1455834.57  1.80%  52.0  626s
  8306  2827 1440035.63  164 1230 1430139.25 1455777.01  1.79%  51.9  630s
  8307  2828 1450979.98   56 1202 1430139.25 1455665.00  1.78%  51.9  642s
  8311  2831 1441691.99  158 1321 1430139.25 1455623.11  1.78%  51.9  645s
H 8311  2688                    1430782.5700 1455590.40  1.73%  51.9  647s
  8312  2688 1434298.88  499 1191 1430782.57 1455590.21  1.73%  51.9  651s
H 8315  2555                    1431243.3100 1455569.86  1.70%  51.9  656s
H 8315  2427                    1431276.1800 1455569.86  1.70%  51.9  656s
  8318  2429 1432605.11  639 1297 1431276.18 1455565.29  1.70%  51.9  660s
  8320  2431 1441679.02  198 1197 1431276.18 1455564.22  1.70%  51.9  665s
  8321  2431 1454286.19   12 1197 1431276.18 1455564.22  1.70%  51.8  680s
  8328  2445 1455150.28   23 1240 1431276.18 1455236.63  1.67%  64.1  686s
  8404  2509 1454517.08   26 1167 1431276.18 1455162.28  1.67%  66.0  690s
H 8466  2433                    1431276.1804 1455162.28  1.67%  67.6  692s
  8555  2485 1454363.19   31 1200 1431276.18 1455162.28  1.67%  70.1  695s
  8722  2602 1453129.67   39 1193 1431276.18 1455162.28  1.67%  75.9  700s
  8789  2632 1452449.70   42 1193 1431276.18 1455162.28  1.67%  78.0  708s
  8799  2639 1451474.28   42 1176 1431276.18 1455162.28  1.67%  78.4  710s
  8849  2673 1452015.84   45 1189 1431276.18 1455162.28  1.67%  79.9  715s
  8946  2765 1449067.32   50 1168 1431276.18 1455162.28  1.67%  82.6  720s
  9141  2909 1449417.86   59 1158 1431276.18 1455162.28  1.67%  86.9  725s
  9439  3168 1447010.79   72 1114 1431276.18 1455162.28  1.67%  90.8  731s
  9673  3222 1445845.92   82 1078 1431276.18 1455162.28  1.67%  91.5  739s
  9683  3232 1442745.40   82 1114 1431276.18 1455162.28  1.67%  91.5  741s
H 9691  3113                    1433515.8703 1455162.28  1.51%  91.6  741s
  9796  3350 1445376.46   87 1070 1433515.87 1455162.28  1.51%  91.7  745s
 10075  3558 1443330.42  101 1015 1433515.87 1455162.28  1.51%  91.7  750s
 10693  3926 1440570.95  130  921 1433515.87 1455162.28  1.51%  90.5  757s
 11087  4062 1435194.08  151  881 1433515.87 1455082.02  1.50%  89.5  762s
 11398  4208 1436753.05  170  869 1433515.87 1454834.52  1.49%  89.5  767s
 11658  4412 1435219.95  183  818 1433515.87 1454834.52  1.49%  89.5  772s
 11889  4588 1436408.08  190  876 1433515.87 1454834.52  1.49%  89.2  776s
 12380  4950 1435913.10  215  759 1433515.87 1454834.52  1.49%  88.1  782s
 12674  5141 1435780.70  225  726 1433515.87 1454834.52  1.49%  87.2  785s
 13279  5573 1435492.42  250  705 1433515.87 1454834.52  1.49%  85.3  793s
 13633  5830 1435294.85  267  691 1433515.87 1454834.52  1.49%  84.3  797s
 14040  6054     cutoff  292      1433515.87 1454834.52  1.49%  82.9  801s
 14431  6401     cutoff  314      1433515.87 1454834.52  1.49%  81.3  805s
 14960  6705 1434263.00  352  715 1433515.87 1454834.52  1.49%  79.2  810s
 15528  7193 1433796.82  398  657 1433515.87 1454628.66  1.47%  77.1  815s
 16463  8284 1449124.51   42 1126 1433515.87 1454628.66  1.47%  74.5  838s
 17206  8620 1444081.48   76 1021 1433515.87 1454628.66  1.47%  72.6  841s
 17990  9453 1441231.90  109  842 1433515.87 1454628.66  1.47%  70.6  848s
 18427  9860 1440518.83  136  730 1433515.87 1454628.66  1.47%  69.4  941s
 19228 10675 1440380.58  189  705 1433515.87 1454628.66  1.47%  67.4  947s
 19757 11175 1439659.41  222  660 1433515.87 1454628.66  1.47%  66.1  950s
 20295 11700 1439351.11  266  629 1433515.87 1454628.66  1.47%  64.9  955s
 20877 12134 1438572.55  333  628 1433515.87 1454628.66  1.47%  63.7  960s
 21452 12470 1438428.28  392  636 1433515.87 1454628.66  1.47%  62.6  965s
 21896 12758 1437931.63  439  619 1433515.87 1454600.37  1.47%  62.2  970s
 22191 13195 1437801.48  484  611 1433515.87 1454600.37  1.47%  62.3  975s
 22650 13351 1436546.50  522  600 1433515.87 1454600.37  1.47%  62.2  982s
H22653 13294                    1433564.3700 1454600.37  1.47%  62.2  982s
H22658 13223                    1433633.8200 1454600.37  1.46%  62.2  982s
H22727  6364                    1437580.4150 1454600.37  1.18%  62.2  982s
 22806  6414     cutoff  544      1437580.41 1454600.37  1.18%  62.1  986s
 23084  6742 1448776.50   34 1163 1437580.41 1454600.37  1.18%  62.8  992s
 23459  7037 1439213.44   70  998 1437580.41 1454600.37  1.18%  63.2  997s
 23802  7400 1447510.02   36 1177 1437580.41 1454517.03  1.18%  63.5 1003s
 24232  7982 1442269.79   68  843 1437580.41 1454517.03  1.18%  63.5 1009s
 24840  8466 1440989.07  124  704 1437580.41 1454517.03  1.18%  63.2 1016s
 25448  9003 1440990.98  179  687 1437580.41 1454035.92  1.14%  63.1 1023s
 26073  9630 1440540.83  289  632 1437580.41 1453942.65  1.14%  63.0 1030s
 26729 10258 1439613.39  390  623 1437580.41 1453942.65  1.14%  62.5 1037s
 27514 10430 1438424.44  486  632 1437580.41 1453828.97  1.13%  62.1 1046s
H27714 10385                    1437604.7550 1453821.24  1.13%  62.2 1051s
 27724 10966 1438084.37  495  625 1437604.75 1453821.24  1.13%  62.2 1059s
 28433 11759 1439251.20   55 1104 1437604.75 1453774.78  1.12%  61.9 1067s
 29388 12596 1449254.38   31 1197 1437604.75 1453713.60  1.12%  61.4 1076s
H29745 12526                    1437632.2900 1453713.60  1.12%  61.5 1077s
 30337 13208     cutoff   55      1437632.29 1453713.60  1.12%  60.6 1086s
H30340 13102                    1437674.8350 1453713.60  1.12%  60.6 1086s
 31189 13710 1440127.45   77 1066 1437674.83 1453502.55  1.10%  60.7 1095s
 31938 14323 1449850.40   33 1178 1437674.83 1453353.66  1.09%  61.2 1104s
 32238 14323 1451863.32   37 1175 1437674.83 1453353.66  1.09%  61.5 1105s
H32620 13079                    1437941.9150 1453353.66  1.07%  61.7 1231s
 32621 13080 1440314.59  101 1257 1437941.91 1453353.66  1.07%  61.7 1252s
H32622 12426                    1437941.9153 1453353.66  1.07%  61.7 1261s
 32624 12427 1438471.51   84  978 1437941.92 1453353.66  1.07%  61.7 1267s
 32629 12430 1448841.37   49 1251 1437941.92 1453353.66  1.07%  61.7 1270s
 32648 12443 1440169.17   72 1487 1437941.92 1453353.66  1.07%  61.7 1277s
 32649 12444 1438588.36  545 1301 1437941.92 1453353.66  1.07%  61.7 1289s
 32652 12446 1445347.21   46 1328 1437941.92 1453353.66  1.07%  61.7 1290s
 32655 12448 1449909.57   38 1350 1437941.92 1453353.66  1.07%  61.6 1298s
 32656 12448 1439005.26  236 1232 1437941.92 1453353.66  1.07%  61.6 1313s
 32660 12451 1440864.90   50 1358 1437941.92 1453353.66  1.07%  61.6 1315s
 32665 12454 1439976.88  117 1373 1437941.92 1453353.66  1.07%  61.6 1326s
 32666 12455 1438451.01  546 1269 1437941.92 1453353.66  1.07%  61.6 1338s
 32670 12458 1441459.38  100 1372 1437941.92 1453353.66  1.07%  61.6 1347s
 32671 12458 1440556.85   42 1319 1437941.92 1453353.66  1.07%  61.6 1365s
 32677 12462 1438886.99  102 1424 1437941.92 1453353.66  1.07%  61.6 1377s
 32678 12463 1439586.01   81 1292 1437941.92 1453353.66  1.07%  61.6 1402s
 32682 12466 1443390.46   50 1424 1437941.92 1453353.66  1.07%  61.6 1415s
 32683 12466 1441834.32   73 1283 1437941.92 1453353.66  1.07%  61.6 1432s
 32684 12467 1439044.27  149 1353 1437941.92 1453353.66  1.07%  61.6 1444s
 32685 12468 1441505.78  101 1263 1437941.92 1453353.66  1.07%  61.6 1457s
 32686 12468 1440989.77  159 1300 1437941.92 1453353.66  1.07%  61.6 1474s
 32687 12469 1438119.77  368 1240 1437941.92 1453353.66  1.07%  61.6 1497s
 32689 12470 1442627.62   51 1338 1437941.92 1453353.66  1.07%  61.6 1510s
 32690 12471 1438058.93  133 1268 1437941.92 1453353.66  1.07%  61.6 1525s
 32693 12473 1439588.16  194 1368 1437941.92 1453353.66  1.07%  61.6 1542s
 32694 12474 1442062.92   60 1279 1437941.92 1453353.66  1.07%  61.6 1562s
 32695 12474 1440321.53  127 1302 1437941.92 1453353.66  1.07%  61.6 1573s
 32696 12475 1442208.98  110 1257 1437941.92 1453353.66  1.07%  61.6 1588s
 32697 12476 1446452.86   47 1312 1437941.92 1453353.66  1.07%  61.6 1601s
 32698 12476 1438418.17   91 1230 1437941.92 1453353.66  1.07%  61.6 1619s
 32699 12477 1438919.67  475 1248 1437941.92 1453353.66  1.07%  61.6 1632s
H32699 11852                    1437941.9158 1453353.66  1.07%  61.6 1646s
H32699 11258                    1438040.9650 1453353.66  1.06%  61.6 1652s
H32699 10694                    1438101.9150 1453353.66  1.06%  61.6 1652s
 32700 10695 1443638.57   58 1231 1438101.91 1453353.66  1.06%  61.6 1655s
 32701 10695 1438674.53  115 1271 1438101.91 1453353.66  1.06%  61.6 1668s
 32702 10696 1440082.17  102 1216 1438101.91 1453353.66  1.06%  61.6 1687s
 32703 10697 1441731.69  123 1278 1438101.91 1453353.66  1.06%  61.6 1696s
 32704 10697 1439456.05  130 1253 1438101.91 1453353.66  1.06%  61.6 1715s
 32705 10698 1444648.96   79 1282 1438101.91 1453353.66  1.06%  61.6 1726s
 32706 10699 1441778.51  107 1272 1438101.91 1453353.66  1.06%  61.5 1743s
 32707 10699 1439353.48  162 1330 1438101.91 1453353.66  1.06%  61.5 1757s
 32708 10700 1439064.26  479 1268 1438101.91 1453353.66  1.06%  61.5 1772s
 32709 10701 1441033.43  145 1319 1438101.91 1453353.66  1.06%  61.5 1784s
 32710 10701 1440711.82   67 1268 1438101.91 1453353.66  1.06%  61.5 1803s
 32711 10702 1440401.57  327 1334 1438101.91 1453353.66  1.06%  61.5 1811s
 32712 10703 1440076.82  371 1294 1438101.91 1453353.66  1.06%  61.5 1846s
 32713 10703 1443202.51   76 1330 1438101.91 1453353.66  1.06%  61.5 1864s
 32714 10704 1446169.84   58 1272 1438101.91 1453353.66  1.06%  61.5 1904s
 32715 10705 1441553.67   84 1296 1438101.91 1453353.66  1.06%  61.5 1939s
 32716 10705 1438454.48  529 1260 1438101.91 1453353.66  1.06%  61.5 1972s
 32717 10706 1443911.38   68 1335 1438101.91 1453353.66  1.06%  61.5 2008s
 32718 10707 1442611.73   58 1274 1438101.91 1453353.66  1.06%  61.5 2063s
 32719 10707 1439078.21  133 1338 1438101.91 1453353.66  1.06%  61.5 2094s
 32720 10708 1451871.30   33 1259 1438101.91 1453353.66  1.06%  61.5 2142s
 32721 10709 1440314.59  101 1363 1438101.91 1453353.66  1.06%  61.5 2176s
 32722 10709 1447746.98   34 1285 1438101.91 1453353.66  1.06%  61.5 2218s
 32723 10710 1441954.51   83 1334 1438101.91 1453353.66  1.06%  61.5 2251s
 32724 10711 1438471.51   84 1307 1438101.91 1453353.66  1.06%  61.5 2279s
 32725 10711 1451592.50   39 1355 1438101.91 1453353.66  1.06%  61.5 2307s
 32726 10712 1440235.29  190 1291 1438101.91 1453353.66  1.06%  61.5 2331s
 32727 10713 1444717.28   70 1347 1438101.91 1453353.66  1.06%  61.5 2345s
 32728 10713 1439610.07  160 1321 1438101.91 1453353.66  1.06%  61.5 2441s
 32729 10714 1448841.37   49 1372 1438101.91 1453353.66  1.06%  61.5 2453s
 32730 10715 1439765.92  123 1321 1438101.91 1453353.66  1.06%  61.5 2473s
 32731 10715 1440100.92  136 1360 1438101.91 1453353.66  1.06%  61.5 2478s
 32732 10716 1440581.61   58 1297 1438101.91 1453353.66  1.06%  61.5 2493s
 32733 10717 1441197.79   90 1367 1438101.91 1453353.66  1.06%  61.5 2499s
 32734 10717 1450244.26   32 1316 1438101.91 1453353.66  1.06%  61.5 2519s
 32735 10718 1450502.50   33 1370 1438101.91 1453353.66  1.06%  61.5 2525s
 32736 10719 1438101.91  272 1290 1438101.91 1453353.66  1.06%  61.5 2546s
 32737 10719 1448579.15   37 1347 1438101.91 1453353.66  1.06%  61.5 2552s
 32738 10720 1440191.07  113 1298 1438101.91 1453353.66  1.06%  61.5 2568s
 32739 10721 1443298.65   65 1377 1438101.91 1453353.66  1.06%  61.5 2574s
 32740 10721 1438561.29   61 1333 1438101.91 1453353.66  1.06%  61.5 2591s
 32742 10723 1445221.96   55 1287 1438101.91 1453353.66  1.06%  61.5 2602s
 32743 10723 1439396.42   58 1365 1438101.91 1453353.66  1.06%  61.5 2608s
 32744 10724 1439415.09  125 1299 1438101.91 1453353.66  1.06%  61.5 2627s
 32745 10725 1440717.76  189 1354 1438101.91 1453353.66  1.06%  61.5 2633s
 32746 10725 1439710.32   72 1302 1438101.91 1453353.66  1.06%  61.5 2654s
 32747 10726 1441313.57  113 1368 1438101.91 1453353.66  1.06%  61.5 2660s
 32748 10727 1440169.17   72 1308 1438101.91 1453353.66  1.06%  61.5 2675s
 32749 10727 1438588.36  545 1338 1438101.91 1453353.66  1.06%  61.5 2682s
 32750 10728 1439923.03  138 1303 1438101.91 1453353.66  1.06%  61.5 2711s
 32751 10729 1445590.10   48 1369 1438101.91 1453353.66  1.06%  61.5 2717s
 32752 10729 1445347.21   46 1317 1438101.91 1453353.66  1.06%  61.5 2738s
 32753 10730 1446898.78   59 1401 1438101.91 1453353.66  1.06%  61.5 2740s
 32754 10731 1442550.71  103 1313 1438101.91 1453353.66  1.06%  61.5 2747s
 32756 10732 1439005.26  236 1306 1438101.91 1453353.66  1.06%  61.5 2756s
 32758 10733 1448043.07   46 1320 1438101.91 1453353.66  1.06%  61.5 2764s
 32759 10734 1439431.28  106 1349 1438101.91 1453353.66  1.06%  61.4 2766s
 32760 10735 1440864.90   50 1320 1438101.91 1453353.66  1.06%  61.4 2773s
 32761 10735 1440151.14   77 1359 1438101.91 1453353.66  1.06%  61.4 2776s
 32762 10736 1438639.48  140 1318 1438101.91 1453353.66  1.06%  61.4 2787s
 32764 10737 1439663.14   85 1307 1438101.91 1453353.66  1.06%  61.4 2798s
 32765 10738 1439976.88  117 1360 1438101.91 1453353.66  1.06%  61.4 2800s
 32766 10739 1438451.01  546 1325 1438101.91 1453353.66  1.06%  61.4 2807s
 32767 10739 1446235.17   43 1394 1438101.91 1453353.66  1.06%  61.4 2810s
 32768 10740 1439617.01  250 1327 1438101.91 1453353.66  1.06%  61.4 2819s
 32769 10741 1438516.33  124 1372 1438101.91 1453353.66  1.06%  61.4 2821s
 32770 10741 1441459.38  100 1342 1438101.91 1453353.66  1.06%  61.4 2835s
 32772 10743 1446057.56   43 1327 1438101.91 1453353.66  1.06%  61.4 2846s
 32774 10744 1439860.55  140 1336 1438101.91 1453353.66  1.06%  61.4 2855s
 32776 10745 1438232.87  286 1335 1438101.91 1453353.66  1.06%  61.4 2864s
 32777 10746 1438886.99  102 1393 1438101.91 1453353.66  1.06%  61.4 2866s
 32778 10747 1439586.01   81 1358 1438101.91 1453353.66  1.06%  61.4 2875s
 32780 10748 1446292.80   38 1372 1438101.91 1453353.66  1.06%  61.4 2885s
 32782 10749 1443390.46   50 1356 1438101.91 1453353.66  1.06%  61.4 2894s
 32783 10750 1441834.32   73 1426 1438101.91 1453353.66  1.06%  61.4 2896s
 32784 10751 1439044.27  149 1377 1438101.91 1453353.66  1.06%  61.4 2926s
 32786 10752 1440989.77  159 1354 1438101.91 1453353.66  1.06%  61.4 2934s
 32787 10753 1438119.77  368 1420 1438101.91 1453353.66  1.06%  61.4 2936s
 32788 10753 1439554.36  114 1366 1438101.91 1453353.66  1.06%  61.4 2943s
 32790 10755 1438101.91  133 1384 1438101.91 1453353.66  1.06%  61.4 2960s
 32791 10755 1438941.39  443 1440 1438101.91 1453353.66  1.06%  61.4 2966s
 32792 10756 1447306.27   48 1398 1438101.91 1453353.66  1.06%  61.4 2981s
 32793 10757 1439588.16  194 1429 1438101.91 1453353.66  1.06%  61.4 2988s
 32794 10757 1442062.92   60 1380 1438101.91 1453353.66  1.06%  61.4 3012s
 32795 10758 1440321.53  127 1436 1438101.91 1453353.66  1.06%  61.4 3025s
 32796 10759 1442208.98  110 1349 1438101.91 1453353.66  1.06%  61.4 3042s
 32797 10759 1446452.86   47 1401 1438101.91 1453353.66  1.06%  61.4 3045s
 32798 10760 1438418.17   91 1387 1438101.91 1453353.66  1.06%  61.4 3059s
 32799 10761 1438919.67  475 1419 1438101.91 1453353.66  1.06%  61.4 3065s
 32800 10761 1443638.57   58 1357 1438101.91 1453353.66  1.06%  61.4 3086s
 32801 10762 1438674.53  115 1415 1438101.91 1453353.66  1.06%  61.4 3091s
 32802 10763 1440082.17  102 1349 1438101.91 1453353.66  1.06%  61.4 3117s
 32803 10763 1441731.69  123 1391 1438101.91 1453353.66  1.06%  61.4 3122s
 32804 10764 1439456.05  130 1369 1438101.91 1453353.66  1.06%  61.4 3138s
 32805 10765 1444648.96   79 1421 1438101.91 1453353.66  1.06%  61.4 3145s
 32806 10765 1441778.51  107 1347 1438101.91 1453353.66  1.06%  61.4 3163s
 32807 10766 1439353.48  162 1364 1438101.91 1453353.66  1.06%  61.4 3172s
 32808 10767 1439064.26  479 1365 1438101.91 1453353.66  1.06%  61.4 3190s
 32809 10767 1441033.43  145 1419 1438101.91 1453353.66  1.06%  61.4 3196s
 32810 10768 1440711.82   67 1359 1438101.91 1453353.66  1.06%  61.4 3224s
 32811 10769 1440401.57  327 1410 1438101.91 1453353.66  1.06%  61.4 3229s
 32812 10769 1440076.82  371 1347 1438101.91 1453353.66  1.06%  61.4 3250s
 32813 10770 1443202.51   76 1406 1438101.91 1453353.66  1.06%  61.3 3261s
 32814 10771 1446169.84   58 1342 1438101.91 1453353.66  1.06%  61.3 3286s
 32815 10771 1441553.67   84 1387 1438101.91 1453353.66  1.06%  61.3 3292s
 32816 10772 1438454.48  529 1330 1438101.91 1453353.66  1.06%  61.3 3306s

Cutting planes:
  Gomory: 69
  Cover: 8
  Clique: 506
  MIR: 62
  Mixing: 1
  Flow cover: 362
  GUB cover: 3
  Zero half: 150
  RLT: 1
  Relax-and-lift: 24

Explored 32816 nodes (2679587 simplex iterations) in 3310.17 seconds (1264.04 work units)
Thread count was 12 (of 12 available processors)

Solution count 10: 1.4381e+06 1.43804e+06 1.43794e+06 ... 1.43363e+06

Time limit reached
Best objective 1.438101915000e+06, best bound 1.453353664936e+06, gap 1.0605%
