
Gurobi 12.0.1 (win64) logging started Sat Mar  8 00:49:53 2025

Set parameter LogFile to value "logs\reduced_L_50_subset50_restricted_seed42_AB.log"
Set parameter LazyConstraints to value 1
Gurobi Optimizer version 12.0.1 build v12.0.1rc0 (win64 - Windows 11.0 (22631.2))

CPU model: 13th Gen Intel(R) Core(TM) i7-1355U, instruction set [SSE2|AVX|AVX2]
Thread count: 10 physical cores, 12 logical processors, using up to 12 threads

Non-default parameters:
TimeLimit  21600
MIPGap  0.001
LazyConstraints  1

Optimize a model with 282921 rows, 156580 columns and 655914 nonzeros
Model fingerprint: 0x39ff1498
Variable types: 0 continuous, 156580 integer (156530 binary)
Coefficient statistics:
  Matrix range     [4e-01, 3e+01]
  Objective range  [1e-02, 2e+05]
  Bounds range     [1e+00, 3e+00]
  RHS range        [1e+00, 1e+01]
Found heuristic solution: objective -1230378.690
Presolve removed 186384 rows and 7256 columns (presolve time = 5s)...
Presolve removed 186654 rows and 7274 columns
Presolve time: 9.13s
Presolved: 96267 rows, 149306 columns, 607285 nonzeros
Variable types: 0 continuous, 149306 integer (149305 binary)
Root relaxation presolved: 96248 rows, 149287 columns, 607279 nonzeros

Deterministic concurrent LP optimizer: primal simplex, dual simplex, and barrier
Showing barrier log only...

Root barrier log...

Ordering time: 0.20s

Barrier statistics:
 Dense cols : 53
 AA' NZ     : 4.061e+05
 Factor NZ  : 1.392e+06 (roughly 22 MB of memory)
 Factor Ops : 1.733e+08 (less than 1 second per iteration)
 Threads    : 8

                  Objective                Residual
Iter       Primal          Dual         Primal    Dual     Compl     Time
   0   4.31959115e+08  5.50876669e+07  4.80e+02 1.70e+04  3.18e+05    12s
   1   3.49178380e+08  1.05604190e+08  3.88e+02 2.62e+04  2.03e+05    12s
   2   1.97968255e+08  1.49149254e+08  2.23e+02 1.33e+04  1.20e+05    12s
   3   5.10474942e+07  2.05754583e+08  5.16e+01 1.96e+03  3.60e+04    12s
   4   1.72163620e+07  1.55538572e+08  1.40e+01 2.02e+02  1.21e+04    12s
   5   8.90328886e+06  1.14473208e+08  6.52e+00 9.07e+01  6.34e+03    12s
   6   6.06140341e+06  5.95498306e+07  3.99e+00 1.44e+01  3.09e+03    12s
   7   1.65833175e+06  2.63186897e+07  4.17e-01 1.06e-09  8.16e+02    12s
   8   1.24225249e+06  6.32407858e+06  2.38e-02 4.22e-10  1.41e+02    13s
   9   1.34937557e+06  3.90399053e+06  9.87e-03 1.86e-10  7.02e+01    13s
  10   1.47453437e+06  3.17411106e+06  2.36e-03 1.34e-10  4.62e+01    13s
  11   1.57135324e+06  2.58005308e+06  4.03e-04 8.32e-11  2.73e+01    13s
  12   1.66053432e+06  2.28631607e+06  1.53e-04 5.09e-11  1.69e+01    13s
  13   1.72814152e+06  2.21055158e+06  9.96e-05 4.09e-11  1.30e+01    13s
  14   1.79826085e+06  2.05412849e+06  4.83e-05 2.68e-11  6.88e+00    13s
  15   1.85188491e+06  1.94738997e+06  1.86e-05 1.50e-11  2.57e+00    13s
  16   1.88648695e+06  1.92059428e+06  6.47e-06 1.46e-11  9.16e-01    13s
  17   1.89726009e+06  1.91521212e+06  3.21e-06 1.46e-11  4.82e-01    13s
  18   1.90056286e+06  1.91248566e+06  2.23e-06 7.28e-12  3.20e-01    13s
  19   1.90302373e+06  1.91019508e+06  1.47e-06 1.46e-11  1.93e-01    13s
  20   1.90580698e+06  1.90976785e+06  5.99e-07 1.46e-11  1.06e-01    13s
  21   1.90641291e+06  1.90930252e+06  4.38e-07 1.46e-11  7.76e-02    13s
  22   1.90675575e+06  1.90872853e+06  3.42e-07 1.46e-11  5.30e-02    14s
  23   1.90742105e+06  1.90827480e+06  1.51e-07 1.46e-11  2.29e-02    14s
  24   1.90773998e+06  1.90815876e+06  6.76e-08 1.46e-11  1.12e-02    14s
  25   1.90778675e+06  1.90810548e+06  5.52e-08 1.46e-11  8.56e-03    14s
  26   1.90780902e+06  1.90808920e+06  4.96e-08 1.46e-11  7.52e-03    14s
  27   1.90786536e+06  1.90804609e+06  3.60e-08 1.46e-11  4.85e-03    14s
  28   1.90800279e+06  1.90802907e+06  3.39e-09 1.46e-11  7.05e-04    14s
  29   1.90802233e+06  1.90802251e+06  1.01e-11 2.91e-11  4.96e-06    14s
  30   1.90802247e+06  1.90802247e+06  3.94e-10 1.46e-11  4.96e-09    14s

Barrier solved model in 30 iterations and 14.06 seconds (3.73 work units)
Optimal objective 1.90802247e+06


Root crossover log...

   11316 DPushes remaining with DInf 0.0000000e+00                14s
       0 DPushes remaining with DInf 0.0000000e+00                14s

     922 PPushes remaining with PInf 0.0000000e+00                14s
       0 PPushes remaining with PInf 0.0000000e+00                15s

  Push phase complete: Pinf 0.0000000e+00, Dinf 9.8588322e-10     15s


Root simplex log...

Iteration    Objective       Primal Inf.    Dual Inf.      Time
    7818    1.9080225e+06   0.000000e+00   0.000000e+00     15s
Concurrent spin time: 0.00s

Solved with barrier
    7818    1.9080225e+06   0.000000e+00   0.000000e+00     15s

Use crossover to convert LP symmetric solution to basic solution...

Root crossover log...

    2126 DPushes remaining with DInf 0.0000000e+00                15s
       0 DPushes remaining with DInf 0.0000000e+00                15s

   17221 PPushes remaining with PInf 0.0000000e+00                15s
       0 PPushes remaining with PInf 0.0000000e+00                17s

  Push phase complete: Pinf 0.0000000e+00, Dinf 2.2230317e-09     17s


Root simplex log...

Iteration    Objective       Primal Inf.    Dual Inf.      Time
   26915    1.9080225e+06   0.000000e+00   0.000000e+00     17s
   26915    1.9080225e+06   0.000000e+00   0.000000e+00     18s

Root relaxation: objective 1.908022e+06, 26915 iterations, 7.12 seconds (1.65 work units)
Total elapsed time = 40.91s (DegenMoves)
Total elapsed time = 62.80s (DegenMoves)
Total elapsed time = 86.04s (DegenMoves)
Total elapsed time = 115.55s (DegenMoves)

    Nodes    |    Current Node    |     Objective Bounds      |     Work
 Expl Unexpl |  Obj  Depth IntInf | Incumbent    BestBd   Gap | It/Node Time

     0     0 1908022.47    0 11915 -1230378.7 1908022.47   255%     -  122s
H    0     0                    -1042574.580 1908022.47   283%     -  123s
H    0     0                    -1042134.580 1908022.47   283%     -  123s
H    0     0                    1024536.9550 1908022.47  86.2%     -  128s
H    0     0                    1043469.0150 1908022.47  82.9%     -  135s
H    0     0                    1146461.3600 1908022.47  66.4%     -  141s
H    0     0                    1159981.3600 1908022.47  64.5%     -  146s
     0     0 1897350.04    0 12254 1159981.36 1897350.04  63.6%     -  208s
H    0     0                    1161091.7500 1897350.04  63.4%     -  215s
H    0     0                    1167651.7500 1897350.04  62.5%     -  220s
H    0     0                    1169091.7500 1897350.04  62.3%     -  225s
H    0     0                    1175153.3800 1897350.04  61.5%     -  233s
H    0     0                    1192891.3100 1897350.04  59.1%     -  238s
H    0     0                    1197381.3100 1897350.04  58.5%     -  243s
H    0     0                    1199402.8250 1897350.04  58.2%     -  248s
H    0     0                    1220208.6500 1897350.04  55.5%     -  259s
H    0     0                    1222048.6500 1897350.04  55.3%     -  264s
H    0     0                    1229362.1050 1897350.04  54.3%     -  271s
H    0     0                    1231778.7700 1897350.04  54.0%     -  275s
H    0     0                    1266417.7300 1897350.04  49.8%     -  279s
H    0     0                    1269977.7300 1897350.04  49.4%     -  283s
H    0     0                    1292945.5300 1897350.04  46.7%     -  287s
H    0     0                    1302416.6850 1897350.04  45.7%     -  291s
H    0     0                    1306615.7750 1897350.04  45.2%     -  297s
H    0     0                    1307735.7750 1897350.04  45.1%     -  301s
H    0     0                    1311835.3259 1897350.04  44.6%     -  309s
H    0     0                    1313595.3259 1897350.04  44.4%     -  313s
H    0     0                    1326997.5559 1897350.04  43.0%     -  321s
H    0     0                    1328237.5559 1897350.04  42.8%     -  325s
H    0     0                    1329077.4657 1897350.04  42.8%     -  332s
H    0     0                    1345161.6857 1897350.04  41.0%     -  341s
     0     0 1864242.34    0 10107 1345161.69 1864242.34  38.6%     -  393s
     0     0 1862868.09    0 10176 1345161.69 1862868.09  38.5%     -  397s
     0     0 1862846.25    0 10208 1345161.69 1862846.25  38.5%     -  399s
     0     0 1862732.14    0 10262 1345161.69 1862732.14  38.5%     -  401s
     0     0 1862721.41    0 10255 1345161.69 1862721.41  38.5%     -  402s
     0     0 1862714.92    0 10254 1345161.69 1862714.92  38.5%     -  403s
     0     0 1862692.40    0 10255 1345161.69 1862692.40  38.5%     -  405s
     0     0 1734372.57    0 7728 1345161.69 1734372.57  28.9%     -  471s
H    0     0                    1345561.6857 1732039.05  28.7%     -  478s
H    0     0                    1346081.6857 1732039.05  28.7%     -  482s
     0     0 1724416.99    0 7536 1346081.69 1724416.99  28.1%     -  501s
     0     0 1723504.90    0 7573 1346081.69 1723504.90  28.0%     -  505s
     0     0 1723440.02    0 7578 1346081.69 1723440.02  28.0%     -  507s
     0     0 1723391.31    0 7633 1346081.69 1723391.31  28.0%     -  508s
     0     0 1723377.93    0 7616 1346081.69 1723377.93  28.0%     -  509s
     0     0 1691920.06    0 7051 1346081.69 1691920.06  25.7%     -  575s
     0     0 1676200.70    0 6885 1346081.69 1676200.70  24.5%     -  671s
     0     0 1672978.55    0 6948 1346081.69 1672978.55  24.3%     -  674s
     0     0 1672642.05    0 6900 1346081.69 1672642.05  24.3%     -  676s
     0     0 1672587.37    0 6972 1346081.69 1672587.37  24.3%     -  678s
     0     0 1672586.84    0 6974 1346081.69 1672586.84  24.3%     -  679s
     0     0 1663462.44    0 7096 1346081.69 1663462.44  23.6%     -  733s
     0     0 1656313.26    0 6807 1346081.69 1656313.26  23.0%     -  746s
     0     0 1653327.23    0 6927 1346081.69 1653327.23  22.8%     -  771s
     0     0 1653119.31    0 6871 1346081.69 1653119.31  22.8%     -  776s
     0     0 1653060.10    0 6873 1346081.69 1653060.10  22.8%     -  778s
     0     0 1646054.12    0 6417 1346081.69 1646054.12  22.3%     -  814s
     0     0 1642306.29    0 6421 1346081.69 1642306.29  22.0%     -  839s
     0     0 1642103.69    0 6476 1346081.69 1642103.69  22.0%     -  844s
     0     0 1642081.85    0 6507 1346081.69 1642081.85  22.0%     -  846s
     0     0 1630682.26    0 5732 1346081.69 1630682.26  21.1%     -  876s
     0     0 1629316.39    0 5830 1346081.69 1629316.39  21.0%     -  891s
     0     0 1628453.37    0 5842 1346081.69 1628453.37  21.0%     -  897s
     0     0 1628423.92    0 5803 1346081.69 1628423.92  21.0%     -  901s
     0     0 1622958.89    0 5484 1346081.69 1622958.89  20.6%     -  927s
     0     0 1620639.42    0 5547 1346081.69 1620639.42  20.4%     -  948s
     0     0 1620402.57    0 5568 1346081.69 1620402.57  20.4%     -  955s
     0     0 1620361.39    0 5559 1346081.69 1620361.39  20.4%     -  957s
     0     0 1610773.99    0 4994 1346081.69 1610773.99  19.7%     -  993s
     0     0 1609735.15    0 4986 1346081.69 1609735.15  19.6%     - 1009s
     0     0 1609630.56    0 5093 1346081.69 1609630.56  19.6%     - 1014s
     0     0 1605204.32    0 4996 1346081.69 1605204.32  19.3%     - 1041s
     0     0 1603657.48    0 5035 1346081.69 1603657.48  19.1%     - 1084s
     0     0 1603357.79    0 5114 1346081.69 1603357.79  19.1%     - 1086s
     0     0 1603337.40    0 5138 1346081.69 1603337.40  19.1%     - 1088s
     0     0 1600217.93    0 5068 1346081.69 1600217.93  18.9%     - 1097s
     0     0 1599505.64    0 5112 1346081.69 1599505.64  18.8%     - 1105s
     0     0 1599415.80    0 5047 1346081.69 1599415.80  18.8%     - 1107s
     0     0 1596691.73    0 5077 1346081.69 1596691.73  18.6%     - 1118s
     0     0 1595462.19    0 5054 1346081.69 1595462.19  18.5%     - 1127s
     0     0 1595148.83    0 5093 1346081.69 1595148.83  18.5%     - 1130s
     0     0 1595117.05    0 5138 1346081.69 1595117.05  18.5%     - 1131s
     0     0 1592188.55    0 5182 1346081.69 1592188.55  18.3%     - 1143s
     0     0 1591081.02    0 5056 1346081.69 1591081.02  18.2%     - 1150s
     0     0 1590923.19    0 5049 1346081.69 1590923.19  18.2%     - 1153s
     0     0 1589609.26    0 5117 1346081.69 1589609.26  18.1%     - 1164s
     0     0 1588638.40    0 5217 1346081.69 1588638.40  18.0%     - 1171s
     0     0 1588572.38    0 5181 1346081.69 1588572.38  18.0%     - 1173s
     0     0 1586374.04    0 5107 1346081.69 1586374.04  17.9%     - 1185s
     0     0 1585738.87    0 5139 1346081.69 1585738.87  17.8%     - 1190s
     0     0 1585665.65    0 5165 1346081.69 1585665.65  17.8%     - 1193s
     0     0 1584294.93    0 5257 1346081.69 1584294.93  17.7%     - 1206s
     0     0 1583664.02    0 5236 1346081.69 1583664.02  17.6%     - 1211s
     0     0 1583390.59    0 5237 1346081.69 1583390.59  17.6%     - 1215s
     0     0 1583361.65    0 5229 1346081.69 1583361.65  17.6%     - 1216s
     0     0 1580715.61    0 5283 1346081.69 1580715.61  17.4%     - 1238s
     0     0 1580047.04    0 5240 1346081.69 1580047.04  17.4%     - 1252s
     0     0 1579975.75    0 5384 1346081.69 1579975.75  17.4%     - 1256s
     0     0 1577605.75    0 5212 1346081.69 1577605.75  17.2%     - 1288s
H    0     0                    1346379.2700 1577604.51  17.2%     - 1306s
H    0     0                    1379092.5050 1577604.51  14.4%     - 1310s
H    0     0                    1381252.5050 1577604.51  14.2%     - 1314s
H    0     0                    1387733.7600 1577604.51  13.7%     - 1320s
H    0     0                    1389484.1500 1577604.51  13.5%     - 1324s
H    0     0                    1391884.1500 1577604.51  13.3%     - 1328s
H    0     0                    1401040.5150 1577604.51  12.6%     - 1332s
H    0     0                    1401360.5150 1577604.51  12.6%     - 1336s
H    0     0                    1401541.4400 1577604.51  12.6%     - 1340s
H    0     0                    1402435.4800 1577604.51  12.5%     - 1344s
H    0     0                    1404984.8404 1577604.51  12.3%     - 1348s
H    0     0                    1407336.4400 1577604.51  12.1%     - 1352s
H    0     0                    1407506.2700 1577604.51  12.1%     - 1356s
H    0     0                    1408816.4000 1577604.51  12.0%     - 1361s
H    0     0                    1408986.2300 1577604.51  12.0%     - 1365s
H    0     0                    1419378.3750 1577604.51  11.1%     - 1367s
     0     0 1577095.10    0 5298 1419378.38 1577095.10  11.1%     - 1374s
     0     0 1576925.98    0 5324 1419378.38 1576925.98  11.1%     - 1378s
     0     0 1575756.33    0 5322 1419378.38 1575756.33  11.0%     - 1391s
     0     0 1575703.77    0 5249 1419378.38 1575703.77  11.0%     - 1394s
H    0     0                    1420739.9906 1575703.77  10.9%     - 1414s
H    0     0                    1422115.8456 1575703.77  10.8%     - 1415s
H    0     0                    1423965.1706 1575703.77  10.7%     - 1417s
H    0     0                    1424174.0856 1575703.77  10.6%     - 1421s
H    0     0                    1425472.4558 1575703.77  10.5%     - 1423s
H    0     0                    1427709.6206 1575703.77  10.4%     - 1430s
H    0     0                    1428160.3656 1575703.77  10.3%     - 1430s
H    0     0                    1428720.3656 1575703.77  10.3%     - 1432s
H    0     0                    1429421.4506 1575703.77  10.2%     - 1433s
H    0     0                    1429458.2906 1575703.77  10.2%     - 1434s
H    0     0                    1429506.6406 1575703.77  10.2%     - 1435s
H    0     0                    1431796.5308 1575703.77  10.1%     - 1437s
H    0     0                    1432833.3706 1575703.77  10.0%     - 1439s
H    0     0                    1432833.3708 1575703.77  10.0%     - 1440s
H    0     0                    1432913.3708 1575703.77  10.0%     - 1474s
H    0     0                    1432913.3712 1575703.77  10.0%     - 1475s
H    0     0                    1433652.2200 1575703.77  9.91%     - 1486s
H    0     0                    1433657.3350 1575703.77  9.91%     - 1489s
H    0     0                    1433937.3350 1575703.77  9.89%     - 1490s
H    0     0                    1435302.1405 1575703.77  9.78%     - 1492s
H    0     0                    1436422.1400 1575703.77  9.70%     - 1500s
H    0     0                    1437551.2850 1575703.77  9.61%     - 5135s
H    0     0                    1441237.8854 1575703.77  9.33%     - 5138s
     0     2 1575703.77    0 5249 1441237.89 1575703.77  9.33%     - 5143s
     3     8 1575424.88    2 5345 1441237.89 1575703.77  9.33%  2599 5151s
     7    16 1574146.81    3 5441 1441237.89 1575383.98  9.31%  4794 5163s
    15    26 1570068.91    4 5460 1441237.89 1574023.89  9.21%  6240 5176s
    25    37 1568699.75    4 5503 1441237.89 1573643.79  9.19%  6973 5231s
    36    55 1565788.60    5 5398 1441237.89 1570062.60  8.94%  6804 5248s
    54    81 1563253.05    6 5332 1441237.89 1570062.60  8.94%  6391 5266s
    80   114 1562811.78    6 5310 1441237.89 1570062.60  8.94%  4943 5283s
   113   134 1561842.79    6 5333 1441237.89 1570062.60  8.94%  3929 5297s
   133   144 1561257.54    6 5341 1441237.89 1570062.60  8.94%  3675 5311s
   143   158 1562966.83    7 5302 1441237.89 1570062.60  8.94%  3646 5319s
   157   171 1562537.88   10 5291 1441237.89 1570062.60  8.94%  3500 22128s

Cutting planes:
  Gomory: 32
  Cover: 1150
  Clique: 123
  MIR: 2965
  StrongCG: 1437
  GUB cover: 173
  Zero half: 1946
  RLT: 211
  Relax-and-lift: 760
  BQP: 13

Explored 170 nodes (1432606 simplex iterations) in 22128.77 seconds (698.88 work units)
Thread count was 12 (of 12 available processors)

Solution count 10: 1.44124e+06 1.43755e+06 1.43642e+06 ... 1.43283e+06

Time limit reached
Best objective 1.441237885367e+06, best bound 1.570062595718e+06, gap 8.9385%

User-callback calls 17032, time in user-callback 206.06 sec
